./huawei-bras-cups-extension.yang:10: warning: imported module "huawei-ifm" not used
./huawei-bras-l2tp-access.yang:43: warning: imported module "huawei-system" not used
./huawei-dcn.yang:17: warning: imported module "huawei-network-instance" not used
./openconfig-bgp-policy.yang:1149 (at ./openconfig-bgp-policy.yang:770): warning: node "openconfig-bgp-policy::INLINE" is not found in "openconfig-bgp-policy::inline"
./openconfig-bgp-policy.yang:1149 (at ./openconfig-bgp-policy.yang:829): warning: node "openconfig-bgp-policy::REFERENCE" is not found in "openconfig-bgp-policy::reference"
./openconfig-bgp-policy.yang:1149 (at ./openconfig-bgp-policy.yang:933): warning: node "openconfig-bgp-policy::INLINE" is not found in "openconfig-bgp-policy::inline"
./openconfig-bgp-policy.yang:1149 (at ./openconfig-bgp-policy.yang:994): warning: node "openconfig-bgp-policy::REFERENCE" is not found in "openconfig-bgp-policy::reference"
./openconfig-network-instance.yang:1165 (at ./openconfig-network-instance.yang:223): warning: node "openconfig-network-instance::config" is not found in "openconfig-network-instance::network-instances"
./openconfig-network-instance.yang:1165 (at ./openconfig-network-instance.yang:269): warning: node "openconfig-network-instance::config" is not found in "openconfig-network-instance::network-instances"
./openconfig-network-instance.yang:1165 (at ./openconfig-network-instance.yang:287): warning: node "openconfig-network-instance::config" is not found in "openconfig-network-instance::network-instances"
./openconfig-network-instance.yang:1165 (at ./openconfig-network-instance.yang:407): warning: node "openconfig-network-instance::config" is not found in "openconfig-network-instance::network-instances"
./openconfig-network-instance.yang:1165 (at ./openconfig-network-instance.yang:625): warning: node "openconfig-network-instance::config" is not found in "openconfig-network-instance::network-instances"
./openconfig-network-instance.yang:1165 (at ./openconfig-network-instance.yang:633): warning: node "openconfig-network-instance::config" is not found in "openconfig-network-instance::network-instances"
./openconfig-network-instance.yang:1165 (at ./openconfig-network-instance.yang:697): warning: node "openconfig-network-instance::config" is not found in "openconfig-network-instance::protocols"
./openconfig-network-instance.yang:1165 (at ./openconfig-network-instance.yang:708): warning: node "openconfig-network-instance::config" is not found in "openconfig-network-instance::protocols"
./openconfig-network-instance.yang:1165 (at ./openconfig-network-instance.yang:719): warning: node "openconfig-network-instance::config" is not found in "openconfig-network-instance::protocols"
./openconfig-network-instance.yang:1165 (at ./openconfig-network-instance.yang:730): warning: node "openconfig-network-instance::config" is not found in "openconfig-network-instance::protocols"
./openconfig-network-instance.yang:1165 (at ./openconfig-network-instance.yang:738): warning: node "openconfig-network-instance::config" is not found in "openconfig-network-instance::protocols"
./openconfig-network-instance.yang:1165 (at ./openconfig-network-instance.yang:749): warning: node "openconfig-network-instance::config" is not found in "openconfig-network-instance::protocols"
./openconfig-network-instance.yang:1165 (at ./openconfig-network-instance.yang:760): warning: node "openconfig-network-instance::config" is not found in "openconfig-network-instance::protocols"
./openconfig-network-instance.yang:1165 (at ./openconfig-network-instance.yang:780): warning: node "openconfig-network-instance::type" is not found in "openconfig-network-instance::network-instance"
./openconfig-network-instance.yang:1165 (at ./openconfig-network-instance.yang:789): warning: node "openconfig-network-instance::type" is not found in "openconfig-network-instance::network-instance"
./openconfig-network-instance.yang:1165 (at openconfig-ospfv2-lsdb.yang:2316): warning: node "openconfig-network-instance::state" is not found in "openconfig-network-instance::lsa-types"
./openconfig-network-instance.yang:1165 (at openconfig-ospfv2-lsdb.yang:2324): warning: node "openconfig-network-instance::state" is not found in "openconfig-network-instance::lsa-types"
./openconfig-network-instance.yang:1165 (at openconfig-ospfv2-lsdb.yang:2335): warning: node "openconfig-network-instance::state" is not found in "openconfig-network-instance::lsa-types"
./openconfig-network-instance.yang:1165 (at openconfig-ospfv2-lsdb.yang:2343): warning: node "openconfig-network-instance::state" is not found in "openconfig-network-instance::lsa-types"
./openconfig-network-instance.yang:1165 (at openconfig-ospfv2-lsdb.yang:2351): warning: node "openconfig-network-instance::state" is not found in "openconfig-network-instance::lsa-types"
./openconfig-network-instance.yang:1165 (at openconfig-ospfv2-lsdb.yang:2361): warning: node "openconfig-network-instance::state" is not found in "openconfig-network-instance::lsa-types"
