

-------------------------------- transform yang to swagger at 2021-12-16 20:13:05 --------------------------------

>>> transform /home/leoma/workspace/doc/ydk-yang-huawei-ne5000-v8r11/huawei-aaa-lam.yang

>>> transform /home/leoma/workspace/doc/ydk-yang-huawei-ne5000-v8r11/huawei-aaa-type.yang

>>> transform /home/leoma/workspace/doc/ydk-yang-huawei-ne5000-v8r11/huawei-aaa.yang

>>> transform /home/leoma/workspace/doc/ydk-yang-huawei-ne5000-v8r11/huawei-acl.yang

>>> transform /home/leoma/workspace/doc/ydk-yang-huawei-ne5000-v8r11/huawei-arp.yang

>>> transform /home/leoma/workspace/doc/ydk-yang-huawei-ne5000-v8r11/huawei-bd-ext.yang

>>> transform /home/leoma/workspace/doc/ydk-yang-huawei-ne5000-v8r11/huawei-bd.yang

>>> transform /home/leoma/workspace/doc/ydk-yang-huawei-ne5000-v8r11/huawei-bfd-notification.yang

>>> transform /home/leoma/workspace/doc/ydk-yang-huawei-ne5000-v8r11/huawei-bfd-static-mpls-te.yang

>>> transform /home/leoma/workspace/doc/ydk-yang-huawei-ne5000-v8r11/huawei-bfd-static-vpls.yang

>>> transform /home/leoma/workspace/doc/ydk-yang-huawei-ne5000-v8r11/huawei-bfd.yang

>>> transform /home/leoma/workspace/doc/ydk-yang-huawei-ne5000-v8r11/huawei-bgp-common.yang

>>> transform /home/leoma/workspace/doc/ydk-yang-huawei-ne5000-v8r11/huawei-bgp-epe.yang

>>> transform /home/leoma/workspace/doc/ydk-yang-huawei-ne5000-v8r11/huawei-bgp-evpn.yang

>>> transform /home/leoma/workspace/doc/ydk-yang-huawei-ne5000-v8r11/huawei-bgp-flow.yang

>>> transform /home/leoma/workspace/doc/ydk-yang-huawei-ne5000-v8r11/huawei-bgp-ipv6-srpolicy.yang

>>> transform /home/leoma/workspace/doc/ydk-yang-huawei-ne5000-v8r11/huawei-bgp-l2vpnad.yang

>>> transform /home/leoma/workspace/doc/ydk-yang-huawei-ne5000-v8r11/huawei-bgp-link-state.yang

>>> transform /home/leoma/workspace/doc/ydk-yang-huawei-ne5000-v8r11/huawei-bgp-lsp.yang

>>> transform /home/leoma/workspace/doc/ydk-yang-huawei-ne5000-v8r11/huawei-bgp-mdt.yang

>>> transform /home/leoma/workspace/doc/ydk-yang-huawei-ne5000-v8r11/huawei-bgp-mvpn.yang

>>> transform /home/leoma/workspace/doc/ydk-yang-huawei-ne5000-v8r11/huawei-bgp-notification.yang

>>> transform /home/leoma/workspace/doc/ydk-yang-huawei-ne5000-v8r11/huawei-bgp-routing-table.yang

>>> transform /home/leoma/workspace/doc/ydk-yang-huawei-ne5000-v8r11/huawei-bgp-srpolicy.yang

>>> transform /home/leoma/workspace/doc/ydk-yang-huawei-ne5000-v8r11/huawei-bgp-srv6.yang

>>> transform /home/leoma/workspace/doc/ydk-yang-huawei-ne5000-v8r11/huawei-bgp-type.yang

>>> transform /home/leoma/workspace/doc/ydk-yang-huawei-ne5000-v8r11/huawei-bgp-vpntarget.yang

>>> transform /home/leoma/workspace/doc/ydk-yang-huawei-ne5000-v8r11/huawei-bgp-vpnv4mcast.yang

>>> transform /home/leoma/workspace/doc/ydk-yang-huawei-ne5000-v8r11/huawei-bgp.yang

>>> transform /home/leoma/workspace/doc/ydk-yang-huawei-ne5000-v8r11/huawei-bier.yang

>>> transform /home/leoma/workspace/doc/ydk-yang-huawei-ne5000-v8r11/huawei-cfg-ext.yang

>>> transform /home/leoma/workspace/doc/ydk-yang-huawei-ne5000-v8r11/huawei-cfg.yang

>>> transform /home/leoma/workspace/doc/ydk-yang-huawei-ne5000-v8r11/huawei-cli.yang

>>> transform /home/leoma/workspace/doc/ydk-yang-huawei-ne5000-v8r11/huawei-clockboard.yang

>>> transform /home/leoma/workspace/doc/ydk-yang-huawei-ne5000-v8r11/huawei-clocksync-1588v2.yang

>>> transform /home/leoma/workspace/doc/ydk-yang-huawei-ne5000-v8r11/huawei-clocksync-cluster.yang

>>> transform /home/leoma/workspace/doc/ydk-yang-huawei-ne5000-v8r11/huawei-clocksync-comm.yang

>>> transform /home/leoma/workspace/doc/ydk-yang-huawei-ne5000-v8r11/huawei-clocksync-notification.yang

>>> transform /home/leoma/workspace/doc/ydk-yang-huawei-ne5000-v8r11/huawei-clocksync-phy.yang

>>> transform /home/leoma/workspace/doc/ydk-yang-huawei-ne5000-v8r11/huawei-codesign.yang

>>> transform /home/leoma/workspace/doc/ydk-yang-huawei-ne5000-v8r11/huawei-cpudefend.yang

>>> transform /home/leoma/workspace/doc/ydk-yang-huawei-ne5000-v8r11/huawei-crypto.yang

>>> transform /home/leoma/workspace/doc/ydk-yang-huawei-ne5000-v8r11/huawei-debug.yang

>>> transform /home/leoma/workspace/doc/ydk-yang-huawei-ne5000-v8r11/huawei-devm-action.yang

>>> transform /home/leoma/workspace/doc/ydk-yang-huawei-ne5000-v8r11/huawei-devm-type.yang

>>> transform /home/leoma/workspace/doc/ydk-yang-huawei-ne5000-v8r11/huawei-devm-vnf.yang

>>> transform /home/leoma/workspace/doc/ydk-yang-huawei-ne5000-v8r11/huawei-devm.yang

>>> transform /home/leoma/workspace/doc/ydk-yang-huawei-ne5000-v8r11/huawei-dhcp-client.yang

>>> transform /home/leoma/workspace/doc/ydk-yang-huawei-ne5000-v8r11/huawei-dhcp-relay.yang

>>> transform /home/leoma/workspace/doc/ydk-yang-huawei-ne5000-v8r11/huawei-dhcp-server.yang

>>> transform /home/leoma/workspace/doc/ydk-yang-huawei-ne5000-v8r11/huawei-dhcp-snooping.yang

>>> transform /home/leoma/workspace/doc/ydk-yang-huawei-ne5000-v8r11/huawei-dhcp.yang

>>> transform /home/leoma/workspace/doc/ydk-yang-huawei-ne5000-v8r11/huawei-dhcpv6-relay.yang

>>> transform /home/leoma/workspace/doc/ydk-yang-huawei-ne5000-v8r11/huawei-dhcpv6.yang

>>> transform /home/leoma/workspace/doc/ydk-yang-huawei-ne5000-v8r11/huawei-diagnostic-tools-common.yang

>>> transform /home/leoma/workspace/doc/ydk-yang-huawei-ne5000-v8r11/huawei-diagnostic-tools-evpn.yang

>>> transform /home/leoma/workspace/doc/ydk-yang-huawei-ne5000-v8r11/huawei-diagnostic-tools-gmac.yang

>>> transform /home/leoma/workspace/doc/ydk-yang-huawei-ne5000-v8r11/huawei-diagnostic-tools-ipv4.yang

>>> transform /home/leoma/workspace/doc/ydk-yang-huawei-ne5000-v8r11/huawei-diagnostic-tools-ipv6.yang

>>> transform /home/leoma/workspace/doc/ydk-yang-huawei-ne5000-v8r11/huawei-diagnostic-tools-lsp.yang

>>> transform /home/leoma/workspace/doc/ydk-yang-huawei-ne5000-v8r11/huawei-diagnostic-tools-srv6.yang

>>> transform /home/leoma/workspace/doc/ydk-yang-huawei-ne5000-v8r11/huawei-diagnostic-tools-tcp.yang

>>> transform /home/leoma/workspace/doc/ydk-yang-huawei-ne5000-v8r11/huawei-diagnostic-tools-type.yang

>>> transform /home/leoma/workspace/doc/ydk-yang-huawei-ne5000-v8r11/huawei-diagnostic-tools.yang

>>> transform /home/leoma/workspace/doc/ydk-yang-huawei-ne5000-v8r11/huawei-dns.yang

>>> transform /home/leoma/workspace/doc/ydk-yang-huawei-ne5000-v8r11/huawei-driver-fm.yang

>>> transform /home/leoma/workspace/doc/ydk-yang-huawei-ne5000-v8r11/huawei-driver-type.yang

>>> transform /home/leoma/workspace/doc/ydk-yang-huawei-ne5000-v8r11/huawei-driver.yang

>>> transform /home/leoma/workspace/doc/ydk-yang-huawei-ne5000-v8r11/huawei-dsa.yang

>>> transform /home/leoma/workspace/doc/ydk-yang-huawei-ne5000-v8r11/huawei-eai-service-notification.yang

>>> transform /home/leoma/workspace/doc/ydk-yang-huawei-ne5000-v8r11/huawei-eai-service.yang

>>> transform /home/leoma/workspace/doc/ydk-yang-huawei-ne5000-v8r11/huawei-ecc.yang

>>> transform /home/leoma/workspace/doc/ydk-yang-huawei-ne5000-v8r11/huawei-efm.yang

>>> transform /home/leoma/workspace/doc/ydk-yang-huawei-ne5000-v8r11/huawei-emdi.yang

>>> transform /home/leoma/workspace/doc/ydk-yang-huawei-ne5000-v8r11/huawei-ethernet.yang

>>> transform /home/leoma/workspace/doc/ydk-yang-huawei-ne5000-v8r11/huawei-etrunk.yang

>>> transform /home/leoma/workspace/doc/ydk-yang-huawei-ne5000-v8r11/huawei-evpl-ext.yang

>>> transform /home/leoma/workspace/doc/ydk-yang-huawei-ne5000-v8r11/huawei-evpl.yang

>>> transform /home/leoma/workspace/doc/ydk-yang-huawei-ne5000-v8r11/huawei-evpn-ext.yang

>>> transform /home/leoma/workspace/doc/ydk-yang-huawei-ne5000-v8r11/huawei-evpn-notification.yang

>>> transform /home/leoma/workspace/doc/ydk-yang-huawei-ne5000-v8r11/huawei-evpn-srv6.yang

>>> transform /home/leoma/workspace/doc/ydk-yang-huawei-ne5000-v8r11/huawei-evpn-type.yang

>>> transform /home/leoma/workspace/doc/ydk-yang-huawei-ne5000-v8r11/huawei-evpn.yang

>>> transform /home/leoma/workspace/doc/ydk-yang-huawei-ne5000-v8r11/huawei-extension.yang

>>> transform /home/leoma/workspace/doc/ydk-yang-huawei-ne5000-v8r11/huawei-fei.yang

>>> transform /home/leoma/workspace/doc/ydk-yang-huawei-ne5000-v8r11/huawei-fib.yang

>>> transform /home/leoma/workspace/doc/ydk-yang-huawei-ne5000-v8r11/huawei-file-operation.yang

>>> transform /home/leoma/workspace/doc/ydk-yang-huawei-ne5000-v8r11/huawei-fim-devm.yang

>>> transform /home/leoma/workspace/doc/ydk-yang-huawei-ne5000-v8r11/huawei-fim-ethernet.yang

>>> transform /home/leoma/workspace/doc/ydk-yang-huawei-ne5000-v8r11/huawei-fim-ifm.yang

>>> transform /home/leoma/workspace/doc/ydk-yang-huawei-ne5000-v8r11/huawei-fim-ifmtrunk.yang

>>> transform /home/leoma/workspace/doc/ydk-yang-huawei-ne5000-v8r11/huawei-flowspec-forward.yang

>>> transform /home/leoma/workspace/doc/ydk-yang-huawei-ne5000-v8r11/huawei-flowspec-type.yang

>>> transform /home/leoma/workspace/doc/ydk-yang-huawei-ne5000-v8r11/huawei-flowspec.yang

>>> transform /home/leoma/workspace/doc/ydk-yang-huawei-ne5000-v8r11/huawei-fm.yang

>>> transform /home/leoma/workspace/doc/ydk-yang-huawei-ne5000-v8r11/huawei-ftpc.yang

>>> transform /home/leoma/workspace/doc/ydk-yang-huawei-ne5000-v8r11/huawei-ftps.yang

>>> transform /home/leoma/workspace/doc/ydk-yang-huawei-ne5000-v8r11/huawei-fwd-engine.yang

>>> transform /home/leoma/workspace/doc/ydk-yang-huawei-ne5000-v8r11/huawei-grpc.yang

>>> transform /home/leoma/workspace/doc/ydk-yang-huawei-ne5000-v8r11/huawei-hardware-type.yang

>>> transform /home/leoma/workspace/doc/ydk-yang-huawei-ne5000-v8r11/huawei-host-defend.yang

>>> transform /home/leoma/workspace/doc/ydk-yang-huawei-ne5000-v8r11/huawei-http.yang

>>> transform /home/leoma/workspace/doc/ydk-yang-huawei-ne5000-v8r11/huawei-hwtacacs.yang

>>> transform /home/leoma/workspace/doc/ydk-yang-huawei-ne5000-v8r11/huawei-ietf-netconf-ext.yang

>>> transform /home/leoma/workspace/doc/ydk-yang-huawei-ne5000-v8r11/huawei-if-ip.yang

>>> transform /home/leoma/workspace/doc/ydk-yang-huawei-ne5000-v8r11/huawei-ifit-common.yang

>>> transform /home/leoma/workspace/doc/ydk-yang-huawei-ne5000-v8r11/huawei-ifit-fwd-notification.yang

>>> transform /home/leoma/workspace/doc/ydk-yang-huawei-ne5000-v8r11/huawei-ifit-statistics.yang

>>> transform /home/leoma/workspace/doc/ydk-yang-huawei-ne5000-v8r11/huawei-ifit.yang

>>> transform /home/leoma/workspace/doc/ydk-yang-huawei-ne5000-v8r11/huawei-ifm-fr.yang

>>> transform /home/leoma/workspace/doc/ydk-yang-huawei-ne5000-v8r11/huawei-ifm-hdlc.yang

>>> transform /home/leoma/workspace/doc/ydk-yang-huawei-ne5000-v8r11/huawei-ifm-notification.yang

>>> transform /home/leoma/workspace/doc/ydk-yang-huawei-ne5000-v8r11/huawei-ifm-trunk-notification.yang

>>> transform /home/leoma/workspace/doc/ydk-yang-huawei-ne5000-v8r11/huawei-ifm-trunk.yang

>>> transform /home/leoma/workspace/doc/ydk-yang-huawei-ne5000-v8r11/huawei-ifm.yang

>>> transform /home/leoma/workspace/doc/ydk-yang-huawei-ne5000-v8r11/huawei-igmp-mld.yang

>>> transform /home/leoma/workspace/doc/ydk-yang-huawei-ne5000-v8r11/huawei-igp.yang

>>> transform /home/leoma/workspace/doc/ydk-yang-huawei-ne5000-v8r11/huawei-ip-cga.yang

>>> transform /home/leoma/workspace/doc/ydk-yang-huawei-ne5000-v8r11/huawei-ip-statistics.yang

>>> transform /home/leoma/workspace/doc/ydk-yang-huawei-ne5000-v8r11/huawei-ip.yang

>>> transform /home/leoma/workspace/doc/ydk-yang-huawei-ne5000-v8r11/huawei-ipv6-nd.yang

>>> transform /home/leoma/workspace/doc/ydk-yang-huawei-ne5000-v8r11/huawei-ipv6-policy.yang

>>> transform /home/leoma/workspace/doc/ydk-yang-huawei-ne5000-v8r11/huawei-isis-sr.yang

>>> transform /home/leoma/workspace/doc/ydk-yang-huawei-ne5000-v8r11/huawei-isis-srv6.yang

>>> transform /home/leoma/workspace/doc/ydk-yang-huawei-ne5000-v8r11/huawei-isis-type.yang

>>> transform /home/leoma/workspace/doc/ydk-yang-huawei-ne5000-v8r11/huawei-isis.yang

>>> transform /home/leoma/workspace/doc/ydk-yang-huawei-ne5000-v8r11/huawei-keychain.yang

>>> transform /home/leoma/workspace/doc/ydk-yang-huawei-ne5000-v8r11/huawei-kpi.yang

>>> transform /home/leoma/workspace/doc/ydk-yang-huawei-ne5000-v8r11/huawei-l2vpn-extension.yang

>>> transform /home/leoma/workspace/doc/ydk-yang-huawei-ne5000-v8r11/huawei-l2vpn-notification.yang

>>> transform /home/leoma/workspace/doc/ydk-yang-huawei-ne5000-v8r11/huawei-l2vpn-vll-ext.yang

>>> transform /home/leoma/workspace/doc/ydk-yang-huawei-ne5000-v8r11/huawei-l2vpn-vpls-ext.yang

>>> transform /home/leoma/workspace/doc/ydk-yang-huawei-ne5000-v8r11/huawei-l2vpn.yang

>>> transform /home/leoma/workspace/doc/ydk-yang-huawei-ne5000-v8r11/huawei-l3-multicast.yang

>>> transform /home/leoma/workspace/doc/ydk-yang-huawei-ne5000-v8r11/huawei-l3vpn-mpls.yang

>>> transform /home/leoma/workspace/doc/ydk-yang-huawei-ne5000-v8r11/huawei-l3vpn-type.yang

>>> transform /home/leoma/workspace/doc/ydk-yang-huawei-ne5000-v8r11/huawei-l3vpn.yang

>>> transform /home/leoma/workspace/doc/ydk-yang-huawei-ne5000-v8r11/huawei-lacp.yang

>>> transform /home/leoma/workspace/doc/ydk-yang-huawei-ne5000-v8r11/huawei-license.yang

>>> transform /home/leoma/workspace/doc/ydk-yang-huawei-ne5000-v8r11/huawei-link-heartbeat.yang

>>> transform /home/leoma/workspace/doc/ydk-yang-huawei-ne5000-v8r11/huawei-lldp.yang

>>> transform /home/leoma/workspace/doc/ydk-yang-huawei-ne5000-v8r11/huawei-lmp.yang

>>> transform /home/leoma/workspace/doc/ydk-yang-huawei-ne5000-v8r11/huawei-loadbalance-notification.yang

>>> transform /home/leoma/workspace/doc/ydk-yang-huawei-ne5000-v8r11/huawei-loadbalance.yang

>>> transform /home/leoma/workspace/doc/ydk-yang-huawei-ne5000-v8r11/huawei-loopdetect.yang

>>> transform /home/leoma/workspace/doc/ydk-yang-huawei-ne5000-v8r11/huawei-mac-flapping.yang

>>> transform /home/leoma/workspace/doc/ydk-yang-huawei-ne5000-v8r11/huawei-mac-fwd.yang

>>> transform /home/leoma/workspace/doc/ydk-yang-huawei-ne5000-v8r11/huawei-mac.yang

>>> transform /home/leoma/workspace/doc/ydk-yang-huawei-ne5000-v8r11/huawei-macm-notification.yang

>>> transform /home/leoma/workspace/doc/ydk-yang-huawei-ne5000-v8r11/huawei-macm.yang

>>> transform /home/leoma/workspace/doc/ydk-yang-huawei-ne5000-v8r11/huawei-macsec-notification.yang

>>> transform /home/leoma/workspace/doc/ydk-yang-huawei-ne5000-v8r11/huawei-macsec.yang

>>> transform /home/leoma/workspace/doc/ydk-yang-huawei-ne5000-v8r11/huawei-masterkey.yang

>>> transform /home/leoma/workspace/doc/ydk-yang-huawei-ne5000-v8r11/huawei-mc-fwd-notification.yang

>>> transform /home/leoma/workspace/doc/ydk-yang-huawei-ne5000-v8r11/huawei-mirror.yang

>>> transform /home/leoma/workspace/doc/ydk-yang-huawei-ne5000-v8r11/huawei-module-management.yang

>>> transform /home/leoma/workspace/doc/ydk-yang-huawei-ne5000-v8r11/huawei-monitor-group.yang

>>> transform /home/leoma/workspace/doc/ydk-yang-huawei-ne5000-v8r11/huawei-mpls-forward-devm.yang

>>> transform /home/leoma/workspace/doc/ydk-yang-huawei-ne5000-v8r11/huawei-mpls-forward-l2vpn.yang

>>> transform /home/leoma/workspace/doc/ydk-yang-huawei-ne5000-v8r11/huawei-mpls-forward.yang

>>> transform /home/leoma/workspace/doc/ydk-yang-huawei-ne5000-v8r11/huawei-mpls-in-udp.yang

>>> transform /home/leoma/workspace/doc/ydk-yang-huawei-ne5000-v8r11/huawei-mpls-ldp-type.yang

>>> transform /home/leoma/workspace/doc/ydk-yang-huawei-ne5000-v8r11/huawei-mpls-ldp.yang

>>> transform /home/leoma/workspace/doc/ydk-yang-huawei-ne5000-v8r11/huawei-mpls-notification.yang

>>> transform /home/leoma/workspace/doc/ydk-yang-huawei-ne5000-v8r11/huawei-mpls-res.yang

>>> transform /home/leoma/workspace/doc/ydk-yang-huawei-ne5000-v8r11/huawei-mpls-te-bfd-type.yang

>>> transform /home/leoma/workspace/doc/ydk-yang-huawei-ne5000-v8r11/huawei-mpls-te-bfd.yang

>>> transform /home/leoma/workspace/doc/ydk-yang-huawei-ne5000-v8r11/huawei-mpls-te-cr-static.yang

>>> transform /home/leoma/workspace/doc/ydk-yang-huawei-ne5000-v8r11/huawei-mpls-te-type.yang

>>> transform /home/leoma/workspace/doc/ydk-yang-huawei-ne5000-v8r11/huawei-mpls-te.yang

>>> transform /home/leoma/workspace/doc/ydk-yang-huawei-ne5000-v8r11/huawei-mpls-type.yang

>>> transform /home/leoma/workspace/doc/ydk-yang-huawei-ne5000-v8r11/huawei-mpls.yang

>>> transform /home/leoma/workspace/doc/ydk-yang-huawei-ne5000-v8r11/huawei-msdp.yang

>>> transform /home/leoma/workspace/doc/ydk-yang-huawei-ne5000-v8r11/huawei-multicast-forward.yang

>>> transform /home/leoma/workspace/doc/ydk-yang-huawei-ne5000-v8r11/huawei-multicast.yang

>>> transform /home/leoma/workspace/doc/ydk-yang-huawei-ne5000-v8r11/huawei-multicore.yang

>>> transform /home/leoma/workspace/doc/ydk-yang-huawei-ne5000-v8r11/huawei-mvpn-forward.yang

>>> transform /home/leoma/workspace/doc/ydk-yang-huawei-ne5000-v8r11/huawei-mvpn.yang

>>> transform /home/leoma/workspace/doc/ydk-yang-huawei-ne5000-v8r11/huawei-nd-notification.yang

>>> transform /home/leoma/workspace/doc/ydk-yang-huawei-ne5000-v8r11/huawei-nd.yang

>>> transform /home/leoma/workspace/doc/ydk-yang-huawei-ne5000-v8r11/huawei-netconf-metadata.yang

>>> transform /home/leoma/workspace/doc/ydk-yang-huawei-ne5000-v8r11/huawei-netconf-proxy.yang

>>> transform /home/leoma/workspace/doc/ydk-yang-huawei-ne5000-v8r11/huawei-netconf-sync.yang

>>> transform /home/leoma/workspace/doc/ydk-yang-huawei-ne5000-v8r11/huawei-netconf.yang

>>> transform /home/leoma/workspace/doc/ydk-yang-huawei-ne5000-v8r11/huawei-netstream.yang

>>> transform /home/leoma/workspace/doc/ydk-yang-huawei-ne5000-v8r11/huawei-network-instance.yang

>>> transform /home/leoma/workspace/doc/ydk-yang-huawei-ne5000-v8r11/huawei-nqa-global.yang

>>> transform /home/leoma/workspace/doc/ydk-yang-huawei-ne5000-v8r11/huawei-nqa-instance.yang

>>> transform /home/leoma/workspace/doc/ydk-yang-huawei-ne5000-v8r11/huawei-nqa-record.yang

>>> transform /home/leoma/workspace/doc/ydk-yang-huawei-ne5000-v8r11/huawei-nqa-reflector.yang

>>> transform /home/leoma/workspace/doc/ydk-yang-huawei-ne5000-v8r11/huawei-nqa-server.yang

>>> transform /home/leoma/workspace/doc/ydk-yang-huawei-ne5000-v8r11/huawei-nqa.yang

>>> transform /home/leoma/workspace/doc/ydk-yang-huawei-ne5000-v8r11/huawei-ntp-type.yang

>>> transform /home/leoma/workspace/doc/ydk-yang-huawei-ne5000-v8r11/huawei-ntp.yang

>>> transform /home/leoma/workspace/doc/ydk-yang-huawei-ne5000-v8r11/huawei-nvo3-statistics.yang

>>> transform /home/leoma/workspace/doc/ydk-yang-huawei-ne5000-v8r11/huawei-nvo3.yang

>>> transform /home/leoma/workspace/doc/ydk-yang-huawei-ne5000-v8r11/huawei-openconfig-telemetry-ext.yang

>>> transform /home/leoma/workspace/doc/ydk-yang-huawei-ne5000-v8r11/huawei-ops.yang

>>> transform /home/leoma/workspace/doc/ydk-yang-huawei-ne5000-v8r11/huawei-ospfv2-sr.yang

>>> transform /home/leoma/workspace/doc/ydk-yang-huawei-ne5000-v8r11/huawei-ospfv2-type.yang

>>> transform /home/leoma/workspace/doc/ydk-yang-huawei-ne5000-v8r11/huawei-ospfv2.yang

>>> transform /home/leoma/workspace/doc/ydk-yang-huawei-ne5000-v8r11/huawei-ospfv3-srv6.yang

>>> transform /home/leoma/workspace/doc/ydk-yang-huawei-ne5000-v8r11/huawei-ospfv3-type.yang

>>> transform /home/leoma/workspace/doc/ydk-yang-huawei-ne5000-v8r11/huawei-ospfv3.yang

>>> transform /home/leoma/workspace/doc/ydk-yang-huawei-ne5000-v8r11/huawei-patch.yang

>>> transform /home/leoma/workspace/doc/ydk-yang-huawei-ne5000-v8r11/huawei-pbr-l2vpn.yang

>>> transform /home/leoma/workspace/doc/ydk-yang-huawei-ne5000-v8r11/huawei-pbr-notification.yang

>>> transform /home/leoma/workspace/doc/ydk-yang-huawei-ne5000-v8r11/huawei-pbr.yang

>>> transform /home/leoma/workspace/doc/ydk-yang-huawei-ne5000-v8r11/huawei-pcc.yang

>>> transform /home/leoma/workspace/doc/ydk-yang-huawei-ne5000-v8r11/huawei-pic-notification.yang

>>> transform /home/leoma/workspace/doc/ydk-yang-huawei-ne5000-v8r11/huawei-pic.yang

>>> transform /home/leoma/workspace/doc/ydk-yang-huawei-ne5000-v8r11/huawei-pim-type.yang

>>> transform /home/leoma/workspace/doc/ydk-yang-huawei-ne5000-v8r11/huawei-pim.yang

>>> transform /home/leoma/workspace/doc/ydk-yang-huawei-ne5000-v8r11/huawei-pm.yang

>>> transform /home/leoma/workspace/doc/ydk-yang-huawei-ne5000-v8r11/huawei-port-group.yang

>>> transform /home/leoma/workspace/doc/ydk-yang-huawei-ne5000-v8r11/huawei-pp4.yang

>>> transform /home/leoma/workspace/doc/ydk-yang-huawei-ne5000-v8r11/huawei-pp6.yang

>>> transform /home/leoma/workspace/doc/ydk-yang-huawei-ne5000-v8r11/huawei-pub-type.yang

>>> transform /home/leoma/workspace/doc/ydk-yang-huawei-ne5000-v8r11/huawei-qos-bd.yang

>>> transform /home/leoma/workspace/doc/ydk-yang-huawei-ne5000-v8r11/huawei-qos-board.yang

>>> transform /home/leoma/workspace/doc/ydk-yang-huawei-ne5000-v8r11/huawei-qos-evpn.yang

>>> transform /home/leoma/workspace/doc/ydk-yang-huawei-ne5000-v8r11/huawei-qos-l3vpn.yang

>>> transform /home/leoma/workspace/doc/ydk-yang-huawei-ne5000-v8r11/huawei-qos-notification.yang

>>> transform /home/leoma/workspace/doc/ydk-yang-huawei-ne5000-v8r11/huawei-qos-nvo3.yang

>>> transform /home/leoma/workspace/doc/ydk-yang-huawei-ne5000-v8r11/huawei-qos-type.yang

>>> transform /home/leoma/workspace/doc/ydk-yang-huawei-ne5000-v8r11/huawei-qos.yang

>>> transform /home/leoma/workspace/doc/ydk-yang-huawei-ne5000-v8r11/huawei-qppb.yang

>>> transform /home/leoma/workspace/doc/ydk-yang-huawei-ne5000-v8r11/huawei-radius-client.yang

>>> transform /home/leoma/workspace/doc/ydk-yang-huawei-ne5000-v8r11/huawei-rgm.yang

>>> transform /home/leoma/workspace/doc/ydk-yang-huawei-ne5000-v8r11/huawei-rip-type.yang

>>> transform /home/leoma/workspace/doc/ydk-yang-huawei-ne5000-v8r11/huawei-rip.yang

>>> transform /home/leoma/workspace/doc/ydk-yang-huawei-ne5000-v8r11/huawei-ripng-type.yang

>>> transform /home/leoma/workspace/doc/ydk-yang-huawei-ne5000-v8r11/huawei-ripng.yang

>>> transform /home/leoma/workspace/doc/ydk-yang-huawei-ne5000-v8r11/huawei-routing-nqa.yang

>>> transform /home/leoma/workspace/doc/ydk-yang-huawei-ne5000-v8r11/huawei-routing-policy-acl.yang

>>> transform /home/leoma/workspace/doc/ydk-yang-huawei-ne5000-v8r11/huawei-routing-policy-ext.yang

>>> transform /home/leoma/workspace/doc/ydk-yang-huawei-ne5000-v8r11/huawei-routing-policy-type.yang

>>> transform /home/leoma/workspace/doc/ydk-yang-huawei-ne5000-v8r11/huawei-routing-policy.yang

>>> transform /home/leoma/workspace/doc/ydk-yang-huawei-ne5000-v8r11/huawei-routing-type.yang

>>> transform /home/leoma/workspace/doc/ydk-yang-huawei-ne5000-v8r11/huawei-routing.yang

>>> transform /home/leoma/workspace/doc/ydk-yang-huawei-ne5000-v8r11/huawei-rsa.yang

>>> transform /home/leoma/workspace/doc/ydk-yang-huawei-ne5000-v8r11/huawei-rsvp-interface-type.yang

>>> transform /home/leoma/workspace/doc/ydk-yang-huawei-ne5000-v8r11/huawei-rsvp-interface.yang

>>> transform /home/leoma/workspace/doc/ydk-yang-huawei-ne5000-v8r11/huawei-said-frame.yang

>>> transform /home/leoma/workspace/doc/ydk-yang-huawei-ne5000-v8r11/huawei-segment-routing-type.yang

>>> transform /home/leoma/workspace/doc/ydk-yang-huawei-ne5000-v8r11/huawei-segment-routing.yang

>>> transform /home/leoma/workspace/doc/ydk-yang-huawei-ne5000-v8r11/huawei-sm2.yang

>>> transform /home/leoma/workspace/doc/ydk-yang-huawei-ne5000-v8r11/huawei-snmp-type.yang

>>> transform /home/leoma/workspace/doc/ydk-yang-huawei-ne5000-v8r11/huawei-snmp.yang

>>> transform /home/leoma/workspace/doc/ydk-yang-huawei-ne5000-v8r11/huawei-soc.yang

>>> transform /home/leoma/workspace/doc/ydk-yang-huawei-ne5000-v8r11/huawei-socket.yang

>>> transform /home/leoma/workspace/doc/ydk-yang-huawei-ne5000-v8r11/huawei-software-notification.yang

>>> transform /home/leoma/workspace/doc/ydk-yang-huawei-ne5000-v8r11/huawei-software.yang

>>> transform /home/leoma/workspace/doc/ydk-yang-huawei-ne5000-v8r11/huawei-srpolicy-type.yang

>>> transform /home/leoma/workspace/doc/ydk-yang-huawei-ne5000-v8r11/huawei-srpolicy.yang

>>> transform /home/leoma/workspace/doc/ydk-yang-huawei-ne5000-v8r11/huawei-srv6-notification.yang

>>> transform /home/leoma/workspace/doc/ydk-yang-huawei-ne5000-v8r11/huawei-srv6-type.yang

>>> transform /home/leoma/workspace/doc/ydk-yang-huawei-ne5000-v8r11/huawei-srv6.yang

>>> transform /home/leoma/workspace/doc/ydk-yang-huawei-ne5000-v8r11/huawei-sshc.yang

>>> transform /home/leoma/workspace/doc/ydk-yang-huawei-ne5000-v8r11/huawei-sshs.yang

>>> transform /home/leoma/workspace/doc/ydk-yang-huawei-ne5000-v8r11/huawei-ssl.yang

>>> transform /home/leoma/workspace/doc/ydk-yang-huawei-ne5000-v8r11/huawei-syslog.yang

>>> transform /home/leoma/workspace/doc/ydk-yang-huawei-ne5000-v8r11/huawei-system-event-management.yang

>>> transform /home/leoma/workspace/doc/ydk-yang-huawei-ne5000-v8r11/huawei-system-resources-usage.yang

>>> transform /home/leoma/workspace/doc/ydk-yang-huawei-ne5000-v8r11/huawei-system.yang

>>> transform /home/leoma/workspace/doc/ydk-yang-huawei-ne5000-v8r11/huawei-te-interface-type.yang

>>> transform /home/leoma/workspace/doc/ydk-yang-huawei-ne5000-v8r11/huawei-te-interface.yang

>>> transform /home/leoma/workspace/doc/ydk-yang-huawei-ne5000-v8r11/huawei-te-type.yang

>>> transform /home/leoma/workspace/doc/ydk-yang-huawei-ne5000-v8r11/huawei-te.yang

>>> transform /home/leoma/workspace/doc/ydk-yang-huawei-ne5000-v8r11/huawei-telnetc.yang

>>> transform /home/leoma/workspace/doc/ydk-yang-huawei-ne5000-v8r11/huawei-telnets.yang

>>> transform /home/leoma/workspace/doc/ydk-yang-huawei-ne5000-v8r11/huawei-tftpc.yang

>>> transform /home/leoma/workspace/doc/ydk-yang-huawei-ne5000-v8r11/huawei-time-range.yang

>>> transform /home/leoma/workspace/doc/ydk-yang-huawei-ne5000-v8r11/huawei-tm-type.yang

>>> transform /home/leoma/workspace/doc/ydk-yang-huawei-ne5000-v8r11/huawei-tm.yang

>>> transform /home/leoma/workspace/doc/ydk-yang-huawei-ne5000-v8r11/huawei-trustem.yang

>>> transform /home/leoma/workspace/doc/ydk-yang-huawei-ne5000-v8r11/huawei-tty.yang

>>> transform /home/leoma/workspace/doc/ydk-yang-huawei-ne5000-v8r11/huawei-tunnel-management-ext.yang

>>> transform /home/leoma/workspace/doc/ydk-yang-huawei-ne5000-v8r11/huawei-tunnel-management.yang

>>> transform /home/leoma/workspace/doc/ydk-yang-huawei-ne5000-v8r11/huawei-twamp-controller.yang

>>> transform /home/leoma/workspace/doc/ydk-yang-huawei-ne5000-v8r11/huawei-twamp-responder.yang

>>> transform /home/leoma/workspace/doc/ydk-yang-huawei-ne5000-v8r11/huawei-unicast-forward.yang

>>> transform /home/leoma/workspace/doc/ydk-yang-huawei-ne5000-v8r11/huawei-unicast-fwd-notification.yang

>>> transform /home/leoma/workspace/doc/ydk-yang-huawei-ne5000-v8r11/huawei-unicast-fwd-srv6.yang

>>> transform /home/leoma/workspace/doc/ydk-yang-huawei-ne5000-v8r11/huawei-vlan.yang

>>> transform /home/leoma/workspace/doc/ydk-yang-huawei-ne5000-v8r11/huawei-vrrp.yang

>>> transform /home/leoma/workspace/doc/ydk-yang-huawei-ne5000-v8r11/huawei-vty.yang

>>> transform /home/leoma/workspace/doc/ydk-yang-huawei-ne5000-v8r11/huawei-wdm.yang

>>> transform /home/leoma/workspace/doc/ydk-yang-huawei-ne5000-v8r11/huawei-xpl.yang

>>> transform /home/leoma/workspace/doc/ydk-yang-huawei-ne5000-v8r11/huawei-y1731-statistics.yang

>>> transform /home/leoma/workspace/doc/ydk-yang-huawei-ne5000-v8r11/huawei-y1731.yang

>>> transform /home/leoma/workspace/doc/ydk-yang-huawei-ne5000-v8r11/iana-hardware.yang

>>> transform /home/leoma/workspace/doc/ydk-yang-huawei-ne5000-v8r11/ietf-hardware.yang

>>> transform /home/leoma/workspace/doc/ydk-yang-huawei-ne5000-v8r11/ietf-inet-types.yang

>>> transform /home/leoma/workspace/doc/ydk-yang-huawei-ne5000-v8r11/ietf-netconf-acm.yang

>>> transform /home/leoma/workspace/doc/ydk-yang-huawei-ne5000-v8r11/ietf-netconf-monitoring.yang

>>> transform /home/leoma/workspace/doc/ydk-yang-huawei-ne5000-v8r11/ietf-netconf-notifications.yang

>>> transform /home/leoma/workspace/doc/ydk-yang-huawei-ne5000-v8r11/ietf-netconf-with-defaults.yang

>>> transform /home/leoma/workspace/doc/ydk-yang-huawei-ne5000-v8r11/ietf-netconf.yang

>>> transform /home/leoma/workspace/doc/ydk-yang-huawei-ne5000-v8r11/ietf-yang-library.yang

>>> transform /home/leoma/workspace/doc/ydk-yang-huawei-ne5000-v8r11/ietf-yang-metadata.yang

>>> transform /home/leoma/workspace/doc/ydk-yang-huawei-ne5000-v8r11/ietf-yang-types.yang

>>> transform /home/leoma/workspace/doc/ydk-yang-huawei-ne5000-v8r11/nc-notifications.yang

>>> transform /home/leoma/workspace/doc/ydk-yang-huawei-ne5000-v8r11/notifications.yang

>>> transform /home/leoma/workspace/doc/ydk-yang-huawei-ne5000-v8r11/openconfig-extensions.yang

>>> transform /home/leoma/workspace/doc/ydk-yang-huawei-ne5000-v8r11/openconfig-inet-types.yang

>>> transform /home/leoma/workspace/doc/ydk-yang-huawei-ne5000-v8r11/openconfig-telemetry-types.yang

>>> transform /home/leoma/workspace/doc/ydk-yang-huawei-ne5000-v8r11/openconfig-telemetry.yang
