

-------------------------------- transform yang to swagger at 2021-12-16 19:58:22 --------------------------------

>>> transform /home/leoma/workspace/doc/ydk-yang-huawei-ne40-v8r22/huawei-aaa-lam@2021-02-05.yang

>>> transform /home/leoma/workspace/doc/ydk-yang-huawei-ne40-v8r22/huawei-aaa-type@2020-01-09.yang

>>> transform /home/leoma/workspace/doc/ydk-yang-huawei-ne40-v8r22/huawei-aaa@2021-09-16.yang

>>> transform /home/leoma/workspace/doc/ydk-yang-huawei-ne40-v8r22/huawei-acl-ucl@2020-03-09.yang

>>> transform /home/leoma/workspace/doc/ydk-yang-huawei-ne40-v8r22/huawei-acl@2021-08-04.yang

>>> transform /home/leoma/workspace/doc/ydk-yang-huawei-ne40-v8r22/huawei-arp@2020-08-20.yang

>>> transform /home/leoma/workspace/doc/ydk-yang-huawei-ne40-v8r22/huawei-bd-ext@2020-06-22.yang

>>> transform /home/leoma/workspace/doc/ydk-yang-huawei-ne40-v8r22/huawei-bd@2021-01-26.yang

>>> transform /home/leoma/workspace/doc/ydk-yang-huawei-ne40-v8r22/huawei-bfd-ext@2019-10-27.yang

>>> transform /home/leoma/workspace/doc/ydk-yang-huawei-ne40-v8r22/huawei-bfd-notification@2019-07-08.yang

>>> transform /home/leoma/workspace/doc/ydk-yang-huawei-ne40-v8r22/huawei-bfd-static-mpls-te@2020-05-30.yang

>>> transform /home/leoma/workspace/doc/ydk-yang-huawei-ne40-v8r22/huawei-bfd-static-vpls@2020-03-13.yang

>>> transform /home/leoma/workspace/doc/ydk-yang-huawei-ne40-v8r22/huawei-bfd-static-vpws@2020-03-13.yang

>>> transform /home/leoma/workspace/doc/ydk-yang-huawei-ne40-v8r22/huawei-bfd@2021-03-22.yang

>>> transform /home/leoma/workspace/doc/ydk-yang-huawei-ne40-v8r22/huawei-bgp-common-multiprotocol@2021-02-03.yang

>>> transform /home/leoma/workspace/doc/ydk-yang-huawei-ne40-v8r22/huawei-bgp-common@2021-08-11.yang

>>> transform /home/leoma/workspace/doc/ydk-yang-huawei-ne40-v8r22/huawei-bgp-epe@2020-03-25.yang

>>> transform /home/leoma/workspace/doc/ydk-yang-huawei-ne40-v8r22/huawei-bgp-evpn@2021-08-06.yang

>>> transform /home/leoma/workspace/doc/ydk-yang-huawei-ne40-v8r22/huawei-bgp-flow@2021-09-07.yang

>>> transform /home/leoma/workspace/doc/ydk-yang-huawei-ne40-v8r22/huawei-bgp-ipv6-srpolicy@2020-02-25.yang

>>> transform /home/leoma/workspace/doc/ydk-yang-huawei-ne40-v8r22/huawei-bgp-l2vpnad@2020-08-30.yang

>>> transform /home/leoma/workspace/doc/ydk-yang-huawei-ne40-v8r22/huawei-bgp-link-state@2020-08-18.yang

>>> transform /home/leoma/workspace/doc/ydk-yang-huawei-ne40-v8r22/huawei-bgp-lsp@2020-02-25.yang

>>> transform /home/leoma/workspace/doc/ydk-yang-huawei-ne40-v8r22/huawei-bgp-mdt@2020-08-30.yang

>>> transform /home/leoma/workspace/doc/ydk-yang-huawei-ne40-v8r22/huawei-bgp-mvpn@2020-02-25.yang

>>> transform /home/leoma/workspace/doc/ydk-yang-huawei-ne40-v8r22/huawei-bgp-notification@2021-03-27.yang

>>> transform /home/leoma/workspace/doc/ydk-yang-huawei-ne40-v8r22/huawei-bgp-routing-table@2021-09-15.yang

>>> transform /home/leoma/workspace/doc/ydk-yang-huawei-ne40-v8r22/huawei-bgp-rpc@2020-11-04.yang

>>> transform /home/leoma/workspace/doc/ydk-yang-huawei-ne40-v8r22/huawei-bgp-rpd@2020-08-30.yang

>>> transform /home/leoma/workspace/doc/ydk-yang-huawei-ne40-v8r22/huawei-bgp-srpolicy@2021-08-28.yang

>>> transform /home/leoma/workspace/doc/ydk-yang-huawei-ne40-v8r22/huawei-bgp-srv6@2020-03-13.yang

>>> transform /home/leoma/workspace/doc/ydk-yang-huawei-ne40-v8r22/huawei-bgp-type@2021-08-11.yang

>>> transform /home/leoma/workspace/doc/ydk-yang-huawei-ne40-v8r22/huawei-bgp-vpntarget@2020-08-30.yang

>>> transform /home/leoma/workspace/doc/ydk-yang-huawei-ne40-v8r22/huawei-bgp-vpnv4mcast@2020-08-30.yang

>>> transform /home/leoma/workspace/doc/ydk-yang-huawei-ne40-v8r22/huawei-bgp@2021-08-11.yang

>>> transform /home/leoma/workspace/doc/ydk-yang-huawei-ne40-v8r22/huawei-bier-fwd@2020-02-13.yang

>>> transform /home/leoma/workspace/doc/ydk-yang-huawei-ne40-v8r22/huawei-bier@2021-07-29.yang

>>> transform /home/leoma/workspace/doc/ydk-yang-huawei-ne40-v8r22/huawei-bmp@2021-09-04.yang

>>> transform /home/leoma/workspace/doc/ydk-yang-huawei-ne40-v8r22/huawei-bras-auto-save@2020-03-02.yang

>>> transform /home/leoma/workspace/doc/ydk-yang-huawei-ne40-v8r22/huawei-bras-basic-access@2020-03-12.yang

>>> transform /home/leoma/workspace/doc/ydk-yang-huawei-ne40-v8r22/huawei-bras-cgn@2019-04-01.yang

>>> transform /home/leoma/workspace/doc/ydk-yang-huawei-ne40-v8r22/huawei-bras-chasten@2020-04-13.yang

>>> transform /home/leoma/workspace/doc/ydk-yang-huawei-ne40-v8r22/huawei-bras-cu-agent@2019-04-26.yang

>>> transform /home/leoma/workspace/doc/ydk-yang-huawei-ne40-v8r22/huawei-bras-cu-controller@2019-12-08.yang

>>> transform /home/leoma/workspace/doc/ydk-yang-huawei-ne40-v8r22/huawei-bras-dhcp-access@2020-02-22.yang

>>> transform /home/leoma/workspace/doc/ydk-yang-huawei-ne40-v8r22/huawei-bras-dhcp-server@2020-02-22.yang

>>> transform /home/leoma/workspace/doc/ydk-yang-huawei-ne40-v8r22/huawei-bras-dhcpv6-access@2020-02-22.yang

>>> transform /home/leoma/workspace/doc/ydk-yang-huawei-ne40-v8r22/huawei-bras-dhcpv6-server@2020-02-22.yang

>>> transform /home/leoma/workspace/doc/ydk-yang-huawei-ne40-v8r22/huawei-bras-diameter@2020-03-10.yang

>>> transform /home/leoma/workspace/doc/ydk-yang-huawei-ne40-v8r22/huawei-bras-dot1x-access@2019-03-26.yang

>>> transform /home/leoma/workspace/doc/ydk-yang-huawei-ne40-v8r22/huawei-bras-dynacl@2020-03-02.yang

>>> transform /home/leoma/workspace/doc/ydk-yang-huawei-ne40-v8r22/huawei-bras-http-redirect@2020-02-22.yang

>>> transform /home/leoma/workspace/doc/ydk-yang-huawei-ne40-v8r22/huawei-bras-https-redirect@2020-04-29.yang

>>> transform /home/leoma/workspace/doc/ydk-yang-huawei-ne40-v8r22/huawei-bras-ipv4-address-manage@2020-02-22.yang

>>> transform /home/leoma/workspace/doc/ydk-yang-huawei-ne40-v8r22/huawei-bras-ipv6-address-manage@2020-02-22.yang

>>> transform /home/leoma/workspace/doc/ydk-yang-huawei-ne40-v8r22/huawei-bras-ipv6-basic-access@2020-03-03.yang

>>> transform /home/leoma/workspace/doc/ydk-yang-huawei-ne40-v8r22/huawei-bras-l2tp-access@2019-05-18.yang
/home/leoma/workspace/doc/ydk-yang-huawei-ne40-v8r22/huawei-bras-l2tp-access@2019-05-18.yang:46: warning: imported module "huawei-system" not used

>>> transform /home/leoma/workspace/doc/ydk-yang-huawei-ne40-v8r22/huawei-bras-layer3-access@2020-02-22.yang

>>> transform /home/leoma/workspace/doc/ydk-yang-huawei-ne40-v8r22/huawei-bras-license@2020-12-15.yang

>>> transform /home/leoma/workspace/doc/ydk-yang-huawei-ne40-v8r22/huawei-bras-local-backup@2020-03-02.yang

>>> transform /home/leoma/workspace/doc/ydk-yang-huawei-ne40-v8r22/huawei-bras-multicast-fwd@2020-11-19.yang

>>> transform /home/leoma/workspace/doc/ydk-yang-huawei-ne40-v8r22/huawei-bras-multicast@2020-03-03.yang

>>> transform /home/leoma/workspace/doc/ydk-yang-huawei-ne40-v8r22/huawei-bras-pppox-access@2019-04-20.yang

>>> transform /home/leoma/workspace/doc/ydk-yang-huawei-ne40-v8r22/huawei-bras-python-script@2020-12-14.yang

>>> transform /home/leoma/workspace/doc/ydk-yang-huawei-ne40-v8r22/huawei-bras-qos@2020-03-03.yang

>>> transform /home/leoma/workspace/doc/ydk-yang-huawei-ne40-v8r22/huawei-bras-said@2020-03-18.yang

>>> transform /home/leoma/workspace/doc/ydk-yang-huawei-ne40-v8r22/huawei-bras-static-user@2020-08-18.yang

>>> transform /home/leoma/workspace/doc/ydk-yang-huawei-ne40-v8r22/huawei-bras-user-manage-type@2020-03-03.yang

>>> transform /home/leoma/workspace/doc/ydk-yang-huawei-ne40-v8r22/huawei-bras-user-manage@2020-04-27.yang

>>> transform /home/leoma/workspace/doc/ydk-yang-huawei-ne40-v8r22/huawei-bras-user-statistic@2020-03-03.yang

>>> transform /home/leoma/workspace/doc/ydk-yang-huawei-ne40-v8r22/huawei-bras-vas@2020-03-12.yang

>>> transform /home/leoma/workspace/doc/ydk-yang-huawei-ne40-v8r22/huawei-bras-vpn@2020-03-03.yang

>>> transform /home/leoma/workspace/doc/ydk-yang-huawei-ne40-v8r22/huawei-bras-web-authen@2020-02-22.yang

>>> transform /home/leoma/workspace/doc/ydk-yang-huawei-ne40-v8r22/huawei-bras-wlan-access@2020-03-18.yang

>>> transform /home/leoma/workspace/doc/ydk-yang-huawei-ne40-v8r22/huawei-capture@2020-01-11.yang

>>> transform /home/leoma/workspace/doc/ydk-yang-huawei-ne40-v8r22/huawei-cfg-ext@2019-05-21.yang

>>> transform /home/leoma/workspace/doc/ydk-yang-huawei-ne40-v8r22/huawei-cfg@2021-01-26.yang

>>> transform /home/leoma/workspace/doc/ydk-yang-huawei-ne40-v8r22/huawei-cgn-common@2021-07-31.yang

>>> transform /home/leoma/workspace/doc/ydk-yang-huawei-ne40-v8r22/huawei-cgn-nat444@2021-07-31.yang

>>> transform /home/leoma/workspace/doc/ydk-yang-huawei-ne40-v8r22/huawei-cgn@2021-08-05.yang

>>> transform /home/leoma/workspace/doc/ydk-yang-huawei-ne40-v8r22/huawei-cli@2019-10-26.yang

>>> transform /home/leoma/workspace/doc/ydk-yang-huawei-ne40-v8r22/huawei-clockboard@2020-03-14.yang

>>> transform /home/leoma/workspace/doc/ydk-yang-huawei-ne40-v8r22/huawei-clocksync-1588v2@2021-01-21.yang

>>> transform /home/leoma/workspace/doc/ydk-yang-huawei-ne40-v8r22/huawei-clocksync-cesacr@2020-03-04.yang

>>> transform /home/leoma/workspace/doc/ydk-yang-huawei-ne40-v8r22/huawei-clocksync-comm@2020-03-04.yang

>>> transform /home/leoma/workspace/doc/ydk-yang-huawei-ne40-v8r22/huawei-clocksync-gps@2021-06-10.yang

>>> transform /home/leoma/workspace/doc/ydk-yang-huawei-ne40-v8r22/huawei-clocksync-notification@2020-03-14.yang

>>> transform /home/leoma/workspace/doc/ydk-yang-huawei-ne40-v8r22/huawei-clocksync-phy@2020-03-17.yang

>>> transform /home/leoma/workspace/doc/ydk-yang-huawei-ne40-v8r22/huawei-clocksync-ptpadapt@2020-03-19.yang

>>> transform /home/leoma/workspace/doc/ydk-yang-huawei-ne40-v8r22/huawei-clocksync-vaccess@2020-03-04.yang

>>> transform /home/leoma/workspace/doc/ydk-yang-huawei-ne40-v8r22/huawei-codesign@2021-03-10.yang

>>> transform /home/leoma/workspace/doc/ydk-yang-huawei-ne40-v8r22/huawei-cpudefend-notification@2020-08-24.yang

>>> transform /home/leoma/workspace/doc/ydk-yang-huawei-ne40-v8r22/huawei-cpudefend@2020-05-08.yang

>>> transform /home/leoma/workspace/doc/ydk-yang-huawei-ne40-v8r22/huawei-crypto@2019-05-23.yang

>>> transform /home/leoma/workspace/doc/ydk-yang-huawei-ne40-v8r22/huawei-cusp-agent@2019-05-04.yang

>>> transform /home/leoma/workspace/doc/ydk-yang-huawei-ne40-v8r22/huawei-dcn@2021-09-10.yang

>>> transform /home/leoma/workspace/doc/ydk-yang-huawei-ne40-v8r22/huawei-debug@2021-09-24.yang

>>> transform /home/leoma/workspace/doc/ydk-yang-huawei-ne40-v8r22/huawei-devm-action@2020-08-07.yang

>>> transform /home/leoma/workspace/doc/ydk-yang-huawei-ne40-v8r22/huawei-devm-type@2021-01-06.yang

>>> transform /home/leoma/workspace/doc/ydk-yang-huawei-ne40-v8r22/huawei-devm-vnf@2021-04-26.yang

>>> transform /home/leoma/workspace/doc/ydk-yang-huawei-ne40-v8r22/huawei-devm@2021-01-06.yang

>>> transform /home/leoma/workspace/doc/ydk-yang-huawei-ne40-v8r22/huawei-dhcp-client@2019-12-22.yang

>>> transform /home/leoma/workspace/doc/ydk-yang-huawei-ne40-v8r22/huawei-dhcp-l2vpn@2021-09-03.yang

>>> transform /home/leoma/workspace/doc/ydk-yang-huawei-ne40-v8r22/huawei-dhcp-notification@2021-02-01.yang

>>> transform /home/leoma/workspace/doc/ydk-yang-huawei-ne40-v8r22/huawei-dhcp-relay@2020-03-15.yang

>>> transform /home/leoma/workspace/doc/ydk-yang-huawei-ne40-v8r22/huawei-dhcp-server@2020-03-13.yang

>>> transform /home/leoma/workspace/doc/ydk-yang-huawei-ne40-v8r22/huawei-dhcp-snooping@2020-02-25.yang

>>> transform /home/leoma/workspace/doc/ydk-yang-huawei-ne40-v8r22/huawei-dhcp@2020-04-10.yang

>>> transform /home/leoma/workspace/doc/ydk-yang-huawei-ne40-v8r22/huawei-dhcpv6-relay@2020-03-09.yang

>>> transform /home/leoma/workspace/doc/ydk-yang-huawei-ne40-v8r22/huawei-dhcpv6@2021-09-04.yang

>>> transform /home/leoma/workspace/doc/ydk-yang-huawei-ne40-v8r22/huawei-diagnostic-tools-8021ag@2021-01-15.yang

>>> transform /home/leoma/workspace/doc/ydk-yang-huawei-ne40-v8r22/huawei-diagnostic-tools-bier@2020-08-24.yang

>>> transform /home/leoma/workspace/doc/ydk-yang-huawei-ne40-v8r22/huawei-diagnostic-tools-common@2019-04-15.yang

>>> transform /home/leoma/workspace/doc/ydk-yang-huawei-ne40-v8r22/huawei-diagnostic-tools-evpn@2020-01-14.yang

>>> transform /home/leoma/workspace/doc/ydk-yang-huawei-ne40-v8r22/huawei-diagnostic-tools-gmac@2020-01-14.yang

>>> transform /home/leoma/workspace/doc/ydk-yang-huawei-ne40-v8r22/huawei-diagnostic-tools-ipv4@2020-09-10.yang

>>> transform /home/leoma/workspace/doc/ydk-yang-huawei-ne40-v8r22/huawei-diagnostic-tools-ipv6@2020-09-10.yang

>>> transform /home/leoma/workspace/doc/ydk-yang-huawei-ne40-v8r22/huawei-diagnostic-tools-lsp@2019-04-09.yang

>>> transform /home/leoma/workspace/doc/ydk-yang-huawei-ne40-v8r22/huawei-diagnostic-tools-pwe3@2021-05-11.yang

>>> transform /home/leoma/workspace/doc/ydk-yang-huawei-ne40-v8r22/huawei-diagnostic-tools-srv6@2021-08-05.yang

>>> transform /home/leoma/workspace/doc/ydk-yang-huawei-ne40-v8r22/huawei-diagnostic-tools-tcp@2019-04-13.yang

>>> transform /home/leoma/workspace/doc/ydk-yang-huawei-ne40-v8r22/huawei-diagnostic-tools-type@2021-05-11.yang

>>> transform /home/leoma/workspace/doc/ydk-yang-huawei-ne40-v8r22/huawei-diagnostic-tools-vpls@2021-06-11.yang

>>> transform /home/leoma/workspace/doc/ydk-yang-huawei-ne40-v8r22/huawei-diagnostic-tools-vxlan@2021-01-04.yang

>>> transform /home/leoma/workspace/doc/ydk-yang-huawei-ne40-v8r22/huawei-diagnostic-tools@2021-08-05.yang

>>> transform /home/leoma/workspace/doc/ydk-yang-huawei-ne40-v8r22/huawei-direct-route-vlink@2019-07-15.yang

>>> transform /home/leoma/workspace/doc/ydk-yang-huawei-ne40-v8r22/huawei-dns@2021-08-27.yang

>>> transform /home/leoma/workspace/doc/ydk-yang-huawei-ne40-v8r22/huawei-driver-fm@2020-03-06.yang

>>> transform /home/leoma/workspace/doc/ydk-yang-huawei-ne40-v8r22/huawei-driver-type@2021-04-09.yang

>>> transform /home/leoma/workspace/doc/ydk-yang-huawei-ne40-v8r22/huawei-driver-vaccess@2020-09-03.yang

>>> transform /home/leoma/workspace/doc/ydk-yang-huawei-ne40-v8r22/huawei-driver@2021-05-06.yang

>>> transform /home/leoma/workspace/doc/ydk-yang-huawei-ne40-v8r22/huawei-dsa@2019-05-01.yang

>>> transform /home/leoma/workspace/doc/ydk-yang-huawei-ne40-v8r22/huawei-dsvpn-nhrp@2020-03-26.yang

>>> transform /home/leoma/workspace/doc/ydk-yang-huawei-ne40-v8r22/huawei-eai-service-notification@2020-05-28.yang

>>> transform /home/leoma/workspace/doc/ydk-yang-huawei-ne40-v8r22/huawei-eai-service@2020-05-12.yang

>>> transform /home/leoma/workspace/doc/ydk-yang-huawei-ne40-v8r22/huawei-ecc@2019-05-02.yang

>>> transform /home/leoma/workspace/doc/ydk-yang-huawei-ne40-v8r22/huawei-efm@2019-04-28.yang

>>> transform /home/leoma/workspace/doc/ydk-yang-huawei-ne40-v8r22/huawei-emdi-notification@2020-08-09.yang

>>> transform /home/leoma/workspace/doc/ydk-yang-huawei-ne40-v8r22/huawei-emdi@2020-03-09.yang

>>> transform /home/leoma/workspace/doc/ydk-yang-huawei-ne40-v8r22/huawei-erps-fwd@2020-06-02.yang

>>> transform /home/leoma/workspace/doc/ydk-yang-huawei-ne40-v8r22/huawei-erps@2020-05-26.yang

>>> transform /home/leoma/workspace/doc/ydk-yang-huawei-ne40-v8r22/huawei-esqm@2020-03-28.yang

>>> transform /home/leoma/workspace/doc/ydk-yang-huawei-ne40-v8r22/huawei-ethernet-ext@2020-01-22.yang

>>> transform /home/leoma/workspace/doc/ydk-yang-huawei-ne40-v8r22/huawei-ethernet@2021-08-12.yang

>>> transform /home/leoma/workspace/doc/ydk-yang-huawei-ne40-v8r22/huawei-etrunk@2021-03-04.yang

>>> transform /home/leoma/workspace/doc/ydk-yang-huawei-ne40-v8r22/huawei-evpl-ext@2020-03-06.yang

>>> transform /home/leoma/workspace/doc/ydk-yang-huawei-ne40-v8r22/huawei-evpl@2020-07-21.yang

>>> transform /home/leoma/workspace/doc/ydk-yang-huawei-ne40-v8r22/huawei-evpn-ext@2020-03-06.yang

>>> transform /home/leoma/workspace/doc/ydk-yang-huawei-ne40-v8r22/huawei-evpn-notification@2019-11-21.yang

>>> transform /home/leoma/workspace/doc/ydk-yang-huawei-ne40-v8r22/huawei-evpn-srv6@2020-03-08.yang

>>> transform /home/leoma/workspace/doc/ydk-yang-huawei-ne40-v8r22/huawei-evpn-type@2021-08-12.yang

>>> transform /home/leoma/workspace/doc/ydk-yang-huawei-ne40-v8r22/huawei-evpn@2021-08-12.yang

>>> transform /home/leoma/workspace/doc/ydk-yang-huawei-ne40-v8r22/huawei-extension@2019-12-13.yang

>>> transform /home/leoma/workspace/doc/ydk-yang-huawei-ne40-v8r22/huawei-fei@2021-04-15.yang

>>> transform /home/leoma/workspace/doc/ydk-yang-huawei-ne40-v8r22/huawei-fib@2020-03-06.yang

>>> transform /home/leoma/workspace/doc/ydk-yang-huawei-ne40-v8r22/huawei-file-operation@2021-09-17.yang

>>> transform /home/leoma/workspace/doc/ydk-yang-huawei-ne40-v8r22/huawei-fim-devm@2020-03-11.yang

>>> transform /home/leoma/workspace/doc/ydk-yang-huawei-ne40-v8r22/huawei-fim-ethernet@2020-03-11.yang

>>> transform /home/leoma/workspace/doc/ydk-yang-huawei-ne40-v8r22/huawei-fim-ifm@2020-03-23.yang

>>> transform /home/leoma/workspace/doc/ydk-yang-huawei-ne40-v8r22/huawei-fim-ifmtrunk-notif@2021-03-01.yang

>>> transform /home/leoma/workspace/doc/ydk-yang-huawei-ne40-v8r22/huawei-fim-ifmtrunk@2020-02-29.yang

>>> transform /home/leoma/workspace/doc/ydk-yang-huawei-ne40-v8r22/huawei-fim-lcs@2020-03-11.yang

>>> transform /home/leoma/workspace/doc/ydk-yang-huawei-ne40-v8r22/huawei-flex-algo@2021-08-26.yang

>>> transform /home/leoma/workspace/doc/ydk-yang-huawei-ne40-v8r22/huawei-flexe-notification@2020-06-20.yang

>>> transform /home/leoma/workspace/doc/ydk-yang-huawei-ne40-v8r22/huawei-flexe@2020-02-18.yang

>>> transform /home/leoma/workspace/doc/ydk-yang-huawei-ne40-v8r22/huawei-flow-recognition@2020-03-27.yang

>>> transform /home/leoma/workspace/doc/ydk-yang-huawei-ne40-v8r22/huawei-flowspec-forward-notif@2021-03-20.yang

>>> transform /home/leoma/workspace/doc/ydk-yang-huawei-ne40-v8r22/huawei-flowspec-forward@2020-03-12.yang

>>> transform /home/leoma/workspace/doc/ydk-yang-huawei-ne40-v8r22/huawei-flowspec-type@2020-03-23.yang

>>> transform /home/leoma/workspace/doc/ydk-yang-huawei-ne40-v8r22/huawei-flowspec@2020-03-23.yang

>>> transform /home/leoma/workspace/doc/ydk-yang-huawei-ne40-v8r22/huawei-fm@2020-06-04.yang

>>> transform /home/leoma/workspace/doc/ydk-yang-huawei-ne40-v8r22/huawei-ftpc@2020-02-26.yang

>>> transform /home/leoma/workspace/doc/ydk-yang-huawei-ne40-v8r22/huawei-ftps@2019-07-01.yang

>>> transform /home/leoma/workspace/doc/ydk-yang-huawei-ne40-v8r22/huawei-fwd-engine@2021-04-20.yang

>>> transform /home/leoma/workspace/doc/ydk-yang-huawei-ne40-v8r22/huawei-gre-fwd@2020-08-13.yang

>>> transform /home/leoma/workspace/doc/ydk-yang-huawei-ne40-v8r22/huawei-gre@2020-05-18.yang

>>> transform /home/leoma/workspace/doc/ydk-yang-huawei-ne40-v8r22/huawei-grpc@2020-06-18.yang

>>> transform /home/leoma/workspace/doc/ydk-yang-huawei-ne40-v8r22/huawei-hardware-type@2020-03-27.yang

>>> transform /home/leoma/workspace/doc/ydk-yang-huawei-ne40-v8r22/huawei-host-defend@2019-11-17.yang

>>> transform /home/leoma/workspace/doc/ydk-yang-huawei-ne40-v8r22/huawei-http@2020-07-21.yang

>>> transform /home/leoma/workspace/doc/ydk-yang-huawei-ne40-v8r22/huawei-hwtacacs@2020-07-06.yang

>>> transform /home/leoma/workspace/doc/ydk-yang-huawei-ne40-v8r22/huawei-ietf-connectionless-oam-methods-ext@2020-09-02.yang

>>> transform /home/leoma/workspace/doc/ydk-yang-huawei-ne40-v8r22/huawei-ietf-netconf-ext@2019-05-25.yang

>>> transform /home/leoma/workspace/doc/ydk-yang-huawei-ne40-v8r22/huawei-ietf-snmp-ext@2020-01-17.yang

>>> transform /home/leoma/workspace/doc/ydk-yang-huawei-ne40-v8r22/huawei-if-ip@2021-10-13.yang

>>> transform /home/leoma/workspace/doc/ydk-yang-huawei-ne40-v8r22/huawei-ifit-common@2020-04-08.yang

>>> transform /home/leoma/workspace/doc/ydk-yang-huawei-ne40-v8r22/huawei-ifit-fwd-notification@2021-01-12.yang

>>> transform /home/leoma/workspace/doc/ydk-yang-huawei-ne40-v8r22/huawei-ifit-notification@2021-02-01.yang

>>> transform /home/leoma/workspace/doc/ydk-yang-huawei-ne40-v8r22/huawei-ifit-statistics@2021-09-13.yang

>>> transform /home/leoma/workspace/doc/ydk-yang-huawei-ne40-v8r22/huawei-ifit@2019-05-21.yang

>>> transform /home/leoma/workspace/doc/ydk-yang-huawei-ne40-v8r22/huawei-ifm-bundle@2020-02-13.yang

>>> transform /home/leoma/workspace/doc/ydk-yang-huawei-ne40-v8r22/huawei-ifm-cpos-trunk@2020-02-14.yang

>>> transform /home/leoma/workspace/doc/ydk-yang-huawei-ne40-v8r22/huawei-ifm-fr@2019-12-25.yang

>>> transform /home/leoma/workspace/doc/ydk-yang-huawei-ne40-v8r22/huawei-ifm-hdlc@2019-12-22.yang

>>> transform /home/leoma/workspace/doc/ydk-yang-huawei-ne40-v8r22/huawei-ifm-notification@2020-05-30.yang

>>> transform /home/leoma/workspace/doc/ydk-yang-huawei-ne40-v8r22/huawei-ifm-pos-trunk@2020-02-13.yang

>>> transform /home/leoma/workspace/doc/ydk-yang-huawei-ne40-v8r22/huawei-ifm-trunk-notification@2020-08-12.yang

>>> transform /home/leoma/workspace/doc/ydk-yang-huawei-ne40-v8r22/huawei-ifm-trunk@2020-02-14.yang

>>> transform /home/leoma/workspace/doc/ydk-yang-huawei-ne40-v8r22/huawei-ifm@2021-10-11.yang

>>> transform /home/leoma/workspace/doc/ydk-yang-huawei-ne40-v8r22/huawei-igmp-mld-notification@2019-07-08.yang

>>> transform /home/leoma/workspace/doc/ydk-yang-huawei-ne40-v8r22/huawei-igmp-mld-snooping-notification@2020-03-23.yang

>>> transform /home/leoma/workspace/doc/ydk-yang-huawei-ne40-v8r22/huawei-igmp-mld-snooping@2020-05-21.yang

>>> transform /home/leoma/workspace/doc/ydk-yang-huawei-ne40-v8r22/huawei-igmp-mld@2021-02-24.yang

>>> transform /home/leoma/workspace/doc/ydk-yang-huawei-ne40-v8r22/huawei-igp@2020-03-13.yang

>>> transform /home/leoma/workspace/doc/ydk-yang-huawei-ne40-v8r22/huawei-ip-cga@2020-02-14.yang

>>> transform /home/leoma/workspace/doc/ydk-yang-huawei-ne40-v8r22/huawei-ip-statistics@2020-03-19.yang

>>> transform /home/leoma/workspace/doc/ydk-yang-huawei-ne40-v8r22/huawei-ip@2021-08-06.yang

>>> transform /home/leoma/workspace/doc/ydk-yang-huawei-ne40-v8r22/huawei-ippmmgr@2020-03-06.yang

>>> transform /home/leoma/workspace/doc/ydk-yang-huawei-ne40-v8r22/huawei-ipv6-nd@2021-07-16.yang

>>> transform /home/leoma/workspace/doc/ydk-yang-huawei-ne40-v8r22/huawei-ipv6-policy@2020-02-14.yang

>>> transform /home/leoma/workspace/doc/ydk-yang-huawei-ne40-v8r22/huawei-isis-sr@2020-03-09.yang

>>> transform /home/leoma/workspace/doc/ydk-yang-huawei-ne40-v8r22/huawei-isis-srv6@2021-03-11.yang

>>> transform /home/leoma/workspace/doc/ydk-yang-huawei-ne40-v8r22/huawei-isis-type@2020-08-03.yang

>>> transform /home/leoma/workspace/doc/ydk-yang-huawei-ne40-v8r22/huawei-isis@2021-04-15.yang

>>> transform /home/leoma/workspace/doc/ydk-yang-huawei-ne40-v8r22/huawei-keychain@2021-02-01.yang

>>> transform /home/leoma/workspace/doc/ydk-yang-huawei-ne40-v8r22/huawei-kpi@2020-07-01.yang

>>> transform /home/leoma/workspace/doc/ydk-yang-huawei-ne40-v8r22/huawei-l2-multicast-forward@2019-07-01.yang

>>> transform /home/leoma/workspace/doc/ydk-yang-huawei-ne40-v8r22/huawei-l2cpmanagement@2020-03-06.yang

>>> transform /home/leoma/workspace/doc/ydk-yang-huawei-ne40-v8r22/huawei-l2protocol-fwd@2020-03-06.yang

>>> transform /home/leoma/workspace/doc/ydk-yang-huawei-ne40-v8r22/huawei-l2pt@2020-03-13.yang

>>> transform /home/leoma/workspace/doc/ydk-yang-huawei-ne40-v8r22/huawei-l2tpv3@2020-04-02.yang

>>> transform /home/leoma/workspace/doc/ydk-yang-huawei-ne40-v8r22/huawei-l2vpn-aps-notification@2020-03-20.yang

>>> transform /home/leoma/workspace/doc/ydk-yang-huawei-ne40-v8r22/huawei-l2vpn-extension@2019-07-08.yang

>>> transform /home/leoma/workspace/doc/ydk-yang-huawei-ne40-v8r22/huawei-l2vpn-notification@2019-07-08.yang

>>> transform /home/leoma/workspace/doc/ydk-yang-huawei-ne40-v8r22/huawei-l2vpn-vll-ext@2020-03-06.yang

>>> transform /home/leoma/workspace/doc/ydk-yang-huawei-ne40-v8r22/huawei-l2vpn-vpls-ext@2020-03-24.yang

>>> transform /home/leoma/workspace/doc/ydk-yang-huawei-ne40-v8r22/huawei-l2vpn@2021-08-05.yang

>>> transform /home/leoma/workspace/doc/ydk-yang-huawei-ne40-v8r22/huawei-l3-multicast@2019-03-30.yang

>>> transform /home/leoma/workspace/doc/ydk-yang-huawei-ne40-v8r22/huawei-l3vpn-mpls@2019-04-27.yang

>>> transform /home/leoma/workspace/doc/ydk-yang-huawei-ne40-v8r22/huawei-l3vpn-type@2020-03-13.yang

>>> transform /home/leoma/workspace/doc/ydk-yang-huawei-ne40-v8r22/huawei-l3vpn@2021-08-11.yang

>>> transform /home/leoma/workspace/doc/ydk-yang-huawei-ne40-v8r22/huawei-lacp@2020-02-18.yang

>>> transform /home/leoma/workspace/doc/ydk-yang-huawei-ne40-v8r22/huawei-license@2021-09-01.yang

>>> transform /home/leoma/workspace/doc/ydk-yang-huawei-ne40-v8r22/huawei-link-heartbeat@2020-04-22.yang

>>> transform /home/leoma/workspace/doc/ydk-yang-huawei-ne40-v8r22/huawei-lldp@2021-01-07.yang

>>> transform /home/leoma/workspace/doc/ydk-yang-huawei-ne40-v8r22/huawei-lmp@2019-09-21.yang

>>> transform /home/leoma/workspace/doc/ydk-yang-huawei-ne40-v8r22/huawei-loadbalance-notification@2020-02-28.yang

>>> transform /home/leoma/workspace/doc/ydk-yang-huawei-ne40-v8r22/huawei-loadbalance@2021-05-26.yang

>>> transform /home/leoma/workspace/doc/ydk-yang-huawei-ne40-v8r22/huawei-loopdetect@2020-03-06.yang

>>> transform /home/leoma/workspace/doc/ydk-yang-huawei-ne40-v8r22/huawei-lpt@2020-03-09.yang

>>> transform /home/leoma/workspace/doc/ydk-yang-huawei-ne40-v8r22/huawei-lspic-mp@2019-05-05.yang

>>> transform /home/leoma/workspace/doc/ydk-yang-huawei-ne40-v8r22/huawei-mac-flapping@2020-03-09.yang

>>> transform /home/leoma/workspace/doc/ydk-yang-huawei-ne40-v8r22/huawei-mac-fwd@2020-01-22.yang

>>> transform /home/leoma/workspace/doc/ydk-yang-huawei-ne40-v8r22/huawei-mac@2020-08-07.yang

>>> transform /home/leoma/workspace/doc/ydk-yang-huawei-ne40-v8r22/huawei-macacc@2021-03-01.yang

>>> transform /home/leoma/workspace/doc/ydk-yang-huawei-ne40-v8r22/huawei-macm-notification@2020-03-30.yang

>>> transform /home/leoma/workspace/doc/ydk-yang-huawei-ne40-v8r22/huawei-macm@2020-03-30.yang

>>> transform /home/leoma/workspace/doc/ydk-yang-huawei-ne40-v8r22/huawei-macsec-notification@2020-04-01.yang

>>> transform /home/leoma/workspace/doc/ydk-yang-huawei-ne40-v8r22/huawei-macsec@2020-04-01.yang

>>> transform /home/leoma/workspace/doc/ydk-yang-huawei-ne40-v8r22/huawei-masterkey@2020-03-20.yang

>>> transform /home/leoma/workspace/doc/ydk-yang-huawei-ne40-v8r22/huawei-mc-fwd-notification@2019-11-26.yang

>>> transform /home/leoma/workspace/doc/ydk-yang-huawei-ne40-v8r22/huawei-mirror@2021-06-22.yang

>>> transform /home/leoma/workspace/doc/ydk-yang-huawei-ne40-v8r22/huawei-module-management@2020-06-24.yang

>>> transform /home/leoma/workspace/doc/ydk-yang-huawei-ne40-v8r22/huawei-monitor-group@2020-03-09.yang

>>> transform /home/leoma/workspace/doc/ydk-yang-huawei-ne40-v8r22/huawei-mpls-forward-devm@2020-02-27.yang

>>> transform /home/leoma/workspace/doc/ydk-yang-huawei-ne40-v8r22/huawei-mpls-forward-l2vpn@2020-07-29.yang

>>> transform /home/leoma/workspace/doc/ydk-yang-huawei-ne40-v8r22/huawei-mpls-forward@2020-06-10.yang

>>> transform /home/leoma/workspace/doc/ydk-yang-huawei-ne40-v8r22/huawei-mpls-in-udp@2020-03-10.yang

>>> transform /home/leoma/workspace/doc/ydk-yang-huawei-ne40-v8r22/huawei-mpls-ldp-type@2020-03-17.yang

>>> transform /home/leoma/workspace/doc/ydk-yang-huawei-ne40-v8r22/huawei-mpls-ldp@2020-09-23.yang

>>> transform /home/leoma/workspace/doc/ydk-yang-huawei-ne40-v8r22/huawei-mpls-notification@2020-03-17.yang

>>> transform /home/leoma/workspace/doc/ydk-yang-huawei-ne40-v8r22/huawei-mpls-res@2020-04-02.yang

>>> transform /home/leoma/workspace/doc/ydk-yang-huawei-ne40-v8r22/huawei-mpls-static@2020-02-26.yang

>>> transform /home/leoma/workspace/doc/ydk-yang-huawei-ne40-v8r22/huawei-mpls-te-auto-tunnel@2021-05-21.yang

>>> transform /home/leoma/workspace/doc/ydk-yang-huawei-ne40-v8r22/huawei-mpls-te-bfd-type@2020-09-24.yang

>>> transform /home/leoma/workspace/doc/ydk-yang-huawei-ne40-v8r22/huawei-mpls-te-bfd@2020-09-24.yang

>>> transform /home/leoma/workspace/doc/ydk-yang-huawei-ne40-v8r22/huawei-mpls-te-cr-static@2020-03-10.yang

>>> transform /home/leoma/workspace/doc/ydk-yang-huawei-ne40-v8r22/huawei-mpls-te-type@2020-09-23.yang

>>> transform /home/leoma/workspace/doc/ydk-yang-huawei-ne40-v8r22/huawei-mpls-te@2020-09-23.yang

>>> transform /home/leoma/workspace/doc/ydk-yang-huawei-ne40-v8r22/huawei-mpls-type@2020-03-17.yang

>>> transform /home/leoma/workspace/doc/ydk-yang-huawei-ne40-v8r22/huawei-mpls@2021-08-05.yang

>>> transform /home/leoma/workspace/doc/ydk-yang-huawei-ne40-v8r22/huawei-mplsoam-fwd-notif@2020-04-10.yang

>>> transform /home/leoma/workspace/doc/ydk-yang-huawei-ne40-v8r22/huawei-mplsoam@2019-04-18.yang

>>> transform /home/leoma/workspace/doc/ydk-yang-huawei-ne40-v8r22/huawei-mplstpoam-fwd-notif@2020-04-10.yang

>>> transform /home/leoma/workspace/doc/ydk-yang-huawei-ne40-v8r22/huawei-mplstpoam@2021-01-13.yang

>>> transform /home/leoma/workspace/doc/ydk-yang-huawei-ne40-v8r22/huawei-msdp@2021-03-04.yang

>>> transform /home/leoma/workspace/doc/ydk-yang-huawei-ne40-v8r22/huawei-mstp-notification@2019-07-08.yang

>>> transform /home/leoma/workspace/doc/ydk-yang-huawei-ne40-v8r22/huawei-mstp@2019-04-23.yang

>>> transform /home/leoma/workspace/doc/ydk-yang-huawei-ne40-v8r22/huawei-multicast-bas@2020-03-16.yang

>>> transform /home/leoma/workspace/doc/ydk-yang-huawei-ne40-v8r22/huawei-multicast-forward-ext@2020-03-06.yang

>>> transform /home/leoma/workspace/doc/ydk-yang-huawei-ne40-v8r22/huawei-multicast-forward@2020-06-12.yang

>>> transform /home/leoma/workspace/doc/ydk-yang-huawei-ne40-v8r22/huawei-multicast@2021-07-31.yang

>>> transform /home/leoma/workspace/doc/ydk-yang-huawei-ne40-v8r22/huawei-multicore@2020-04-08.yang

>>> transform /home/leoma/workspace/doc/ydk-yang-huawei-ne40-v8r22/huawei-mvpn-forward@2019-03-26.yang

>>> transform /home/leoma/workspace/doc/ydk-yang-huawei-ne40-v8r22/huawei-mvpn@2021-08-05.yang

>>> transform /home/leoma/workspace/doc/ydk-yang-huawei-ne40-v8r22/huawei-nd-notification@2020-05-28.yang

>>> transform /home/leoma/workspace/doc/ydk-yang-huawei-ne40-v8r22/huawei-nd@2020-03-05.yang

>>> transform /home/leoma/workspace/doc/ydk-yang-huawei-ne40-v8r22/huawei-net-slice@2021-09-24.yang

>>> transform /home/leoma/workspace/doc/ydk-yang-huawei-ne40-v8r22/huawei-netconf-client-notif@2021-04-02.yang

>>> transform /home/leoma/workspace/doc/ydk-yang-huawei-ne40-v8r22/huawei-netconf-metadata@2019-05-27.yang

>>> transform /home/leoma/workspace/doc/ydk-yang-huawei-ne40-v8r22/huawei-netconf-proxy@2019-09-15.yang

>>> transform /home/leoma/workspace/doc/ydk-yang-huawei-ne40-v8r22/huawei-netconf-sync-notif@2021-03-05.yang

>>> transform /home/leoma/workspace/doc/ydk-yang-huawei-ne40-v8r22/huawei-netconf-sync@2020-07-02.yang

>>> transform /home/leoma/workspace/doc/ydk-yang-huawei-ne40-v8r22/huawei-netconf@2020-02-22.yang

>>> transform /home/leoma/workspace/doc/ydk-yang-huawei-ne40-v8r22/huawei-netstream@2019-06-27.yang

>>> transform /home/leoma/workspace/doc/ydk-yang-huawei-ne40-v8r22/huawei-network-instance@2020-03-10.yang

>>> transform /home/leoma/workspace/doc/ydk-yang-huawei-ne40-v8r22/huawei-nqa-global@2020-07-04.yang

>>> transform /home/leoma/workspace/doc/ydk-yang-huawei-ne40-v8r22/huawei-nqa-instance@2021-04-29.yang

>>> transform /home/leoma/workspace/doc/ydk-yang-huawei-ne40-v8r22/huawei-nqa-record@2021-04-29.yang

>>> transform /home/leoma/workspace/doc/ydk-yang-huawei-ne40-v8r22/huawei-nqa-reflector@2021-04-29.yang

>>> transform /home/leoma/workspace/doc/ydk-yang-huawei-ne40-v8r22/huawei-nqa-server@2019-10-25.yang

>>> transform /home/leoma/workspace/doc/ydk-yang-huawei-ne40-v8r22/huawei-nqa-test-flow@2021-04-29.yang

>>> transform /home/leoma/workspace/doc/ydk-yang-huawei-ne40-v8r22/huawei-nqa-type@2021-04-29.yang

>>> transform /home/leoma/workspace/doc/ydk-yang-huawei-ne40-v8r22/huawei-nqa@2021-04-29.yang

>>> transform /home/leoma/workspace/doc/ydk-yang-huawei-ne40-v8r22/huawei-ntp-type@2019-04-13.yang

>>> transform /home/leoma/workspace/doc/ydk-yang-huawei-ne40-v8r22/huawei-ntp@2021-06-02.yang

>>> transform /home/leoma/workspace/doc/ydk-yang-huawei-ne40-v8r22/huawei-nvo3-statistics@2021-08-12.yang

>>> transform /home/leoma/workspace/doc/ydk-yang-huawei-ne40-v8r22/huawei-nvo3@2021-08-12.yang

>>> transform /home/leoma/workspace/doc/ydk-yang-huawei-ne40-v8r22/huawei-oam-bfd-interface@2021-03-19.yang

>>> transform /home/leoma/workspace/doc/ydk-yang-huawei-ne40-v8r22/huawei-oam-cfm-bfd@2020-09-18.yang

>>> transform /home/leoma/workspace/doc/ydk-yang-huawei-ne40-v8r22/huawei-oam-cfm-cfm@2020-09-18.yang

>>> transform /home/leoma/workspace/doc/ydk-yang-huawei-ne40-v8r22/huawei-oam-cfm-efm@2020-09-18.yang

>>> transform /home/leoma/workspace/doc/ydk-yang-huawei-ne40-v8r22/huawei-oam-cfm-evpn@2020-09-18.yang

>>> transform /home/leoma/workspace/doc/ydk-yang-huawei-ne40-v8r22/huawei-oam-cfm-interface@2020-09-18.yang

>>> transform /home/leoma/workspace/doc/ydk-yang-huawei-ne40-v8r22/huawei-oam-cfm-vrrp@2020-09-18.yang

>>> transform /home/leoma/workspace/doc/ydk-yang-huawei-ne40-v8r22/huawei-oam-efm-bfd@2020-09-18.yang

>>> transform /home/leoma/workspace/doc/ydk-yang-huawei-ne40-v8r22/huawei-oammgr@2020-09-18.yang

>>> transform /home/leoma/workspace/doc/ydk-yang-huawei-ne40-v8r22/huawei-openconfig-mpls-types-ext@2019-03-01.yang

>>> transform /home/leoma/workspace/doc/ydk-yang-huawei-ne40-v8r22/huawei-openconfig-telemetry-ext@2020-01-10.yang

>>> transform /home/leoma/workspace/doc/ydk-yang-huawei-ne40-v8r22/huawei-ops@2021-05-08.yang

>>> transform /home/leoma/workspace/doc/ydk-yang-huawei-ne40-v8r22/huawei-ospfv2-sr@2020-06-17.yang

>>> transform /home/leoma/workspace/doc/ydk-yang-huawei-ne40-v8r22/huawei-ospfv2-type@2020-03-13.yang

>>> transform /home/leoma/workspace/doc/ydk-yang-huawei-ne40-v8r22/huawei-ospfv2@2020-07-03.yang

>>> transform /home/leoma/workspace/doc/ydk-yang-huawei-ne40-v8r22/huawei-ospfv3-srv6@2019-12-24.yang

>>> transform /home/leoma/workspace/doc/ydk-yang-huawei-ne40-v8r22/huawei-ospfv3-type@2020-03-09.yang

>>> transform /home/leoma/workspace/doc/ydk-yang-huawei-ne40-v8r22/huawei-ospfv3@2020-06-17.yang

>>> transform /home/leoma/workspace/doc/ydk-yang-huawei-ne40-v8r22/huawei-patch@2021-03-24.yang

>>> transform /home/leoma/workspace/doc/ydk-yang-huawei-ne40-v8r22/huawei-pbr-l2vpn@2020-03-13.yang

>>> transform /home/leoma/workspace/doc/ydk-yang-huawei-ne40-v8r22/huawei-pbr-notification@2020-06-12.yang

>>> transform /home/leoma/workspace/doc/ydk-yang-huawei-ne40-v8r22/huawei-pbr@2021-02-05.yang

>>> transform /home/leoma/workspace/doc/ydk-yang-huawei-ne40-v8r22/huawei-pcc-notification@2021-05-26.yang

>>> transform /home/leoma/workspace/doc/ydk-yang-huawei-ne40-v8r22/huawei-pcc@2020-09-25.yang

>>> transform /home/leoma/workspace/doc/ydk-yang-huawei-ne40-v8r22/huawei-pcep@2020-07-10.yang

>>> transform /home/leoma/workspace/doc/ydk-yang-huawei-ne40-v8r22/huawei-pic-notification@2021-01-06.yang

>>> transform /home/leoma/workspace/doc/ydk-yang-huawei-ne40-v8r22/huawei-pic-remote@2019-04-01.yang

>>> transform /home/leoma/workspace/doc/ydk-yang-huawei-ne40-v8r22/huawei-pic@2019-04-01.yang

>>> transform /home/leoma/workspace/doc/ydk-yang-huawei-ne40-v8r22/huawei-pim-type@2020-03-16.yang

>>> transform /home/leoma/workspace/doc/ydk-yang-huawei-ne40-v8r22/huawei-pim@2021-07-29.yang

>>> transform /home/leoma/workspace/doc/ydk-yang-huawei-ne40-v8r22/huawei-pm@2019-12-16.yang

>>> transform /home/leoma/workspace/doc/ydk-yang-huawei-ne40-v8r22/huawei-port-group@2019-04-17.yang

>>> transform /home/leoma/workspace/doc/ydk-yang-huawei-ne40-v8r22/huawei-pp4@2020-03-06.yang

>>> transform /home/leoma/workspace/doc/ydk-yang-huawei-ne40-v8r22/huawei-pp6@2020-03-16.yang

>>> transform /home/leoma/workspace/doc/ydk-yang-huawei-ne40-v8r22/huawei-ppp-net@2019-04-11.yang

>>> transform /home/leoma/workspace/doc/ydk-yang-huawei-ne40-v8r22/huawei-pub-type@2021-08-11.yang

>>> transform /home/leoma/workspace/doc/ydk-yang-huawei-ne40-v8r22/huawei-qos-bd@2020-06-11.yang

>>> transform /home/leoma/workspace/doc/ydk-yang-huawei-ne40-v8r22/huawei-qos-board@2020-06-11.yang

>>> transform /home/leoma/workspace/doc/ydk-yang-huawei-ne40-v8r22/huawei-qos-bras@2020-03-03.yang

>>> transform /home/leoma/workspace/doc/ydk-yang-huawei-ne40-v8r22/huawei-qos-evpl@2020-02-27.yang

>>> transform /home/leoma/workspace/doc/ydk-yang-huawei-ne40-v8r22/huawei-qos-evpn@2020-02-27.yang

>>> transform /home/leoma/workspace/doc/ydk-yang-huawei-ne40-v8r22/huawei-qos-l2vpn@2020-02-27.yang

>>> transform /home/leoma/workspace/doc/ydk-yang-huawei-ne40-v8r22/huawei-qos-l3vpn@2020-02-27.yang

>>> transform /home/leoma/workspace/doc/ydk-yang-huawei-ne40-v8r22/huawei-qos-notification@2019-09-07.yang

>>> transform /home/leoma/workspace/doc/ydk-yang-huawei-ne40-v8r22/huawei-qos-nvo3@2020-03-14.yang

>>> transform /home/leoma/workspace/doc/ydk-yang-huawei-ne40-v8r22/huawei-qos-type@2020-05-27.yang

>>> transform /home/leoma/workspace/doc/ydk-yang-huawei-ne40-v8r22/huawei-qos@2020-06-11.yang

>>> transform /home/leoma/workspace/doc/ydk-yang-huawei-ne40-v8r22/huawei-qppb-notification@2019-11-06.yang

>>> transform /home/leoma/workspace/doc/ydk-yang-huawei-ne40-v8r22/huawei-qppb@2020-06-11.yang

>>> transform /home/leoma/workspace/doc/ydk-yang-huawei-ne40-v8r22/huawei-radius-type@2020-03-05.yang

>>> transform /home/leoma/workspace/doc/ydk-yang-huawei-ne40-v8r22/huawei-radius@2020-03-18.yang

>>> transform /home/leoma/workspace/doc/ydk-yang-huawei-ne40-v8r22/huawei-rgm@2019-11-28.yang

>>> transform /home/leoma/workspace/doc/ydk-yang-huawei-ne40-v8r22/huawei-rip-type@2020-03-13.yang

>>> transform /home/leoma/workspace/doc/ydk-yang-huawei-ne40-v8r22/huawei-rip@2020-06-17.yang

>>> transform /home/leoma/workspace/doc/ydk-yang-huawei-ne40-v8r22/huawei-ripng-type@2020-01-03.yang

>>> transform /home/leoma/workspace/doc/ydk-yang-huawei-ne40-v8r22/huawei-ripng@2021-01-11.yang

>>> transform /home/leoma/workspace/doc/ydk-yang-huawei-ne40-v8r22/huawei-route-monitor-group@2019-04-27.yang

>>> transform /home/leoma/workspace/doc/ydk-yang-huawei-ne40-v8r22/huawei-routing-notification@2021-02-21.yang

>>> transform /home/leoma/workspace/doc/ydk-yang-huawei-ne40-v8r22/huawei-routing-nqa@2020-04-20.yang

>>> transform /home/leoma/workspace/doc/ydk-yang-huawei-ne40-v8r22/huawei-routing-policy-acl@2019-04-27.yang

>>> transform /home/leoma/workspace/doc/ydk-yang-huawei-ne40-v8r22/huawei-routing-policy-ext@2019-04-27.yang

>>> transform /home/leoma/workspace/doc/ydk-yang-huawei-ne40-v8r22/huawei-routing-policy-type@2021-08-11.yang

>>> transform /home/leoma/workspace/doc/ydk-yang-huawei-ne40-v8r22/huawei-routing-policy@2021-08-11.yang

>>> transform /home/leoma/workspace/doc/ydk-yang-huawei-ne40-v8r22/huawei-routing-type@2019-04-27.yang

>>> transform /home/leoma/workspace/doc/ydk-yang-huawei-ne40-v8r22/huawei-routing@2021-08-11.yang

>>> transform /home/leoma/workspace/doc/ydk-yang-huawei-ne40-v8r22/huawei-rpki@2021-07-09.yang

>>> transform /home/leoma/workspace/doc/ydk-yang-huawei-ne40-v8r22/huawei-rsa@2019-06-01.yang

>>> transform /home/leoma/workspace/doc/ydk-yang-huawei-ne40-v8r22/huawei-rsvp-interface-type@2020-03-10.yang

>>> transform /home/leoma/workspace/doc/ydk-yang-huawei-ne40-v8r22/huawei-rsvp-interface@2020-07-11.yang

>>> transform /home/leoma/workspace/doc/ydk-yang-huawei-ne40-v8r22/huawei-said-frame@2020-03-10.yang

>>> transform /home/leoma/workspace/doc/ydk-yang-huawei-ne40-v8r22/huawei-segment-routing-type@2020-02-04.yang

>>> transform /home/leoma/workspace/doc/ydk-yang-huawei-ne40-v8r22/huawei-segment-routing@2021-05-17.yang

>>> transform /home/leoma/workspace/doc/ydk-yang-huawei-ne40-v8r22/huawei-sflow@2020-03-11.yang

>>> transform /home/leoma/workspace/doc/ydk-yang-huawei-ne40-v8r22/huawei-sm2@2019-05-01.yang

>>> transform /home/leoma/workspace/doc/ydk-yang-huawei-ne40-v8r22/huawei-snmp-type@2019-12-26.yang

>>> transform /home/leoma/workspace/doc/ydk-yang-huawei-ne40-v8r22/huawei-snmp@2020-04-13.yang

>>> transform /home/leoma/workspace/doc/ydk-yang-huawei-ne40-v8r22/huawei-soc-bras@2020-04-27.yang

>>> transform /home/leoma/workspace/doc/ydk-yang-huawei-ne40-v8r22/huawei-soc-notification@2020-08-24.yang

>>> transform /home/leoma/workspace/doc/ydk-yang-huawei-ne40-v8r22/huawei-soc@2020-05-08.yang

>>> transform /home/leoma/workspace/doc/ydk-yang-huawei-ne40-v8r22/huawei-socket@2020-12-15.yang

>>> transform /home/leoma/workspace/doc/ydk-yang-huawei-ne40-v8r22/huawei-software-notification@2020-06-23.yang

>>> transform /home/leoma/workspace/doc/ydk-yang-huawei-ne40-v8r22/huawei-software@2021-09-24.yang

>>> transform /home/leoma/workspace/doc/ydk-yang-huawei-ne40-v8r22/huawei-srpolicy-type@2020-09-14.yang

>>> transform /home/leoma/workspace/doc/ydk-yang-huawei-ne40-v8r22/huawei-srpolicy@2020-09-14.yang

>>> transform /home/leoma/workspace/doc/ydk-yang-huawei-ne40-v8r22/huawei-srv6-notification@2020-03-03.yang

>>> transform /home/leoma/workspace/doc/ydk-yang-huawei-ne40-v8r22/huawei-srv6-type@2021-04-27.yang

>>> transform /home/leoma/workspace/doc/ydk-yang-huawei-ne40-v8r22/huawei-srv6@2021-08-26.yang

>>> transform /home/leoma/workspace/doc/ydk-yang-huawei-ne40-v8r22/huawei-sshc@2020-07-02.yang

>>> transform /home/leoma/workspace/doc/ydk-yang-huawei-ne40-v8r22/huawei-sshs@2020-07-02.yang

>>> transform /home/leoma/workspace/doc/ydk-yang-huawei-ne40-v8r22/huawei-ssl@2020-07-02.yang

>>> transform /home/leoma/workspace/doc/ydk-yang-huawei-ne40-v8r22/huawei-syslog@2021-05-26.yang

>>> transform /home/leoma/workspace/doc/ydk-yang-huawei-ne40-v8r22/huawei-system-event-management@2020-05-08.yang

>>> transform /home/leoma/workspace/doc/ydk-yang-huawei-ne40-v8r22/huawei-system-notification@2021-09-17.yang

>>> transform /home/leoma/workspace/doc/ydk-yang-huawei-ne40-v8r22/huawei-system-resources-usage@2020-02-28.yang

>>> transform /home/leoma/workspace/doc/ydk-yang-huawei-ne40-v8r22/huawei-system@2020-03-02.yang

>>> transform /home/leoma/workspace/doc/ydk-yang-huawei-ne40-v8r22/huawei-te-flow-group-type@2021-05-20.yang

>>> transform /home/leoma/workspace/doc/ydk-yang-huawei-ne40-v8r22/huawei-te-flow-group@2021-05-20.yang

>>> transform /home/leoma/workspace/doc/ydk-yang-huawei-ne40-v8r22/huawei-te-interface-type@2020-03-10.yang

>>> transform /home/leoma/workspace/doc/ydk-yang-huawei-ne40-v8r22/huawei-te-interface@2020-08-10.yang

>>> transform /home/leoma/workspace/doc/ydk-yang-huawei-ne40-v8r22/huawei-te-type@2020-03-10.yang

>>> transform /home/leoma/workspace/doc/ydk-yang-huawei-ne40-v8r22/huawei-te@2020-04-02.yang

>>> transform /home/leoma/workspace/doc/ydk-yang-huawei-ne40-v8r22/huawei-telnetc@2019-05-02.yang

>>> transform /home/leoma/workspace/doc/ydk-yang-huawei-ne40-v8r22/huawei-telnets@2020-03-04.yang

>>> transform /home/leoma/workspace/doc/ydk-yang-huawei-ne40-v8r22/huawei-tftpc@2019-05-03.yang

>>> transform /home/leoma/workspace/doc/ydk-yang-huawei-ne40-v8r22/huawei-time-range@2019-05-23.yang

>>> transform /home/leoma/workspace/doc/ydk-yang-huawei-ne40-v8r22/huawei-tm-type@2019-04-10.yang

>>> transform /home/leoma/workspace/doc/ydk-yang-huawei-ne40-v8r22/huawei-tm@2019-04-10.yang

>>> transform /home/leoma/workspace/doc/ydk-yang-huawei-ne40-v8r22/huawei-tpm-remote-attestation@2020-09-01.yang

>>> transform /home/leoma/workspace/doc/ydk-yang-huawei-ne40-v8r22/huawei-trafficmng@2019-12-21.yang

>>> transform /home/leoma/workspace/doc/ydk-yang-huawei-ne40-v8r22/huawei-trustem@2021-05-08.yang

>>> transform /home/leoma/workspace/doc/ydk-yang-huawei-ne40-v8r22/huawei-tty@2020-03-02.yang

>>> transform /home/leoma/workspace/doc/ydk-yang-huawei-ne40-v8r22/huawei-tunnel-management-ext@2020-02-25.yang

>>> transform /home/leoma/workspace/doc/ydk-yang-huawei-ne40-v8r22/huawei-tunnel-management@2021-08-11.yang

>>> transform /home/leoma/workspace/doc/ydk-yang-huawei-ne40-v8r22/huawei-tunnel6@2020-05-09.yang

>>> transform /home/leoma/workspace/doc/ydk-yang-huawei-ne40-v8r22/huawei-twamp-controller-notif@2021-01-12.yang

>>> transform /home/leoma/workspace/doc/ydk-yang-huawei-ne40-v8r22/huawei-twamp-controller@2020-03-14.yang

>>> transform /home/leoma/workspace/doc/ydk-yang-huawei-ne40-v8r22/huawei-twamp-fwd-notification@2020-03-05.yang

>>> transform /home/leoma/workspace/doc/ydk-yang-huawei-ne40-v8r22/huawei-twamp-responder-notif@2021-02-01.yang

>>> transform /home/leoma/workspace/doc/ydk-yang-huawei-ne40-v8r22/huawei-twamp-responder@2020-03-14.yang

>>> transform /home/leoma/workspace/doc/ydk-yang-huawei-ne40-v8r22/huawei-twamp-statistics@2020-09-03.yang

>>> transform /home/leoma/workspace/doc/ydk-yang-huawei-ne40-v8r22/huawei-unicast-forward@2020-06-11.yang

>>> transform /home/leoma/workspace/doc/ydk-yang-huawei-ne40-v8r22/huawei-unicast-fwd-notification@2020-02-28.yang

>>> transform /home/leoma/workspace/doc/ydk-yang-huawei-ne40-v8r22/huawei-unicast-fwd-srv6@2021-04-17.yang

>>> transform /home/leoma/workspace/doc/ydk-yang-huawei-ne40-v8r22/huawei-vaccess-master@2020-07-11.yang

>>> transform /home/leoma/workspace/doc/ydk-yang-huawei-ne40-v8r22/huawei-vaccess-snmp@2020-04-20.yang

>>> transform /home/leoma/workspace/doc/ydk-yang-huawei-ne40-v8r22/huawei-vaccess-type@2020-03-24.yang

>>> transform /home/leoma/workspace/doc/ydk-yang-huawei-ne40-v8r22/huawei-vaccess@2020-03-24.yang

>>> transform /home/leoma/workspace/doc/ydk-yang-huawei-ne40-v8r22/huawei-vcluster@2020-07-11.yang

>>> transform /home/leoma/workspace/doc/ydk-yang-huawei-ne40-v8r22/huawei-virtual-system-if@2021-08-28.yang

>>> transform /home/leoma/workspace/doc/ydk-yang-huawei-ne40-v8r22/huawei-virtual-system@2021-07-26.yang

>>> transform /home/leoma/workspace/doc/ydk-yang-huawei-ne40-v8r22/huawei-vlan-fwd@2020-03-06.yang

>>> transform /home/leoma/workspace/doc/ydk-yang-huawei-ne40-v8r22/huawei-vlan@2021-08-12.yang

>>> transform /home/leoma/workspace/doc/ydk-yang-huawei-ne40-v8r22/huawei-vrrp@2020-02-15.yang

>>> transform /home/leoma/workspace/doc/ydk-yang-huawei-ne40-v8r22/huawei-vsm@2021-07-20.yang

>>> transform /home/leoma/workspace/doc/ydk-yang-huawei-ne40-v8r22/huawei-vty@2020-03-02.yang

>>> transform /home/leoma/workspace/doc/ydk-yang-huawei-ne40-v8r22/huawei-vxlan-path-detect@2020-06-20.yang

>>> transform /home/leoma/workspace/doc/ydk-yang-huawei-ne40-v8r22/huawei-warranty-notification@2020-05-14.yang

>>> transform /home/leoma/workspace/doc/ydk-yang-huawei-ne40-v8r22/huawei-warranty@2020-04-24.yang

>>> transform /home/leoma/workspace/doc/ydk-yang-huawei-ne40-v8r22/huawei-wdm@2019-07-20.yang

>>> transform /home/leoma/workspace/doc/ydk-yang-huawei-ne40-v8r22/huawei-xpl@2021-08-11.yang

>>> transform /home/leoma/workspace/doc/ydk-yang-huawei-ne40-v8r22/huawei-y1731-statistics@2020-03-05.yang

>>> transform /home/leoma/workspace/doc/ydk-yang-huawei-ne40-v8r22/huawei-y1731@2019-12-10.yang

>>> transform /home/leoma/workspace/doc/ydk-yang-huawei-ne40-v8r22/huawei-ztp@2019-09-29.yang

>>> transform /home/leoma/workspace/doc/ydk-yang-huawei-ne40-v8r22/iana-crypt-hash@2014-08-06.yang

>>> transform /home/leoma/workspace/doc/ydk-yang-huawei-ne40-v8r22/iana-hardware@2018-03-13.yang

>>> transform /home/leoma/workspace/doc/ydk-yang-huawei-ne40-v8r22/iana-if-type@2017-01-19.yang

>>> transform /home/leoma/workspace/doc/ydk-yang-huawei-ne40-v8r22/ietf-connectionless-oam-methods@2019-04-16.yang

>>> transform /home/leoma/workspace/doc/ydk-yang-huawei-ne40-v8r22/ietf-connectionless-oam@2019-04-16.yang

>>> transform /home/leoma/workspace/doc/ydk-yang-huawei-ne40-v8r22/ietf-datastores@2018-02-14.yang

>>> transform /home/leoma/workspace/doc/ydk-yang-huawei-ne40-v8r22/ietf-hardware@2018-03-13.yang

>>> transform /home/leoma/workspace/doc/ydk-yang-huawei-ne40-v8r22/ietf-inet-types@2013-07-15.yang

>>> transform /home/leoma/workspace/doc/ydk-yang-huawei-ne40-v8r22/ietf-interfaces@2018-02-20.yang

>>> transform /home/leoma/workspace/doc/ydk-yang-huawei-ne40-v8r22/ietf-ip@2018-02-22.yang

>>> transform /home/leoma/workspace/doc/ydk-yang-huawei-ne40-v8r22/ietf-ipv4-unicast-routing@2018-03-13.yang
Traceback (most recent call last):
  File "/usr/local/bin/pyang", line 520, in <module>
    run()
  File "/usr/local/bin/pyang", line 489, in run
    emit_obj.emit(ctx, modules, fd)
  File "/home/leoma/workspace/ext/git/EagleUmlCommon/YangJsonTools/swagger.py", line 103, in emit
    emit_swagger_spec(ctx, modules, fd, ctx.opts.path)
  File "/home/leoma/workspace/ext/git/EagleUmlCommon/YangJsonTools/swagger.py", line 180, in emit_swagger_spec
    genAugmentedStatements(ctx, augments, definitions, model['paths'])
  File "/home/leoma/workspace/ext/git/EagleUmlCommon/YangJsonTools/swagger.py", line 204, in genAugmentedStatements
    gen_apis(chs, path, copy.deepcopy(apis), new_definitions)
  File "/home/leoma/workspace/ext/git/EagleUmlCommon/YangJsonTools/swagger.py", line 439, in gen_apis
    gen_api_node(child, path, apis, definitions, config)
  File "/home/leoma/workspace/ext/git/EagleUmlCommon/YangJsonTools/swagger.py", line 578, in gen_api_node
    gen_apis(node.i_children, path, apis, definitions, config)
  File "/home/leoma/workspace/ext/git/EagleUmlCommon/YangJsonTools/swagger.py", line 439, in gen_apis
    gen_api_node(child, path, apis, definitions, config)
  File "/home/leoma/workspace/ext/git/EagleUmlCommon/YangJsonTools/swagger.py", line 578, in gen_api_node
    gen_apis(node.i_children, path, apis, definitions, config)
  File "/home/leoma/workspace/ext/git/EagleUmlCommon/YangJsonTools/swagger.py", line 439, in gen_apis
    gen_api_node(child, path, apis, definitions, config)
  File "/home/leoma/workspace/ext/git/EagleUmlCommon/YangJsonTools/swagger.py", line 578, in gen_api_node
    gen_apis(node.i_children, path, apis, definitions, config)
  File "/home/leoma/workspace/ext/git/EagleUmlCommon/YangJsonTools/swagger.py", line 439, in gen_apis
    gen_api_node(child, path, apis, definitions, config)
  File "/home/leoma/workspace/ext/git/EagleUmlCommon/YangJsonTools/swagger.py", line 578, in gen_api_node
    gen_apis(node.i_children, path, apis, definitions, config)
  File "/home/leoma/workspace/ext/git/EagleUmlCommon/YangJsonTools/swagger.py", line 439, in gen_apis
    gen_api_node(child, path, apis, definitions, config)
  File "/home/leoma/workspace/ext/git/EagleUmlCommon/YangJsonTools/swagger.py", line 578, in gen_api_node
    gen_apis(node.i_children, path, apis, definitions, config)
  File "/home/leoma/workspace/ext/git/EagleUmlCommon/YangJsonTools/swagger.py", line 439, in gen_apis
    gen_api_node(child, path, apis, definitions, config)
  File "/home/leoma/workspace/ext/git/EagleUmlCommon/YangJsonTools/swagger.py", line 578, in gen_api_node
    gen_apis(node.i_children, path, apis, definitions, config)
  File "/home/leoma/workspace/ext/git/EagleUmlCommon/YangJsonTools/swagger.py", line 439, in gen_apis
    gen_api_node(child, path, apis, definitions, config)
  File "/home/leoma/workspace/ext/git/EagleUmlCommon/YangJsonTools/swagger.py", line 578, in gen_api_node
    gen_apis(node.i_children, path, apis, definitions, config)
  File "/home/leoma/workspace/ext/git/EagleUmlCommon/YangJsonTools/swagger.py", line 439, in gen_apis
    gen_api_node(child, path, apis, definitions, config)
  File "/home/leoma/workspace/ext/git/EagleUmlCommon/YangJsonTools/swagger.py", line 578, in gen_api_node
    gen_apis(node.i_children, path, apis, definitions, config)
  File "/home/leoma/workspace/ext/git/EagleUmlCommon/YangJsonTools/swagger.py", line 439, in gen_apis
    gen_api_node(child, path, apis, definitions, config)
  File "/home/leoma/workspace/ext/git/EagleUmlCommon/YangJsonTools/swagger.py", line 578, in gen_api_node
    gen_apis(node.i_children, path, apis, definitions, config)
  File "/home/leoma/workspace/ext/git/EagleUmlCommon/YangJsonTools/swagger.py", line 439, in gen_apis
    gen_api_node(child, path, apis, definitions, config)
  File "/home/leoma/workspace/ext/git/EagleUmlCommon/YangJsonTools/swagger.py", line 578, in gen_api_node
    gen_apis(node.i_children, path, apis, definitions, config)
  File "/home/leoma/workspace/ext/git/EagleUmlCommon/YangJsonTools/swagger.py", line 439, in gen_apis
    gen_api_node(child, path, apis, definitions, config)
  File "/home/leoma/workspace/ext/git/EagleUmlCommon/YangJsonTools/swagger.py", line 470, in gen_api_node
    raise Exception('Invalid list statement, key parameter is required')
Exception: Invalid list statement, key parameter is required

>>> transform /home/leoma/workspace/doc/ydk-yang-huawei-ne40-v8r22/ietf-lime-time-types@2019-04-16.yang

>>> transform /home/leoma/workspace/doc/ydk-yang-huawei-ne40-v8r22/ietf-netconf-acm@2018-02-14.yang

>>> transform /home/leoma/workspace/doc/ydk-yang-huawei-ne40-v8r22/ietf-netconf-monitoring@2010-10-04.yang

>>> transform /home/leoma/workspace/doc/ydk-yang-huawei-ne40-v8r22/ietf-netconf-nmda@2019-01-07.yang

>>> transform /home/leoma/workspace/doc/ydk-yang-huawei-ne40-v8r22/ietf-netconf-notifications@2012-02-06.yang

>>> transform /home/leoma/workspace/doc/ydk-yang-huawei-ne40-v8r22/ietf-netconf-with-defaults@2011-06-01.yang

>>> transform /home/leoma/workspace/doc/ydk-yang-huawei-ne40-v8r22/ietf-netconf@2011-06-01.yang

>>> transform /home/leoma/workspace/doc/ydk-yang-huawei-ne40-v8r22/ietf-network-instance@2019-01-21.yang

>>> transform /home/leoma/workspace/doc/ydk-yang-huawei-ne40-v8r22/ietf-network@2018-02-26.yang

>>> transform /home/leoma/workspace/doc/ydk-yang-huawei-ne40-v8r22/ietf-origin@2018-02-14.yang

>>> transform /home/leoma/workspace/doc/ydk-yang-huawei-ne40-v8r22/ietf-routing-types@2017-12-04.yang

>>> transform /home/leoma/workspace/doc/ydk-yang-huawei-ne40-v8r22/ietf-routing@2018-03-13.yang
Traceback (most recent call last):
  File "/usr/local/bin/pyang", line 520, in <module>
    run()
  File "/usr/local/bin/pyang", line 489, in run
    emit_obj.emit(ctx, modules, fd)
  File "/home/leoma/workspace/ext/git/EagleUmlCommon/YangJsonTools/swagger.py", line 103, in emit
    emit_swagger_spec(ctx, modules, fd, ctx.opts.path)
  File "/home/leoma/workspace/ext/git/EagleUmlCommon/YangJsonTools/swagger.py", line 183, in emit_swagger_spec
    gen_apis(chs, path, model['paths'], definitions)
  File "/home/leoma/workspace/ext/git/EagleUmlCommon/YangJsonTools/swagger.py", line 439, in gen_apis
    gen_api_node(child, path, apis, definitions, config)
  File "/home/leoma/workspace/ext/git/EagleUmlCommon/YangJsonTools/swagger.py", line 578, in gen_api_node
    gen_apis(node.i_children, path, apis, definitions, config)
  File "/home/leoma/workspace/ext/git/EagleUmlCommon/YangJsonTools/swagger.py", line 439, in gen_apis
    gen_api_node(child, path, apis, definitions, config)
  File "/home/leoma/workspace/ext/git/EagleUmlCommon/YangJsonTools/swagger.py", line 578, in gen_api_node
    gen_apis(node.i_children, path, apis, definitions, config)
  File "/home/leoma/workspace/ext/git/EagleUmlCommon/YangJsonTools/swagger.py", line 439, in gen_apis
    gen_api_node(child, path, apis, definitions, config)
  File "/home/leoma/workspace/ext/git/EagleUmlCommon/YangJsonTools/swagger.py", line 578, in gen_api_node
    gen_apis(node.i_children, path, apis, definitions, config)
  File "/home/leoma/workspace/ext/git/EagleUmlCommon/YangJsonTools/swagger.py", line 439, in gen_apis
    gen_api_node(child, path, apis, definitions, config)
  File "/home/leoma/workspace/ext/git/EagleUmlCommon/YangJsonTools/swagger.py", line 578, in gen_api_node
    gen_apis(node.i_children, path, apis, definitions, config)
  File "/home/leoma/workspace/ext/git/EagleUmlCommon/YangJsonTools/swagger.py", line 439, in gen_apis
    gen_api_node(child, path, apis, definitions, config)
  File "/home/leoma/workspace/ext/git/EagleUmlCommon/YangJsonTools/swagger.py", line 578, in gen_api_node
    gen_apis(node.i_children, path, apis, definitions, config)
  File "/home/leoma/workspace/ext/git/EagleUmlCommon/YangJsonTools/swagger.py", line 439, in gen_apis
    gen_api_node(child, path, apis, definitions, config)
  File "/home/leoma/workspace/ext/git/EagleUmlCommon/YangJsonTools/swagger.py", line 578, in gen_api_node
    gen_apis(node.i_children, path, apis, definitions, config)
  File "/home/leoma/workspace/ext/git/EagleUmlCommon/YangJsonTools/swagger.py", line 439, in gen_apis
    gen_api_node(child, path, apis, definitions, config)
  File "/home/leoma/workspace/ext/git/EagleUmlCommon/YangJsonTools/swagger.py", line 578, in gen_api_node
    gen_apis(node.i_children, path, apis, definitions, config)
  File "/home/leoma/workspace/ext/git/EagleUmlCommon/YangJsonTools/swagger.py", line 439, in gen_apis
    gen_api_node(child, path, apis, definitions, config)
  File "/home/leoma/workspace/ext/git/EagleUmlCommon/YangJsonTools/swagger.py", line 578, in gen_api_node
    gen_apis(node.i_children, path, apis, definitions, config)
  File "/home/leoma/workspace/ext/git/EagleUmlCommon/YangJsonTools/swagger.py", line 439, in gen_apis
    gen_api_node(child, path, apis, definitions, config)
  File "/home/leoma/workspace/ext/git/EagleUmlCommon/YangJsonTools/swagger.py", line 578, in gen_api_node
    gen_apis(node.i_children, path, apis, definitions, config)
  File "/home/leoma/workspace/ext/git/EagleUmlCommon/YangJsonTools/swagger.py", line 439, in gen_apis
    gen_api_node(child, path, apis, definitions, config)
  File "/home/leoma/workspace/ext/git/EagleUmlCommon/YangJsonTools/swagger.py", line 578, in gen_api_node
    gen_apis(node.i_children, path, apis, definitions, config)
  File "/home/leoma/workspace/ext/git/EagleUmlCommon/YangJsonTools/swagger.py", line 439, in gen_apis
    gen_api_node(child, path, apis, definitions, config)
  File "/home/leoma/workspace/ext/git/EagleUmlCommon/YangJsonTools/swagger.py", line 470, in gen_api_node
    raise Exception('Invalid list statement, key parameter is required')
Exception: Invalid list statement, key parameter is required

>>> transform /home/leoma/workspace/doc/ydk-yang-huawei-ne40-v8r22/ietf-snmp-common@2014-12-10.yang

>>> transform /home/leoma/workspace/doc/ydk-yang-huawei-ne40-v8r22/ietf-snmp-community@2014-12-10.yang

>>> transform /home/leoma/workspace/doc/ydk-yang-huawei-ne40-v8r22/ietf-snmp-engine@2014-12-10.yang

>>> transform /home/leoma/workspace/doc/ydk-yang-huawei-ne40-v8r22/ietf-snmp-notification@2014-12-10.yang

>>> transform /home/leoma/workspace/doc/ydk-yang-huawei-ne40-v8r22/ietf-snmp-proxy@2014-12-10.yang

>>> transform /home/leoma/workspace/doc/ydk-yang-huawei-ne40-v8r22/ietf-snmp-ssh@2014-12-10.yang

>>> transform /home/leoma/workspace/doc/ydk-yang-huawei-ne40-v8r22/ietf-snmp-target@2014-12-10.yang

>>> transform /home/leoma/workspace/doc/ydk-yang-huawei-ne40-v8r22/ietf-snmp-tls@2014-12-10.yang

>>> transform /home/leoma/workspace/doc/ydk-yang-huawei-ne40-v8r22/ietf-snmp-tsm@2014-12-10.yang

>>> transform /home/leoma/workspace/doc/ydk-yang-huawei-ne40-v8r22/ietf-snmp-usm@2014-12-10.yang

>>> transform /home/leoma/workspace/doc/ydk-yang-huawei-ne40-v8r22/ietf-snmp-vacm@2014-12-10.yang

>>> transform /home/leoma/workspace/doc/ydk-yang-huawei-ne40-v8r22/ietf-snmp@2014-12-10.yang

>>> transform /home/leoma/workspace/doc/ydk-yang-huawei-ne40-v8r22/ietf-system@2014-08-06.yang

>>> transform /home/leoma/workspace/doc/ydk-yang-huawei-ne40-v8r22/ietf-x509-cert-to-name@2014-12-10.yang

>>> transform /home/leoma/workspace/doc/ydk-yang-huawei-ne40-v8r22/ietf-yang-library@2016-06-21.yang

>>> transform /home/leoma/workspace/doc/ydk-yang-huawei-ne40-v8r22/ietf-yang-metadata@2016-03-21.yang

>>> transform /home/leoma/workspace/doc/ydk-yang-huawei-ne40-v8r22/ietf-yang-schema-mount@2019-01-14.yang

>>> transform /home/leoma/workspace/doc/ydk-yang-huawei-ne40-v8r22/ietf-yang-types@2013-07-15.yang

>>> transform /home/leoma/workspace/doc/ydk-yang-huawei-ne40-v8r22/nc-notifications@2008-07-14.yang

>>> transform /home/leoma/workspace/doc/ydk-yang-huawei-ne40-v8r22/notifications@2008-07-14.yang

>>> transform /home/leoma/workspace/doc/ydk-yang-huawei-ne40-v8r22/openconfig-aaa-radius@2017-09-18.yang

>>> transform /home/leoma/workspace/doc/ydk-yang-huawei-ne40-v8r22/openconfig-aaa-tacacs@2017-09-18.yang

>>> transform /home/leoma/workspace/doc/ydk-yang-huawei-ne40-v8r22/openconfig-aaa-types@2017-09-18.yang

>>> transform /home/leoma/workspace/doc/ydk-yang-huawei-ne40-v8r22/openconfig-aaa@2017-09-18.yang

>>> transform /home/leoma/workspace/doc/ydk-yang-huawei-ne40-v8r22/openconfig-acl@2017-05-26.yang

>>> transform /home/leoma/workspace/doc/ydk-yang-huawei-ne40-v8r22/openconfig-aft-common@2019-08-02.yang

>>> transform /home/leoma/workspace/doc/ydk-yang-huawei-ne40-v8r22/openconfig-aft-ethernet@2019-08-02.yang

>>> transform /home/leoma/workspace/doc/ydk-yang-huawei-ne40-v8r22/openconfig-aft-ipv4@2019-08-02.yang

>>> transform /home/leoma/workspace/doc/ydk-yang-huawei-ne40-v8r22/openconfig-aft-ipv6@2019-08-02.yang

>>> transform /home/leoma/workspace/doc/ydk-yang-huawei-ne40-v8r22/openconfig-aft-mpls@2019-08-02.yang

>>> transform /home/leoma/workspace/doc/ydk-yang-huawei-ne40-v8r22/openconfig-aft-pf@2019-08-02.yang

>>> transform /home/leoma/workspace/doc/ydk-yang-huawei-ne40-v8r22/openconfig-aft-types@2019-08-01.yang

>>> transform /home/leoma/workspace/doc/ydk-yang-huawei-ne40-v8r22/openconfig-aft@2019-08-02.yang

>>> transform /home/leoma/workspace/doc/ydk-yang-huawei-ne40-v8r22/openconfig-alarm-types@2018-01-16.yang

>>> transform /home/leoma/workspace/doc/ydk-yang-huawei-ne40-v8r22/openconfig-alarms@2018-01-16.yang

>>> transform /home/leoma/workspace/doc/ydk-yang-huawei-ne40-v8r22/openconfig-bgp-common-multiprotocol@2019-07-10.yang

>>> transform /home/leoma/workspace/doc/ydk-yang-huawei-ne40-v8r22/openconfig-bgp-common-structure@2019-07-10.yang

>>> transform /home/leoma/workspace/doc/ydk-yang-huawei-ne40-v8r22/openconfig-bgp-common@2019-07-10.yang

>>> transform /home/leoma/workspace/doc/ydk-yang-huawei-ne40-v8r22/openconfig-bgp-errors@2018-11-21.yang

>>> transform /home/leoma/workspace/doc/ydk-yang-huawei-ne40-v8r22/openconfig-bgp-global@2019-07-10.yang

>>> transform /home/leoma/workspace/doc/ydk-yang-huawei-ne40-v8r22/openconfig-bgp-neighbor@2019-07-10.yang

>>> transform /home/leoma/workspace/doc/ydk-yang-huawei-ne40-v8r22/openconfig-bgp-peer-group@2019-07-10.yang

>>> transform /home/leoma/workspace/doc/ydk-yang-huawei-ne40-v8r22/openconfig-bgp-policy@2019-02-01.yang
/home/leoma/workspace/doc/ydk-yang-huawei-ne40-v8r22/openconfig-bgp-policy@2019-02-01.yang:1149 (at /home/leoma/workspace/doc/ydk-yang-huawei-ne40-v8r22/openconfig-bgp-policy@2019-02-01.yang:770): warning: node "openconfig-bgp-policy::INLINE" is not found in "openconfig-bgp-policy::inline"
/home/leoma/workspace/doc/ydk-yang-huawei-ne40-v8r22/openconfig-bgp-policy@2019-02-01.yang:1149 (at /home/leoma/workspace/doc/ydk-yang-huawei-ne40-v8r22/openconfig-bgp-policy@2019-02-01.yang:829): warning: node "openconfig-bgp-policy::REFERENCE" is not found in "openconfig-bgp-policy::reference"
/home/leoma/workspace/doc/ydk-yang-huawei-ne40-v8r22/openconfig-bgp-policy@2019-02-01.yang:1149 (at /home/leoma/workspace/doc/ydk-yang-huawei-ne40-v8r22/openconfig-bgp-policy@2019-02-01.yang:933): warning: node "openconfig-bgp-policy::INLINE" is not found in "openconfig-bgp-policy::inline"
/home/leoma/workspace/doc/ydk-yang-huawei-ne40-v8r22/openconfig-bgp-policy@2019-02-01.yang:1149 (at /home/leoma/workspace/doc/ydk-yang-huawei-ne40-v8r22/openconfig-bgp-policy@2019-02-01.yang:994): warning: node "openconfig-bgp-policy::REFERENCE" is not found in "openconfig-bgp-policy::reference"

>>> transform /home/leoma/workspace/doc/ydk-yang-huawei-ne40-v8r22/openconfig-bgp-types@2018-11-21.yang

>>> transform /home/leoma/workspace/doc/ydk-yang-huawei-ne40-v8r22/openconfig-bgp@2019-07-10.yang

>>> transform /home/leoma/workspace/doc/ydk-yang-huawei-ne40-v8r22/openconfig-extensions@2018-10-17.yang

>>> transform /home/leoma/workspace/doc/ydk-yang-huawei-ne40-v8r22/openconfig-if-aggregate@2020-05-01.yang

>>> transform /home/leoma/workspace/doc/ydk-yang-huawei-ne40-v8r22/openconfig-if-ethernet@2020-05-06.yang

>>> transform /home/leoma/workspace/doc/ydk-yang-huawei-ne40-v8r22/openconfig-if-ip@2018-01-05.yang
Traceback (most recent call last):
  File "/usr/local/bin/pyang", line 520, in <module>
    run()
  File "/usr/local/bin/pyang", line 489, in run
    emit_obj.emit(ctx, modules, fd)
  File "/home/leoma/workspace/ext/git/EagleUmlCommon/YangJsonTools/swagger.py", line 103, in emit
    emit_swagger_spec(ctx, modules, fd, ctx.opts.path)
  File "/home/leoma/workspace/ext/git/EagleUmlCommon/YangJsonTools/swagger.py", line 180, in emit_swagger_spec
    genAugmentedStatements(ctx, augments, definitions, model['paths'])
  File "/home/leoma/workspace/ext/git/EagleUmlCommon/YangJsonTools/swagger.py", line 197, in genAugmentedStatements
    genAugmentedStatements(ctx, parent_augments, new_definitions, apis)
  File "/home/leoma/workspace/ext/git/EagleUmlCommon/YangJsonTools/swagger.py", line 197, in genAugmentedStatements
    genAugmentedStatements(ctx, parent_augments, new_definitions, apis)
  File "/home/leoma/workspace/ext/git/EagleUmlCommon/YangJsonTools/swagger.py", line 197, in genAugmentedStatements
    genAugmentedStatements(ctx, parent_augments, new_definitions, apis)
  [Previous line repeated 966 more times]
  File "/home/leoma/workspace/ext/git/EagleUmlCommon/YangJsonTools/swagger.py", line 204, in genAugmentedStatements
    gen_apis(chs, path, copy.deepcopy(apis), new_definitions)
  File "/home/leoma/workspace/ext/git/EagleUmlCommon/YangJsonTools/swagger.py", line 439, in gen_apis
    gen_api_node(child, path, apis, definitions, config)
  File "/home/leoma/workspace/ext/git/EagleUmlCommon/YangJsonTools/swagger.py", line 578, in gen_api_node
    gen_apis(node.i_children, path, apis, definitions, config)
  File "/home/leoma/workspace/ext/git/EagleUmlCommon/YangJsonTools/swagger.py", line 439, in gen_apis
    gen_api_node(child, path, apis, definitions, config)
  File "/home/leoma/workspace/ext/git/EagleUmlCommon/YangJsonTools/swagger.py", line 578, in gen_api_node
    gen_apis(node.i_children, path, apis, definitions, config)
  File "/home/leoma/workspace/ext/git/EagleUmlCommon/YangJsonTools/swagger.py", line 439, in gen_apis
    gen_api_node(child, path, apis, definitions, config)
  File "/home/leoma/workspace/ext/git/EagleUmlCommon/YangJsonTools/swagger.py", line 578, in gen_api_node
    gen_apis(node.i_children, path, apis, definitions, config)
  File "/home/leoma/workspace/ext/git/EagleUmlCommon/YangJsonTools/swagger.py", line 439, in gen_apis
    gen_api_node(child, path, apis, definitions, config)
  File "/home/leoma/workspace/ext/git/EagleUmlCommon/YangJsonTools/swagger.py", line 578, in gen_api_node
    gen_apis(node.i_children, path, apis, definitions, config)
  File "/home/leoma/workspace/ext/git/EagleUmlCommon/YangJsonTools/swagger.py", line 439, in gen_apis
    gen_api_node(child, path, apis, definitions, config)
  File "/home/leoma/workspace/ext/git/EagleUmlCommon/YangJsonTools/swagger.py", line 578, in gen_api_node
    gen_apis(node.i_children, path, apis, definitions, config)
  File "/home/leoma/workspace/ext/git/EagleUmlCommon/YangJsonTools/swagger.py", line 439, in gen_apis
    gen_api_node(child, path, apis, definitions, config)
  File "/home/leoma/workspace/ext/git/EagleUmlCommon/YangJsonTools/swagger.py", line 578, in gen_api_node
    gen_apis(node.i_children, path, apis, definitions, config)
  File "/home/leoma/workspace/ext/git/EagleUmlCommon/YangJsonTools/swagger.py", line 439, in gen_apis
    gen_api_node(child, path, apis, definitions, config)
  File "/home/leoma/workspace/ext/git/EagleUmlCommon/YangJsonTools/swagger.py", line 578, in gen_api_node
    gen_apis(node.i_children, path, apis, definitions, config)
  File "/home/leoma/workspace/ext/git/EagleUmlCommon/YangJsonTools/swagger.py", line 439, in gen_apis
    gen_api_node(child, path, apis, definitions, config)
  File "/home/leoma/workspace/ext/git/EagleUmlCommon/YangJsonTools/swagger.py", line 578, in gen_api_node
    gen_apis(node.i_children, path, apis, definitions, config)
  File "/home/leoma/workspace/ext/git/EagleUmlCommon/YangJsonTools/swagger.py", line 439, in gen_apis
    gen_api_node(child, path, apis, definitions, config)
  File "/home/leoma/workspace/ext/git/EagleUmlCommon/YangJsonTools/swagger.py", line 578, in gen_api_node
    gen_apis(node.i_children, path, apis, definitions, config)
  File "/home/leoma/workspace/ext/git/EagleUmlCommon/YangJsonTools/swagger.py", line 439, in gen_apis
    gen_api_node(child, path, apis, definitions, config)
  File "/home/leoma/workspace/ext/git/EagleUmlCommon/YangJsonTools/swagger.py", line 578, in gen_api_node
    gen_apis(node.i_children, path, apis, definitions, config)
  File "/home/leoma/workspace/ext/git/EagleUmlCommon/YangJsonTools/swagger.py", line 439, in gen_apis
    gen_api_node(child, path, apis, definitions, config)
  File "/home/leoma/workspace/ext/git/EagleUmlCommon/YangJsonTools/swagger.py", line 528, in gen_api_node
    apis['/config'+str(path).replace(" ", "_")] = print_api(node, config, schema, path.replace(" ", "_"))
  File "/home/leoma/workspace/ext/git/EagleUmlCommon/YangJsonTools/swagger.py", line 623, in print_api
    operations['post'] = generate_create(node, ref, path)
  File "/home/leoma/workspace/ext/git/EagleUmlCommon/YangJsonTools/swagger.py", line 656, in generate_create
    generate_api_header(stmt, post, 'Create', path)
  File "/home/leoma/workspace/ext/git/EagleUmlCommon/YangJsonTools/swagger.py", line 784, in generate_api_header
    parentContainer = [to_upper_camelcase(element) for i,element in enumerate(str(path).split('/')[1:-1])
  File "/home/leoma/workspace/ext/git/EagleUmlCommon/YangJsonTools/swagger.py", line 785, in <listcomp>
    if str(element)[0] =='{' and str(element)[-1] == '}' ]
RecursionError: maximum recursion depth exceeded while calling a Python object

>>> transform /home/leoma/workspace/doc/ydk-yang-huawei-ne40-v8r22/openconfig-if-tunnel@2018-11-21.yang

>>> transform /home/leoma/workspace/doc/ydk-yang-huawei-ne40-v8r22/openconfig-if-types@2018-01-05.yang

>>> transform /home/leoma/workspace/doc/ydk-yang-huawei-ne40-v8r22/openconfig-igmp-types@2018-11-21.yang

>>> transform /home/leoma/workspace/doc/ydk-yang-huawei-ne40-v8r22/openconfig-igmp@2019-07-09.yang

>>> transform /home/leoma/workspace/doc/ydk-yang-huawei-ne40-v8r22/openconfig-inet-types@2019-04-25.yang

>>> transform /home/leoma/workspace/doc/ydk-yang-huawei-ne40-v8r22/openconfig-interfaces@2018-01-05.yang

>>> transform /home/leoma/workspace/doc/ydk-yang-huawei-ne40-v8r22/openconfig-isis-lsdb-types@2018-11-21.yang

>>> transform /home/leoma/workspace/doc/ydk-yang-huawei-ne40-v8r22/openconfig-isis-lsp@2018-11-21.yang

>>> transform /home/leoma/workspace/doc/ydk-yang-huawei-ne40-v8r22/openconfig-isis-routing@2018-11-21.yang

>>> transform /home/leoma/workspace/doc/ydk-yang-huawei-ne40-v8r22/openconfig-isis-types@2018-11-21.yang

>>> transform /home/leoma/workspace/doc/ydk-yang-huawei-ne40-v8r22/openconfig-isis@2018-11-21.yang

>>> transform /home/leoma/workspace/doc/ydk-yang-huawei-ne40-v8r22/openconfig-lacp@2017-05-05.yang

>>> transform /home/leoma/workspace/doc/ydk-yang-huawei-ne40-v8r22/openconfig-lldp-types@2016-05-16.yang

>>> transform /home/leoma/workspace/doc/ydk-yang-huawei-ne40-v8r22/openconfig-lldp@2018-11-21.yang

>>> transform /home/leoma/workspace/doc/ydk-yang-huawei-ne40-v8r22/openconfig-local-routing@2018-11-21.yang

>>> transform /home/leoma/workspace/doc/ydk-yang-huawei-ne40-v8r22/openconfig-mpls-igp@2018-11-21.yang

>>> transform /home/leoma/workspace/doc/ydk-yang-huawei-ne40-v8r22/openconfig-mpls-ldp@2019-07-09.yang

>>> transform /home/leoma/workspace/doc/ydk-yang-huawei-ne40-v8r22/openconfig-mpls-rsvp@2018-11-21.yang

>>> transform /home/leoma/workspace/doc/ydk-yang-huawei-ne40-v8r22/openconfig-mpls-sr@2018-11-21.yang

>>> transform /home/leoma/workspace/doc/ydk-yang-huawei-ne40-v8r22/openconfig-mpls-static@2018-11-21.yang

>>> transform /home/leoma/workspace/doc/ydk-yang-huawei-ne40-v8r22/openconfig-mpls-te@2018-11-21.yang

>>> transform /home/leoma/workspace/doc/ydk-yang-huawei-ne40-v8r22/openconfig-mpls-types@2019-03-26.yang

>>> transform /home/leoma/workspace/doc/ydk-yang-huawei-ne40-v8r22/openconfig-mpls@2019-03-26.yang

>>> transform /home/leoma/workspace/doc/ydk-yang-huawei-ne40-v8r22/openconfig-network-instance-l2@2019-04-16.yang

>>> transform /home/leoma/workspace/doc/ydk-yang-huawei-ne40-v8r22/openconfig-network-instance-l3@2018-11-21.yang

>>> transform /home/leoma/workspace/doc/ydk-yang-huawei-ne40-v8r22/openconfig-network-instance-types@2018-11-21.yang

>>> transform /home/leoma/workspace/doc/ydk-yang-huawei-ne40-v8r22/openconfig-network-instance@2019-06-11.yang
/home/leoma/workspace/doc/ydk-yang-huawei-ne40-v8r22/openconfig-network-instance@2019-06-11.yang:1165 (at /home/leoma/workspace/doc/ydk-yang-huawei-ne40-v8r22/openconfig-network-instance@2019-06-11.yang:269): warning: node "openconfig-network-instance::config" is not found in "openconfig-network-instance::network-instances"
/home/leoma/workspace/doc/ydk-yang-huawei-ne40-v8r22/openconfig-network-instance@2019-06-11.yang:1165 (at /home/leoma/workspace/doc/ydk-yang-huawei-ne40-v8r22/openconfig-network-instance@2019-06-11.yang:287): warning: node "openconfig-network-instance::config" is not found in "openconfig-network-instance::network-instances"
/home/leoma/workspace/doc/ydk-yang-huawei-ne40-v8r22/openconfig-network-instance@2019-06-11.yang:1165 (at /home/leoma/workspace/doc/ydk-yang-huawei-ne40-v8r22/openconfig-network-instance@2019-06-11.yang:407): warning: node "openconfig-network-instance::config" is not found in "openconfig-network-instance::network-instances"
/home/leoma/workspace/doc/ydk-yang-huawei-ne40-v8r22/openconfig-network-instance@2019-06-11.yang:1165 (at /home/leoma/workspace/doc/ydk-yang-huawei-ne40-v8r22/openconfig-network-instance@2019-06-11.yang:697): warning: node "openconfig-network-instance::config" is not found in "openconfig-network-instance::protocols"
/home/leoma/workspace/doc/ydk-yang-huawei-ne40-v8r22/openconfig-network-instance@2019-06-11.yang:1165 (at /home/leoma/workspace/doc/ydk-yang-huawei-ne40-v8r22/openconfig-network-instance@2019-06-11.yang:708): warning: node "openconfig-network-instance::config" is not found in "openconfig-network-instance::protocols"
/home/leoma/workspace/doc/ydk-yang-huawei-ne40-v8r22/openconfig-network-instance@2019-06-11.yang:1165 (at /home/leoma/workspace/doc/ydk-yang-huawei-ne40-v8r22/openconfig-network-instance@2019-06-11.yang:719): warning: node "openconfig-network-instance::config" is not found in "openconfig-network-instance::protocols"
/home/leoma/workspace/doc/ydk-yang-huawei-ne40-v8r22/openconfig-network-instance@2019-06-11.yang:1165 (at /home/leoma/workspace/doc/ydk-yang-huawei-ne40-v8r22/openconfig-network-instance@2019-06-11.yang:730): warning: node "openconfig-network-instance::config" is not found in "openconfig-network-instance::protocols"
/home/leoma/workspace/doc/ydk-yang-huawei-ne40-v8r22/openconfig-network-instance@2019-06-11.yang:1165 (at /home/leoma/workspace/doc/ydk-yang-huawei-ne40-v8r22/openconfig-network-instance@2019-06-11.yang:738): warning: node "openconfig-network-instance::config" is not found in "openconfig-network-instance::protocols"
/home/leoma/workspace/doc/ydk-yang-huawei-ne40-v8r22/openconfig-network-instance@2019-06-11.yang:1165 (at /home/leoma/workspace/doc/ydk-yang-huawei-ne40-v8r22/openconfig-network-instance@2019-06-11.yang:749): warning: node "openconfig-network-instance::config" is not found in "openconfig-network-instance::protocols"
/home/leoma/workspace/doc/ydk-yang-huawei-ne40-v8r22/openconfig-network-instance@2019-06-11.yang:1165 (at /home/leoma/workspace/doc/ydk-yang-huawei-ne40-v8r22/openconfig-network-instance@2019-06-11.yang:760): warning: node "openconfig-network-instance::config" is not found in "openconfig-network-instance::protocols"
/home/leoma/workspace/doc/ydk-yang-huawei-ne40-v8r22/openconfig-network-instance@2019-06-11.yang:1165 (at /home/leoma/workspace/doc/ydk-yang-huawei-ne40-v8r22/openconfig-network-instance@2019-06-11.yang:780): warning: node "openconfig-network-instance::type" is not found in "openconfig-network-instance::network-instance"
/home/leoma/workspace/doc/ydk-yang-huawei-ne40-v8r22/openconfig-network-instance@2019-06-11.yang:1165 (at /home/leoma/workspace/doc/ydk-yang-huawei-ne40-v8r22/openconfig-network-instance@2019-06-11.yang:789): warning: node "openconfig-network-instance::type" is not found in "openconfig-network-instance::network-instance"

>>> transform /home/leoma/workspace/doc/ydk-yang-huawei-ne40-v8r22/openconfig-ospf-types@2018-11-21.yang

>>> transform /home/leoma/workspace/doc/ydk-yang-huawei-ne40-v8r22/openconfig-ospfv2-area-interface@2019-11-05.yang

>>> transform /home/leoma/workspace/doc/ydk-yang-huawei-ne40-v8r22/openconfig-ospfv2-area@2019-11-05.yang

>>> transform /home/leoma/workspace/doc/ydk-yang-huawei-ne40-v8r22/openconfig-ospfv2-common@2019-11-05.yang

>>> transform /home/leoma/workspace/doc/ydk-yang-huawei-ne40-v8r22/openconfig-ospfv2-global@2019-11-05.yang

>>> transform /home/leoma/workspace/doc/ydk-yang-huawei-ne40-v8r22/openconfig-ospfv2-lsdb@2019-11-05.yang

>>> transform /home/leoma/workspace/doc/ydk-yang-huawei-ne40-v8r22/openconfig-ospfv2@2019-11-05.yang

>>> transform /home/leoma/workspace/doc/ydk-yang-huawei-ne40-v8r22/openconfig-packet-match-types@2018-09-14.yang

>>> transform /home/leoma/workspace/doc/ydk-yang-huawei-ne40-v8r22/openconfig-packet-match@2017-12-15.yang

>>> transform /home/leoma/workspace/doc/ydk-yang-huawei-ne40-v8r22/openconfig-pf-forwarding-policies@2018-11-21.yang

>>> transform /home/leoma/workspace/doc/ydk-yang-huawei-ne40-v8r22/openconfig-pf-interfaces@2018-11-21.yang

>>> transform /home/leoma/workspace/doc/ydk-yang-huawei-ne40-v8r22/openconfig-pf-path-groups@2018-11-21.yang

>>> transform /home/leoma/workspace/doc/ydk-yang-huawei-ne40-v8r22/openconfig-pim-types@2018-11-21.yang

>>> transform /home/leoma/workspace/doc/ydk-yang-huawei-ne40-v8r22/openconfig-pim@2019-07-09.yang

>>> transform /home/leoma/workspace/doc/ydk-yang-huawei-ne40-v8r22/openconfig-platform-types@2018-01-16.yang

>>> transform /home/leoma/workspace/doc/ydk-yang-huawei-ne40-v8r22/openconfig-platform@2018-01-30.yang

>>> transform /home/leoma/workspace/doc/ydk-yang-huawei-ne40-v8r22/openconfig-policy-forwarding@2018-11-21.yang

>>> transform /home/leoma/workspace/doc/ydk-yang-huawei-ne40-v8r22/openconfig-policy-types@2018-11-21.yang

>>> transform /home/leoma/workspace/doc/ydk-yang-huawei-ne40-v8r22/openconfig-procmon@2017-09-18.yang

>>> transform /home/leoma/workspace/doc/ydk-yang-huawei-ne40-v8r22/openconfig-rib-bgp-attributes@2019-04-25.yang

>>> transform /home/leoma/workspace/doc/ydk-yang-huawei-ne40-v8r22/openconfig-rib-bgp-shared-attributes@2019-04-25.yang

>>> transform /home/leoma/workspace/doc/ydk-yang-huawei-ne40-v8r22/openconfig-rib-bgp-table-attributes@2019-04-25.yang

>>> transform /home/leoma/workspace/doc/ydk-yang-huawei-ne40-v8r22/openconfig-rib-bgp-tables@2019-04-25.yang

>>> transform /home/leoma/workspace/doc/ydk-yang-huawei-ne40-v8r22/openconfig-rib-bgp-types@2019-03-14.yang

>>> transform /home/leoma/workspace/doc/ydk-yang-huawei-ne40-v8r22/openconfig-rib-bgp@2019-04-25.yang

>>> transform /home/leoma/workspace/doc/ydk-yang-huawei-ne40-v8r22/openconfig-routing-policy@2018-11-21.yang

>>> transform /home/leoma/workspace/doc/ydk-yang-huawei-ne40-v8r22/openconfig-segment-routing@2017-01-12.yang

>>> transform /home/leoma/workspace/doc/ydk-yang-huawei-ne40-v8r22/openconfig-system-logging@2017-09-18.yang

>>> transform /home/leoma/workspace/doc/ydk-yang-huawei-ne40-v8r22/openconfig-system-terminal@2017-09-18.yang

>>> transform /home/leoma/workspace/doc/ydk-yang-huawei-ne40-v8r22/openconfig-system@2018-01-21.yang

>>> transform /home/leoma/workspace/doc/ydk-yang-huawei-ne40-v8r22/openconfig-telemetry-types@2017-08-24.yang

>>> transform /home/leoma/workspace/doc/ydk-yang-huawei-ne40-v8r22/openconfig-telemetry@2017-08-24.yang

>>> transform /home/leoma/workspace/doc/ydk-yang-huawei-ne40-v8r22/openconfig-types@2019-04-16.yang

>>> transform /home/leoma/workspace/doc/ydk-yang-huawei-ne40-v8r22/openconfig-vlan-types@2019-01-31.yang

>>> transform /home/leoma/workspace/doc/ydk-yang-huawei-ne40-v8r22/openconfig-vlan@2019-04-16.yang

>>> transform /home/leoma/workspace/doc/ydk-yang-huawei-ne40-v8r22/openconfig-yang-types@2018-11-21.yang
