

-------------------------------- transform yang to swagger at 2021-12-16 20:19:03 --------------------------------

>>> transform /home/leoma/workspace/doc/ydk-yang-zte-m6000-v50010/acc-yang-types@2019-02-13.yang

>>> transform /home/leoma/workspace/doc/ydk-yang-zte-m6000-v50010/hwvtep-ttp@2018-02-26.yang

>>> transform /home/leoma/workspace/doc/ydk-yang-zte-m6000-v50010/iana-crypt-hash@2014-08-06.yang

>>> transform /home/leoma/workspace/doc/ydk-yang-zte-m6000-v50010/ietf-inet-types@2013-07-15.yang

>>> transform /home/leoma/workspace/doc/ydk-yang-zte-m6000-v50010/ietf-interfaces@2014-05-08.yang

>>> transform /home/leoma/workspace/doc/ydk-yang-zte-m6000-v50010/ietf-netconf-acm@2012-02-22.yang

>>> transform /home/leoma/workspace/doc/ydk-yang-zte-m6000-v50010/ietf-netconf-monitoring@2010-10-04.yang

>>> transform /home/leoma/workspace/doc/ydk-yang-zte-m6000-v50010/ietf-netconf-notifications@2012-02-06.yang

>>> transform /home/leoma/workspace/doc/ydk-yang-zte-m6000-v50010/ietf-netconf-time@2016-01-26.yang
/home/leoma/workspace/doc/ydk-yang-zte-m6000-v50010/ietf-netconf-time@2016-01-26.yang:115: warning: explicit config statement is ignored
/home/leoma/workspace/doc/ydk-yang-zte-m6000-v50010/ietf-netconf-time@2016-01-26.yang:121: warning: explicit config statement is ignored

>>> transform /home/leoma/workspace/doc/ydk-yang-zte-m6000-v50010/ietf-netconf-with-defaults@2010-11-11.yang

>>> transform /home/leoma/workspace/doc/ydk-yang-zte-m6000-v50010/ietf-netconf@2011-06-01.yang

>>> transform /home/leoma/workspace/doc/ydk-yang-zte-m6000-v50010/ietf-yang-library@2016-06-21.yang

>>> transform /home/leoma/workspace/doc/ydk-yang-zte-m6000-v50010/ietf-yang-types@2013-07-15.yang

>>> transform /home/leoma/workspace/doc/ydk-yang-zte-m6000-v50010/notification-management@2017-02-16.yang

>>> transform /home/leoma/workspace/doc/ydk-yang-zte-m6000-v50010/of-config1.1.1@2018-09-10.yang
/home/leoma/workspace/doc/ydk-yang-zte-m6000-v50010/of-config1.1.1@2018-09-10.yang:5: warning: imported module "ietf-yang-types" not used

>>> transform /home/leoma/workspace/doc/ydk-yang-zte-m6000-v50010/openconfig-aaa-radius@2018-11-21.yang

>>> transform /home/leoma/workspace/doc/ydk-yang-zte-m6000-v50010/openconfig-aaa-tacacs@2018-11-21.yang

>>> transform /home/leoma/workspace/doc/ydk-yang-zte-m6000-v50010/openconfig-aaa-types@2018-11-21.yang

>>> transform /home/leoma/workspace/doc/ydk-yang-zte-m6000-v50010/openconfig-aaa@2019-10-28.yang

>>> transform /home/leoma/workspace/doc/ydk-yang-zte-m6000-v50010/openconfig-alarm-types@2018-11-21.yang

>>> transform /home/leoma/workspace/doc/ydk-yang-zte-m6000-v50010/openconfig-alarms@2019-07-09.yang

>>> transform /home/leoma/workspace/doc/ydk-yang-zte-m6000-v50010/openconfig-extensions@2018-10-17.yang

>>> transform /home/leoma/workspace/doc/ydk-yang-zte-m6000-v50010/openconfig-inet-types@2019-04-25.yang

>>> transform /home/leoma/workspace/doc/ydk-yang-zte-m6000-v50010/openconfig-interfaces@2019-11-19.yang

>>> transform /home/leoma/workspace/doc/ydk-yang-zte-m6000-v50010/openconfig-messages@2018-08-13.yang

>>> transform /home/leoma/workspace/doc/ydk-yang-zte-m6000-v50010/openconfig-platform-types@2019-06-03.yang

>>> transform /home/leoma/workspace/doc/ydk-yang-zte-m6000-v50010/openconfig-platform.yang

>>> transform /home/leoma/workspace/doc/ydk-yang-zte-m6000-v50010/openconfig-procmon@2019-03-15.yang

>>> transform /home/leoma/workspace/doc/ydk-yang-zte-m6000-v50010/openconfig-system-logging@2018-11-21.yang

>>> transform /home/leoma/workspace/doc/ydk-yang-zte-m6000-v50010/openconfig-system-management@2019-07-10.yang

>>> transform /home/leoma/workspace/doc/ydk-yang-zte-m6000-v50010/openconfig-system-terminal@2018-11-21.yang

>>> transform /home/leoma/workspace/doc/ydk-yang-zte-m6000-v50010/openconfig-system@2019-03-15.yang

>>> transform /home/leoma/workspace/doc/ydk-yang-zte-m6000-v50010/openconfig-telemetry-types@2017-08-24.yang

>>> transform /home/leoma/workspace/doc/ydk-yang-zte-m6000-v50010/openconfig-telemetry@2017-08-25.yang

>>> transform /home/leoma/workspace/doc/ydk-yang-zte-m6000-v50010/openconfig-types@2019-04-16.yang

>>> transform /home/leoma/workspace/doc/ydk-yang-zte-m6000-v50010/openconfig-yang-types@2018-11-21.yang

>>> transform /home/leoma/workspace/doc/ydk-yang-zte-m6000-v50010/zxr10-aaa@2015-03-06.yang

>>> transform /home/leoma/workspace/doc/ydk-yang-zte-m6000-v50010/zxr10-acc-performance@2020-08-28.yang

>>> transform /home/leoma/workspace/doc/ydk-yang-zte-m6000-v50010/zxr10-acl@2020-08-21.yang

>>> transform /home/leoma/workspace/doc/ydk-yang-zte-m6000-v50010/zxr10-adm-mgr@2021-03-10.yang

>>> transform /home/leoma/workspace/doc/ydk-yang-zte-m6000-v50010/zxr10-alarm@2021-02-26.yang
/home/leoma/workspace/doc/ydk-yang-zte-m6000-v50010/zxr10-alarm@2021-02-26.yang:274: warning: the escape sequence "\ " is unsafe in double quoted strings - pass the flag --lax-quote-checks to avoid this warning
/home/leoma/workspace/doc/ydk-yang-zte-m6000-v50010/zxr10-alarm@2021-02-26.yang:276: warning: the escape sequence "\ " is unsafe in double quoted strings - pass the flag --lax-quote-checks to avoid this warning
/home/leoma/workspace/doc/ydk-yang-zte-m6000-v50010/zxr10-alarm@2021-02-26.yang:277: warning: the escape sequence "\ " is unsafe in double quoted strings - pass the flag --lax-quote-checks to avoid this warning
/home/leoma/workspace/doc/ydk-yang-zte-m6000-v50010/zxr10-alarm@2021-02-26.yang:280: warning: the escape sequence "\ " is unsafe in double quoted strings - pass the flag --lax-quote-checks to avoid this warning
/home/leoma/workspace/doc/ydk-yang-zte-m6000-v50010/zxr10-alarm@2021-02-26.yang:283: warning: the escape sequence "\ " is unsafe in double quoted strings - pass the flag --lax-quote-checks to avoid this warning
/home/leoma/workspace/doc/ydk-yang-zte-m6000-v50010/zxr10-alarm@2021-02-26.yang:285: warning: the escape sequence "\ " is unsafe in double quoted strings - pass the flag --lax-quote-checks to avoid this warning
/home/leoma/workspace/doc/ydk-yang-zte-m6000-v50010/zxr10-alarm@2021-02-26.yang:290: warning: the escape sequence "\ " is unsafe in double quoted strings - pass the flag --lax-quote-checks to avoid this warning
/home/leoma/workspace/doc/ydk-yang-zte-m6000-v50010/zxr10-alarm@2021-02-26.yang:292: warning: the escape sequence "\ " is unsafe in double quoted strings - pass the flag --lax-quote-checks to avoid this warning
/home/leoma/workspace/doc/ydk-yang-zte-m6000-v50010/zxr10-alarm@2021-02-26.yang:295: warning: the escape sequence "\ " is unsafe in double quoted strings - pass the flag --lax-quote-checks to avoid this warning
/home/leoma/workspace/doc/ydk-yang-zte-m6000-v50010/zxr10-alarm@2021-02-26.yang:296: warning: the escape sequence "\ " is unsafe in double quoted strings - pass the flag --lax-quote-checks to avoid this warning
/home/leoma/workspace/doc/ydk-yang-zte-m6000-v50010/zxr10-alarm@2021-02-26.yang:297: warning: the escape sequence "\ " is unsafe in double quoted strings - pass the flag --lax-quote-checks to avoid this warning
/home/leoma/workspace/doc/ydk-yang-zte-m6000-v50010/zxr10-alarm@2021-02-26.yang:307: warning: the escape sequence "\ " is unsafe in double quoted strings - pass the flag --lax-quote-checks to avoid this warning
/home/leoma/workspace/doc/ydk-yang-zte-m6000-v50010/zxr10-alarm@2021-02-26.yang:309: warning: the escape sequence "\ " is unsafe in double quoted strings - pass the flag --lax-quote-checks to avoid this warning
/home/leoma/workspace/doc/ydk-yang-zte-m6000-v50010/zxr10-alarm@2021-02-26.yang:310: warning: the escape sequence "\ " is unsafe in double quoted strings - pass the flag --lax-quote-checks to avoid this warning
/home/leoma/workspace/doc/ydk-yang-zte-m6000-v50010/zxr10-alarm@2021-02-26.yang:312: warning: the escape sequence "\ " is unsafe in double quoted strings - pass the flag --lax-quote-checks to avoid this warning
/home/leoma/workspace/doc/ydk-yang-zte-m6000-v50010/zxr10-alarm@2021-02-26.yang:314: warning: the escape sequence "\ " is unsafe in double quoted strings - pass the flag --lax-quote-checks to avoid this warning
/home/leoma/workspace/doc/ydk-yang-zte-m6000-v50010/zxr10-alarm@2021-02-26.yang:315: warning: the escape sequence "\ " is unsafe in double quoted strings - pass the flag --lax-quote-checks to avoid this warning
/home/leoma/workspace/doc/ydk-yang-zte-m6000-v50010/zxr10-alarm@2021-02-26.yang:323: warning: the escape sequence "\ " is unsafe in double quoted strings - pass the flag --lax-quote-checks to avoid this warning
/home/leoma/workspace/doc/ydk-yang-zte-m6000-v50010/zxr10-alarm@2021-02-26.yang:324: warning: the escape sequence "\ " is unsafe in double quoted strings - pass the flag --lax-quote-checks to avoid this warning
/home/leoma/workspace/doc/ydk-yang-zte-m6000-v50010/zxr10-alarm@2021-02-26.yang:325: warning: the escape sequence "\ " is unsafe in double quoted strings - pass the flag --lax-quote-checks to avoid this warning
/home/leoma/workspace/doc/ydk-yang-zte-m6000-v50010/zxr10-alarm@2021-02-26.yang:1798: warning: explicit config statement is ignored
/home/leoma/workspace/doc/ydk-yang-zte-m6000-v50010/zxr10-alarm@2021-02-26.yang:1804: warning: explicit config statement is ignored
/home/leoma/workspace/doc/ydk-yang-zte-m6000-v50010/zxr10-alarm@2021-02-26.yang:1810: warning: explicit config statement is ignored
/home/leoma/workspace/doc/ydk-yang-zte-m6000-v50010/zxr10-alarm@2021-02-26.yang:1816: warning: explicit config statement is ignored
/home/leoma/workspace/doc/ydk-yang-zte-m6000-v50010/zxr10-alarm@2021-02-26.yang:1822: warning: explicit config statement is ignored
/home/leoma/workspace/doc/ydk-yang-zte-m6000-v50010/zxr10-alarm@2021-02-26.yang:1830: warning: explicit config statement is ignored
/home/leoma/workspace/doc/ydk-yang-zte-m6000-v50010/zxr10-alarm@2021-02-26.yang:1838: warning: explicit config statement is ignored
/home/leoma/workspace/doc/ydk-yang-zte-m6000-v50010/zxr10-alarm@2021-02-26.yang:1845: warning: explicit config statement is ignored
/home/leoma/workspace/doc/ydk-yang-zte-m6000-v50010/zxr10-alarm@2021-02-26.yang:1851: warning: explicit config statement is ignored
/home/leoma/workspace/doc/ydk-yang-zte-m6000-v50010/zxr10-alarm@2021-02-26.yang:1867: warning: explicit config statement is ignored
/home/leoma/workspace/doc/ydk-yang-zte-m6000-v50010/zxr10-alarm@2021-02-26.yang:1889: warning: explicit config statement is ignored
/home/leoma/workspace/doc/ydk-yang-zte-m6000-v50010/zxr10-alarm@2021-02-26.yang:1897: warning: explicit config statement is ignored
/home/leoma/workspace/doc/ydk-yang-zte-m6000-v50010/zxr10-alarm@2021-02-26.yang:1907: warning: explicit config statement is ignored
/home/leoma/workspace/doc/ydk-yang-zte-m6000-v50010/zxr10-alarm@2021-02-26.yang:1913: warning: explicit config statement is ignored
/home/leoma/workspace/doc/ydk-yang-zte-m6000-v50010/zxr10-alarm@2021-02-26.yang:1921: warning: explicit config statement is ignored
/home/leoma/workspace/doc/ydk-yang-zte-m6000-v50010/zxr10-alarm@2021-02-26.yang:1929: warning: explicit config statement is ignored
/home/leoma/workspace/doc/ydk-yang-zte-m6000-v50010/zxr10-alarm@2021-02-26.yang:1935: warning: explicit config statement is ignored
/home/leoma/workspace/doc/ydk-yang-zte-m6000-v50010/zxr10-alarm@2021-02-26.yang:1943: warning: explicit config statement is ignored
/home/leoma/workspace/doc/ydk-yang-zte-m6000-v50010/zxr10-alarm@2021-02-26.yang:1951: warning: explicit config statement is ignored
/home/leoma/workspace/doc/ydk-yang-zte-m6000-v50010/zxr10-alarm@2021-02-26.yang:1957: warning: explicit config statement is ignored
/home/leoma/workspace/doc/ydk-yang-zte-m6000-v50010/zxr10-alarm@2021-02-26.yang:1976: warning: explicit config statement is ignored
/home/leoma/workspace/doc/ydk-yang-zte-m6000-v50010/zxr10-alarm@2021-02-26.yang:1985: warning: explicit config statement is ignored
/home/leoma/workspace/doc/ydk-yang-zte-m6000-v50010/zxr10-alarm@2021-02-26.yang:1991: warning: explicit config statement is ignored
/home/leoma/workspace/doc/ydk-yang-zte-m6000-v50010/zxr10-alarm@2021-02-26.yang:1999: warning: explicit config statement is ignored
/home/leoma/workspace/doc/ydk-yang-zte-m6000-v50010/zxr10-alarm@2021-02-26.yang:2007: warning: explicit config statement is ignored
/home/leoma/workspace/doc/ydk-yang-zte-m6000-v50010/zxr10-alarm@2021-02-26.yang:2014: warning: explicit config statement is ignored
/home/leoma/workspace/doc/ydk-yang-zte-m6000-v50010/zxr10-alarm@2021-02-26.yang:2030: warning: explicit config statement is ignored
/home/leoma/workspace/doc/ydk-yang-zte-m6000-v50010/zxr10-alarm@2021-02-26.yang:2036: warning: explicit config statement is ignored
/home/leoma/workspace/doc/ydk-yang-zte-m6000-v50010/zxr10-alarm@2021-02-26.yang:2043: warning: explicit config statement is ignored
/home/leoma/workspace/doc/ydk-yang-zte-m6000-v50010/zxr10-alarm@2021-02-26.yang:2051: warning: explicit config statement is ignored
/home/leoma/workspace/doc/ydk-yang-zte-m6000-v50010/zxr10-alarm@2021-02-26.yang:2059: warning: explicit config statement is ignored
/home/leoma/workspace/doc/ydk-yang-zte-m6000-v50010/zxr10-alarm@2021-02-26.yang:2067: warning: explicit config statement is ignored
/home/leoma/workspace/doc/ydk-yang-zte-m6000-v50010/zxr10-alarm@2021-02-26.yang:2075: warning: explicit config statement is ignored
/home/leoma/workspace/doc/ydk-yang-zte-m6000-v50010/zxr10-alarm@2021-02-26.yang:2081: warning: explicit config statement is ignored
/home/leoma/workspace/doc/ydk-yang-zte-m6000-v50010/zxr10-alarm@2021-02-26.yang:2089: warning: explicit config statement is ignored
/home/leoma/workspace/doc/ydk-yang-zte-m6000-v50010/zxr10-alarm@2021-02-26.yang:2100: warning: explicit config statement is ignored
/home/leoma/workspace/doc/ydk-yang-zte-m6000-v50010/zxr10-alarm@2021-02-26.yang:2109: warning: explicit config statement is ignored
/home/leoma/workspace/doc/ydk-yang-zte-m6000-v50010/zxr10-alarm@2021-02-26.yang:2124: warning: explicit config statement is ignored
/home/leoma/workspace/doc/ydk-yang-zte-m6000-v50010/zxr10-alarm@2021-02-26.yang:2130: warning: explicit config statement is ignored
/home/leoma/workspace/doc/ydk-yang-zte-m6000-v50010/zxr10-alarm@2021-02-26.yang:2136: warning: explicit config statement is ignored
/home/leoma/workspace/doc/ydk-yang-zte-m6000-v50010/zxr10-alarm@2021-02-26.yang:2142: warning: explicit config statement is ignored
/home/leoma/workspace/doc/ydk-yang-zte-m6000-v50010/zxr10-alarm@2021-02-26.yang:2148: warning: explicit config statement is ignored
/home/leoma/workspace/doc/ydk-yang-zte-m6000-v50010/zxr10-alarm@2021-02-26.yang:2155: warning: explicit config statement is ignored
/home/leoma/workspace/doc/ydk-yang-zte-m6000-v50010/zxr10-alarm@2021-02-26.yang:2161: warning: explicit config statement is ignored
/home/leoma/workspace/doc/ydk-yang-zte-m6000-v50010/zxr10-alarm@2021-02-26.yang:2169: warning: explicit config statement is ignored
/home/leoma/workspace/doc/ydk-yang-zte-m6000-v50010/zxr10-alarm@2021-02-26.yang:2180: warning: explicit config statement is ignored
/home/leoma/workspace/doc/ydk-yang-zte-m6000-v50010/zxr10-alarm@2021-02-26.yang:2186: warning: explicit config statement is ignored
/home/leoma/workspace/doc/ydk-yang-zte-m6000-v50010/zxr10-alarm@2021-02-26.yang:2194: warning: explicit config statement is ignored
/home/leoma/workspace/doc/ydk-yang-zte-m6000-v50010/zxr10-alarm@2021-02-26.yang:2202: warning: explicit config statement is ignored
/home/leoma/workspace/doc/ydk-yang-zte-m6000-v50010/zxr10-alarm@2021-02-26.yang:2210: warning: explicit config statement is ignored
/home/leoma/workspace/doc/ydk-yang-zte-m6000-v50010/zxr10-alarm@2021-02-26.yang:2225: warning: explicit config statement is ignored

>>> transform /home/leoma/workspace/doc/ydk-yang-zte-m6000-v50010/zxr10-aps@2020-08-19.yang

>>> transform /home/leoma/workspace/doc/ydk-yang-zte-m6000-v50010/zxr10-arp@2021-03-23.yang

>>> transform /home/leoma/workspace/doc/ydk-yang-zte-m6000-v50010/zxr10-aspath@2019-05-31.yang

>>> transform /home/leoma/workspace/doc/ydk-yang-zte-m6000-v50010/zxr10-atm@2018-10-25.yang

>>> transform /home/leoma/workspace/doc/ydk-yang-zte-m6000-v50010/zxr10-bfd@2020-11-17.yang
/home/leoma/workspace/doc/ydk-yang-zte-m6000-v50010/zxr10-bfd@2020-11-17.yang:4142: warning: explicit config statement is ignored

>>> transform /home/leoma/workspace/doc/ydk-yang-zte-m6000-v50010/zxr10-bgp@2021-03-02.yang

>>> transform /home/leoma/workspace/doc/ydk-yang-zte-m6000-v50010/zxr10-bridge-domain@2020-04-09.yang

>>> transform /home/leoma/workspace/doc/ydk-yang-zte-m6000-v50010/zxr10-cfm@2021-03-08.yang
/home/leoma/workspace/doc/ydk-yang-zte-m6000-v50010/zxr10-cfm@2021-03-08.yang:3449: warning: explicit config statement is ignored
/home/leoma/workspace/doc/ydk-yang-zte-m6000-v50010/zxr10-cfm@2021-03-08.yang:3530: warning: explicit config statement is ignored
/home/leoma/workspace/doc/ydk-yang-zte-m6000-v50010/zxr10-cfm@2021-03-08.yang:3696: warning: explicit config statement is ignored
/home/leoma/workspace/doc/ydk-yang-zte-m6000-v50010/zxr10-cfm@2021-03-08.yang:3813: warning: explicit config statement is ignored
/home/leoma/workspace/doc/ydk-yang-zte-m6000-v50010/zxr10-cfm@2021-03-08.yang:4005: warning: explicit config statement is ignored
/home/leoma/workspace/doc/ydk-yang-zte-m6000-v50010/zxr10-cfm@2021-03-08.yang:4057: warning: explicit config statement is ignored

>>> transform /home/leoma/workspace/doc/ydk-yang-zte-m6000-v50010/zxr10-cgn@2020-12-18.yang

>>> transform /home/leoma/workspace/doc/ydk-yang-zte-m6000-v50010/zxr10-cip@2013-10-30.yang

>>> transform /home/leoma/workspace/doc/ydk-yang-zte-m6000-v50010/zxr10-clockmgr@2019-05-20.yang
/home/leoma/workspace/doc/ydk-yang-zte-m6000-v50010/zxr10-clockmgr@2019-05-20.yang:473: warning: explicit config statement is ignored

>>> transform /home/leoma/workspace/doc/ydk-yang-zte-m6000-v50010/zxr10-community@2020-09-23.yang

>>> transform /home/leoma/workspace/doc/ydk-yang-zte-m6000-v50010/zxr10-cps@2021-03-04.yang

>>> transform /home/leoma/workspace/doc/ydk-yang-zte-m6000-v50010/zxr10-dcb@2020-07-20.yang

>>> transform /home/leoma/workspace/doc/ydk-yang-zte-m6000-v50010/zxr10-dhcp-snooping@2020-06-28.yang

>>> transform /home/leoma/workspace/doc/ydk-yang-zte-m6000-v50010/zxr10-dhcp@2020-12-01.yang
/home/leoma/workspace/doc/ydk-yang-zte-m6000-v50010/zxr10-dhcp@2020-12-01.yang:5533: warning: explicit config statement is ignored

>>> transform /home/leoma/workspace/doc/ydk-yang-zte-m6000-v50010/zxr10-dhcpv6@2021-02-02.yang

>>> transform /home/leoma/workspace/doc/ydk-yang-zte-m6000-v50010/zxr10-dns@2020-12-02.yang

>>> transform /home/leoma/workspace/doc/ydk-yang-zte-m6000-v50010/zxr10-dupsend@2014-06-30.yang

>>> transform /home/leoma/workspace/doc/ydk-yang-zte-m6000-v50010/zxr10-efm@2015-08-12.yang

>>> transform /home/leoma/workspace/doc/ydk-yang-zte-m6000-v50010/zxr10-eld@2020-10-24.yang

>>> transform /home/leoma/workspace/doc/ydk-yang-zte-m6000-v50010/zxr10-erps-group@2016-07-04.yang

>>> transform /home/leoma/workspace/doc/ydk-yang-zte-m6000-v50010/zxr10-erps-vlan-group@2020-06-30.yang

>>> transform /home/leoma/workspace/doc/ydk-yang-zte-m6000-v50010/zxr10-ethernet-segments@2020-12-02.yang

>>> transform /home/leoma/workspace/doc/ydk-yang-zte-m6000-v50010/zxr10-extcommunity@2020-06-24.yang

>>> transform /home/leoma/workspace/doc/ydk-yang-zte-m6000-v50010/zxr10-file-system@2013-12-18.yang

>>> transform /home/leoma/workspace/doc/ydk-yang-zte-m6000-v50010/zxr10-firewall@2018-12-20.yang

>>> transform /home/leoma/workspace/doc/ydk-yang-zte-m6000-v50010/zxr10-flexe-cross@2017-11-20.yang

>>> transform /home/leoma/workspace/doc/ydk-yang-zte-m6000-v50010/zxr10-flexe-oam@2020-08-25.yang
/home/leoma/workspace/doc/ydk-yang-zte-m6000-v50010/zxr10-flexe-oam@2020-08-25.yang:896: warning: explicit config statement is ignored

>>> transform /home/leoma/workspace/doc/ydk-yang-zte-m6000-v50010/zxr10-free-deploy@2014-01-17.yang

>>> transform /home/leoma/workspace/doc/ydk-yang-zte-m6000-v50010/zxr10-ftp@2020-03-23.yang

>>> transform /home/leoma/workspace/doc/ydk-yang-zte-m6000-v50010/zxr10-gre@2019-01-03.yang

>>> transform /home/leoma/workspace/doc/ydk-yang-zte-m6000-v50010/zxr10-hdlc@2018-10-25.yang

>>> transform /home/leoma/workspace/doc/ydk-yang-zte-m6000-v50010/zxr10-icbg@2020-06-24.yang

>>> transform /home/leoma/workspace/doc/ydk-yang-zte-m6000-v50010/zxr10-iccp@2019-07-03.yang

>>> transform /home/leoma/workspace/doc/ydk-yang-zte-m6000-v50010/zxr10-igmp-snooping@2020-07-15.yang

>>> transform /home/leoma/workspace/doc/ydk-yang-zte-m6000-v50010/zxr10-igmp@2019-07-15.yang

>>> transform /home/leoma/workspace/doc/ydk-yang-zte-m6000-v50010/zxr10-inband-oam@2021-02-01.yang

>>> transform /home/leoma/workspace/doc/ydk-yang-zte-m6000-v50010/zxr10-interface-group@2013-11-06.yang

>>> transform /home/leoma/workspace/doc/ydk-yang-zte-m6000-v50010/zxr10-interface-oc@2020-08-11.yang

>>> transform /home/leoma/workspace/doc/ydk-yang-zte-m6000-v50010/zxr10-interfaces@2021-02-03.yang

>>> transform /home/leoma/workspace/doc/ydk-yang-zte-m6000-v50010/zxr10-ip-source-guard@2015-03-30.yang

>>> transform /home/leoma/workspace/doc/ydk-yang-zte-m6000-v50010/zxr10-ip@2021-03-24.yang

>>> transform /home/leoma/workspace/doc/ydk-yang-zte-m6000-v50010/zxr10-ipdr@2019-06-01.yang

>>> transform /home/leoma/workspace/doc/ydk-yang-zte-m6000-v50010/zxr10-ipflow@2021-01-04.yang

>>> transform /home/leoma/workspace/doc/ydk-yang-zte-m6000-v50010/zxr10-ippoolv4@2020-05-16.yang

>>> transform /home/leoma/workspace/doc/ydk-yang-zte-m6000-v50010/zxr10-ippoolv6@2020-06-01.yang

>>> transform /home/leoma/workspace/doc/ydk-yang-zte-m6000-v50010/zxr10-ipsec@2021-01-05.yang

>>> transform /home/leoma/workspace/doc/ydk-yang-zte-m6000-v50010/zxr10-ipv6-multicast@2021-01-19.yang

>>> transform /home/leoma/workspace/doc/ydk-yang-zte-m6000-v50010/zxr10-ipv6-pim@2020-09-22.yang

>>> transform /home/leoma/workspace/doc/ydk-yang-zte-m6000-v50010/zxr10-ipv6-tunnel@2015-04-16.yang

>>> transform /home/leoma/workspace/doc/ydk-yang-zte-m6000-v50010/zxr10-ipv6@2021-02-02.yang

>>> transform /home/leoma/workspace/doc/ydk-yang-zte-m6000-v50010/zxr10-isakmp@2021-01-05.yang

>>> transform /home/leoma/workspace/doc/ydk-yang-zte-m6000-v50010/zxr10-isis@2021-02-25.yang

>>> transform /home/leoma/workspace/doc/ydk-yang-zte-m6000-v50010/zxr10-keychain@2020-06-17.yang

>>> transform /home/leoma/workspace/doc/ydk-yang-zte-m6000-v50010/zxr10-l2l3vpn-bridge@2013-12-10.yang

>>> transform /home/leoma/workspace/doc/ydk-yang-zte-m6000-v50010/zxr10-l2tp@2020-08-26.yang

>>> transform /home/leoma/workspace/doc/ydk-yang-zte-m6000-v50010/zxr10-l2vpn@2021-02-27.yang

>>> transform /home/leoma/workspace/doc/ydk-yang-zte-m6000-v50010/zxr10-l3vi@2016-06-06.yang

>>> transform /home/leoma/workspace/doc/ydk-yang-zte-m6000-v50010/zxr10-l3vpn@2021-01-14.yang

>>> transform /home/leoma/workspace/doc/ydk-yang-zte-m6000-v50010/zxr10-labelmgr@2019-09-18.yang

>>> transform /home/leoma/workspace/doc/ydk-yang-zte-m6000-v50010/zxr10-lacp@2021-01-25.yang

>>> transform /home/leoma/workspace/doc/ydk-yang-zte-m6000-v50010/zxr10-ldp@2020-08-04.yang

>>> transform /home/leoma/workspace/doc/ydk-yang-zte-m6000-v50010/zxr10-lldp@2021-01-21.yang
/home/leoma/workspace/doc/ydk-yang-zte-m6000-v50010/zxr10-lldp@2021-01-21.yang:969: warning: explicit config statement is ignored

>>> transform /home/leoma/workspace/doc/ydk-yang-zte-m6000-v50010/zxr10-lmp@2018-07-06.yang

>>> transform /home/leoma/workspace/doc/ydk-yang-zte-m6000-v50010/zxr10-log@2021-01-18.yang

>>> transform /home/leoma/workspace/doc/ydk-yang-zte-m6000-v50010/zxr10-lpp-l2@2020-08-15.yang
/home/leoma/workspace/doc/ydk-yang-zte-m6000-v50010/zxr10-lpp-l2@2020-08-15.yang:5: warning: imported module "zxr10-netconf-defs" not used

>>> transform /home/leoma/workspace/doc/ydk-yang-zte-m6000-v50010/zxr10-lsp-group@2018-05-14.yang

>>> transform /home/leoma/workspace/doc/ydk-yang-zte-m6000-v50010/zxr10-lsp-man@2021-01-13.yang

>>> transform /home/leoma/workspace/doc/ydk-yang-zte-m6000-v50010/zxr10-lspdf@2021-01-06.yang
/home/leoma/workspace/doc/ydk-yang-zte-m6000-v50010/zxr10-lspdf@2021-01-06.yang:1825: warning: explicit config statement is ignored
/home/leoma/workspace/doc/ydk-yang-zte-m6000-v50010/zxr10-lspdf@2021-01-06.yang:1927: warning: explicit config statement is ignored
/home/leoma/workspace/doc/ydk-yang-zte-m6000-v50010/zxr10-lspdf@2021-01-06.yang:2005: warning: explicit config statement is ignored
/home/leoma/workspace/doc/ydk-yang-zte-m6000-v50010/zxr10-lspdf@2021-01-06.yang:2175: warning: explicit config statement is ignored
/home/leoma/workspace/doc/ydk-yang-zte-m6000-v50010/zxr10-lspdf@2021-01-06.yang:2317: warning: explicit config statement is ignored
/home/leoma/workspace/doc/ydk-yang-zte-m6000-v50010/zxr10-lspdf@2021-01-06.yang:2352: warning: explicit config statement is ignored

>>> transform /home/leoma/workspace/doc/ydk-yang-zte-m6000-v50010/zxr10-mac-ping@2020-09-02.yang
/home/leoma/workspace/doc/ydk-yang-zte-m6000-v50010/zxr10-mac-ping@2020-09-02.yang:625: warning: explicit config statement is ignored
/home/leoma/workspace/doc/ydk-yang-zte-m6000-v50010/zxr10-mac-ping@2020-09-02.yang:721: warning: explicit config statement is ignored
/home/leoma/workspace/doc/ydk-yang-zte-m6000-v50010/zxr10-mac-ping@2020-09-02.yang:781: warning: explicit config statement is ignored

>>> transform /home/leoma/workspace/doc/ydk-yang-zte-m6000-v50010/zxr10-mac@2020-11-24.yang

>>> transform /home/leoma/workspace/doc/ydk-yang-zte-m6000-v50010/zxr10-mc-elam@2018-10-25.yang

>>> transform /home/leoma/workspace/doc/ydk-yang-zte-m6000-v50010/zxr10-mc-snooping@2019-10-08.yang

>>> transform /home/leoma/workspace/doc/ydk-yang-zte-m6000-v50010/zxr10-mdi@2017-06-21.yang

>>> transform /home/leoma/workspace/doc/ydk-yang-zte-m6000-v50010/zxr10-mff@2016-01-07.yang

>>> transform /home/leoma/workspace/doc/ydk-yang-zte-m6000-v50010/zxr10-mim@2019-02-21.yang

>>> transform /home/leoma/workspace/doc/ydk-yang-zte-m6000-v50010/zxr10-mld-snooping@2020-07-15.yang

>>> transform /home/leoma/workspace/doc/ydk-yang-zte-m6000-v50010/zxr10-mld@2021-01-25.yang

>>> transform /home/leoma/workspace/doc/ydk-yang-zte-m6000-v50010/zxr10-monitor@2021-01-05.yang

>>> transform /home/leoma/workspace/doc/ydk-yang-zte-m6000-v50010/zxr10-mpls-oam@2015-06-11.yang

>>> transform /home/leoma/workspace/doc/ydk-yang-zte-m6000-v50010/zxr10-mpls-te@2020-10-20.yang
/home/leoma/workspace/doc/ydk-yang-zte-m6000-v50010/zxr10-mpls-te@2020-10-20.yang:8094: warning: explicit config statement is ignored
/home/leoma/workspace/doc/ydk-yang-zte-m6000-v50010/zxr10-mpls-te@2020-10-20.yang:8246: warning: explicit config statement is ignored
/home/leoma/workspace/doc/ydk-yang-zte-m6000-v50010/zxr10-mpls-te@2020-10-20.yang:8319: warning: explicit config statement is ignored
/home/leoma/workspace/doc/ydk-yang-zte-m6000-v50010/zxr10-mpls-te@2020-10-20.yang:8371: warning: explicit config statement is ignored
/home/leoma/workspace/doc/ydk-yang-zte-m6000-v50010/zxr10-mpls-te@2020-10-20.yang:8416: warning: explicit config statement is ignored
/home/leoma/workspace/doc/ydk-yang-zte-m6000-v50010/zxr10-mpls-te@2020-10-20.yang:8529: warning: explicit config statement is ignored

>>> transform /home/leoma/workspace/doc/ydk-yang-zte-m6000-v50010/zxr10-mpls-tp-oam@2020-07-16.yang
/home/leoma/workspace/doc/ydk-yang-zte-m6000-v50010/zxr10-mpls-tp-oam@2020-07-16.yang:2992: warning: explicit config statement is ignored
/home/leoma/workspace/doc/ydk-yang-zte-m6000-v50010/zxr10-mpls-tp-oam@2020-07-16.yang:3004: warning: explicit config statement is ignored
/home/leoma/workspace/doc/ydk-yang-zte-m6000-v50010/zxr10-mpls-tp-oam@2020-07-16.yang:3015: warning: explicit config statement is ignored
/home/leoma/workspace/doc/ydk-yang-zte-m6000-v50010/zxr10-mpls-tp-oam@2020-07-16.yang:3026: warning: explicit config statement is ignored
/home/leoma/workspace/doc/ydk-yang-zte-m6000-v50010/zxr10-mpls-tp-oam@2020-07-16.yang:3037: warning: explicit config statement is ignored
/home/leoma/workspace/doc/ydk-yang-zte-m6000-v50010/zxr10-mpls-tp-oam@2020-07-16.yang:3048: warning: explicit config statement is ignored
/home/leoma/workspace/doc/ydk-yang-zte-m6000-v50010/zxr10-mpls-tp-oam@2020-07-16.yang:3060: warning: explicit config statement is ignored
/home/leoma/workspace/doc/ydk-yang-zte-m6000-v50010/zxr10-mpls-tp-oam@2020-07-16.yang:3071: warning: explicit config statement is ignored
/home/leoma/workspace/doc/ydk-yang-zte-m6000-v50010/zxr10-mpls-tp-oam@2020-07-16.yang:3082: warning: explicit config statement is ignored
/home/leoma/workspace/doc/ydk-yang-zte-m6000-v50010/zxr10-mpls-tp-oam@2020-07-16.yang:3093: warning: explicit config statement is ignored
/home/leoma/workspace/doc/ydk-yang-zte-m6000-v50010/zxr10-mpls-tp-oam@2020-07-16.yang:3114: warning: explicit config statement is ignored
/home/leoma/workspace/doc/ydk-yang-zte-m6000-v50010/zxr10-mpls-tp-oam@2020-07-16.yang:3126: warning: explicit config statement is ignored
/home/leoma/workspace/doc/ydk-yang-zte-m6000-v50010/zxr10-mpls-tp-oam@2020-07-16.yang:3137: warning: explicit config statement is ignored
/home/leoma/workspace/doc/ydk-yang-zte-m6000-v50010/zxr10-mpls-tp-oam@2020-07-16.yang:3144: warning: explicit config statement is ignored
/home/leoma/workspace/doc/ydk-yang-zte-m6000-v50010/zxr10-mpls-tp-oam@2020-07-16.yang:3151: warning: explicit config statement is ignored
/home/leoma/workspace/doc/ydk-yang-zte-m6000-v50010/zxr10-mpls-tp-oam@2020-07-16.yang:3158: warning: explicit config statement is ignored
/home/leoma/workspace/doc/ydk-yang-zte-m6000-v50010/zxr10-mpls-tp-oam@2020-07-16.yang:3165: warning: explicit config statement is ignored
/home/leoma/workspace/doc/ydk-yang-zte-m6000-v50010/zxr10-mpls-tp-oam@2020-07-16.yang:3172: warning: explicit config statement is ignored
/home/leoma/workspace/doc/ydk-yang-zte-m6000-v50010/zxr10-mpls-tp-oam@2020-07-16.yang:3189: warning: explicit config statement is ignored
/home/leoma/workspace/doc/ydk-yang-zte-m6000-v50010/zxr10-mpls-tp-oam@2020-07-16.yang:3201: warning: explicit config statement is ignored
/home/leoma/workspace/doc/ydk-yang-zte-m6000-v50010/zxr10-mpls-tp-oam@2020-07-16.yang:3208: warning: explicit config statement is ignored
/home/leoma/workspace/doc/ydk-yang-zte-m6000-v50010/zxr10-mpls-tp-oam@2020-07-16.yang:3219: warning: explicit config statement is ignored
/home/leoma/workspace/doc/ydk-yang-zte-m6000-v50010/zxr10-mpls-tp-oam@2020-07-16.yang:3230: warning: explicit config statement is ignored
/home/leoma/workspace/doc/ydk-yang-zte-m6000-v50010/zxr10-mpls-tp-oam@2020-07-16.yang:3241: warning: explicit config statement is ignored
/home/leoma/workspace/doc/ydk-yang-zte-m6000-v50010/zxr10-mpls-tp-oam@2020-07-16.yang:3252: warning: explicit config statement is ignored
/home/leoma/workspace/doc/ydk-yang-zte-m6000-v50010/zxr10-mpls-tp-oam@2020-07-16.yang:3263: warning: explicit config statement is ignored
/home/leoma/workspace/doc/ydk-yang-zte-m6000-v50010/zxr10-mpls-tp-oam@2020-07-16.yang:3274: warning: explicit config statement is ignored
/home/leoma/workspace/doc/ydk-yang-zte-m6000-v50010/zxr10-mpls-tp-oam@2020-07-16.yang:3294: warning: explicit config statement is ignored
/home/leoma/workspace/doc/ydk-yang-zte-m6000-v50010/zxr10-mpls-tp-oam@2020-07-16.yang:3381: warning: explicit config statement is ignored

>>> transform /home/leoma/workspace/doc/ydk-yang-zte-m6000-v50010/zxr10-mppp@2017-05-09.yang

>>> transform /home/leoma/workspace/doc/ydk-yang-zte-m6000-v50010/zxr10-msdp@2020-07-10.yang

>>> transform /home/leoma/workspace/doc/ydk-yang-zte-m6000-v50010/zxr10-mstatic@2020-06-20.yang

>>> transform /home/leoma/workspace/doc/ydk-yang-zte-m6000-v50010/zxr10-multicast@2021-01-19.yang

>>> transform /home/leoma/workspace/doc/ydk-yang-zte-m6000-v50010/zxr10-nd@2020-12-02.yang

>>> transform /home/leoma/workspace/doc/ydk-yang-zte-m6000-v50010/zxr10-netconf-defs@2021-02-19.yang

>>> transform /home/leoma/workspace/doc/ydk-yang-zte-m6000-v50010/zxr10-netconf-yconvertor@2020-03-16.yang

>>> transform /home/leoma/workspace/doc/ydk-yang-zte-m6000-v50010/zxr10-netconf@2021-01-05.yang

>>> transform /home/leoma/workspace/doc/ydk-yang-zte-m6000-v50010/zxr10-nhrp@2020-06-24.yang

>>> transform /home/leoma/workspace/doc/ydk-yang-zte-m6000-v50010/zxr10-npi-mgr@2021-03-10.yang

>>> transform /home/leoma/workspace/doc/ydk-yang-zte-m6000-v50010/zxr10-ntp@2020-12-21.yang

>>> transform /home/leoma/workspace/doc/ydk-yang-zte-m6000-v50010/zxr10-of-config@2019-12-23.yang

>>> transform /home/leoma/workspace/doc/ydk-yang-zte-m6000-v50010/zxr10-of-controller@2018-03-26.yang

>>> transform /home/leoma/workspace/doc/ydk-yang-zte-m6000-v50010/zxr10-ospfv2@2020-12-08.yang

>>> transform /home/leoma/workspace/doc/ydk-yang-zte-m6000-v50010/zxr10-ospfv3@2021-01-08.yang

>>> transform /home/leoma/workspace/doc/ydk-yang-zte-m6000-v50010/zxr10-p2mp-te@2020-04-18.yang

>>> transform /home/leoma/workspace/doc/ydk-yang-zte-m6000-v50010/zxr10-pbr@2020-06-04.yang

>>> transform /home/leoma/workspace/doc/ydk-yang-zte-m6000-v50010/zxr10-pcep@2021-01-19.yang

>>> transform /home/leoma/workspace/doc/ydk-yang-zte-m6000-v50010/zxr10-peb@2021-03-26.yang

>>> transform /home/leoma/workspace/doc/ydk-yang-zte-m6000-v50010/zxr10-performance@2020-08-18.yang
/home/leoma/workspace/doc/ydk-yang-zte-m6000-v50010/zxr10-performance@2020-08-18.yang:418: warning: the escape sequence "\ " is unsafe in double quoted strings - pass the flag --lax-quote-checks to avoid this warning
/home/leoma/workspace/doc/ydk-yang-zte-m6000-v50010/zxr10-performance@2020-08-18.yang:421: warning: the escape sequence "\ " is unsafe in double quoted strings - pass the flag --lax-quote-checks to avoid this warning
/home/leoma/workspace/doc/ydk-yang-zte-m6000-v50010/zxr10-performance@2020-08-18.yang:423: warning: the escape sequence "\ " is unsafe in double quoted strings - pass the flag --lax-quote-checks to avoid this warning
/home/leoma/workspace/doc/ydk-yang-zte-m6000-v50010/zxr10-performance@2020-08-18.yang:424: warning: the escape sequence "\ " is unsafe in double quoted strings - pass the flag --lax-quote-checks to avoid this warning
/home/leoma/workspace/doc/ydk-yang-zte-m6000-v50010/zxr10-performance@2020-08-18.yang:426: warning: the escape sequence "\ " is unsafe in double quoted strings - pass the flag --lax-quote-checks to avoid this warning
/home/leoma/workspace/doc/ydk-yang-zte-m6000-v50010/zxr10-performance@2020-08-18.yang:427: warning: the escape sequence "\ " is unsafe in double quoted strings - pass the flag --lax-quote-checks to avoid this warning
/home/leoma/workspace/doc/ydk-yang-zte-m6000-v50010/zxr10-performance@2020-08-18.yang:429: warning: the escape sequence "\ " is unsafe in double quoted strings - pass the flag --lax-quote-checks to avoid this warning
/home/leoma/workspace/doc/ydk-yang-zte-m6000-v50010/zxr10-performance@2020-08-18.yang:445: warning: the escape sequence "\ " is unsafe in double quoted strings - pass the flag --lax-quote-checks to avoid this warning
/home/leoma/workspace/doc/ydk-yang-zte-m6000-v50010/zxr10-performance@2020-08-18.yang:446: warning: the escape sequence "\ " is unsafe in double quoted strings - pass the flag --lax-quote-checks to avoid this warning

>>> transform /home/leoma/workspace/doc/ydk-yang-zte-m6000-v50010/zxr10-pim-snooping@2017-11-02.yang

>>> transform /home/leoma/workspace/doc/ydk-yang-zte-m6000-v50010/zxr10-pim@2020-09-22.yang

>>> transform /home/leoma/workspace/doc/ydk-yang-zte-m6000-v50010/zxr10-pimv6-snooping@2016-11-08.yang

>>> transform /home/leoma/workspace/doc/ydk-yang-zte-m6000-v50010/zxr10-ping-detect@2020-08-25.yang

>>> transform /home/leoma/workspace/doc/ydk-yang-zte-m6000-v50010/zxr10-ping@2020-12-01.yang
/home/leoma/workspace/doc/ydk-yang-zte-m6000-v50010/zxr10-ping@2020-12-01.yang:1803: warning: explicit config statement is ignored
/home/leoma/workspace/doc/ydk-yang-zte-m6000-v50010/zxr10-ping@2020-12-01.yang:1864: warning: explicit config statement is ignored

>>> transform /home/leoma/workspace/doc/ydk-yang-zte-m6000-v50010/zxr10-platform-oc@2020-07-07.yang
/home/leoma/workspace/doc/ydk-yang-zte-m6000-v50010/zxr10-platform-oc@2020-07-07.yang:12: warning: imported module "openconfig-types" not used

>>> transform /home/leoma/workspace/doc/ydk-yang-zte-m6000-v50010/zxr10-pm-clock@2019-04-08.yang

>>> transform /home/leoma/workspace/doc/ydk-yang-zte-m6000-v50010/zxr10-pm-cluster@2019-01-17.yang

>>> transform /home/leoma/workspace/doc/ydk-yang-zte-m6000-v50010/zxr10-pm-component-perf@2019-07-24.yang

>>> transform /home/leoma/workspace/doc/ydk-yang-zte-m6000-v50010/zxr10-pm-component@2019-05-16.yang
/home/leoma/workspace/doc/ydk-yang-zte-m6000-v50010/zxr10-pm-component@2019-05-16.yang:875: warning: explicit config statement is ignored
/home/leoma/workspace/doc/ydk-yang-zte-m6000-v50010/zxr10-pm-component@2019-05-16.yang:1294: warning: explicit config statement is ignored

>>> transform /home/leoma/workspace/doc/ydk-yang-zte-m6000-v50010/zxr10-pm-controller@2021-01-28.yang

>>> transform /home/leoma/workspace/doc/ydk-yang-zte-m6000-v50010/zxr10-pm-database@2019-08-01.yang
/home/leoma/workspace/doc/ydk-yang-zte-m6000-v50010/zxr10-pm-database@2019-08-01.yang:152: warning: explicit config statement is ignored
/home/leoma/workspace/doc/ydk-yang-zte-m6000-v50010/zxr10-pm-database@2019-08-01.yang:195: warning: explicit config statement is ignored
/home/leoma/workspace/doc/ydk-yang-zte-m6000-v50010/zxr10-pm-database@2019-08-01.yang:237: warning: explicit config statement is ignored
/home/leoma/workspace/doc/ydk-yang-zte-m6000-v50010/zxr10-pm-database@2019-08-01.yang:243: warning: explicit config statement is ignored
/home/leoma/workspace/doc/ydk-yang-zte-m6000-v50010/zxr10-pm-database@2019-08-01.yang:266: warning: explicit config statement is ignored
/home/leoma/workspace/doc/ydk-yang-zte-m6000-v50010/zxr10-pm-database@2019-08-01.yang:358: warning: explicit config statement is ignored
/home/leoma/workspace/doc/ydk-yang-zte-m6000-v50010/zxr10-pm-database@2019-08-01.yang:364: warning: explicit config statement is ignored
/home/leoma/workspace/doc/ydk-yang-zte-m6000-v50010/zxr10-pm-database@2019-08-01.yang:374: warning: explicit config statement is ignored
/home/leoma/workspace/doc/ydk-yang-zte-m6000-v50010/zxr10-pm-database@2019-08-01.yang:417: warning: explicit config statement is ignored
/home/leoma/workspace/doc/ydk-yang-zte-m6000-v50010/zxr10-pm-database@2019-08-01.yang:459: warning: explicit config statement is ignored
/home/leoma/workspace/doc/ydk-yang-zte-m6000-v50010/zxr10-pm-database@2019-08-01.yang:467: warning: explicit config statement is ignored
/home/leoma/workspace/doc/ydk-yang-zte-m6000-v50010/zxr10-pm-database@2019-08-01.yang:473: warning: explicit config statement is ignored
/home/leoma/workspace/doc/ydk-yang-zte-m6000-v50010/zxr10-pm-database@2019-08-01.yang:486: warning: explicit config statement is ignored
/home/leoma/workspace/doc/ydk-yang-zte-m6000-v50010/zxr10-pm-database@2019-08-01.yang:492: warning: explicit config statement is ignored
/home/leoma/workspace/doc/ydk-yang-zte-m6000-v50010/zxr10-pm-database@2019-08-01.yang:498: warning: explicit config statement is ignored
/home/leoma/workspace/doc/ydk-yang-zte-m6000-v50010/zxr10-pm-database@2019-08-01.yang:547: warning: explicit config statement is ignored
/home/leoma/workspace/doc/ydk-yang-zte-m6000-v50010/zxr10-pm-database@2019-08-01.yang:602: warning: explicit config statement is ignored
/home/leoma/workspace/doc/ydk-yang-zte-m6000-v50010/zxr10-pm-database@2019-08-01.yang:608: warning: explicit config statement is ignored
/home/leoma/workspace/doc/ydk-yang-zte-m6000-v50010/zxr10-pm-database@2019-08-01.yang:614: warning: explicit config statement is ignored
/home/leoma/workspace/doc/ydk-yang-zte-m6000-v50010/zxr10-pm-database@2019-08-01.yang:663: warning: explicit config statement is ignored

>>> transform /home/leoma/workspace/doc/ydk-yang-zte-m6000-v50010/zxr10-pm-dcn@2020-07-29.yang

>>> transform /home/leoma/workspace/doc/ydk-yang-zte-m6000-v50010/zxr10-pm-env@2021-04-26.yang
/home/leoma/workspace/doc/ydk-yang-zte-m6000-v50010/zxr10-pm-env@2021-04-26.yang:2626: warning: explicit config statement is ignored
/home/leoma/workspace/doc/ydk-yang-zte-m6000-v50010/zxr10-pm-env@2021-04-26.yang:2637: warning: explicit config statement is ignored
/home/leoma/workspace/doc/ydk-yang-zte-m6000-v50010/zxr10-pm-env@2021-04-26.yang:2650: warning: explicit config statement is ignored
/home/leoma/workspace/doc/ydk-yang-zte-m6000-v50010/zxr10-pm-env@2021-04-26.yang:2673: warning: explicit config statement is ignored
/home/leoma/workspace/doc/ydk-yang-zte-m6000-v50010/zxr10-pm-env@2021-04-26.yang:2685: warning: explicit config statement is ignored
/home/leoma/workspace/doc/ydk-yang-zte-m6000-v50010/zxr10-pm-env@2021-04-26.yang:2697: warning: explicit config statement is ignored
/home/leoma/workspace/doc/ydk-yang-zte-m6000-v50010/zxr10-pm-env@2021-04-26.yang:2711: warning: explicit config statement is ignored
/home/leoma/workspace/doc/ydk-yang-zte-m6000-v50010/zxr10-pm-env@2021-04-26.yang:2722: warning: explicit config statement is ignored
/home/leoma/workspace/doc/ydk-yang-zte-m6000-v50010/zxr10-pm-env@2021-04-26.yang:2733: warning: explicit config statement is ignored
/home/leoma/workspace/doc/ydk-yang-zte-m6000-v50010/zxr10-pm-env@2021-04-26.yang:2752: warning: explicit config statement is ignored
/home/leoma/workspace/doc/ydk-yang-zte-m6000-v50010/zxr10-pm-env@2021-04-26.yang:2782: warning: explicit config statement is ignored

>>> transform /home/leoma/workspace/doc/ydk-yang-zte-m6000-v50010/zxr10-pm-flexe@2020-11-05.yang

>>> transform /home/leoma/workspace/doc/ydk-yang-zte-m6000-v50010/zxr10-pm-interface-af@2020-12-01.yang

>>> transform /home/leoma/workspace/doc/ydk-yang-zte-m6000-v50010/zxr10-pm-interface@2021-01-28.yang
/home/leoma/workspace/doc/ydk-yang-zte-m6000-v50010/zxr10-pm-interface@2021-01-28.yang:3253: warning: explicit config statement is ignored
/home/leoma/workspace/doc/ydk-yang-zte-m6000-v50010/zxr10-pm-interface@2021-01-28.yang:3260: warning: explicit config statement is ignored
/home/leoma/workspace/doc/ydk-yang-zte-m6000-v50010/zxr10-pm-interface@2021-01-28.yang:3279: warning: explicit config statement is ignored

>>> transform /home/leoma/workspace/doc/ydk-yang-zte-m6000-v50010/zxr10-pm-license@2021-01-28.yang
/home/leoma/workspace/doc/ydk-yang-zte-m6000-v50010/zxr10-pm-license@2021-01-28.yang:5: warning: imported module "zxr10-netconf-defs" not used

>>> transform /home/leoma/workspace/doc/ydk-yang-zte-m6000-v50010/zxr10-pm-lr@2020-10-19.yang

>>> transform /home/leoma/workspace/doc/ydk-yang-zte-m6000-v50010/zxr10-pm-sdm@2020-12-13.yang
/home/leoma/workspace/doc/ydk-yang-zte-m6000-v50010/zxr10-pm-sdm@2020-12-13.yang:1: warning: unexpected latest revision "2020-01-06" in /home/leoma/workspace/doc/ydk-yang-zte-m6000-v50010/zxr10-pm-sdm@2020-12-13.yang, should be "2020-12-13"
/home/leoma/workspace/doc/ydk-yang-zte-m6000-v50010/zxr10-pm-sdm@2020-12-13.yang:401: warning: explicit config statement is ignored
/home/leoma/workspace/doc/ydk-yang-zte-m6000-v50010/zxr10-pm-sdm@2020-12-13.yang:429: warning: explicit config statement is ignored
/home/leoma/workspace/doc/ydk-yang-zte-m6000-v50010/zxr10-pm-sdm@2020-12-13.yang:442: warning: explicit config statement is ignored
/home/leoma/workspace/doc/ydk-yang-zte-m6000-v50010/zxr10-pm-sdm@2020-12-13.yang:448: warning: explicit config statement is ignored
/home/leoma/workspace/doc/ydk-yang-zte-m6000-v50010/zxr10-pm-sdm@2020-12-13.yang:526: warning: explicit config statement is ignored
/home/leoma/workspace/doc/ydk-yang-zte-m6000-v50010/zxr10-pm-sdm@2020-12-13.yang:542: warning: explicit config statement is ignored
/home/leoma/workspace/doc/ydk-yang-zte-m6000-v50010/zxr10-pm-sdm@2020-12-13.yang:562: warning: explicit config statement is ignored
/home/leoma/workspace/doc/ydk-yang-zte-m6000-v50010/zxr10-pm-sdm@2020-12-13.yang:571: warning: explicit config statement is ignored

>>> transform /home/leoma/workspace/doc/ydk-yang-zte-m6000-v50010/zxr10-pm-sys-af@2019-01-17.yang

>>> transform /home/leoma/workspace/doc/ydk-yang-zte-m6000-v50010/zxr10-pm-sys@2021-02-07.yang
/home/leoma/workspace/doc/ydk-yang-zte-m6000-v50010/zxr10-pm-sys@2021-02-07.yang:2345: warning: explicit config statement is ignored
/home/leoma/workspace/doc/ydk-yang-zte-m6000-v50010/zxr10-pm-sys@2021-02-07.yang:2352: warning: explicit config statement is ignored
/home/leoma/workspace/doc/ydk-yang-zte-m6000-v50010/zxr10-pm-sys@2021-02-07.yang:2377: warning: explicit config statement is ignored
/home/leoma/workspace/doc/ydk-yang-zte-m6000-v50010/zxr10-pm-sys@2021-02-07.yang:2392: warning: explicit config statement is ignored
/home/leoma/workspace/doc/ydk-yang-zte-m6000-v50010/zxr10-pm-sys@2021-02-07.yang:2403: warning: explicit config statement is ignored
/home/leoma/workspace/doc/ydk-yang-zte-m6000-v50010/zxr10-pm-sys@2021-02-07.yang:2414: warning: explicit config statement is ignored
/home/leoma/workspace/doc/ydk-yang-zte-m6000-v50010/zxr10-pm-sys@2021-02-07.yang:2445: warning: explicit config statement is ignored

>>> transform /home/leoma/workspace/doc/ydk-yang-zte-m6000-v50010/zxr10-port-group@2020-09-01.yang

>>> transform /home/leoma/workspace/doc/ydk-yang-zte-m6000-v50010/zxr10-portmap@2013-10-11.yang

>>> transform /home/leoma/workspace/doc/ydk-yang-zte-m6000-v50010/zxr10-ppp@2021-01-25.yang

>>> transform /home/leoma/workspace/doc/ydk-yang-zte-m6000-v50010/zxr10-pppoe-client@2015-07-28.yang

>>> transform /home/leoma/workspace/doc/ydk-yang-zte-m6000-v50010/zxr10-prefix-list@2020-04-23.yang

>>> transform /home/leoma/workspace/doc/ydk-yang-zte-m6000-v50010/zxr10-profile@2015-09-14.yang

>>> transform /home/leoma/workspace/doc/ydk-yang-zte-m6000-v50010/zxr10-propagate@2016-11-22.yang

>>> transform /home/leoma/workspace/doc/ydk-yang-zte-m6000-v50010/zxr10-protect-group-list@2013-12-12.yang
/home/leoma/workspace/doc/ydk-yang-zte-m6000-v50010/zxr10-protect-group-list@2013-12-12.yang:62: warning: all keys in the list are redundantly present in the unique statement

>>> transform /home/leoma/workspace/doc/ydk-yang-zte-m6000-v50010/zxr10-pss-rtm@2019-12-11.yang
/home/leoma/workspace/doc/ydk-yang-zte-m6000-v50010/zxr10-pss-rtm@2019-12-11.yang:6: warning: imported module "zxr10-netconf-defs" not used

>>> transform /home/leoma/workspace/doc/ydk-yang-zte-m6000-v50010/zxr10-ptp@2020-11-20.yang
/home/leoma/workspace/doc/ydk-yang-zte-m6000-v50010/zxr10-ptp@2020-11-20.yang:4650: warning: explicit config statement is ignored
/home/leoma/workspace/doc/ydk-yang-zte-m6000-v50010/zxr10-ptp@2020-11-20.yang:4689: warning: explicit config statement is ignored

>>> transform /home/leoma/workspace/doc/ydk-yang-zte-m6000-v50010/zxr10-pwe3@2016-11-29.yang

>>> transform /home/leoma/workspace/doc/ydk-yang-zte-m6000-v50010/zxr10-qos@2021-04-22.yang

>>> transform /home/leoma/workspace/doc/ydk-yang-zte-m6000-v50010/zxr10-quantum@2020-12-25.yang

>>> transform /home/leoma/workspace/doc/ydk-yang-zte-m6000-v50010/zxr10-radius@2020-08-10.yang

>>> transform /home/leoma/workspace/doc/ydk-yang-zte-m6000-v50010/zxr10-rd-list@2015-10-12.yang

>>> transform /home/leoma/workspace/doc/ydk-yang-zte-m6000-v50010/zxr10-rip@2020-09-21.yang

>>> transform /home/leoma/workspace/doc/ydk-yang-zte-m6000-v50010/zxr10-route-map@2020-12-30.yang

>>> transform /home/leoma/workspace/doc/ydk-yang-zte-m6000-v50010/zxr10-route-protocol-management@2020-04-09.yang

>>> transform /home/leoma/workspace/doc/ydk-yang-zte-m6000-v50010/zxr10-rpm-bier@2020-08-05.yang

>>> transform /home/leoma/workspace/doc/ydk-yang-zte-m6000-v50010/zxr10-rpm-segment@2021-02-05.yang

>>> transform /home/leoma/workspace/doc/ydk-yang-zte-m6000-v50010/zxr10-rpm-srt@2021-01-07.yang

>>> transform /home/leoma/workspace/doc/ydk-yang-zte-m6000-v50010/zxr10-rtm-sfc@2019-10-10.yang

>>> transform /home/leoma/workspace/doc/ydk-yang-zte-m6000-v50010/zxr10-rtm@2013-06-13.yang

>>> transform /home/leoma/workspace/doc/ydk-yang-zte-m6000-v50010/zxr10-samgr@2021-01-19.yang

>>> transform /home/leoma/workspace/doc/ydk-yang-zte-m6000-v50010/zxr10-sctp@2014-04-08.yang

>>> transform /home/leoma/workspace/doc/ydk-yang-zte-m6000-v50010/zxr10-section-group@2017-08-10.yang

>>> transform /home/leoma/workspace/doc/ydk-yang-zte-m6000-v50010/zxr10-section@2019-05-09.yang

>>> transform /home/leoma/workspace/doc/ydk-yang-zte-m6000-v50010/zxr10-sflow@2020-09-14.yang

>>> transform /home/leoma/workspace/doc/ydk-yang-zte-m6000-v50010/zxr10-sftp@2020-03-23.yang

>>> transform /home/leoma/workspace/doc/ydk-yang-zte-m6000-v50010/zxr10-sib@2020-10-27.yang

>>> transform /home/leoma/workspace/doc/ydk-yang-zte-m6000-v50010/zxr10-sibtp-mgr@2020-02-12.yang

>>> transform /home/leoma/workspace/doc/ydk-yang-zte-m6000-v50010/zxr10-snetconf@2015-01-12.yang

>>> transform /home/leoma/workspace/doc/ydk-yang-zte-m6000-v50010/zxr10-snmp@2020-03-25.yang

>>> transform /home/leoma/workspace/doc/ydk-yang-zte-m6000-v50010/zxr10-span@2020-06-15.yang

>>> transform /home/leoma/workspace/doc/ydk-yang-zte-m6000-v50010/zxr10-sqa@2021-01-16.yang
/home/leoma/workspace/doc/ydk-yang-zte-m6000-v50010/zxr10-sqa@2021-01-16.yang:6641: warning: explicit config statement is ignored
/home/leoma/workspace/doc/ydk-yang-zte-m6000-v50010/zxr10-sqa@2021-01-16.yang:6653: warning: explicit config statement is ignored
/home/leoma/workspace/doc/ydk-yang-zte-m6000-v50010/zxr10-sqa@2021-01-16.yang:6664: warning: explicit config statement is ignored
/home/leoma/workspace/doc/ydk-yang-zte-m6000-v50010/zxr10-sqa@2021-01-16.yang:6675: warning: explicit config statement is ignored
/home/leoma/workspace/doc/ydk-yang-zte-m6000-v50010/zxr10-sqa@2021-01-16.yang:6681: warning: explicit config statement is ignored
/home/leoma/workspace/doc/ydk-yang-zte-m6000-v50010/zxr10-sqa@2021-01-16.yang:6688: warning: explicit config statement is ignored
/home/leoma/workspace/doc/ydk-yang-zte-m6000-v50010/zxr10-sqa@2021-01-16.yang:6695: warning: explicit config statement is ignored
/home/leoma/workspace/doc/ydk-yang-zte-m6000-v50010/zxr10-sqa@2021-01-16.yang:6702: warning: explicit config statement is ignored
/home/leoma/workspace/doc/ydk-yang-zte-m6000-v50010/zxr10-sqa@2021-01-16.yang:6709: warning: explicit config statement is ignored
/home/leoma/workspace/doc/ydk-yang-zte-m6000-v50010/zxr10-sqa@2021-01-16.yang:6716: warning: explicit config statement is ignored
/home/leoma/workspace/doc/ydk-yang-zte-m6000-v50010/zxr10-sqa@2021-01-16.yang:6723: warning: explicit config statement is ignored
/home/leoma/workspace/doc/ydk-yang-zte-m6000-v50010/zxr10-sqa@2021-01-16.yang:6730: warning: explicit config statement is ignored
/home/leoma/workspace/doc/ydk-yang-zte-m6000-v50010/zxr10-sqa@2021-01-16.yang:6737: warning: explicit config statement is ignored
/home/leoma/workspace/doc/ydk-yang-zte-m6000-v50010/zxr10-sqa@2021-01-16.yang:6744: warning: explicit config statement is ignored
/home/leoma/workspace/doc/ydk-yang-zte-m6000-v50010/zxr10-sqa@2021-01-16.yang:6751: warning: explicit config statement is ignored
/home/leoma/workspace/doc/ydk-yang-zte-m6000-v50010/zxr10-sqa@2021-01-16.yang:6758: warning: explicit config statement is ignored
/home/leoma/workspace/doc/ydk-yang-zte-m6000-v50010/zxr10-sqa@2021-01-16.yang:6765: warning: explicit config statement is ignored
/home/leoma/workspace/doc/ydk-yang-zte-m6000-v50010/zxr10-sqa@2021-01-16.yang:6772: warning: explicit config statement is ignored
/home/leoma/workspace/doc/ydk-yang-zte-m6000-v50010/zxr10-sqa@2021-01-16.yang:6779: warning: explicit config statement is ignored
/home/leoma/workspace/doc/ydk-yang-zte-m6000-v50010/zxr10-sqa@2021-01-16.yang:6786: warning: explicit config statement is ignored
/home/leoma/workspace/doc/ydk-yang-zte-m6000-v50010/zxr10-sqa@2021-01-16.yang:6793: warning: explicit config statement is ignored
/home/leoma/workspace/doc/ydk-yang-zte-m6000-v50010/zxr10-sqa@2021-01-16.yang:6804: warning: explicit config statement is ignored
/home/leoma/workspace/doc/ydk-yang-zte-m6000-v50010/zxr10-sqa@2021-01-16.yang:6815: warning: explicit config statement is ignored
/home/leoma/workspace/doc/ydk-yang-zte-m6000-v50010/zxr10-sqa@2021-01-16.yang:6832: warning: explicit config statement is ignored
/home/leoma/workspace/doc/ydk-yang-zte-m6000-v50010/zxr10-sqa@2021-01-16.yang:6844: warning: explicit config statement is ignored
/home/leoma/workspace/doc/ydk-yang-zte-m6000-v50010/zxr10-sqa@2021-01-16.yang:6855: warning: explicit config statement is ignored
/home/leoma/workspace/doc/ydk-yang-zte-m6000-v50010/zxr10-sqa@2021-01-16.yang:6866: warning: explicit config statement is ignored
/home/leoma/workspace/doc/ydk-yang-zte-m6000-v50010/zxr10-sqa@2021-01-16.yang:6872: warning: explicit config statement is ignored
/home/leoma/workspace/doc/ydk-yang-zte-m6000-v50010/zxr10-sqa@2021-01-16.yang:6879: warning: explicit config statement is ignored
/home/leoma/workspace/doc/ydk-yang-zte-m6000-v50010/zxr10-sqa@2021-01-16.yang:6886: warning: explicit config statement is ignored
/home/leoma/workspace/doc/ydk-yang-zte-m6000-v50010/zxr10-sqa@2021-01-16.yang:6893: warning: explicit config statement is ignored
/home/leoma/workspace/doc/ydk-yang-zte-m6000-v50010/zxr10-sqa@2021-01-16.yang:6900: warning: explicit config statement is ignored
/home/leoma/workspace/doc/ydk-yang-zte-m6000-v50010/zxr10-sqa@2021-01-16.yang:6907: warning: explicit config statement is ignored
/home/leoma/workspace/doc/ydk-yang-zte-m6000-v50010/zxr10-sqa@2021-01-16.yang:6914: warning: explicit config statement is ignored
/home/leoma/workspace/doc/ydk-yang-zte-m6000-v50010/zxr10-sqa@2021-01-16.yang:6921: warning: explicit config statement is ignored
/home/leoma/workspace/doc/ydk-yang-zte-m6000-v50010/zxr10-sqa@2021-01-16.yang:6928: warning: explicit config statement is ignored
/home/leoma/workspace/doc/ydk-yang-zte-m6000-v50010/zxr10-sqa@2021-01-16.yang:6935: warning: explicit config statement is ignored
/home/leoma/workspace/doc/ydk-yang-zte-m6000-v50010/zxr10-sqa@2021-01-16.yang:6942: warning: explicit config statement is ignored
/home/leoma/workspace/doc/ydk-yang-zte-m6000-v50010/zxr10-sqa@2021-01-16.yang:6949: warning: explicit config statement is ignored
/home/leoma/workspace/doc/ydk-yang-zte-m6000-v50010/zxr10-sqa@2021-01-16.yang:6956: warning: explicit config statement is ignored
/home/leoma/workspace/doc/ydk-yang-zte-m6000-v50010/zxr10-sqa@2021-01-16.yang:6963: warning: explicit config statement is ignored
/home/leoma/workspace/doc/ydk-yang-zte-m6000-v50010/zxr10-sqa@2021-01-16.yang:6970: warning: explicit config statement is ignored
/home/leoma/workspace/doc/ydk-yang-zte-m6000-v50010/zxr10-sqa@2021-01-16.yang:6977: warning: explicit config statement is ignored
/home/leoma/workspace/doc/ydk-yang-zte-m6000-v50010/zxr10-sqa@2021-01-16.yang:6984: warning: explicit config statement is ignored
/home/leoma/workspace/doc/ydk-yang-zte-m6000-v50010/zxr10-sqa@2021-01-16.yang:6995: warning: explicit config statement is ignored
/home/leoma/workspace/doc/ydk-yang-zte-m6000-v50010/zxr10-sqa@2021-01-16.yang:7006: warning: explicit config statement is ignored
/home/leoma/workspace/doc/ydk-yang-zte-m6000-v50010/zxr10-sqa@2021-01-16.yang:7023: warning: explicit config statement is ignored
/home/leoma/workspace/doc/ydk-yang-zte-m6000-v50010/zxr10-sqa@2021-01-16.yang:7035: warning: explicit config statement is ignored
/home/leoma/workspace/doc/ydk-yang-zte-m6000-v50010/zxr10-sqa@2021-01-16.yang:7046: warning: explicit config statement is ignored
/home/leoma/workspace/doc/ydk-yang-zte-m6000-v50010/zxr10-sqa@2021-01-16.yang:7057: warning: explicit config statement is ignored
/home/leoma/workspace/doc/ydk-yang-zte-m6000-v50010/zxr10-sqa@2021-01-16.yang:7063: warning: explicit config statement is ignored
/home/leoma/workspace/doc/ydk-yang-zte-m6000-v50010/zxr10-sqa@2021-01-16.yang:7070: warning: explicit config statement is ignored
/home/leoma/workspace/doc/ydk-yang-zte-m6000-v50010/zxr10-sqa@2021-01-16.yang:7077: warning: explicit config statement is ignored
/home/leoma/workspace/doc/ydk-yang-zte-m6000-v50010/zxr10-sqa@2021-01-16.yang:7084: warning: explicit config statement is ignored
/home/leoma/workspace/doc/ydk-yang-zte-m6000-v50010/zxr10-sqa@2021-01-16.yang:7091: warning: explicit config statement is ignored
/home/leoma/workspace/doc/ydk-yang-zte-m6000-v50010/zxr10-sqa@2021-01-16.yang:7102: warning: explicit config statement is ignored
/home/leoma/workspace/doc/ydk-yang-zte-m6000-v50010/zxr10-sqa@2021-01-16.yang:7119: warning: explicit config statement is ignored
/home/leoma/workspace/doc/ydk-yang-zte-m6000-v50010/zxr10-sqa@2021-01-16.yang:7131: warning: explicit config statement is ignored
/home/leoma/workspace/doc/ydk-yang-zte-m6000-v50010/zxr10-sqa@2021-01-16.yang:7138: warning: explicit config statement is ignored
/home/leoma/workspace/doc/ydk-yang-zte-m6000-v50010/zxr10-sqa@2021-01-16.yang:7145: warning: explicit config statement is ignored
/home/leoma/workspace/doc/ydk-yang-zte-m6000-v50010/zxr10-sqa@2021-01-16.yang:7166: warning: explicit config statement is ignored
/home/leoma/workspace/doc/ydk-yang-zte-m6000-v50010/zxr10-sqa@2021-01-16.yang:7178: warning: explicit config statement is ignored
/home/leoma/workspace/doc/ydk-yang-zte-m6000-v50010/zxr10-sqa@2021-01-16.yang:7189: warning: explicit config statement is ignored
/home/leoma/workspace/doc/ydk-yang-zte-m6000-v50010/zxr10-sqa@2021-01-16.yang:7200: warning: explicit config statement is ignored
/home/leoma/workspace/doc/ydk-yang-zte-m6000-v50010/zxr10-sqa@2021-01-16.yang:7211: warning: explicit config statement is ignored
/home/leoma/workspace/doc/ydk-yang-zte-m6000-v50010/zxr10-sqa@2021-01-16.yang:7218: warning: explicit config statement is ignored
/home/leoma/workspace/doc/ydk-yang-zte-m6000-v50010/zxr10-sqa@2021-01-16.yang:7225: warning: explicit config statement is ignored
/home/leoma/workspace/doc/ydk-yang-zte-m6000-v50010/zxr10-sqa@2021-01-16.yang:7232: warning: explicit config statement is ignored
/home/leoma/workspace/doc/ydk-yang-zte-m6000-v50010/zxr10-sqa@2021-01-16.yang:7239: warning: explicit config statement is ignored
/home/leoma/workspace/doc/ydk-yang-zte-m6000-v50010/zxr10-sqa@2021-01-16.yang:7246: warning: explicit config statement is ignored
/home/leoma/workspace/doc/ydk-yang-zte-m6000-v50010/zxr10-sqa@2021-01-16.yang:7267: warning: explicit config statement is ignored
/home/leoma/workspace/doc/ydk-yang-zte-m6000-v50010/zxr10-sqa@2021-01-16.yang:7279: warning: explicit config statement is ignored
/home/leoma/workspace/doc/ydk-yang-zte-m6000-v50010/zxr10-sqa@2021-01-16.yang:7290: warning: explicit config statement is ignored
/home/leoma/workspace/doc/ydk-yang-zte-m6000-v50010/zxr10-sqa@2021-01-16.yang:7301: warning: explicit config statement is ignored
/home/leoma/workspace/doc/ydk-yang-zte-m6000-v50010/zxr10-sqa@2021-01-16.yang:7307: warning: explicit config statement is ignored
/home/leoma/workspace/doc/ydk-yang-zte-m6000-v50010/zxr10-sqa@2021-01-16.yang:7314: warning: explicit config statement is ignored
/home/leoma/workspace/doc/ydk-yang-zte-m6000-v50010/zxr10-sqa@2021-01-16.yang:7321: warning: explicit config statement is ignored
/home/leoma/workspace/doc/ydk-yang-zte-m6000-v50010/zxr10-sqa@2021-01-16.yang:7328: warning: explicit config statement is ignored
/home/leoma/workspace/doc/ydk-yang-zte-m6000-v50010/zxr10-sqa@2021-01-16.yang:7335: warning: explicit config statement is ignored
/home/leoma/workspace/doc/ydk-yang-zte-m6000-v50010/zxr10-sqa@2021-01-16.yang:7342: warning: explicit config statement is ignored
/home/leoma/workspace/doc/ydk-yang-zte-m6000-v50010/zxr10-sqa@2021-01-16.yang:7349: warning: explicit config statement is ignored
/home/leoma/workspace/doc/ydk-yang-zte-m6000-v50010/zxr10-sqa@2021-01-16.yang:7356: warning: explicit config statement is ignored
/home/leoma/workspace/doc/ydk-yang-zte-m6000-v50010/zxr10-sqa@2021-01-16.yang:7363: warning: explicit config statement is ignored
/home/leoma/workspace/doc/ydk-yang-zte-m6000-v50010/zxr10-sqa@2021-01-16.yang:7371: warning: explicit config statement is ignored
/home/leoma/workspace/doc/ydk-yang-zte-m6000-v50010/zxr10-sqa@2021-01-16.yang:7379: warning: explicit config statement is ignored
/home/leoma/workspace/doc/ydk-yang-zte-m6000-v50010/zxr10-sqa@2021-01-16.yang:7387: warning: explicit config statement is ignored
/home/leoma/workspace/doc/ydk-yang-zte-m6000-v50010/zxr10-sqa@2021-01-16.yang:7395: warning: explicit config statement is ignored
/home/leoma/workspace/doc/ydk-yang-zte-m6000-v50010/zxr10-sqa@2021-01-16.yang:7403: warning: explicit config statement is ignored
/home/leoma/workspace/doc/ydk-yang-zte-m6000-v50010/zxr10-sqa@2021-01-16.yang:7411: warning: explicit config statement is ignored
/home/leoma/workspace/doc/ydk-yang-zte-m6000-v50010/zxr10-sqa@2021-01-16.yang:7419: warning: explicit config statement is ignored
/home/leoma/workspace/doc/ydk-yang-zte-m6000-v50010/zxr10-sqa@2021-01-16.yang:7426: warning: explicit config statement is ignored
/home/leoma/workspace/doc/ydk-yang-zte-m6000-v50010/zxr10-sqa@2021-01-16.yang:7434: warning: explicit config statement is ignored
/home/leoma/workspace/doc/ydk-yang-zte-m6000-v50010/zxr10-sqa@2021-01-16.yang:7442: warning: explicit config statement is ignored
/home/leoma/workspace/doc/ydk-yang-zte-m6000-v50010/zxr10-sqa@2021-01-16.yang:7450: warning: explicit config statement is ignored
/home/leoma/workspace/doc/ydk-yang-zte-m6000-v50010/zxr10-sqa@2021-01-16.yang:7458: warning: explicit config statement is ignored
/home/leoma/workspace/doc/ydk-yang-zte-m6000-v50010/zxr10-sqa@2021-01-16.yang:7466: warning: explicit config statement is ignored
/home/leoma/workspace/doc/ydk-yang-zte-m6000-v50010/zxr10-sqa@2021-01-16.yang:7474: warning: explicit config statement is ignored
/home/leoma/workspace/doc/ydk-yang-zte-m6000-v50010/zxr10-sqa@2021-01-16.yang:7482: warning: explicit config statement is ignored
/home/leoma/workspace/doc/ydk-yang-zte-m6000-v50010/zxr10-sqa@2021-01-16.yang:7488: warning: explicit config statement is ignored
/home/leoma/workspace/doc/ydk-yang-zte-m6000-v50010/zxr10-sqa@2021-01-16.yang:7494: warning: explicit config statement is ignored
/home/leoma/workspace/doc/ydk-yang-zte-m6000-v50010/zxr10-sqa@2021-01-16.yang:7500: warning: explicit config statement is ignored
/home/leoma/workspace/doc/ydk-yang-zte-m6000-v50010/zxr10-sqa@2021-01-16.yang:7511: warning: explicit config statement is ignored
/home/leoma/workspace/doc/ydk-yang-zte-m6000-v50010/zxr10-sqa@2021-01-16.yang:7528: warning: explicit config statement is ignored
/home/leoma/workspace/doc/ydk-yang-zte-m6000-v50010/zxr10-sqa@2021-01-16.yang:7540: warning: explicit config statement is ignored
/home/leoma/workspace/doc/ydk-yang-zte-m6000-v50010/zxr10-sqa@2021-01-16.yang:7547: warning: explicit config statement is ignored
/home/leoma/workspace/doc/ydk-yang-zte-m6000-v50010/zxr10-sqa@2021-01-16.yang:7568: warning: explicit config statement is ignored
/home/leoma/workspace/doc/ydk-yang-zte-m6000-v50010/zxr10-sqa@2021-01-16.yang:7580: warning: explicit config statement is ignored
/home/leoma/workspace/doc/ydk-yang-zte-m6000-v50010/zxr10-sqa@2021-01-16.yang:7591: warning: explicit config statement is ignored
/home/leoma/workspace/doc/ydk-yang-zte-m6000-v50010/zxr10-sqa@2021-01-16.yang:7602: warning: explicit config statement is ignored
/home/leoma/workspace/doc/ydk-yang-zte-m6000-v50010/zxr10-sqa@2021-01-16.yang:7608: warning: explicit config statement is ignored
/home/leoma/workspace/doc/ydk-yang-zte-m6000-v50010/zxr10-sqa@2021-01-16.yang:7619: warning: explicit config statement is ignored
/home/leoma/workspace/doc/ydk-yang-zte-m6000-v50010/zxr10-sqa@2021-01-16.yang:7626: warning: explicit config statement is ignored
/home/leoma/workspace/doc/ydk-yang-zte-m6000-v50010/zxr10-sqa@2021-01-16.yang:7633: warning: explicit config statement is ignored
/home/leoma/workspace/doc/ydk-yang-zte-m6000-v50010/zxr10-sqa@2021-01-16.yang:7640: warning: explicit config statement is ignored
/home/leoma/workspace/doc/ydk-yang-zte-m6000-v50010/zxr10-sqa@2021-01-16.yang:7647: warning: explicit config statement is ignored
/home/leoma/workspace/doc/ydk-yang-zte-m6000-v50010/zxr10-sqa@2021-01-16.yang:7654: warning: explicit config statement is ignored
/home/leoma/workspace/doc/ydk-yang-zte-m6000-v50010/zxr10-sqa@2021-01-16.yang:7661: warning: explicit config statement is ignored
/home/leoma/workspace/doc/ydk-yang-zte-m6000-v50010/zxr10-sqa@2021-01-16.yang:7668: warning: explicit config statement is ignored
/home/leoma/workspace/doc/ydk-yang-zte-m6000-v50010/zxr10-sqa@2021-01-16.yang:7675: warning: explicit config statement is ignored
/home/leoma/workspace/doc/ydk-yang-zte-m6000-v50010/zxr10-sqa@2021-01-16.yang:7682: warning: explicit config statement is ignored
/home/leoma/workspace/doc/ydk-yang-zte-m6000-v50010/zxr10-sqa@2021-01-16.yang:7689: warning: explicit config statement is ignored
/home/leoma/workspace/doc/ydk-yang-zte-m6000-v50010/zxr10-sqa@2021-01-16.yang:7696: warning: explicit config statement is ignored
/home/leoma/workspace/doc/ydk-yang-zte-m6000-v50010/zxr10-sqa@2021-01-16.yang:7703: warning: explicit config statement is ignored
/home/leoma/workspace/doc/ydk-yang-zte-m6000-v50010/zxr10-sqa@2021-01-16.yang:7710: warning: explicit config statement is ignored
/home/leoma/workspace/doc/ydk-yang-zte-m6000-v50010/zxr10-sqa@2021-01-16.yang:7717: warning: explicit config statement is ignored
/home/leoma/workspace/doc/ydk-yang-zte-m6000-v50010/zxr10-sqa@2021-01-16.yang:7724: warning: explicit config statement is ignored
/home/leoma/workspace/doc/ydk-yang-zte-m6000-v50010/zxr10-sqa@2021-01-16.yang:7731: warning: explicit config statement is ignored
/home/leoma/workspace/doc/ydk-yang-zte-m6000-v50010/zxr10-sqa@2021-01-16.yang:7752: warning: explicit config statement is ignored
/home/leoma/workspace/doc/ydk-yang-zte-m6000-v50010/zxr10-sqa@2021-01-16.yang:7764: warning: explicit config statement is ignored
/home/leoma/workspace/doc/ydk-yang-zte-m6000-v50010/zxr10-sqa@2021-01-16.yang:7775: warning: explicit config statement is ignored
/home/leoma/workspace/doc/ydk-yang-zte-m6000-v50010/zxr10-sqa@2021-01-16.yang:7786: warning: explicit config statement is ignored
/home/leoma/workspace/doc/ydk-yang-zte-m6000-v50010/zxr10-sqa@2021-01-16.yang:7792: warning: explicit config statement is ignored
/home/leoma/workspace/doc/ydk-yang-zte-m6000-v50010/zxr10-sqa@2021-01-16.yang:7799: warning: explicit config statement is ignored
/home/leoma/workspace/doc/ydk-yang-zte-m6000-v50010/zxr10-sqa@2021-01-16.yang:7806: warning: explicit config statement is ignored
/home/leoma/workspace/doc/ydk-yang-zte-m6000-v50010/zxr10-sqa@2021-01-16.yang:7813: warning: explicit config statement is ignored
/home/leoma/workspace/doc/ydk-yang-zte-m6000-v50010/zxr10-sqa@2021-01-16.yang:7820: warning: explicit config statement is ignored
/home/leoma/workspace/doc/ydk-yang-zte-m6000-v50010/zxr10-sqa@2021-01-16.yang:7827: warning: explicit config statement is ignored
/home/leoma/workspace/doc/ydk-yang-zte-m6000-v50010/zxr10-sqa@2021-01-16.yang:7834: warning: explicit config statement is ignored
/home/leoma/workspace/doc/ydk-yang-zte-m6000-v50010/zxr10-sqa@2021-01-16.yang:7841: warning: explicit config statement is ignored
/home/leoma/workspace/doc/ydk-yang-zte-m6000-v50010/zxr10-sqa@2021-01-16.yang:7848: warning: explicit config statement is ignored
/home/leoma/workspace/doc/ydk-yang-zte-m6000-v50010/zxr10-sqa@2021-01-16.yang:7856: warning: explicit config statement is ignored
/home/leoma/workspace/doc/ydk-yang-zte-m6000-v50010/zxr10-sqa@2021-01-16.yang:7864: warning: explicit config statement is ignored
/home/leoma/workspace/doc/ydk-yang-zte-m6000-v50010/zxr10-sqa@2021-01-16.yang:7872: warning: explicit config statement is ignored
/home/leoma/workspace/doc/ydk-yang-zte-m6000-v50010/zxr10-sqa@2021-01-16.yang:7880: warning: explicit config statement is ignored
/home/leoma/workspace/doc/ydk-yang-zte-m6000-v50010/zxr10-sqa@2021-01-16.yang:7888: warning: explicit config statement is ignored
/home/leoma/workspace/doc/ydk-yang-zte-m6000-v50010/zxr10-sqa@2021-01-16.yang:7896: warning: explicit config statement is ignored
/home/leoma/workspace/doc/ydk-yang-zte-m6000-v50010/zxr10-sqa@2021-01-16.yang:7904: warning: explicit config statement is ignored
/home/leoma/workspace/doc/ydk-yang-zte-m6000-v50010/zxr10-sqa@2021-01-16.yang:7911: warning: explicit config statement is ignored
/home/leoma/workspace/doc/ydk-yang-zte-m6000-v50010/zxr10-sqa@2021-01-16.yang:7919: warning: explicit config statement is ignored
/home/leoma/workspace/doc/ydk-yang-zte-m6000-v50010/zxr10-sqa@2021-01-16.yang:7927: warning: explicit config statement is ignored
/home/leoma/workspace/doc/ydk-yang-zte-m6000-v50010/zxr10-sqa@2021-01-16.yang:7935: warning: explicit config statement is ignored
/home/leoma/workspace/doc/ydk-yang-zte-m6000-v50010/zxr10-sqa@2021-01-16.yang:7943: warning: explicit config statement is ignored
/home/leoma/workspace/doc/ydk-yang-zte-m6000-v50010/zxr10-sqa@2021-01-16.yang:7951: warning: explicit config statement is ignored
/home/leoma/workspace/doc/ydk-yang-zte-m6000-v50010/zxr10-sqa@2021-01-16.yang:7959: warning: explicit config statement is ignored
/home/leoma/workspace/doc/ydk-yang-zte-m6000-v50010/zxr10-sqa@2021-01-16.yang:7967: warning: explicit config statement is ignored
/home/leoma/workspace/doc/ydk-yang-zte-m6000-v50010/zxr10-sqa@2021-01-16.yang:7974: warning: explicit config statement is ignored
/home/leoma/workspace/doc/ydk-yang-zte-m6000-v50010/zxr10-sqa@2021-01-16.yang:7985: warning: explicit config statement is ignored
/home/leoma/workspace/doc/ydk-yang-zte-m6000-v50010/zxr10-sqa@2021-01-16.yang:7993: warning: explicit config statement is ignored
/home/leoma/workspace/doc/ydk-yang-zte-m6000-v50010/zxr10-sqa@2021-01-16.yang:8001: warning: explicit config statement is ignored
/home/leoma/workspace/doc/ydk-yang-zte-m6000-v50010/zxr10-sqa@2021-01-16.yang:8009: warning: explicit config statement is ignored
/home/leoma/workspace/doc/ydk-yang-zte-m6000-v50010/zxr10-sqa@2021-01-16.yang:8017: warning: explicit config statement is ignored
/home/leoma/workspace/doc/ydk-yang-zte-m6000-v50010/zxr10-sqa@2021-01-16.yang:8025: warning: explicit config statement is ignored
/home/leoma/workspace/doc/ydk-yang-zte-m6000-v50010/zxr10-sqa@2021-01-16.yang:8033: warning: explicit config statement is ignored
/home/leoma/workspace/doc/ydk-yang-zte-m6000-v50010/zxr10-sqa@2021-01-16.yang:8041: warning: explicit config statement is ignored
/home/leoma/workspace/doc/ydk-yang-zte-m6000-v50010/zxr10-sqa@2021-01-16.yang:8049: warning: explicit config statement is ignored
/home/leoma/workspace/doc/ydk-yang-zte-m6000-v50010/zxr10-sqa@2021-01-16.yang:8057: warning: explicit config statement is ignored
/home/leoma/workspace/doc/ydk-yang-zte-m6000-v50010/zxr10-sqa@2021-01-16.yang:8065: warning: explicit config statement is ignored
/home/leoma/workspace/doc/ydk-yang-zte-m6000-v50010/zxr10-sqa@2021-01-16.yang:8073: warning: explicit config statement is ignored
/home/leoma/workspace/doc/ydk-yang-zte-m6000-v50010/zxr10-sqa@2021-01-16.yang:8081: warning: explicit config statement is ignored
/home/leoma/workspace/doc/ydk-yang-zte-m6000-v50010/zxr10-sqa@2021-01-16.yang:8088: warning: explicit config statement is ignored
/home/leoma/workspace/doc/ydk-yang-zte-m6000-v50010/zxr10-sqa@2021-01-16.yang:8100: warning: explicit config statement is ignored
/home/leoma/workspace/doc/ydk-yang-zte-m6000-v50010/zxr10-sqa@2021-01-16.yang:8118: warning: explicit config statement is ignored
/home/leoma/workspace/doc/ydk-yang-zte-m6000-v50010/zxr10-sqa@2021-01-16.yang:8125: warning: explicit config statement is ignored
/home/leoma/workspace/doc/ydk-yang-zte-m6000-v50010/zxr10-sqa@2021-01-16.yang:8137: warning: explicit config statement is ignored
/home/leoma/workspace/doc/ydk-yang-zte-m6000-v50010/zxr10-sqa@2021-01-16.yang:8148: warning: explicit config statement is ignored
/home/leoma/workspace/doc/ydk-yang-zte-m6000-v50010/zxr10-sqa@2021-01-16.yang:8159: warning: explicit config statement is ignored
/home/leoma/workspace/doc/ydk-yang-zte-m6000-v50010/zxr10-sqa@2021-01-16.yang:8170: warning: explicit config statement is ignored
/home/leoma/workspace/doc/ydk-yang-zte-m6000-v50010/zxr10-sqa@2021-01-16.yang:8177: warning: explicit config statement is ignored
/home/leoma/workspace/doc/ydk-yang-zte-m6000-v50010/zxr10-sqa@2021-01-16.yang:8184: warning: explicit config statement is ignored
/home/leoma/workspace/doc/ydk-yang-zte-m6000-v50010/zxr10-sqa@2021-01-16.yang:8191: warning: explicit config statement is ignored
/home/leoma/workspace/doc/ydk-yang-zte-m6000-v50010/zxr10-sqa@2021-01-16.yang:8197: warning: explicit config statement is ignored
/home/leoma/workspace/doc/ydk-yang-zte-m6000-v50010/zxr10-sqa@2021-01-16.yang:8204: warning: explicit config statement is ignored
/home/leoma/workspace/doc/ydk-yang-zte-m6000-v50010/zxr10-sqa@2021-01-16.yang:8241: warning: explicit config statement is ignored
/home/leoma/workspace/doc/ydk-yang-zte-m6000-v50010/zxr10-sqa@2021-01-16.yang:8248: warning: explicit config statement is ignored
/home/leoma/workspace/doc/ydk-yang-zte-m6000-v50010/zxr10-sqa@2021-01-16.yang:8260: warning: explicit config statement is ignored
/home/leoma/workspace/doc/ydk-yang-zte-m6000-v50010/zxr10-sqa@2021-01-16.yang:8271: warning: explicit config statement is ignored
/home/leoma/workspace/doc/ydk-yang-zte-m6000-v50010/zxr10-sqa@2021-01-16.yang:8282: warning: explicit config statement is ignored
/home/leoma/workspace/doc/ydk-yang-zte-m6000-v50010/zxr10-sqa@2021-01-16.yang:8293: warning: explicit config statement is ignored
/home/leoma/workspace/doc/ydk-yang-zte-m6000-v50010/zxr10-sqa@2021-01-16.yang:8305: warning: explicit config statement is ignored
/home/leoma/workspace/doc/ydk-yang-zte-m6000-v50010/zxr10-sqa@2021-01-16.yang:8311: warning: explicit config statement is ignored
/home/leoma/workspace/doc/ydk-yang-zte-m6000-v50010/zxr10-sqa@2021-01-16.yang:8317: warning: explicit config statement is ignored
/home/leoma/workspace/doc/ydk-yang-zte-m6000-v50010/zxr10-sqa@2021-01-16.yang:8324: warning: explicit config statement is ignored
/home/leoma/workspace/doc/ydk-yang-zte-m6000-v50010/zxr10-sqa@2021-01-16.yang:8352: warning: explicit config statement is ignored
/home/leoma/workspace/doc/ydk-yang-zte-m6000-v50010/zxr10-sqa@2021-01-16.yang:8359: warning: explicit config statement is ignored
/home/leoma/workspace/doc/ydk-yang-zte-m6000-v50010/zxr10-sqa@2021-01-16.yang:8371: warning: explicit config statement is ignored
/home/leoma/workspace/doc/ydk-yang-zte-m6000-v50010/zxr10-sqa@2021-01-16.yang:8382: warning: explicit config statement is ignored
/home/leoma/workspace/doc/ydk-yang-zte-m6000-v50010/zxr10-sqa@2021-01-16.yang:8393: warning: explicit config statement is ignored
/home/leoma/workspace/doc/ydk-yang-zte-m6000-v50010/zxr10-sqa@2021-01-16.yang:8404: warning: explicit config statement is ignored
/home/leoma/workspace/doc/ydk-yang-zte-m6000-v50010/zxr10-sqa@2021-01-16.yang:8416: warning: explicit config statement is ignored
/home/leoma/workspace/doc/ydk-yang-zte-m6000-v50010/zxr10-sqa@2021-01-16.yang:8423: warning: explicit config statement is ignored
/home/leoma/workspace/doc/ydk-yang-zte-m6000-v50010/zxr10-sqa@2021-01-16.yang:8430: warning: explicit config statement is ignored
/home/leoma/workspace/doc/ydk-yang-zte-m6000-v50010/zxr10-sqa@2021-01-16.yang:8437: warning: explicit config statement is ignored
/home/leoma/workspace/doc/ydk-yang-zte-m6000-v50010/zxr10-sqa@2021-01-16.yang:8444: warning: explicit config statement is ignored
/home/leoma/workspace/doc/ydk-yang-zte-m6000-v50010/zxr10-sqa@2021-01-16.yang:8451: warning: explicit config statement is ignored
/home/leoma/workspace/doc/ydk-yang-zte-m6000-v50010/zxr10-sqa@2021-01-16.yang:8458: warning: explicit config statement is ignored
/home/leoma/workspace/doc/ydk-yang-zte-m6000-v50010/zxr10-sqa@2021-01-16.yang:8465: warning: explicit config statement is ignored
/home/leoma/workspace/doc/ydk-yang-zte-m6000-v50010/zxr10-sqa@2021-01-16.yang:8492: warning: explicit config statement is ignored
/home/leoma/workspace/doc/ydk-yang-zte-m6000-v50010/zxr10-sqa@2021-01-16.yang:8499: warning: explicit config statement is ignored
/home/leoma/workspace/doc/ydk-yang-zte-m6000-v50010/zxr10-sqa@2021-01-16.yang:8510: warning: explicit config statement is ignored
/home/leoma/workspace/doc/ydk-yang-zte-m6000-v50010/zxr10-sqa@2021-01-16.yang:8521: warning: explicit config statement is ignored
/home/leoma/workspace/doc/ydk-yang-zte-m6000-v50010/zxr10-sqa@2021-01-16.yang:8532: warning: explicit config statement is ignored
/home/leoma/workspace/doc/ydk-yang-zte-m6000-v50010/zxr10-sqa@2021-01-16.yang:8543: warning: explicit config statement is ignored
/home/leoma/workspace/doc/ydk-yang-zte-m6000-v50010/zxr10-sqa@2021-01-16.yang:8556: warning: explicit config statement is ignored
/home/leoma/workspace/doc/ydk-yang-zte-m6000-v50010/zxr10-sqa@2021-01-16.yang:8563: warning: explicit config statement is ignored
/home/leoma/workspace/doc/ydk-yang-zte-m6000-v50010/zxr10-sqa@2021-01-16.yang:8570: warning: explicit config statement is ignored
/home/leoma/workspace/doc/ydk-yang-zte-m6000-v50010/zxr10-sqa@2021-01-16.yang:8577: warning: explicit config statement is ignored
/home/leoma/workspace/doc/ydk-yang-zte-m6000-v50010/zxr10-sqa@2021-01-16.yang:8584: warning: explicit config statement is ignored
/home/leoma/workspace/doc/ydk-yang-zte-m6000-v50010/zxr10-sqa@2021-01-16.yang:8591: warning: explicit config statement is ignored
/home/leoma/workspace/doc/ydk-yang-zte-m6000-v50010/zxr10-sqa@2021-01-16.yang:8598: warning: explicit config statement is ignored
/home/leoma/workspace/doc/ydk-yang-zte-m6000-v50010/zxr10-sqa@2021-01-16.yang:8605: warning: explicit config statement is ignored
/home/leoma/workspace/doc/ydk-yang-zte-m6000-v50010/zxr10-sqa@2021-01-16.yang:8612: warning: explicit config statement is ignored
/home/leoma/workspace/doc/ydk-yang-zte-m6000-v50010/zxr10-sqa@2021-01-16.yang:8619: warning: explicit config statement is ignored
/home/leoma/workspace/doc/ydk-yang-zte-m6000-v50010/zxr10-sqa@2021-01-16.yang:8626: warning: explicit config statement is ignored
/home/leoma/workspace/doc/ydk-yang-zte-m6000-v50010/zxr10-sqa@2021-01-16.yang:8633: warning: explicit config statement is ignored
/home/leoma/workspace/doc/ydk-yang-zte-m6000-v50010/zxr10-sqa@2021-01-16.yang:8640: warning: explicit config statement is ignored
/home/leoma/workspace/doc/ydk-yang-zte-m6000-v50010/zxr10-sqa@2021-01-16.yang:8647: warning: explicit config statement is ignored
/home/leoma/workspace/doc/ydk-yang-zte-m6000-v50010/zxr10-sqa@2021-01-16.yang:8654: warning: explicit config statement is ignored
/home/leoma/workspace/doc/ydk-yang-zte-m6000-v50010/zxr10-sqa@2021-01-16.yang:8661: warning: explicit config statement is ignored
/home/leoma/workspace/doc/ydk-yang-zte-m6000-v50010/zxr10-sqa@2021-01-16.yang:8668: warning: explicit config statement is ignored
/home/leoma/workspace/doc/ydk-yang-zte-m6000-v50010/zxr10-sqa@2021-01-16.yang:8675: warning: explicit config statement is ignored
/home/leoma/workspace/doc/ydk-yang-zte-m6000-v50010/zxr10-sqa@2021-01-16.yang:8682: warning: explicit config statement is ignored
/home/leoma/workspace/doc/ydk-yang-zte-m6000-v50010/zxr10-sqa@2021-01-16.yang:8689: warning: explicit config statement is ignored
/home/leoma/workspace/doc/ydk-yang-zte-m6000-v50010/zxr10-sqa@2021-01-16.yang:8696: warning: explicit config statement is ignored
/home/leoma/workspace/doc/ydk-yang-zte-m6000-v50010/zxr10-sqa@2021-01-16.yang:8703: warning: explicit config statement is ignored
/home/leoma/workspace/doc/ydk-yang-zte-m6000-v50010/zxr10-sqa@2021-01-16.yang:8721: warning: explicit config statement is ignored
/home/leoma/workspace/doc/ydk-yang-zte-m6000-v50010/zxr10-sqa@2021-01-16.yang:8729: warning: explicit config statement is ignored
/home/leoma/workspace/doc/ydk-yang-zte-m6000-v50010/zxr10-sqa@2021-01-16.yang:8741: warning: explicit config statement is ignored
/home/leoma/workspace/doc/ydk-yang-zte-m6000-v50010/zxr10-sqa@2021-01-16.yang:8752: warning: explicit config statement is ignored
/home/leoma/workspace/doc/ydk-yang-zte-m6000-v50010/zxr10-sqa@2021-01-16.yang:8764: warning: explicit config statement is ignored
/home/leoma/workspace/doc/ydk-yang-zte-m6000-v50010/zxr10-sqa@2021-01-16.yang:8808: warning: explicit config statement is ignored
/home/leoma/workspace/doc/ydk-yang-zte-m6000-v50010/zxr10-sqa@2021-01-16.yang:8815: warning: explicit config statement is ignored
/home/leoma/workspace/doc/ydk-yang-zte-m6000-v50010/zxr10-sqa@2021-01-16.yang:8827: warning: explicit config statement is ignored
/home/leoma/workspace/doc/ydk-yang-zte-m6000-v50010/zxr10-sqa@2021-01-16.yang:8835: warning: explicit config statement is ignored
/home/leoma/workspace/doc/ydk-yang-zte-m6000-v50010/zxr10-sqa@2021-01-16.yang:8843: warning: explicit config statement is ignored
/home/leoma/workspace/doc/ydk-yang-zte-m6000-v50010/zxr10-sqa@2021-01-16.yang:8851: warning: explicit config statement is ignored
/home/leoma/workspace/doc/ydk-yang-zte-m6000-v50010/zxr10-sqa@2021-01-16.yang:8859: warning: explicit config statement is ignored
/home/leoma/workspace/doc/ydk-yang-zte-m6000-v50010/zxr10-sqa@2021-01-16.yang:8867: warning: explicit config statement is ignored
/home/leoma/workspace/doc/ydk-yang-zte-m6000-v50010/zxr10-sqa@2021-01-16.yang:8875: warning: explicit config statement is ignored
/home/leoma/workspace/doc/ydk-yang-zte-m6000-v50010/zxr10-sqa@2021-01-16.yang:8892: warning: explicit config statement is ignored

>>> transform /home/leoma/workspace/doc/ydk-yang-zte-m6000-v50010/zxr10-sr-te@2021-01-21.yang
/home/leoma/workspace/doc/ydk-yang-zte-m6000-v50010/zxr10-sr-te@2021-01-21.yang:4425: warning: explicit config statement is ignored
/home/leoma/workspace/doc/ydk-yang-zte-m6000-v50010/zxr10-sr-te@2021-01-21.yang:4550: warning: explicit config statement is ignored
/home/leoma/workspace/doc/ydk-yang-zte-m6000-v50010/zxr10-sr-te@2021-01-21.yang:4703: warning: explicit config statement is ignored

>>> transform /home/leoma/workspace/doc/ydk-yang-zte-m6000-v50010/zxr10-srv6-oam@2020-06-17.yang

>>> transform /home/leoma/workspace/doc/ydk-yang-zte-m6000-v50010/zxr10-ssh-dev-otn@2018-12-24.yang

>>> transform /home/leoma/workspace/doc/ydk-yang-zte-m6000-v50010/zxr10-ssh@2020-08-27.yang

>>> transform /home/leoma/workspace/doc/ydk-yang-zte-m6000-v50010/zxr10-ssl@2020-12-18.yang

>>> transform /home/leoma/workspace/doc/ydk-yang-zte-m6000-v50010/zxr10-ssm@2020-11-04.yang

>>> transform /home/leoma/workspace/doc/ydk-yang-zte-m6000-v50010/zxr10-stp@2018-11-13.yang

>>> transform /home/leoma/workspace/doc/ydk-yang-zte-m6000-v50010/zxr10-supervlan@2018-08-03.yang

>>> transform /home/leoma/workspace/doc/ydk-yang-zte-m6000-v50010/zxr10-sus@2014-07-28.yang

>>> transform /home/leoma/workspace/doc/ydk-yang-zte-m6000-v50010/zxr10-switchvlan@2020-05-18.yang

>>> transform /home/leoma/workspace/doc/ydk-yang-zte-m6000-v50010/zxr10-syslog@2021-01-18.yang

>>> transform /home/leoma/workspace/doc/ydk-yang-zte-m6000-v50010/zxr10-system-manage@2020-07-11.yang

>>> transform /home/leoma/workspace/doc/ydk-yang-zte-m6000-v50010/zxr10-system-oc@2020-07-07.yang

>>> transform /home/leoma/workspace/doc/ydk-yang-zte-m6000-v50010/zxr10-tacplus@2020-07-22.yang

>>> transform /home/leoma/workspace/doc/ydk-yang-zte-m6000-v50010/zxr10-tcp-proxy@2017-11-13.yang

>>> transform /home/leoma/workspace/doc/ydk-yang-zte-m6000-v50010/zxr10-tcp-synflood-protect@2021-02-04.yang

>>> transform /home/leoma/workspace/doc/ydk-yang-zte-m6000-v50010/zxr10-tcp6@2020-01-17.yang

>>> transform /home/leoma/workspace/doc/ydk-yang-zte-m6000-v50010/zxr10-tcp@2021-03-24.yang

>>> transform /home/leoma/workspace/doc/ydk-yang-zte-m6000-v50010/zxr10-telemetry-ex@2021-01-22.yang

>>> transform /home/leoma/workspace/doc/ydk-yang-zte-m6000-v50010/zxr10-telnet@2015-04-14.yang

>>> transform /home/leoma/workspace/doc/ydk-yang-zte-m6000-v50010/zxr10-tftp@2018-06-20.yang

>>> transform /home/leoma/workspace/doc/ydk-yang-zte-m6000-v50010/zxr10-timerange@2015-07-28.yang

>>> transform /home/leoma/workspace/doc/ydk-yang-zte-m6000-v50010/zxr10-trace@2020-08-11.yang
/home/leoma/workspace/doc/ydk-yang-zte-m6000-v50010/zxr10-trace@2020-08-11.yang:1361: warning: explicit config statement is ignored
/home/leoma/workspace/doc/ydk-yang-zte-m6000-v50010/zxr10-trace@2020-08-11.yang:1553: warning: explicit config statement is ignored

>>> transform /home/leoma/workspace/doc/ydk-yang-zte-m6000-v50010/zxr10-tunnel-group@2016-11-18.yang

>>> transform /home/leoma/workspace/doc/ydk-yang-zte-m6000-v50010/zxr10-tunnel-list@2015-10-22.yang

>>> transform /home/leoma/workspace/doc/ydk-yang-zte-m6000-v50010/zxr10-tunnel-policy@2020-10-12.yang

>>> transform /home/leoma/workspace/doc/ydk-yang-zte-m6000-v50010/zxr10-twamp@2020-07-16.yang
/home/leoma/workspace/doc/ydk-yang-zte-m6000-v50010/zxr10-twamp@2020-07-16.yang:1291: warning: explicit config statement is ignored
/home/leoma/workspace/doc/ydk-yang-zte-m6000-v50010/zxr10-twamp@2020-07-16.yang:1302: warning: explicit config statement is ignored
/home/leoma/workspace/doc/ydk-yang-zte-m6000-v50010/zxr10-twamp@2020-07-16.yang:1313: warning: explicit config statement is ignored
/home/leoma/workspace/doc/ydk-yang-zte-m6000-v50010/zxr10-twamp@2020-07-16.yang:1324: warning: explicit config statement is ignored
/home/leoma/workspace/doc/ydk-yang-zte-m6000-v50010/zxr10-twamp@2020-07-16.yang:1335: warning: explicit config statement is ignored
/home/leoma/workspace/doc/ydk-yang-zte-m6000-v50010/zxr10-twamp@2020-07-16.yang:1348: warning: explicit config statement is ignored
/home/leoma/workspace/doc/ydk-yang-zte-m6000-v50010/zxr10-twamp@2020-07-16.yang:1355: warning: explicit config statement is ignored
/home/leoma/workspace/doc/ydk-yang-zte-m6000-v50010/zxr10-twamp@2020-07-16.yang:1362: warning: explicit config statement is ignored
/home/leoma/workspace/doc/ydk-yang-zte-m6000-v50010/zxr10-twamp@2020-07-16.yang:1369: warning: explicit config statement is ignored
/home/leoma/workspace/doc/ydk-yang-zte-m6000-v50010/zxr10-twamp@2020-07-16.yang:1376: warning: explicit config statement is ignored
/home/leoma/workspace/doc/ydk-yang-zte-m6000-v50010/zxr10-twamp@2020-07-16.yang:1383: warning: explicit config statement is ignored
/home/leoma/workspace/doc/ydk-yang-zte-m6000-v50010/zxr10-twamp@2020-07-16.yang:1390: warning: explicit config statement is ignored
/home/leoma/workspace/doc/ydk-yang-zte-m6000-v50010/zxr10-twamp@2020-07-16.yang:1397: warning: explicit config statement is ignored
/home/leoma/workspace/doc/ydk-yang-zte-m6000-v50010/zxr10-twamp@2020-07-16.yang:1404: warning: explicit config statement is ignored
/home/leoma/workspace/doc/ydk-yang-zte-m6000-v50010/zxr10-twamp@2020-07-16.yang:1411: warning: explicit config statement is ignored
/home/leoma/workspace/doc/ydk-yang-zte-m6000-v50010/zxr10-twamp@2020-07-16.yang:1418: warning: explicit config statement is ignored
/home/leoma/workspace/doc/ydk-yang-zte-m6000-v50010/zxr10-twamp@2020-07-16.yang:1425: warning: explicit config statement is ignored
/home/leoma/workspace/doc/ydk-yang-zte-m6000-v50010/zxr10-twamp@2020-07-16.yang:1432: warning: explicit config statement is ignored
/home/leoma/workspace/doc/ydk-yang-zte-m6000-v50010/zxr10-twamp@2020-07-16.yang:1439: warning: explicit config statement is ignored
/home/leoma/workspace/doc/ydk-yang-zte-m6000-v50010/zxr10-twamp@2020-07-16.yang:1446: warning: explicit config statement is ignored
/home/leoma/workspace/doc/ydk-yang-zte-m6000-v50010/zxr10-twamp@2020-07-16.yang:1453: warning: explicit config statement is ignored
/home/leoma/workspace/doc/ydk-yang-zte-m6000-v50010/zxr10-twamp@2020-07-16.yang:1460: warning: explicit config statement is ignored
/home/leoma/workspace/doc/ydk-yang-zte-m6000-v50010/zxr10-twamp@2020-07-16.yang:1467: warning: explicit config statement is ignored
/home/leoma/workspace/doc/ydk-yang-zte-m6000-v50010/zxr10-twamp@2020-07-16.yang:1474: warning: explicit config statement is ignored
/home/leoma/workspace/doc/ydk-yang-zte-m6000-v50010/zxr10-twamp@2020-07-16.yang:1481: warning: explicit config statement is ignored
/home/leoma/workspace/doc/ydk-yang-zte-m6000-v50010/zxr10-twamp@2020-07-16.yang:1488: warning: explicit config statement is ignored
/home/leoma/workspace/doc/ydk-yang-zte-m6000-v50010/zxr10-twamp@2020-07-16.yang:1495: warning: explicit config statement is ignored

>>> transform /home/leoma/workspace/doc/ydk-yang-zte-m6000-v50010/zxr10-udld@2018-05-23.yang

>>> transform /home/leoma/workspace/doc/ydk-yang-zte-m6000-v50010/zxr10-udp-helper@2014-08-06.yang
/home/leoma/workspace/doc/ydk-yang-zte-m6000-v50010/zxr10-udp-helper@2014-08-06.yang:45: warning: all keys in the list are redundantly present in the unique statement

>>> transform /home/leoma/workspace/doc/ydk-yang-zte-m6000-v50010/zxr10-urpf@2019-09-07.yang

>>> transform /home/leoma/workspace/doc/ydk-yang-zte-m6000-v50010/zxr10-vlan@2021-01-16.yang

>>> transform /home/leoma/workspace/doc/ydk-yang-zte-m6000-v50010/zxr10-vrrp@2019-07-29.yang

>>> transform /home/leoma/workspace/doc/ydk-yang-zte-m6000-v50010/zxr10-vxlan-tunnel@2019-12-12.yang

>>> transform /home/leoma/workspace/doc/ydk-yang-zte-m6000-v50010/zxr10-vxlan@2020-04-09.yang

>>> transform /home/leoma/workspace/doc/ydk-yang-zte-m6000-v50010/zxr10-vxlancar@2021-01-28.yang
