

-------------------------------- transform yang to swagger at 2021-12-16 19:44:49 --------------------------------

>>> transform /home/leoma/workspace/doc/ydk-yang-huawei-ne40-v8r12/huawei-aaa-lam.yang

>>> transform /home/leoma/workspace/doc/ydk-yang-huawei-ne40-v8r12/huawei-aaa-type.yang

>>> transform /home/leoma/workspace/doc/ydk-yang-huawei-ne40-v8r12/huawei-aaa.yang

>>> transform /home/leoma/workspace/doc/ydk-yang-huawei-ne40-v8r12/huawei-acl-ucl.yang

>>> transform /home/leoma/workspace/doc/ydk-yang-huawei-ne40-v8r12/huawei-acl.yang

>>> transform /home/leoma/workspace/doc/ydk-yang-huawei-ne40-v8r12/huawei-arp.yang

>>> transform /home/leoma/workspace/doc/ydk-yang-huawei-ne40-v8r12/huawei-bd-ext.yang

>>> transform /home/leoma/workspace/doc/ydk-yang-huawei-ne40-v8r12/huawei-bd.yang

>>> transform /home/leoma/workspace/doc/ydk-yang-huawei-ne40-v8r12/huawei-bfd-ext.yang

>>> transform /home/leoma/workspace/doc/ydk-yang-huawei-ne40-v8r12/huawei-bfd-notification.yang

>>> transform /home/leoma/workspace/doc/ydk-yang-huawei-ne40-v8r12/huawei-bfd-static-mpls-te.yang

>>> transform /home/leoma/workspace/doc/ydk-yang-huawei-ne40-v8r12/huawei-bfd-static-vpls.yang

>>> transform /home/leoma/workspace/doc/ydk-yang-huawei-ne40-v8r12/huawei-bfd-static-vpws.yang

>>> transform /home/leoma/workspace/doc/ydk-yang-huawei-ne40-v8r12/huawei-bfd.yang

>>> transform /home/leoma/workspace/doc/ydk-yang-huawei-ne40-v8r12/huawei-bgp-common-multiprotocol.yang

>>> transform /home/leoma/workspace/doc/ydk-yang-huawei-ne40-v8r12/huawei-bgp-common.yang

>>> transform /home/leoma/workspace/doc/ydk-yang-huawei-ne40-v8r12/huawei-bgp-epe.yang

>>> transform /home/leoma/workspace/doc/ydk-yang-huawei-ne40-v8r12/huawei-bgp-evpn.yang

>>> transform /home/leoma/workspace/doc/ydk-yang-huawei-ne40-v8r12/huawei-bgp-flow.yang

>>> transform /home/leoma/workspace/doc/ydk-yang-huawei-ne40-v8r12/huawei-bgp-ipv6-srpolicy.yang

>>> transform /home/leoma/workspace/doc/ydk-yang-huawei-ne40-v8r12/huawei-bgp-l2vpnad.yang

>>> transform /home/leoma/workspace/doc/ydk-yang-huawei-ne40-v8r12/huawei-bgp-link-state.yang

>>> transform /home/leoma/workspace/doc/ydk-yang-huawei-ne40-v8r12/huawei-bgp-lsp.yang

>>> transform /home/leoma/workspace/doc/ydk-yang-huawei-ne40-v8r12/huawei-bgp-mdt.yang

>>> transform /home/leoma/workspace/doc/ydk-yang-huawei-ne40-v8r12/huawei-bgp-mvpn.yang

>>> transform /home/leoma/workspace/doc/ydk-yang-huawei-ne40-v8r12/huawei-bgp-notification.yang

>>> transform /home/leoma/workspace/doc/ydk-yang-huawei-ne40-v8r12/huawei-bgp-routing-table.yang

>>> transform /home/leoma/workspace/doc/ydk-yang-huawei-ne40-v8r12/huawei-bgp-rpc.yang

>>> transform /home/leoma/workspace/doc/ydk-yang-huawei-ne40-v8r12/huawei-bgp-rpd.yang

>>> transform /home/leoma/workspace/doc/ydk-yang-huawei-ne40-v8r12/huawei-bgp-srpolicy.yang

>>> transform /home/leoma/workspace/doc/ydk-yang-huawei-ne40-v8r12/huawei-bgp-srv6.yang

>>> transform /home/leoma/workspace/doc/ydk-yang-huawei-ne40-v8r12/huawei-bgp-type.yang

>>> transform /home/leoma/workspace/doc/ydk-yang-huawei-ne40-v8r12/huawei-bgp-vpntarget.yang

>>> transform /home/leoma/workspace/doc/ydk-yang-huawei-ne40-v8r12/huawei-bgp-vpnv4mcast.yang

>>> transform /home/leoma/workspace/doc/ydk-yang-huawei-ne40-v8r12/huawei-bgp.yang

>>> transform /home/leoma/workspace/doc/ydk-yang-huawei-ne40-v8r12/huawei-bier-fwd.yang

>>> transform /home/leoma/workspace/doc/ydk-yang-huawei-ne40-v8r12/huawei-bier.yang

>>> transform /home/leoma/workspace/doc/ydk-yang-huawei-ne40-v8r12/huawei-bras-auto-save.yang

>>> transform /home/leoma/workspace/doc/ydk-yang-huawei-ne40-v8r12/huawei-bras-basic-access.yang

>>> transform /home/leoma/workspace/doc/ydk-yang-huawei-ne40-v8r12/huawei-bras-cgn.yang

>>> transform /home/leoma/workspace/doc/ydk-yang-huawei-ne40-v8r12/huawei-bras-chasten.yang

>>> transform /home/leoma/workspace/doc/ydk-yang-huawei-ne40-v8r12/huawei-bras-cu-agent.yang

>>> transform /home/leoma/workspace/doc/ydk-yang-huawei-ne40-v8r12/huawei-bras-cu-controller.yang

>>> transform /home/leoma/workspace/doc/ydk-yang-huawei-ne40-v8r12/huawei-bras-cups-extension.yang
/home/leoma/workspace/doc/ydk-yang-huawei-ne40-v8r12/huawei-bras-cups-extension.yang:10: warning: imported module "huawei-ifm" not used

>>> transform /home/leoma/workspace/doc/ydk-yang-huawei-ne40-v8r12/huawei-bras-dhcp-access.yang

>>> transform /home/leoma/workspace/doc/ydk-yang-huawei-ne40-v8r12/huawei-bras-dhcp-server.yang

>>> transform /home/leoma/workspace/doc/ydk-yang-huawei-ne40-v8r12/huawei-bras-dhcpv6-access.yang

>>> transform /home/leoma/workspace/doc/ydk-yang-huawei-ne40-v8r12/huawei-bras-dhcpv6-server.yang

>>> transform /home/leoma/workspace/doc/ydk-yang-huawei-ne40-v8r12/huawei-bras-diameter.yang

>>> transform /home/leoma/workspace/doc/ydk-yang-huawei-ne40-v8r12/huawei-bras-dot1x-access.yang

>>> transform /home/leoma/workspace/doc/ydk-yang-huawei-ne40-v8r12/huawei-bras-dynacl.yang

>>> transform /home/leoma/workspace/doc/ydk-yang-huawei-ne40-v8r12/huawei-bras-http-redirect.yang

>>> transform /home/leoma/workspace/doc/ydk-yang-huawei-ne40-v8r12/huawei-bras-https-redirect.yang

>>> transform /home/leoma/workspace/doc/ydk-yang-huawei-ne40-v8r12/huawei-bras-ipv4-address-manage.yang

>>> transform /home/leoma/workspace/doc/ydk-yang-huawei-ne40-v8r12/huawei-bras-ipv6-address-manage.yang

>>> transform /home/leoma/workspace/doc/ydk-yang-huawei-ne40-v8r12/huawei-bras-ipv6-basic-access.yang

>>> transform /home/leoma/workspace/doc/ydk-yang-huawei-ne40-v8r12/huawei-bras-l2tp-access.yang
/home/leoma/workspace/doc/ydk-yang-huawei-ne40-v8r12/huawei-bras-l2tp-access.yang:43: warning: imported module "huawei-system" not used

>>> transform /home/leoma/workspace/doc/ydk-yang-huawei-ne40-v8r12/huawei-bras-layer3-access.yang

>>> transform /home/leoma/workspace/doc/ydk-yang-huawei-ne40-v8r12/huawei-bras-local-backup.yang

>>> transform /home/leoma/workspace/doc/ydk-yang-huawei-ne40-v8r12/huawei-bras-multicast-fwd.yang

>>> transform /home/leoma/workspace/doc/ydk-yang-huawei-ne40-v8r12/huawei-bras-multicast.yang

>>> transform /home/leoma/workspace/doc/ydk-yang-huawei-ne40-v8r12/huawei-bras-pppox-access.yang

>>> transform /home/leoma/workspace/doc/ydk-yang-huawei-ne40-v8r12/huawei-bras-pwve-access.yang

>>> transform /home/leoma/workspace/doc/ydk-yang-huawei-ne40-v8r12/huawei-bras-qos.yang

>>> transform /home/leoma/workspace/doc/ydk-yang-huawei-ne40-v8r12/huawei-bras-said.yang

>>> transform /home/leoma/workspace/doc/ydk-yang-huawei-ne40-v8r12/huawei-bras-static-user.yang

>>> transform /home/leoma/workspace/doc/ydk-yang-huawei-ne40-v8r12/huawei-bras-user-manage-type.yang

>>> transform /home/leoma/workspace/doc/ydk-yang-huawei-ne40-v8r12/huawei-bras-user-manage.yang

>>> transform /home/leoma/workspace/doc/ydk-yang-huawei-ne40-v8r12/huawei-bras-user-statistic.yang

>>> transform /home/leoma/workspace/doc/ydk-yang-huawei-ne40-v8r12/huawei-bras-vas.yang

>>> transform /home/leoma/workspace/doc/ydk-yang-huawei-ne40-v8r12/huawei-bras-vpn.yang

>>> transform /home/leoma/workspace/doc/ydk-yang-huawei-ne40-v8r12/huawei-bras-web-authen.yang

>>> transform /home/leoma/workspace/doc/ydk-yang-huawei-ne40-v8r12/huawei-bras-wlan-access.yang

>>> transform /home/leoma/workspace/doc/ydk-yang-huawei-ne40-v8r12/huawei-capture.yang

>>> transform /home/leoma/workspace/doc/ydk-yang-huawei-ne40-v8r12/huawei-cfg-ext.yang

>>> transform /home/leoma/workspace/doc/ydk-yang-huawei-ne40-v8r12/huawei-cfg.yang

>>> transform /home/leoma/workspace/doc/ydk-yang-huawei-ne40-v8r12/huawei-cli.yang

>>> transform /home/leoma/workspace/doc/ydk-yang-huawei-ne40-v8r12/huawei-clockboard.yang

>>> transform /home/leoma/workspace/doc/ydk-yang-huawei-ne40-v8r12/huawei-clocksync-1588v2.yang

>>> transform /home/leoma/workspace/doc/ydk-yang-huawei-ne40-v8r12/huawei-clocksync-cesacr.yang

>>> transform /home/leoma/workspace/doc/ydk-yang-huawei-ne40-v8r12/huawei-clocksync-cluster.yang

>>> transform /home/leoma/workspace/doc/ydk-yang-huawei-ne40-v8r12/huawei-clocksync-comm.yang

>>> transform /home/leoma/workspace/doc/ydk-yang-huawei-ne40-v8r12/huawei-clocksync-gps.yang

>>> transform /home/leoma/workspace/doc/ydk-yang-huawei-ne40-v8r12/huawei-clocksync-notification.yang

>>> transform /home/leoma/workspace/doc/ydk-yang-huawei-ne40-v8r12/huawei-clocksync-phy.yang

>>> transform /home/leoma/workspace/doc/ydk-yang-huawei-ne40-v8r12/huawei-clocksync-ptpadapt.yang

>>> transform /home/leoma/workspace/doc/ydk-yang-huawei-ne40-v8r12/huawei-clocksync-vaccess.yang

>>> transform /home/leoma/workspace/doc/ydk-yang-huawei-ne40-v8r12/huawei-codesign.yang

>>> transform /home/leoma/workspace/doc/ydk-yang-huawei-ne40-v8r12/huawei-cpudefend-notification.yang

>>> transform /home/leoma/workspace/doc/ydk-yang-huawei-ne40-v8r12/huawei-cpudefend.yang

>>> transform /home/leoma/workspace/doc/ydk-yang-huawei-ne40-v8r12/huawei-crypto.yang

>>> transform /home/leoma/workspace/doc/ydk-yang-huawei-ne40-v8r12/huawei-cusp-agent.yang

>>> transform /home/leoma/workspace/doc/ydk-yang-huawei-ne40-v8r12/huawei-dcn.yang
/home/leoma/workspace/doc/ydk-yang-huawei-ne40-v8r12/huawei-dcn.yang:17: warning: imported module "huawei-network-instance" not used

>>> transform /home/leoma/workspace/doc/ydk-yang-huawei-ne40-v8r12/huawei-debug.yang

>>> transform /home/leoma/workspace/doc/ydk-yang-huawei-ne40-v8r12/huawei-devm-action.yang

>>> transform /home/leoma/workspace/doc/ydk-yang-huawei-ne40-v8r12/huawei-devm-type.yang

>>> transform /home/leoma/workspace/doc/ydk-yang-huawei-ne40-v8r12/huawei-devm-vnf.yang

>>> transform /home/leoma/workspace/doc/ydk-yang-huawei-ne40-v8r12/huawei-devm.yang

>>> transform /home/leoma/workspace/doc/ydk-yang-huawei-ne40-v8r12/huawei-dhcp-client.yang

>>> transform /home/leoma/workspace/doc/ydk-yang-huawei-ne40-v8r12/huawei-dhcp-notification.yang

>>> transform /home/leoma/workspace/doc/ydk-yang-huawei-ne40-v8r12/huawei-dhcp-relay.yang

>>> transform /home/leoma/workspace/doc/ydk-yang-huawei-ne40-v8r12/huawei-dhcp-server.yang

>>> transform /home/leoma/workspace/doc/ydk-yang-huawei-ne40-v8r12/huawei-dhcp-snooping.yang

>>> transform /home/leoma/workspace/doc/ydk-yang-huawei-ne40-v8r12/huawei-dhcp.yang

>>> transform /home/leoma/workspace/doc/ydk-yang-huawei-ne40-v8r12/huawei-dhcpv6-relay.yang

>>> transform /home/leoma/workspace/doc/ydk-yang-huawei-ne40-v8r12/huawei-dhcpv6.yang

>>> transform /home/leoma/workspace/doc/ydk-yang-huawei-ne40-v8r12/huawei-diagnostic-tools-bier.yang

>>> transform /home/leoma/workspace/doc/ydk-yang-huawei-ne40-v8r12/huawei-diagnostic-tools-common.yang

>>> transform /home/leoma/workspace/doc/ydk-yang-huawei-ne40-v8r12/huawei-diagnostic-tools-evpn.yang

>>> transform /home/leoma/workspace/doc/ydk-yang-huawei-ne40-v8r12/huawei-diagnostic-tools-gmac.yang

>>> transform /home/leoma/workspace/doc/ydk-yang-huawei-ne40-v8r12/huawei-diagnostic-tools-ipv4.yang

>>> transform /home/leoma/workspace/doc/ydk-yang-huawei-ne40-v8r12/huawei-diagnostic-tools-ipv6.yang

>>> transform /home/leoma/workspace/doc/ydk-yang-huawei-ne40-v8r12/huawei-diagnostic-tools-lsp.yang

>>> transform /home/leoma/workspace/doc/ydk-yang-huawei-ne40-v8r12/huawei-diagnostic-tools-srv6.yang

>>> transform /home/leoma/workspace/doc/ydk-yang-huawei-ne40-v8r12/huawei-diagnostic-tools-tcp.yang

>>> transform /home/leoma/workspace/doc/ydk-yang-huawei-ne40-v8r12/huawei-diagnostic-tools-type.yang

>>> transform /home/leoma/workspace/doc/ydk-yang-huawei-ne40-v8r12/huawei-diagnostic-tools.yang

>>> transform /home/leoma/workspace/doc/ydk-yang-huawei-ne40-v8r12/huawei-dns.yang

>>> transform /home/leoma/workspace/doc/ydk-yang-huawei-ne40-v8r12/huawei-driver-fm.yang

>>> transform /home/leoma/workspace/doc/ydk-yang-huawei-ne40-v8r12/huawei-driver-type.yang

>>> transform /home/leoma/workspace/doc/ydk-yang-huawei-ne40-v8r12/huawei-driver-vaccess.yang

>>> transform /home/leoma/workspace/doc/ydk-yang-huawei-ne40-v8r12/huawei-driver.yang

>>> transform /home/leoma/workspace/doc/ydk-yang-huawei-ne40-v8r12/huawei-dsa.yang

>>> transform /home/leoma/workspace/doc/ydk-yang-huawei-ne40-v8r12/huawei-dsvpn-nhrp.yang

>>> transform /home/leoma/workspace/doc/ydk-yang-huawei-ne40-v8r12/huawei-eai-service-notification.yang

>>> transform /home/leoma/workspace/doc/ydk-yang-huawei-ne40-v8r12/huawei-eai-service.yang

>>> transform /home/leoma/workspace/doc/ydk-yang-huawei-ne40-v8r12/huawei-ecc.yang

>>> transform /home/leoma/workspace/doc/ydk-yang-huawei-ne40-v8r12/huawei-efm.yang

>>> transform /home/leoma/workspace/doc/ydk-yang-huawei-ne40-v8r12/huawei-emdi-notification.yang

>>> transform /home/leoma/workspace/doc/ydk-yang-huawei-ne40-v8r12/huawei-emdi.yang

>>> transform /home/leoma/workspace/doc/ydk-yang-huawei-ne40-v8r12/huawei-erps-fwd.yang

>>> transform /home/leoma/workspace/doc/ydk-yang-huawei-ne40-v8r12/huawei-erps.yang

>>> transform /home/leoma/workspace/doc/ydk-yang-huawei-ne40-v8r12/huawei-esqm.yang

>>> transform /home/leoma/workspace/doc/ydk-yang-huawei-ne40-v8r12/huawei-ethernet-ext.yang

>>> transform /home/leoma/workspace/doc/ydk-yang-huawei-ne40-v8r12/huawei-ethernet.yang

>>> transform /home/leoma/workspace/doc/ydk-yang-huawei-ne40-v8r12/huawei-etrunk.yang

>>> transform /home/leoma/workspace/doc/ydk-yang-huawei-ne40-v8r12/huawei-evpl-ext.yang

>>> transform /home/leoma/workspace/doc/ydk-yang-huawei-ne40-v8r12/huawei-evpl.yang

>>> transform /home/leoma/workspace/doc/ydk-yang-huawei-ne40-v8r12/huawei-evpn-ext.yang

>>> transform /home/leoma/workspace/doc/ydk-yang-huawei-ne40-v8r12/huawei-evpn-notification.yang

>>> transform /home/leoma/workspace/doc/ydk-yang-huawei-ne40-v8r12/huawei-evpn-srv6.yang

>>> transform /home/leoma/workspace/doc/ydk-yang-huawei-ne40-v8r12/huawei-evpn-type.yang

>>> transform /home/leoma/workspace/doc/ydk-yang-huawei-ne40-v8r12/huawei-evpn.yang

>>> transform /home/leoma/workspace/doc/ydk-yang-huawei-ne40-v8r12/huawei-extension.yang

>>> transform /home/leoma/workspace/doc/ydk-yang-huawei-ne40-v8r12/huawei-fei.yang

>>> transform /home/leoma/workspace/doc/ydk-yang-huawei-ne40-v8r12/huawei-fib.yang

>>> transform /home/leoma/workspace/doc/ydk-yang-huawei-ne40-v8r12/huawei-file-operation.yang

>>> transform /home/leoma/workspace/doc/ydk-yang-huawei-ne40-v8r12/huawei-fim-devm.yang

>>> transform /home/leoma/workspace/doc/ydk-yang-huawei-ne40-v8r12/huawei-fim-ethernet.yang

>>> transform /home/leoma/workspace/doc/ydk-yang-huawei-ne40-v8r12/huawei-fim-ifm.yang

>>> transform /home/leoma/workspace/doc/ydk-yang-huawei-ne40-v8r12/huawei-fim-ifmtrunk-notif.yang

>>> transform /home/leoma/workspace/doc/ydk-yang-huawei-ne40-v8r12/huawei-fim-ifmtrunk.yang

>>> transform /home/leoma/workspace/doc/ydk-yang-huawei-ne40-v8r12/huawei-fim-lcs.yang

>>> transform /home/leoma/workspace/doc/ydk-yang-huawei-ne40-v8r12/huawei-flexe-notification.yang

>>> transform /home/leoma/workspace/doc/ydk-yang-huawei-ne40-v8r12/huawei-flexe.yang

>>> transform /home/leoma/workspace/doc/ydk-yang-huawei-ne40-v8r12/huawei-flow-recognition.yang

>>> transform /home/leoma/workspace/doc/ydk-yang-huawei-ne40-v8r12/huawei-flowspec-forward.yang

>>> transform /home/leoma/workspace/doc/ydk-yang-huawei-ne40-v8r12/huawei-flowspec-type.yang

>>> transform /home/leoma/workspace/doc/ydk-yang-huawei-ne40-v8r12/huawei-flowspec.yang

>>> transform /home/leoma/workspace/doc/ydk-yang-huawei-ne40-v8r12/huawei-fm.yang

>>> transform /home/leoma/workspace/doc/ydk-yang-huawei-ne40-v8r12/huawei-ftpc.yang

>>> transform /home/leoma/workspace/doc/ydk-yang-huawei-ne40-v8r12/huawei-ftps.yang

>>> transform /home/leoma/workspace/doc/ydk-yang-huawei-ne40-v8r12/huawei-fwd-engine.yang

>>> transform /home/leoma/workspace/doc/ydk-yang-huawei-ne40-v8r12/huawei-gre-fwd.yang

>>> transform /home/leoma/workspace/doc/ydk-yang-huawei-ne40-v8r12/huawei-gre.yang

>>> transform /home/leoma/workspace/doc/ydk-yang-huawei-ne40-v8r12/huawei-grpc.yang

>>> transform /home/leoma/workspace/doc/ydk-yang-huawei-ne40-v8r12/huawei-hardware-type.yang

>>> transform /home/leoma/workspace/doc/ydk-yang-huawei-ne40-v8r12/huawei-host-defend.yang

>>> transform /home/leoma/workspace/doc/ydk-yang-huawei-ne40-v8r12/huawei-http.yang

>>> transform /home/leoma/workspace/doc/ydk-yang-huawei-ne40-v8r12/huawei-hwtacacs.yang

>>> transform /home/leoma/workspace/doc/ydk-yang-huawei-ne40-v8r12/huawei-ietf-connectionless-oam-methods-ext.yang

>>> transform /home/leoma/workspace/doc/ydk-yang-huawei-ne40-v8r12/huawei-ietf-netconf-ext.yang

>>> transform /home/leoma/workspace/doc/ydk-yang-huawei-ne40-v8r12/huawei-ietf-snmp-ext.yang

>>> transform /home/leoma/workspace/doc/ydk-yang-huawei-ne40-v8r12/huawei-if-ip.yang

>>> transform /home/leoma/workspace/doc/ydk-yang-huawei-ne40-v8r12/huawei-ifit-common.yang

>>> transform /home/leoma/workspace/doc/ydk-yang-huawei-ne40-v8r12/huawei-ifit-fwd-notification.yang

>>> transform /home/leoma/workspace/doc/ydk-yang-huawei-ne40-v8r12/huawei-ifit-statistics.yang

>>> transform /home/leoma/workspace/doc/ydk-yang-huawei-ne40-v8r12/huawei-ifit.yang

>>> transform /home/leoma/workspace/doc/ydk-yang-huawei-ne40-v8r12/huawei-ifm-bundle.yang

>>> transform /home/leoma/workspace/doc/ydk-yang-huawei-ne40-v8r12/huawei-ifm-cpos-trunk.yang

>>> transform /home/leoma/workspace/doc/ydk-yang-huawei-ne40-v8r12/huawei-ifm-fr.yang

>>> transform /home/leoma/workspace/doc/ydk-yang-huawei-ne40-v8r12/huawei-ifm-hdlc.yang

>>> transform /home/leoma/workspace/doc/ydk-yang-huawei-ne40-v8r12/huawei-ifm-notification.yang

>>> transform /home/leoma/workspace/doc/ydk-yang-huawei-ne40-v8r12/huawei-ifm-pos-trunk.yang

>>> transform /home/leoma/workspace/doc/ydk-yang-huawei-ne40-v8r12/huawei-ifm-trunk-notification.yang

>>> transform /home/leoma/workspace/doc/ydk-yang-huawei-ne40-v8r12/huawei-ifm-trunk.yang

>>> transform /home/leoma/workspace/doc/ydk-yang-huawei-ne40-v8r12/huawei-ifm.yang

>>> transform /home/leoma/workspace/doc/ydk-yang-huawei-ne40-v8r12/huawei-igmp-mld-notification.yang

>>> transform /home/leoma/workspace/doc/ydk-yang-huawei-ne40-v8r12/huawei-igmp-mld-snooping-notification.yang

>>> transform /home/leoma/workspace/doc/ydk-yang-huawei-ne40-v8r12/huawei-igmp-mld-snooping.yang

>>> transform /home/leoma/workspace/doc/ydk-yang-huawei-ne40-v8r12/huawei-igmp-mld.yang

>>> transform /home/leoma/workspace/doc/ydk-yang-huawei-ne40-v8r12/huawei-igp.yang

>>> transform /home/leoma/workspace/doc/ydk-yang-huawei-ne40-v8r12/huawei-ip-cga.yang

>>> transform /home/leoma/workspace/doc/ydk-yang-huawei-ne40-v8r12/huawei-ip-statistics.yang

>>> transform /home/leoma/workspace/doc/ydk-yang-huawei-ne40-v8r12/huawei-ip.yang

>>> transform /home/leoma/workspace/doc/ydk-yang-huawei-ne40-v8r12/huawei-ippmmgr.yang

>>> transform /home/leoma/workspace/doc/ydk-yang-huawei-ne40-v8r12/huawei-ipv6-nd.yang

>>> transform /home/leoma/workspace/doc/ydk-yang-huawei-ne40-v8r12/huawei-ipv6-policy.yang

>>> transform /home/leoma/workspace/doc/ydk-yang-huawei-ne40-v8r12/huawei-isis-sr.yang

>>> transform /home/leoma/workspace/doc/ydk-yang-huawei-ne40-v8r12/huawei-isis-srv6.yang

>>> transform /home/leoma/workspace/doc/ydk-yang-huawei-ne40-v8r12/huawei-isis-type.yang

>>> transform /home/leoma/workspace/doc/ydk-yang-huawei-ne40-v8r12/huawei-isis.yang

>>> transform /home/leoma/workspace/doc/ydk-yang-huawei-ne40-v8r12/huawei-keychain.yang

>>> transform /home/leoma/workspace/doc/ydk-yang-huawei-ne40-v8r12/huawei-kpi.yang

>>> transform /home/leoma/workspace/doc/ydk-yang-huawei-ne40-v8r12/huawei-l2-multicast-forward.yang

>>> transform /home/leoma/workspace/doc/ydk-yang-huawei-ne40-v8r12/huawei-l2cpmanagement.yang

>>> transform /home/leoma/workspace/doc/ydk-yang-huawei-ne40-v8r12/huawei-l2protocol-fwd.yang

>>> transform /home/leoma/workspace/doc/ydk-yang-huawei-ne40-v8r12/huawei-l2pt.yang

>>> transform /home/leoma/workspace/doc/ydk-yang-huawei-ne40-v8r12/huawei-l2tpv3.yang

>>> transform /home/leoma/workspace/doc/ydk-yang-huawei-ne40-v8r12/huawei-l2vpn-aps-notification.yang

>>> transform /home/leoma/workspace/doc/ydk-yang-huawei-ne40-v8r12/huawei-l2vpn-extension.yang

>>> transform /home/leoma/workspace/doc/ydk-yang-huawei-ne40-v8r12/huawei-l2vpn-notification.yang

>>> transform /home/leoma/workspace/doc/ydk-yang-huawei-ne40-v8r12/huawei-l2vpn-vll-ext.yang

>>> transform /home/leoma/workspace/doc/ydk-yang-huawei-ne40-v8r12/huawei-l2vpn-vpls-ext.yang

>>> transform /home/leoma/workspace/doc/ydk-yang-huawei-ne40-v8r12/huawei-l2vpn.yang

>>> transform /home/leoma/workspace/doc/ydk-yang-huawei-ne40-v8r12/huawei-l3-multicast.yang

>>> transform /home/leoma/workspace/doc/ydk-yang-huawei-ne40-v8r12/huawei-l3vpn-mpls.yang

>>> transform /home/leoma/workspace/doc/ydk-yang-huawei-ne40-v8r12/huawei-l3vpn-type.yang

>>> transform /home/leoma/workspace/doc/ydk-yang-huawei-ne40-v8r12/huawei-l3vpn.yang

>>> transform /home/leoma/workspace/doc/ydk-yang-huawei-ne40-v8r12/huawei-lacp.yang

>>> transform /home/leoma/workspace/doc/ydk-yang-huawei-ne40-v8r12/huawei-license.yang

>>> transform /home/leoma/workspace/doc/ydk-yang-huawei-ne40-v8r12/huawei-link-heartbeat.yang

>>> transform /home/leoma/workspace/doc/ydk-yang-huawei-ne40-v8r12/huawei-lldp.yang

>>> transform /home/leoma/workspace/doc/ydk-yang-huawei-ne40-v8r12/huawei-lmp.yang

>>> transform /home/leoma/workspace/doc/ydk-yang-huawei-ne40-v8r12/huawei-loadbalance-notification.yang

>>> transform /home/leoma/workspace/doc/ydk-yang-huawei-ne40-v8r12/huawei-loadbalance.yang

>>> transform /home/leoma/workspace/doc/ydk-yang-huawei-ne40-v8r12/huawei-loopdetect.yang

>>> transform /home/leoma/workspace/doc/ydk-yang-huawei-ne40-v8r12/huawei-lpt.yang

>>> transform /home/leoma/workspace/doc/ydk-yang-huawei-ne40-v8r12/huawei-mac-flapping.yang

>>> transform /home/leoma/workspace/doc/ydk-yang-huawei-ne40-v8r12/huawei-mac-fwd.yang

>>> transform /home/leoma/workspace/doc/ydk-yang-huawei-ne40-v8r12/huawei-mac.yang

>>> transform /home/leoma/workspace/doc/ydk-yang-huawei-ne40-v8r12/huawei-macacc.yang

>>> transform /home/leoma/workspace/doc/ydk-yang-huawei-ne40-v8r12/huawei-macm-notification.yang

>>> transform /home/leoma/workspace/doc/ydk-yang-huawei-ne40-v8r12/huawei-macm.yang

>>> transform /home/leoma/workspace/doc/ydk-yang-huawei-ne40-v8r12/huawei-macsec-notification.yang

>>> transform /home/leoma/workspace/doc/ydk-yang-huawei-ne40-v8r12/huawei-macsec.yang

>>> transform /home/leoma/workspace/doc/ydk-yang-huawei-ne40-v8r12/huawei-masterkey.yang

>>> transform /home/leoma/workspace/doc/ydk-yang-huawei-ne40-v8r12/huawei-mc-fwd-notification.yang

>>> transform /home/leoma/workspace/doc/ydk-yang-huawei-ne40-v8r12/huawei-mirror.yang

>>> transform /home/leoma/workspace/doc/ydk-yang-huawei-ne40-v8r12/huawei-module-management.yang

>>> transform /home/leoma/workspace/doc/ydk-yang-huawei-ne40-v8r12/huawei-monitor-group.yang

>>> transform /home/leoma/workspace/doc/ydk-yang-huawei-ne40-v8r12/huawei-mpls-forward-devm.yang

>>> transform /home/leoma/workspace/doc/ydk-yang-huawei-ne40-v8r12/huawei-mpls-forward-l2vpn.yang

>>> transform /home/leoma/workspace/doc/ydk-yang-huawei-ne40-v8r12/huawei-mpls-forward.yang

>>> transform /home/leoma/workspace/doc/ydk-yang-huawei-ne40-v8r12/huawei-mpls-in-udp.yang

>>> transform /home/leoma/workspace/doc/ydk-yang-huawei-ne40-v8r12/huawei-mpls-ldp-type.yang

>>> transform /home/leoma/workspace/doc/ydk-yang-huawei-ne40-v8r12/huawei-mpls-ldp.yang

>>> transform /home/leoma/workspace/doc/ydk-yang-huawei-ne40-v8r12/huawei-mpls-notification.yang

>>> transform /home/leoma/workspace/doc/ydk-yang-huawei-ne40-v8r12/huawei-mpls-res.yang

>>> transform /home/leoma/workspace/doc/ydk-yang-huawei-ne40-v8r12/huawei-mpls-static.yang

>>> transform /home/leoma/workspace/doc/ydk-yang-huawei-ne40-v8r12/huawei-mpls-te-bfd-type.yang

>>> transform /home/leoma/workspace/doc/ydk-yang-huawei-ne40-v8r12/huawei-mpls-te-bfd.yang

>>> transform /home/leoma/workspace/doc/ydk-yang-huawei-ne40-v8r12/huawei-mpls-te-cr-static.yang

>>> transform /home/leoma/workspace/doc/ydk-yang-huawei-ne40-v8r12/huawei-mpls-te-type.yang

>>> transform /home/leoma/workspace/doc/ydk-yang-huawei-ne40-v8r12/huawei-mpls-te.yang

>>> transform /home/leoma/workspace/doc/ydk-yang-huawei-ne40-v8r12/huawei-mpls-type.yang

>>> transform /home/leoma/workspace/doc/ydk-yang-huawei-ne40-v8r12/huawei-mpls.yang

>>> transform /home/leoma/workspace/doc/ydk-yang-huawei-ne40-v8r12/huawei-mplsoam-fwd-notif.yang

>>> transform /home/leoma/workspace/doc/ydk-yang-huawei-ne40-v8r12/huawei-mplsoam.yang

>>> transform /home/leoma/workspace/doc/ydk-yang-huawei-ne40-v8r12/huawei-mplstpoam-fwd-notif.yang

>>> transform /home/leoma/workspace/doc/ydk-yang-huawei-ne40-v8r12/huawei-mplstpoam.yang

>>> transform /home/leoma/workspace/doc/ydk-yang-huawei-ne40-v8r12/huawei-msdp.yang

>>> transform /home/leoma/workspace/doc/ydk-yang-huawei-ne40-v8r12/huawei-mstp-notification.yang

>>> transform /home/leoma/workspace/doc/ydk-yang-huawei-ne40-v8r12/huawei-mstp.yang

>>> transform /home/leoma/workspace/doc/ydk-yang-huawei-ne40-v8r12/huawei-multicast-bas.yang

>>> transform /home/leoma/workspace/doc/ydk-yang-huawei-ne40-v8r12/huawei-multicast-forward-ext.yang

>>> transform /home/leoma/workspace/doc/ydk-yang-huawei-ne40-v8r12/huawei-multicast-forward.yang

>>> transform /home/leoma/workspace/doc/ydk-yang-huawei-ne40-v8r12/huawei-multicast.yang

>>> transform /home/leoma/workspace/doc/ydk-yang-huawei-ne40-v8r12/huawei-multicore.yang

>>> transform /home/leoma/workspace/doc/ydk-yang-huawei-ne40-v8r12/huawei-mvpn-forward.yang

>>> transform /home/leoma/workspace/doc/ydk-yang-huawei-ne40-v8r12/huawei-mvpn.yang

>>> transform /home/leoma/workspace/doc/ydk-yang-huawei-ne40-v8r12/huawei-nd-notification.yang

>>> transform /home/leoma/workspace/doc/ydk-yang-huawei-ne40-v8r12/huawei-nd.yang

>>> transform /home/leoma/workspace/doc/ydk-yang-huawei-ne40-v8r12/huawei-net-slice.yang

>>> transform /home/leoma/workspace/doc/ydk-yang-huawei-ne40-v8r12/huawei-netconf-metadata.yang

>>> transform /home/leoma/workspace/doc/ydk-yang-huawei-ne40-v8r12/huawei-netconf-proxy.yang

>>> transform /home/leoma/workspace/doc/ydk-yang-huawei-ne40-v8r12/huawei-netconf-sync-notif.yang

>>> transform /home/leoma/workspace/doc/ydk-yang-huawei-ne40-v8r12/huawei-netconf-sync.yang

>>> transform /home/leoma/workspace/doc/ydk-yang-huawei-ne40-v8r12/huawei-netconf.yang

>>> transform /home/leoma/workspace/doc/ydk-yang-huawei-ne40-v8r12/huawei-netstream.yang

>>> transform /home/leoma/workspace/doc/ydk-yang-huawei-ne40-v8r12/huawei-network-instance.yang

>>> transform /home/leoma/workspace/doc/ydk-yang-huawei-ne40-v8r12/huawei-nqa-global.yang

>>> transform /home/leoma/workspace/doc/ydk-yang-huawei-ne40-v8r12/huawei-nqa-instance.yang

>>> transform /home/leoma/workspace/doc/ydk-yang-huawei-ne40-v8r12/huawei-nqa-record.yang

>>> transform /home/leoma/workspace/doc/ydk-yang-huawei-ne40-v8r12/huawei-nqa-reflector.yang

>>> transform /home/leoma/workspace/doc/ydk-yang-huawei-ne40-v8r12/huawei-nqa-server.yang

>>> transform /home/leoma/workspace/doc/ydk-yang-huawei-ne40-v8r12/huawei-nqa.yang

>>> transform /home/leoma/workspace/doc/ydk-yang-huawei-ne40-v8r12/huawei-ntp-type.yang

>>> transform /home/leoma/workspace/doc/ydk-yang-huawei-ne40-v8r12/huawei-ntp.yang

>>> transform /home/leoma/workspace/doc/ydk-yang-huawei-ne40-v8r12/huawei-nvo3-statistics.yang

>>> transform /home/leoma/workspace/doc/ydk-yang-huawei-ne40-v8r12/huawei-nvo3.yang

>>> transform /home/leoma/workspace/doc/ydk-yang-huawei-ne40-v8r12/huawei-oam-cfm-bfd.yang

>>> transform /home/leoma/workspace/doc/ydk-yang-huawei-ne40-v8r12/huawei-oam-cfm-cfm.yang

>>> transform /home/leoma/workspace/doc/ydk-yang-huawei-ne40-v8r12/huawei-oam-cfm-efm.yang

>>> transform /home/leoma/workspace/doc/ydk-yang-huawei-ne40-v8r12/huawei-oam-cfm-evpn.yang

>>> transform /home/leoma/workspace/doc/ydk-yang-huawei-ne40-v8r12/huawei-oam-cfm-interface.yang

>>> transform /home/leoma/workspace/doc/ydk-yang-huawei-ne40-v8r12/huawei-oam-cfm-vrrp.yang

>>> transform /home/leoma/workspace/doc/ydk-yang-huawei-ne40-v8r12/huawei-oam-efm-bfd.yang

>>> transform /home/leoma/workspace/doc/ydk-yang-huawei-ne40-v8r12/huawei-oammgr.yang

>>> transform /home/leoma/workspace/doc/ydk-yang-huawei-ne40-v8r12/huawei-openconfig-mpls-types-ext.yang

>>> transform /home/leoma/workspace/doc/ydk-yang-huawei-ne40-v8r12/huawei-openconfig-telemetry-ext.yang

>>> transform /home/leoma/workspace/doc/ydk-yang-huawei-ne40-v8r12/huawei-ops.yang

>>> transform /home/leoma/workspace/doc/ydk-yang-huawei-ne40-v8r12/huawei-ospfv2-sr.yang

>>> transform /home/leoma/workspace/doc/ydk-yang-huawei-ne40-v8r12/huawei-ospfv2-type.yang

>>> transform /home/leoma/workspace/doc/ydk-yang-huawei-ne40-v8r12/huawei-ospfv2.yang

>>> transform /home/leoma/workspace/doc/ydk-yang-huawei-ne40-v8r12/huawei-ospfv3-srv6.yang

>>> transform /home/leoma/workspace/doc/ydk-yang-huawei-ne40-v8r12/huawei-ospfv3-type.yang

>>> transform /home/leoma/workspace/doc/ydk-yang-huawei-ne40-v8r12/huawei-ospfv3.yang

>>> transform /home/leoma/workspace/doc/ydk-yang-huawei-ne40-v8r12/huawei-patch.yang

>>> transform /home/leoma/workspace/doc/ydk-yang-huawei-ne40-v8r12/huawei-pbr-l2vpn.yang

>>> transform /home/leoma/workspace/doc/ydk-yang-huawei-ne40-v8r12/huawei-pbr-notification.yang

>>> transform /home/leoma/workspace/doc/ydk-yang-huawei-ne40-v8r12/huawei-pbr.yang

>>> transform /home/leoma/workspace/doc/ydk-yang-huawei-ne40-v8r12/huawei-pcc.yang

>>> transform /home/leoma/workspace/doc/ydk-yang-huawei-ne40-v8r12/huawei-pcep.yang

>>> transform /home/leoma/workspace/doc/ydk-yang-huawei-ne40-v8r12/huawei-pic-notification.yang

>>> transform /home/leoma/workspace/doc/ydk-yang-huawei-ne40-v8r12/huawei-pic.yang

>>> transform /home/leoma/workspace/doc/ydk-yang-huawei-ne40-v8r12/huawei-pim-type.yang

>>> transform /home/leoma/workspace/doc/ydk-yang-huawei-ne40-v8r12/huawei-pim.yang

>>> transform /home/leoma/workspace/doc/ydk-yang-huawei-ne40-v8r12/huawei-pm.yang

>>> transform /home/leoma/workspace/doc/ydk-yang-huawei-ne40-v8r12/huawei-port-group.yang

>>> transform /home/leoma/workspace/doc/ydk-yang-huawei-ne40-v8r12/huawei-pp4.yang

>>> transform /home/leoma/workspace/doc/ydk-yang-huawei-ne40-v8r12/huawei-pp6.yang

>>> transform /home/leoma/workspace/doc/ydk-yang-huawei-ne40-v8r12/huawei-ppp-net.yang

>>> transform /home/leoma/workspace/doc/ydk-yang-huawei-ne40-v8r12/huawei-pub-type.yang

>>> transform /home/leoma/workspace/doc/ydk-yang-huawei-ne40-v8r12/huawei-qos-bd.yang

>>> transform /home/leoma/workspace/doc/ydk-yang-huawei-ne40-v8r12/huawei-qos-board.yang

>>> transform /home/leoma/workspace/doc/ydk-yang-huawei-ne40-v8r12/huawei-qos-bras.yang

>>> transform /home/leoma/workspace/doc/ydk-yang-huawei-ne40-v8r12/huawei-qos-evpl.yang

>>> transform /home/leoma/workspace/doc/ydk-yang-huawei-ne40-v8r12/huawei-qos-evpn.yang

>>> transform /home/leoma/workspace/doc/ydk-yang-huawei-ne40-v8r12/huawei-qos-l2vpn.yang

>>> transform /home/leoma/workspace/doc/ydk-yang-huawei-ne40-v8r12/huawei-qos-l3vpn.yang

>>> transform /home/leoma/workspace/doc/ydk-yang-huawei-ne40-v8r12/huawei-qos-notification.yang

>>> transform /home/leoma/workspace/doc/ydk-yang-huawei-ne40-v8r12/huawei-qos-nvo3.yang

>>> transform /home/leoma/workspace/doc/ydk-yang-huawei-ne40-v8r12/huawei-qos-type.yang

>>> transform /home/leoma/workspace/doc/ydk-yang-huawei-ne40-v8r12/huawei-qos.yang

>>> transform /home/leoma/workspace/doc/ydk-yang-huawei-ne40-v8r12/huawei-qppb-notification.yang

>>> transform /home/leoma/workspace/doc/ydk-yang-huawei-ne40-v8r12/huawei-qppb.yang

>>> transform /home/leoma/workspace/doc/ydk-yang-huawei-ne40-v8r12/huawei-radius-type.yang

>>> transform /home/leoma/workspace/doc/ydk-yang-huawei-ne40-v8r12/huawei-radius.yang

>>> transform /home/leoma/workspace/doc/ydk-yang-huawei-ne40-v8r12/huawei-rgm.yang

>>> transform /home/leoma/workspace/doc/ydk-yang-huawei-ne40-v8r12/huawei-rip-type.yang

>>> transform /home/leoma/workspace/doc/ydk-yang-huawei-ne40-v8r12/huawei-rip.yang

>>> transform /home/leoma/workspace/doc/ydk-yang-huawei-ne40-v8r12/huawei-ripng-type.yang

>>> transform /home/leoma/workspace/doc/ydk-yang-huawei-ne40-v8r12/huawei-ripng.yang

>>> transform /home/leoma/workspace/doc/ydk-yang-huawei-ne40-v8r12/huawei-route-monitor-group.yang

>>> transform /home/leoma/workspace/doc/ydk-yang-huawei-ne40-v8r12/huawei-routing-nqa.yang

>>> transform /home/leoma/workspace/doc/ydk-yang-huawei-ne40-v8r12/huawei-routing-policy-acl.yang

>>> transform /home/leoma/workspace/doc/ydk-yang-huawei-ne40-v8r12/huawei-routing-policy-ext.yang

>>> transform /home/leoma/workspace/doc/ydk-yang-huawei-ne40-v8r12/huawei-routing-policy-type.yang

>>> transform /home/leoma/workspace/doc/ydk-yang-huawei-ne40-v8r12/huawei-routing-policy.yang

>>> transform /home/leoma/workspace/doc/ydk-yang-huawei-ne40-v8r12/huawei-routing-type.yang

>>> transform /home/leoma/workspace/doc/ydk-yang-huawei-ne40-v8r12/huawei-routing.yang

>>> transform /home/leoma/workspace/doc/ydk-yang-huawei-ne40-v8r12/huawei-rpki.yang

>>> transform /home/leoma/workspace/doc/ydk-yang-huawei-ne40-v8r12/huawei-rsa.yang

>>> transform /home/leoma/workspace/doc/ydk-yang-huawei-ne40-v8r12/huawei-rsvp-interface-type.yang

>>> transform /home/leoma/workspace/doc/ydk-yang-huawei-ne40-v8r12/huawei-rsvp-interface.yang

>>> transform /home/leoma/workspace/doc/ydk-yang-huawei-ne40-v8r12/huawei-said-frame.yang

>>> transform /home/leoma/workspace/doc/ydk-yang-huawei-ne40-v8r12/huawei-segment-routing-type.yang

>>> transform /home/leoma/workspace/doc/ydk-yang-huawei-ne40-v8r12/huawei-segment-routing.yang

>>> transform /home/leoma/workspace/doc/ydk-yang-huawei-ne40-v8r12/huawei-sm2.yang

>>> transform /home/leoma/workspace/doc/ydk-yang-huawei-ne40-v8r12/huawei-snmp-type.yang

>>> transform /home/leoma/workspace/doc/ydk-yang-huawei-ne40-v8r12/huawei-snmp.yang

>>> transform /home/leoma/workspace/doc/ydk-yang-huawei-ne40-v8r12/huawei-soc-bras.yang

>>> transform /home/leoma/workspace/doc/ydk-yang-huawei-ne40-v8r12/huawei-soc-notification.yang

>>> transform /home/leoma/workspace/doc/ydk-yang-huawei-ne40-v8r12/huawei-soc.yang

>>> transform /home/leoma/workspace/doc/ydk-yang-huawei-ne40-v8r12/huawei-socket.yang

>>> transform /home/leoma/workspace/doc/ydk-yang-huawei-ne40-v8r12/huawei-software-notification.yang

>>> transform /home/leoma/workspace/doc/ydk-yang-huawei-ne40-v8r12/huawei-software.yang

>>> transform /home/leoma/workspace/doc/ydk-yang-huawei-ne40-v8r12/huawei-srpolicy-type.yang

>>> transform /home/leoma/workspace/doc/ydk-yang-huawei-ne40-v8r12/huawei-srpolicy.yang

>>> transform /home/leoma/workspace/doc/ydk-yang-huawei-ne40-v8r12/huawei-srv6-notification.yang

>>> transform /home/leoma/workspace/doc/ydk-yang-huawei-ne40-v8r12/huawei-srv6-type.yang

>>> transform /home/leoma/workspace/doc/ydk-yang-huawei-ne40-v8r12/huawei-srv6.yang

>>> transform /home/leoma/workspace/doc/ydk-yang-huawei-ne40-v8r12/huawei-sshc.yang

>>> transform /home/leoma/workspace/doc/ydk-yang-huawei-ne40-v8r12/huawei-sshs.yang

>>> transform /home/leoma/workspace/doc/ydk-yang-huawei-ne40-v8r12/huawei-ssl.yang

>>> transform /home/leoma/workspace/doc/ydk-yang-huawei-ne40-v8r12/huawei-syslog.yang

>>> transform /home/leoma/workspace/doc/ydk-yang-huawei-ne40-v8r12/huawei-system-event-management.yang

>>> transform /home/leoma/workspace/doc/ydk-yang-huawei-ne40-v8r12/huawei-system-resources-usage.yang

>>> transform /home/leoma/workspace/doc/ydk-yang-huawei-ne40-v8r12/huawei-system.yang

>>> transform /home/leoma/workspace/doc/ydk-yang-huawei-ne40-v8r12/huawei-te-interface-type.yang

>>> transform /home/leoma/workspace/doc/ydk-yang-huawei-ne40-v8r12/huawei-te-interface.yang

>>> transform /home/leoma/workspace/doc/ydk-yang-huawei-ne40-v8r12/huawei-te-type.yang

>>> transform /home/leoma/workspace/doc/ydk-yang-huawei-ne40-v8r12/huawei-te.yang

>>> transform /home/leoma/workspace/doc/ydk-yang-huawei-ne40-v8r12/huawei-telnetc.yang

>>> transform /home/leoma/workspace/doc/ydk-yang-huawei-ne40-v8r12/huawei-telnets.yang

>>> transform /home/leoma/workspace/doc/ydk-yang-huawei-ne40-v8r12/huawei-tftpc.yang

>>> transform /home/leoma/workspace/doc/ydk-yang-huawei-ne40-v8r12/huawei-time-range.yang

>>> transform /home/leoma/workspace/doc/ydk-yang-huawei-ne40-v8r12/huawei-tm-type.yang

>>> transform /home/leoma/workspace/doc/ydk-yang-huawei-ne40-v8r12/huawei-tm.yang

>>> transform /home/leoma/workspace/doc/ydk-yang-huawei-ne40-v8r12/huawei-tpm-remote-attestation.yang

>>> transform /home/leoma/workspace/doc/ydk-yang-huawei-ne40-v8r12/huawei-trafficmng.yang

>>> transform /home/leoma/workspace/doc/ydk-yang-huawei-ne40-v8r12/huawei-trustem.yang

>>> transform /home/leoma/workspace/doc/ydk-yang-huawei-ne40-v8r12/huawei-tty.yang

>>> transform /home/leoma/workspace/doc/ydk-yang-huawei-ne40-v8r12/huawei-tunnel-management-ext.yang

>>> transform /home/leoma/workspace/doc/ydk-yang-huawei-ne40-v8r12/huawei-tunnel-management.yang

>>> transform /home/leoma/workspace/doc/ydk-yang-huawei-ne40-v8r12/huawei-tunnel6.yang

>>> transform /home/leoma/workspace/doc/ydk-yang-huawei-ne40-v8r12/huawei-twamp-controller-notif.yang

>>> transform /home/leoma/workspace/doc/ydk-yang-huawei-ne40-v8r12/huawei-twamp-controller.yang

>>> transform /home/leoma/workspace/doc/ydk-yang-huawei-ne40-v8r12/huawei-twamp-fwd-notification.yang

>>> transform /home/leoma/workspace/doc/ydk-yang-huawei-ne40-v8r12/huawei-twamp-responder-notif.yang

>>> transform /home/leoma/workspace/doc/ydk-yang-huawei-ne40-v8r12/huawei-twamp-responder.yang

>>> transform /home/leoma/workspace/doc/ydk-yang-huawei-ne40-v8r12/huawei-twamp-statistics.yang

>>> transform /home/leoma/workspace/doc/ydk-yang-huawei-ne40-v8r12/huawei-unicast-forward.yang

>>> transform /home/leoma/workspace/doc/ydk-yang-huawei-ne40-v8r12/huawei-unicast-fwd-notification.yang

>>> transform /home/leoma/workspace/doc/ydk-yang-huawei-ne40-v8r12/huawei-unicast-fwd-srv6.yang

>>> transform /home/leoma/workspace/doc/ydk-yang-huawei-ne40-v8r12/huawei-vaccess-master.yang

>>> transform /home/leoma/workspace/doc/ydk-yang-huawei-ne40-v8r12/huawei-vaccess-snmp.yang

>>> transform /home/leoma/workspace/doc/ydk-yang-huawei-ne40-v8r12/huawei-vaccess-type.yang

>>> transform /home/leoma/workspace/doc/ydk-yang-huawei-ne40-v8r12/huawei-vaccess.yang

>>> transform /home/leoma/workspace/doc/ydk-yang-huawei-ne40-v8r12/huawei-vcchassis.yang

>>> transform /home/leoma/workspace/doc/ydk-yang-huawei-ne40-v8r12/huawei-vcluster.yang

>>> transform /home/leoma/workspace/doc/ydk-yang-huawei-ne40-v8r12/huawei-vlan-fwd.yang

>>> transform /home/leoma/workspace/doc/ydk-yang-huawei-ne40-v8r12/huawei-vlan.yang

>>> transform /home/leoma/workspace/doc/ydk-yang-huawei-ne40-v8r12/huawei-vrrp.yang

>>> transform /home/leoma/workspace/doc/ydk-yang-huawei-ne40-v8r12/huawei-vty.yang

>>> transform /home/leoma/workspace/doc/ydk-yang-huawei-ne40-v8r12/huawei-vxlan-path-detect.yang

>>> transform /home/leoma/workspace/doc/ydk-yang-huawei-ne40-v8r12/huawei-warranty-notification.yang

>>> transform /home/leoma/workspace/doc/ydk-yang-huawei-ne40-v8r12/huawei-warranty.yang

>>> transform /home/leoma/workspace/doc/ydk-yang-huawei-ne40-v8r12/huawei-wdm.yang

>>> transform /home/leoma/workspace/doc/ydk-yang-huawei-ne40-v8r12/huawei-xpl.yang

>>> transform /home/leoma/workspace/doc/ydk-yang-huawei-ne40-v8r12/huawei-y1731-statistics.yang

>>> transform /home/leoma/workspace/doc/ydk-yang-huawei-ne40-v8r12/huawei-y1731.yang

>>> transform /home/leoma/workspace/doc/ydk-yang-huawei-ne40-v8r12/huawei-ztp.yang

>>> transform /home/leoma/workspace/doc/ydk-yang-huawei-ne40-v8r12/iana-crypt-hash.yang

>>> transform /home/leoma/workspace/doc/ydk-yang-huawei-ne40-v8r12/iana-hardware.yang

>>> transform /home/leoma/workspace/doc/ydk-yang-huawei-ne40-v8r12/iana-if-type.yang

>>> transform /home/leoma/workspace/doc/ydk-yang-huawei-ne40-v8r12/ietf-connectionless-oam-methods.yang

>>> transform /home/leoma/workspace/doc/ydk-yang-huawei-ne40-v8r12/ietf-connectionless-oam.yang

>>> transform /home/leoma/workspace/doc/ydk-yang-huawei-ne40-v8r12/ietf-datastores.yang

>>> transform /home/leoma/workspace/doc/ydk-yang-huawei-ne40-v8r12/ietf-hardware.yang

>>> transform /home/leoma/workspace/doc/ydk-yang-huawei-ne40-v8r12/ietf-inet-types.yang

>>> transform /home/leoma/workspace/doc/ydk-yang-huawei-ne40-v8r12/ietf-interfaces.yang

>>> transform /home/leoma/workspace/doc/ydk-yang-huawei-ne40-v8r12/ietf-ip.yang

>>> transform /home/leoma/workspace/doc/ydk-yang-huawei-ne40-v8r12/ietf-ipv4-unicast-routing.yang
Traceback (most recent call last):
  File "/usr/local/bin/pyang", line 520, in <module>
    run()
  File "/usr/local/bin/pyang", line 489, in run
    emit_obj.emit(ctx, modules, fd)
  File "/home/leoma/workspace/ext/git/EagleUmlCommon/YangJsonTools/swagger.py", line 103, in emit
    emit_swagger_spec(ctx, modules, fd, ctx.opts.path)
  File "/home/leoma/workspace/ext/git/EagleUmlCommon/YangJsonTools/swagger.py", line 180, in emit_swagger_spec
    genAugmentedStatements(ctx, augments, definitions, model['paths'])
  File "/home/leoma/workspace/ext/git/EagleUmlCommon/YangJsonTools/swagger.py", line 204, in genAugmentedStatements
    gen_apis(chs, path, copy.deepcopy(apis), new_definitions)
  File "/home/leoma/workspace/ext/git/EagleUmlCommon/YangJsonTools/swagger.py", line 439, in gen_apis
    gen_api_node(child, path, apis, definitions, config)
  File "/home/leoma/workspace/ext/git/EagleUmlCommon/YangJsonTools/swagger.py", line 578, in gen_api_node
    gen_apis(node.i_children, path, apis, definitions, config)
  File "/home/leoma/workspace/ext/git/EagleUmlCommon/YangJsonTools/swagger.py", line 439, in gen_apis
    gen_api_node(child, path, apis, definitions, config)
  File "/home/leoma/workspace/ext/git/EagleUmlCommon/YangJsonTools/swagger.py", line 578, in gen_api_node
    gen_apis(node.i_children, path, apis, definitions, config)
  File "/home/leoma/workspace/ext/git/EagleUmlCommon/YangJsonTools/swagger.py", line 439, in gen_apis
    gen_api_node(child, path, apis, definitions, config)
  File "/home/leoma/workspace/ext/git/EagleUmlCommon/YangJsonTools/swagger.py", line 578, in gen_api_node
    gen_apis(node.i_children, path, apis, definitions, config)
  File "/home/leoma/workspace/ext/git/EagleUmlCommon/YangJsonTools/swagger.py", line 439, in gen_apis
    gen_api_node(child, path, apis, definitions, config)
  File "/home/leoma/workspace/ext/git/EagleUmlCommon/YangJsonTools/swagger.py", line 578, in gen_api_node
    gen_apis(node.i_children, path, apis, definitions, config)
  File "/home/leoma/workspace/ext/git/EagleUmlCommon/YangJsonTools/swagger.py", line 439, in gen_apis
    gen_api_node(child, path, apis, definitions, config)
  File "/home/leoma/workspace/ext/git/EagleUmlCommon/YangJsonTools/swagger.py", line 578, in gen_api_node
    gen_apis(node.i_children, path, apis, definitions, config)
  File "/home/leoma/workspace/ext/git/EagleUmlCommon/YangJsonTools/swagger.py", line 439, in gen_apis
    gen_api_node(child, path, apis, definitions, config)
  File "/home/leoma/workspace/ext/git/EagleUmlCommon/YangJsonTools/swagger.py", line 578, in gen_api_node
    gen_apis(node.i_children, path, apis, definitions, config)
  File "/home/leoma/workspace/ext/git/EagleUmlCommon/YangJsonTools/swagger.py", line 439, in gen_apis
    gen_api_node(child, path, apis, definitions, config)
  File "/home/leoma/workspace/ext/git/EagleUmlCommon/YangJsonTools/swagger.py", line 578, in gen_api_node
    gen_apis(node.i_children, path, apis, definitions, config)
  File "/home/leoma/workspace/ext/git/EagleUmlCommon/YangJsonTools/swagger.py", line 439, in gen_apis
    gen_api_node(child, path, apis, definitions, config)
  File "/home/leoma/workspace/ext/git/EagleUmlCommon/YangJsonTools/swagger.py", line 578, in gen_api_node
    gen_apis(node.i_children, path, apis, definitions, config)
  File "/home/leoma/workspace/ext/git/EagleUmlCommon/YangJsonTools/swagger.py", line 439, in gen_apis
    gen_api_node(child, path, apis, definitions, config)
  File "/home/leoma/workspace/ext/git/EagleUmlCommon/YangJsonTools/swagger.py", line 578, in gen_api_node
    gen_apis(node.i_children, path, apis, definitions, config)
  File "/home/leoma/workspace/ext/git/EagleUmlCommon/YangJsonTools/swagger.py", line 439, in gen_apis
    gen_api_node(child, path, apis, definitions, config)
  File "/home/leoma/workspace/ext/git/EagleUmlCommon/YangJsonTools/swagger.py", line 578, in gen_api_node
    gen_apis(node.i_children, path, apis, definitions, config)
  File "/home/leoma/workspace/ext/git/EagleUmlCommon/YangJsonTools/swagger.py", line 439, in gen_apis
    gen_api_node(child, path, apis, definitions, config)
  File "/home/leoma/workspace/ext/git/EagleUmlCommon/YangJsonTools/swagger.py", line 470, in gen_api_node
    raise Exception('Invalid list statement, key parameter is required')
Exception: Invalid list statement, key parameter is required

>>> transform /home/leoma/workspace/doc/ydk-yang-huawei-ne40-v8r12/ietf-lime-time-types.yang

>>> transform /home/leoma/workspace/doc/ydk-yang-huawei-ne40-v8r12/ietf-netconf-acm.yang

>>> transform /home/leoma/workspace/doc/ydk-yang-huawei-ne40-v8r12/ietf-netconf-monitoring.yang

>>> transform /home/leoma/workspace/doc/ydk-yang-huawei-ne40-v8r12/ietf-netconf-nmda.yang

>>> transform /home/leoma/workspace/doc/ydk-yang-huawei-ne40-v8r12/ietf-netconf-notifications.yang

>>> transform /home/leoma/workspace/doc/ydk-yang-huawei-ne40-v8r12/ietf-netconf-with-defaults.yang

>>> transform /home/leoma/workspace/doc/ydk-yang-huawei-ne40-v8r12/ietf-netconf.yang

>>> transform /home/leoma/workspace/doc/ydk-yang-huawei-ne40-v8r12/ietf-network-instance.yang

>>> transform /home/leoma/workspace/doc/ydk-yang-huawei-ne40-v8r12/ietf-network.yang

>>> transform /home/leoma/workspace/doc/ydk-yang-huawei-ne40-v8r12/ietf-origin.yang

>>> transform /home/leoma/workspace/doc/ydk-yang-huawei-ne40-v8r12/ietf-routing-types.yang

>>> transform /home/leoma/workspace/doc/ydk-yang-huawei-ne40-v8r12/ietf-routing.yang
Traceback (most recent call last):
  File "/usr/local/bin/pyang", line 520, in <module>
    run()
  File "/usr/local/bin/pyang", line 489, in run
    emit_obj.emit(ctx, modules, fd)
  File "/home/leoma/workspace/ext/git/EagleUmlCommon/YangJsonTools/swagger.py", line 103, in emit
    emit_swagger_spec(ctx, modules, fd, ctx.opts.path)
  File "/home/leoma/workspace/ext/git/EagleUmlCommon/YangJsonTools/swagger.py", line 183, in emit_swagger_spec
    gen_apis(chs, path, model['paths'], definitions)
  File "/home/leoma/workspace/ext/git/EagleUmlCommon/YangJsonTools/swagger.py", line 439, in gen_apis
    gen_api_node(child, path, apis, definitions, config)
  File "/home/leoma/workspace/ext/git/EagleUmlCommon/YangJsonTools/swagger.py", line 578, in gen_api_node
    gen_apis(node.i_children, path, apis, definitions, config)
  File "/home/leoma/workspace/ext/git/EagleUmlCommon/YangJsonTools/swagger.py", line 439, in gen_apis
    gen_api_node(child, path, apis, definitions, config)
  File "/home/leoma/workspace/ext/git/EagleUmlCommon/YangJsonTools/swagger.py", line 578, in gen_api_node
    gen_apis(node.i_children, path, apis, definitions, config)
  File "/home/leoma/workspace/ext/git/EagleUmlCommon/YangJsonTools/swagger.py", line 439, in gen_apis
    gen_api_node(child, path, apis, definitions, config)
  File "/home/leoma/workspace/ext/git/EagleUmlCommon/YangJsonTools/swagger.py", line 578, in gen_api_node
    gen_apis(node.i_children, path, apis, definitions, config)
  File "/home/leoma/workspace/ext/git/EagleUmlCommon/YangJsonTools/swagger.py", line 439, in gen_apis
    gen_api_node(child, path, apis, definitions, config)
  File "/home/leoma/workspace/ext/git/EagleUmlCommon/YangJsonTools/swagger.py", line 578, in gen_api_node
    gen_apis(node.i_children, path, apis, definitions, config)
  File "/home/leoma/workspace/ext/git/EagleUmlCommon/YangJsonTools/swagger.py", line 439, in gen_apis
    gen_api_node(child, path, apis, definitions, config)
  File "/home/leoma/workspace/ext/git/EagleUmlCommon/YangJsonTools/swagger.py", line 578, in gen_api_node
    gen_apis(node.i_children, path, apis, definitions, config)
  File "/home/leoma/workspace/ext/git/EagleUmlCommon/YangJsonTools/swagger.py", line 439, in gen_apis
    gen_api_node(child, path, apis, definitions, config)
  File "/home/leoma/workspace/ext/git/EagleUmlCommon/YangJsonTools/swagger.py", line 578, in gen_api_node
    gen_apis(node.i_children, path, apis, definitions, config)
  File "/home/leoma/workspace/ext/git/EagleUmlCommon/YangJsonTools/swagger.py", line 439, in gen_apis
    gen_api_node(child, path, apis, definitions, config)
  File "/home/leoma/workspace/ext/git/EagleUmlCommon/YangJsonTools/swagger.py", line 578, in gen_api_node
    gen_apis(node.i_children, path, apis, definitions, config)
  File "/home/leoma/workspace/ext/git/EagleUmlCommon/YangJsonTools/swagger.py", line 439, in gen_apis
    gen_api_node(child, path, apis, definitions, config)
  File "/home/leoma/workspace/ext/git/EagleUmlCommon/YangJsonTools/swagger.py", line 578, in gen_api_node
    gen_apis(node.i_children, path, apis, definitions, config)
  File "/home/leoma/workspace/ext/git/EagleUmlCommon/YangJsonTools/swagger.py", line 439, in gen_apis
    gen_api_node(child, path, apis, definitions, config)
  File "/home/leoma/workspace/ext/git/EagleUmlCommon/YangJsonTools/swagger.py", line 578, in gen_api_node
    gen_apis(node.i_children, path, apis, definitions, config)
  File "/home/leoma/workspace/ext/git/EagleUmlCommon/YangJsonTools/swagger.py", line 439, in gen_apis
    gen_api_node(child, path, apis, definitions, config)
  File "/home/leoma/workspace/ext/git/EagleUmlCommon/YangJsonTools/swagger.py", line 578, in gen_api_node
    gen_apis(node.i_children, path, apis, definitions, config)
  File "/home/leoma/workspace/ext/git/EagleUmlCommon/YangJsonTools/swagger.py", line 439, in gen_apis
    gen_api_node(child, path, apis, definitions, config)
  File "/home/leoma/workspace/ext/git/EagleUmlCommon/YangJsonTools/swagger.py", line 470, in gen_api_node
    raise Exception('Invalid list statement, key parameter is required')
Exception: Invalid list statement, key parameter is required

>>> transform /home/leoma/workspace/doc/ydk-yang-huawei-ne40-v8r12/ietf-snmp-common.yang

>>> transform /home/leoma/workspace/doc/ydk-yang-huawei-ne40-v8r12/ietf-snmp-community.yang

>>> transform /home/leoma/workspace/doc/ydk-yang-huawei-ne40-v8r12/ietf-snmp-engine.yang

>>> transform /home/leoma/workspace/doc/ydk-yang-huawei-ne40-v8r12/ietf-snmp-notification.yang

>>> transform /home/leoma/workspace/doc/ydk-yang-huawei-ne40-v8r12/ietf-snmp-proxy.yang

>>> transform /home/leoma/workspace/doc/ydk-yang-huawei-ne40-v8r12/ietf-snmp-ssh.yang

>>> transform /home/leoma/workspace/doc/ydk-yang-huawei-ne40-v8r12/ietf-snmp-target.yang

>>> transform /home/leoma/workspace/doc/ydk-yang-huawei-ne40-v8r12/ietf-snmp-tls.yang

>>> transform /home/leoma/workspace/doc/ydk-yang-huawei-ne40-v8r12/ietf-snmp-tsm.yang

>>> transform /home/leoma/workspace/doc/ydk-yang-huawei-ne40-v8r12/ietf-snmp-usm.yang

>>> transform /home/leoma/workspace/doc/ydk-yang-huawei-ne40-v8r12/ietf-snmp-vacm.yang

>>> transform /home/leoma/workspace/doc/ydk-yang-huawei-ne40-v8r12/ietf-snmp.yang

>>> transform /home/leoma/workspace/doc/ydk-yang-huawei-ne40-v8r12/ietf-system.yang

>>> transform /home/leoma/workspace/doc/ydk-yang-huawei-ne40-v8r12/ietf-x509-cert-to-name.yang

>>> transform /home/leoma/workspace/doc/ydk-yang-huawei-ne40-v8r12/ietf-yang-library.yang

>>> transform /home/leoma/workspace/doc/ydk-yang-huawei-ne40-v8r12/ietf-yang-metadata.yang

>>> transform /home/leoma/workspace/doc/ydk-yang-huawei-ne40-v8r12/ietf-yang-schema-mount.yang

>>> transform /home/leoma/workspace/doc/ydk-yang-huawei-ne40-v8r12/ietf-yang-types.yang

>>> transform /home/leoma/workspace/doc/ydk-yang-huawei-ne40-v8r12/nc-notifications.yang

>>> transform /home/leoma/workspace/doc/ydk-yang-huawei-ne40-v8r12/notifications.yang

>>> transform /home/leoma/workspace/doc/ydk-yang-huawei-ne40-v8r12/openconfig-acl.yang

>>> transform /home/leoma/workspace/doc/ydk-yang-huawei-ne40-v8r12/openconfig-aft-common.yang

>>> transform /home/leoma/workspace/doc/ydk-yang-huawei-ne40-v8r12/openconfig-aft-ethernet.yang

>>> transform /home/leoma/workspace/doc/ydk-yang-huawei-ne40-v8r12/openconfig-aft-ipv4.yang

>>> transform /home/leoma/workspace/doc/ydk-yang-huawei-ne40-v8r12/openconfig-aft-ipv6.yang

>>> transform /home/leoma/workspace/doc/ydk-yang-huawei-ne40-v8r12/openconfig-aft-mpls.yang

>>> transform /home/leoma/workspace/doc/ydk-yang-huawei-ne40-v8r12/openconfig-aft-pf.yang

>>> transform /home/leoma/workspace/doc/ydk-yang-huawei-ne40-v8r12/openconfig-aft-types.yang

>>> transform /home/leoma/workspace/doc/ydk-yang-huawei-ne40-v8r12/openconfig-aft.yang

>>> transform /home/leoma/workspace/doc/ydk-yang-huawei-ne40-v8r12/openconfig-bgp-common-multiprotocol.yang

>>> transform /home/leoma/workspace/doc/ydk-yang-huawei-ne40-v8r12/openconfig-bgp-common-structure.yang

>>> transform /home/leoma/workspace/doc/ydk-yang-huawei-ne40-v8r12/openconfig-bgp-common.yang

>>> transform /home/leoma/workspace/doc/ydk-yang-huawei-ne40-v8r12/openconfig-bgp-errors.yang

>>> transform /home/leoma/workspace/doc/ydk-yang-huawei-ne40-v8r12/openconfig-bgp-global.yang

>>> transform /home/leoma/workspace/doc/ydk-yang-huawei-ne40-v8r12/openconfig-bgp-neighbor.yang

>>> transform /home/leoma/workspace/doc/ydk-yang-huawei-ne40-v8r12/openconfig-bgp-peer-group.yang

>>> transform /home/leoma/workspace/doc/ydk-yang-huawei-ne40-v8r12/openconfig-bgp-policy.yang
/home/leoma/workspace/doc/ydk-yang-huawei-ne40-v8r12/openconfig-bgp-policy.yang:1149 (at /home/leoma/workspace/doc/ydk-yang-huawei-ne40-v8r12/openconfig-bgp-policy.yang:770): warning: node "openconfig-bgp-policy::INLINE" is not found in "openconfig-bgp-policy::inline"
/home/leoma/workspace/doc/ydk-yang-huawei-ne40-v8r12/openconfig-bgp-policy.yang:1149 (at /home/leoma/workspace/doc/ydk-yang-huawei-ne40-v8r12/openconfig-bgp-policy.yang:829): warning: node "openconfig-bgp-policy::REFERENCE" is not found in "openconfig-bgp-policy::reference"
/home/leoma/workspace/doc/ydk-yang-huawei-ne40-v8r12/openconfig-bgp-policy.yang:1149 (at /home/leoma/workspace/doc/ydk-yang-huawei-ne40-v8r12/openconfig-bgp-policy.yang:933): warning: node "openconfig-bgp-policy::INLINE" is not found in "openconfig-bgp-policy::inline"
/home/leoma/workspace/doc/ydk-yang-huawei-ne40-v8r12/openconfig-bgp-policy.yang:1149 (at /home/leoma/workspace/doc/ydk-yang-huawei-ne40-v8r12/openconfig-bgp-policy.yang:994): warning: node "openconfig-bgp-policy::REFERENCE" is not found in "openconfig-bgp-policy::reference"

>>> transform /home/leoma/workspace/doc/ydk-yang-huawei-ne40-v8r12/openconfig-bgp-types.yang

>>> transform /home/leoma/workspace/doc/ydk-yang-huawei-ne40-v8r12/openconfig-bgp.yang

>>> transform /home/leoma/workspace/doc/ydk-yang-huawei-ne40-v8r12/openconfig-extensions.yang

>>> transform /home/leoma/workspace/doc/ydk-yang-huawei-ne40-v8r12/openconfig-if-aggregate.yang

>>> transform /home/leoma/workspace/doc/ydk-yang-huawei-ne40-v8r12/openconfig-if-ethernet.yang

>>> transform /home/leoma/workspace/doc/ydk-yang-huawei-ne40-v8r12/openconfig-if-ip.yang
Traceback (most recent call last):
  File "/usr/local/bin/pyang", line 520, in <module>
    run()
  File "/usr/local/bin/pyang", line 489, in run
    emit_obj.emit(ctx, modules, fd)
  File "/home/leoma/workspace/ext/git/EagleUmlCommon/YangJsonTools/swagger.py", line 103, in emit
    emit_swagger_spec(ctx, modules, fd, ctx.opts.path)
  File "/home/leoma/workspace/ext/git/EagleUmlCommon/YangJsonTools/swagger.py", line 180, in emit_swagger_spec
    genAugmentedStatements(ctx, augments, definitions, model['paths'])
  File "/home/leoma/workspace/ext/git/EagleUmlCommon/YangJsonTools/swagger.py", line 197, in genAugmentedStatements
    genAugmentedStatements(ctx, parent_augments, new_definitions, apis)
  File "/home/leoma/workspace/ext/git/EagleUmlCommon/YangJsonTools/swagger.py", line 197, in genAugmentedStatements
    genAugmentedStatements(ctx, parent_augments, new_definitions, apis)
  File "/home/leoma/workspace/ext/git/EagleUmlCommon/YangJsonTools/swagger.py", line 197, in genAugmentedStatements
    genAugmentedStatements(ctx, parent_augments, new_definitions, apis)
  [Previous line repeated 966 more times]
  File "/home/leoma/workspace/ext/git/EagleUmlCommon/YangJsonTools/swagger.py", line 204, in genAugmentedStatements
    gen_apis(chs, path, copy.deepcopy(apis), new_definitions)
  File "/home/leoma/workspace/ext/git/EagleUmlCommon/YangJsonTools/swagger.py", line 439, in gen_apis
    gen_api_node(child, path, apis, definitions, config)
  File "/home/leoma/workspace/ext/git/EagleUmlCommon/YangJsonTools/swagger.py", line 578, in gen_api_node
    gen_apis(node.i_children, path, apis, definitions, config)
  File "/home/leoma/workspace/ext/git/EagleUmlCommon/YangJsonTools/swagger.py", line 439, in gen_apis
    gen_api_node(child, path, apis, definitions, config)
  File "/home/leoma/workspace/ext/git/EagleUmlCommon/YangJsonTools/swagger.py", line 578, in gen_api_node
    gen_apis(node.i_children, path, apis, definitions, config)
  File "/home/leoma/workspace/ext/git/EagleUmlCommon/YangJsonTools/swagger.py", line 439, in gen_apis
    gen_api_node(child, path, apis, definitions, config)
  File "/home/leoma/workspace/ext/git/EagleUmlCommon/YangJsonTools/swagger.py", line 578, in gen_api_node
    gen_apis(node.i_children, path, apis, definitions, config)
  File "/home/leoma/workspace/ext/git/EagleUmlCommon/YangJsonTools/swagger.py", line 439, in gen_apis
    gen_api_node(child, path, apis, definitions, config)
  File "/home/leoma/workspace/ext/git/EagleUmlCommon/YangJsonTools/swagger.py", line 578, in gen_api_node
    gen_apis(node.i_children, path, apis, definitions, config)
  File "/home/leoma/workspace/ext/git/EagleUmlCommon/YangJsonTools/swagger.py", line 439, in gen_apis
    gen_api_node(child, path, apis, definitions, config)
  File "/home/leoma/workspace/ext/git/EagleUmlCommon/YangJsonTools/swagger.py", line 578, in gen_api_node
    gen_apis(node.i_children, path, apis, definitions, config)
  File "/home/leoma/workspace/ext/git/EagleUmlCommon/YangJsonTools/swagger.py", line 439, in gen_apis
    gen_api_node(child, path, apis, definitions, config)
  File "/home/leoma/workspace/ext/git/EagleUmlCommon/YangJsonTools/swagger.py", line 578, in gen_api_node
    gen_apis(node.i_children, path, apis, definitions, config)
  File "/home/leoma/workspace/ext/git/EagleUmlCommon/YangJsonTools/swagger.py", line 439, in gen_apis
    gen_api_node(child, path, apis, definitions, config)
  File "/home/leoma/workspace/ext/git/EagleUmlCommon/YangJsonTools/swagger.py", line 578, in gen_api_node
    gen_apis(node.i_children, path, apis, definitions, config)
  File "/home/leoma/workspace/ext/git/EagleUmlCommon/YangJsonTools/swagger.py", line 439, in gen_apis
    gen_api_node(child, path, apis, definitions, config)
  File "/home/leoma/workspace/ext/git/EagleUmlCommon/YangJsonTools/swagger.py", line 578, in gen_api_node
    gen_apis(node.i_children, path, apis, definitions, config)
  File "/home/leoma/workspace/ext/git/EagleUmlCommon/YangJsonTools/swagger.py", line 439, in gen_apis
    gen_api_node(child, path, apis, definitions, config)
  File "/home/leoma/workspace/ext/git/EagleUmlCommon/YangJsonTools/swagger.py", line 578, in gen_api_node
    gen_apis(node.i_children, path, apis, definitions, config)
  File "/home/leoma/workspace/ext/git/EagleUmlCommon/YangJsonTools/swagger.py", line 439, in gen_apis
    gen_api_node(child, path, apis, definitions, config)
  File "/home/leoma/workspace/ext/git/EagleUmlCommon/YangJsonTools/swagger.py", line 578, in gen_api_node
    gen_apis(node.i_children, path, apis, definitions, config)
  File "/home/leoma/workspace/ext/git/EagleUmlCommon/YangJsonTools/swagger.py", line 439, in gen_apis
    gen_api_node(child, path, apis, definitions, config)
  File "/home/leoma/workspace/ext/git/EagleUmlCommon/YangJsonTools/swagger.py", line 528, in gen_api_node
    apis['/config'+str(path).replace(" ", "_")] = print_api(node, config, schema, path.replace(" ", "_"))
  File "/home/leoma/workspace/ext/git/EagleUmlCommon/YangJsonTools/swagger.py", line 623, in print_api
    operations['post'] = generate_create(node, ref, path)
  File "/home/leoma/workspace/ext/git/EagleUmlCommon/YangJsonTools/swagger.py", line 656, in generate_create
    generate_api_header(stmt, post, 'Create', path)
  File "/home/leoma/workspace/ext/git/EagleUmlCommon/YangJsonTools/swagger.py", line 784, in generate_api_header
    parentContainer = [to_upper_camelcase(element) for i,element in enumerate(str(path).split('/')[1:-1])
  File "/home/leoma/workspace/ext/git/EagleUmlCommon/YangJsonTools/swagger.py", line 785, in <listcomp>
    if str(element)[0] =='{' and str(element)[-1] == '}' ]
RecursionError: maximum recursion depth exceeded while calling a Python object

>>> transform /home/leoma/workspace/doc/ydk-yang-huawei-ne40-v8r12/openconfig-if-tunnel.yang

>>> transform /home/leoma/workspace/doc/ydk-yang-huawei-ne40-v8r12/openconfig-if-types.yang

>>> transform /home/leoma/workspace/doc/ydk-yang-huawei-ne40-v8r12/openconfig-igmp-types.yang

>>> transform /home/leoma/workspace/doc/ydk-yang-huawei-ne40-v8r12/openconfig-igmp.yang

>>> transform /home/leoma/workspace/doc/ydk-yang-huawei-ne40-v8r12/openconfig-inet-types.yang

>>> transform /home/leoma/workspace/doc/ydk-yang-huawei-ne40-v8r12/openconfig-interfaces.yang

>>> transform /home/leoma/workspace/doc/ydk-yang-huawei-ne40-v8r12/openconfig-isis-lsdb-types.yang

>>> transform /home/leoma/workspace/doc/ydk-yang-huawei-ne40-v8r12/openconfig-isis-lsp.yang

>>> transform /home/leoma/workspace/doc/ydk-yang-huawei-ne40-v8r12/openconfig-isis-routing.yang

>>> transform /home/leoma/workspace/doc/ydk-yang-huawei-ne40-v8r12/openconfig-isis-types.yang

>>> transform /home/leoma/workspace/doc/ydk-yang-huawei-ne40-v8r12/openconfig-isis.yang

>>> transform /home/leoma/workspace/doc/ydk-yang-huawei-ne40-v8r12/openconfig-lacp.yang

>>> transform /home/leoma/workspace/doc/ydk-yang-huawei-ne40-v8r12/openconfig-local-routing.yang

>>> transform /home/leoma/workspace/doc/ydk-yang-huawei-ne40-v8r12/openconfig-mpls-igp.yang

>>> transform /home/leoma/workspace/doc/ydk-yang-huawei-ne40-v8r12/openconfig-mpls-ldp.yang

>>> transform /home/leoma/workspace/doc/ydk-yang-huawei-ne40-v8r12/openconfig-mpls-rsvp.yang

>>> transform /home/leoma/workspace/doc/ydk-yang-huawei-ne40-v8r12/openconfig-mpls-sr.yang

>>> transform /home/leoma/workspace/doc/ydk-yang-huawei-ne40-v8r12/openconfig-mpls-static.yang

>>> transform /home/leoma/workspace/doc/ydk-yang-huawei-ne40-v8r12/openconfig-mpls-te.yang

>>> transform /home/leoma/workspace/doc/ydk-yang-huawei-ne40-v8r12/openconfig-mpls-types.yang

>>> transform /home/leoma/workspace/doc/ydk-yang-huawei-ne40-v8r12/openconfig-mpls.yang

>>> transform /home/leoma/workspace/doc/ydk-yang-huawei-ne40-v8r12/openconfig-network-instance-l2.yang

>>> transform /home/leoma/workspace/doc/ydk-yang-huawei-ne40-v8r12/openconfig-network-instance-l3.yang

>>> transform /home/leoma/workspace/doc/ydk-yang-huawei-ne40-v8r12/openconfig-network-instance-types.yang

>>> transform /home/leoma/workspace/doc/ydk-yang-huawei-ne40-v8r12/openconfig-network-instance.yang
/home/leoma/workspace/doc/ydk-yang-huawei-ne40-v8r12/openconfig-network-instance.yang:1165 (at /home/leoma/workspace/doc/ydk-yang-huawei-ne40-v8r12/openconfig-network-instance.yang:223): warning: node "openconfig-network-instance::config" is not found in "openconfig-network-instance::network-instances"
/home/leoma/workspace/doc/ydk-yang-huawei-ne40-v8r12/openconfig-network-instance.yang:1165 (at /home/leoma/workspace/doc/ydk-yang-huawei-ne40-v8r12/openconfig-network-instance.yang:269): warning: node "openconfig-network-instance::config" is not found in "openconfig-network-instance::network-instances"
/home/leoma/workspace/doc/ydk-yang-huawei-ne40-v8r12/openconfig-network-instance.yang:1165 (at /home/leoma/workspace/doc/ydk-yang-huawei-ne40-v8r12/openconfig-network-instance.yang:287): warning: node "openconfig-network-instance::config" is not found in "openconfig-network-instance::network-instances"
/home/leoma/workspace/doc/ydk-yang-huawei-ne40-v8r12/openconfig-network-instance.yang:1165 (at /home/leoma/workspace/doc/ydk-yang-huawei-ne40-v8r12/openconfig-network-instance.yang:407): warning: node "openconfig-network-instance::config" is not found in "openconfig-network-instance::network-instances"
/home/leoma/workspace/doc/ydk-yang-huawei-ne40-v8r12/openconfig-network-instance.yang:1165 (at /home/leoma/workspace/doc/ydk-yang-huawei-ne40-v8r12/openconfig-network-instance.yang:625): warning: node "openconfig-network-instance::config" is not found in "openconfig-network-instance::network-instances"
/home/leoma/workspace/doc/ydk-yang-huawei-ne40-v8r12/openconfig-network-instance.yang:1165 (at /home/leoma/workspace/doc/ydk-yang-huawei-ne40-v8r12/openconfig-network-instance.yang:633): warning: node "openconfig-network-instance::config" is not found in "openconfig-network-instance::network-instances"
/home/leoma/workspace/doc/ydk-yang-huawei-ne40-v8r12/openconfig-network-instance.yang:1165 (at /home/leoma/workspace/doc/ydk-yang-huawei-ne40-v8r12/openconfig-network-instance.yang:697): warning: node "openconfig-network-instance::config" is not found in "openconfig-network-instance::protocols"
/home/leoma/workspace/doc/ydk-yang-huawei-ne40-v8r12/openconfig-network-instance.yang:1165 (at /home/leoma/workspace/doc/ydk-yang-huawei-ne40-v8r12/openconfig-network-instance.yang:708): warning: node "openconfig-network-instance::config" is not found in "openconfig-network-instance::protocols"
/home/leoma/workspace/doc/ydk-yang-huawei-ne40-v8r12/openconfig-network-instance.yang:1165 (at /home/leoma/workspace/doc/ydk-yang-huawei-ne40-v8r12/openconfig-network-instance.yang:719): warning: node "openconfig-network-instance::config" is not found in "openconfig-network-instance::protocols"
/home/leoma/workspace/doc/ydk-yang-huawei-ne40-v8r12/openconfig-network-instance.yang:1165 (at /home/leoma/workspace/doc/ydk-yang-huawei-ne40-v8r12/openconfig-network-instance.yang:730): warning: node "openconfig-network-instance::config" is not found in "openconfig-network-instance::protocols"
/home/leoma/workspace/doc/ydk-yang-huawei-ne40-v8r12/openconfig-network-instance.yang:1165 (at /home/leoma/workspace/doc/ydk-yang-huawei-ne40-v8r12/openconfig-network-instance.yang:738): warning: node "openconfig-network-instance::config" is not found in "openconfig-network-instance::protocols"
/home/leoma/workspace/doc/ydk-yang-huawei-ne40-v8r12/openconfig-network-instance.yang:1165 (at /home/leoma/workspace/doc/ydk-yang-huawei-ne40-v8r12/openconfig-network-instance.yang:749): warning: node "openconfig-network-instance::config" is not found in "openconfig-network-instance::protocols"
/home/leoma/workspace/doc/ydk-yang-huawei-ne40-v8r12/openconfig-network-instance.yang:1165 (at /home/leoma/workspace/doc/ydk-yang-huawei-ne40-v8r12/openconfig-network-instance.yang:760): warning: node "openconfig-network-instance::config" is not found in "openconfig-network-instance::protocols"
/home/leoma/workspace/doc/ydk-yang-huawei-ne40-v8r12/openconfig-network-instance.yang:1165 (at /home/leoma/workspace/doc/ydk-yang-huawei-ne40-v8r12/openconfig-network-instance.yang:780): warning: node "openconfig-network-instance::type" is not found in "openconfig-network-instance::network-instance"
/home/leoma/workspace/doc/ydk-yang-huawei-ne40-v8r12/openconfig-network-instance.yang:1165 (at /home/leoma/workspace/doc/ydk-yang-huawei-ne40-v8r12/openconfig-network-instance.yang:789): warning: node "openconfig-network-instance::type" is not found in "openconfig-network-instance::network-instance"

>>> transform /home/leoma/workspace/doc/ydk-yang-huawei-ne40-v8r12/openconfig-ospf-types.yang

>>> transform /home/leoma/workspace/doc/ydk-yang-huawei-ne40-v8r12/openconfig-ospfv2-area-interface.yang

>>> transform /home/leoma/workspace/doc/ydk-yang-huawei-ne40-v8r12/openconfig-ospfv2-area.yang

>>> transform /home/leoma/workspace/doc/ydk-yang-huawei-ne40-v8r12/openconfig-ospfv2-common.yang

>>> transform /home/leoma/workspace/doc/ydk-yang-huawei-ne40-v8r12/openconfig-ospfv2-global.yang

>>> transform /home/leoma/workspace/doc/ydk-yang-huawei-ne40-v8r12/openconfig-ospfv2-lsdb.yang

>>> transform /home/leoma/workspace/doc/ydk-yang-huawei-ne40-v8r12/openconfig-ospfv2.yang

>>> transform /home/leoma/workspace/doc/ydk-yang-huawei-ne40-v8r12/openconfig-packet-match-types.yang

>>> transform /home/leoma/workspace/doc/ydk-yang-huawei-ne40-v8r12/openconfig-packet-match.yang

>>> transform /home/leoma/workspace/doc/ydk-yang-huawei-ne40-v8r12/openconfig-pf-forwarding-policies.yang

>>> transform /home/leoma/workspace/doc/ydk-yang-huawei-ne40-v8r12/openconfig-pf-interfaces.yang

>>> transform /home/leoma/workspace/doc/ydk-yang-huawei-ne40-v8r12/openconfig-pf-path-groups.yang

>>> transform /home/leoma/workspace/doc/ydk-yang-huawei-ne40-v8r12/openconfig-pim-types.yang

>>> transform /home/leoma/workspace/doc/ydk-yang-huawei-ne40-v8r12/openconfig-pim.yang

>>> transform /home/leoma/workspace/doc/ydk-yang-huawei-ne40-v8r12/openconfig-policy-forwarding.yang

>>> transform /home/leoma/workspace/doc/ydk-yang-huawei-ne40-v8r12/openconfig-policy-types.yang

>>> transform /home/leoma/workspace/doc/ydk-yang-huawei-ne40-v8r12/openconfig-rib-bgp-attributes.yang

>>> transform /home/leoma/workspace/doc/ydk-yang-huawei-ne40-v8r12/openconfig-rib-bgp-shared-attributes.yang

>>> transform /home/leoma/workspace/doc/ydk-yang-huawei-ne40-v8r12/openconfig-rib-bgp-table-attributes.yang

>>> transform /home/leoma/workspace/doc/ydk-yang-huawei-ne40-v8r12/openconfig-rib-bgp-tables.yang

>>> transform /home/leoma/workspace/doc/ydk-yang-huawei-ne40-v8r12/openconfig-rib-bgp-types.yang

>>> transform /home/leoma/workspace/doc/ydk-yang-huawei-ne40-v8r12/openconfig-rib-bgp.yang

>>> transform /home/leoma/workspace/doc/ydk-yang-huawei-ne40-v8r12/openconfig-routing-policy.yang

>>> transform /home/leoma/workspace/doc/ydk-yang-huawei-ne40-v8r12/openconfig-segment-routing.yang

>>> transform /home/leoma/workspace/doc/ydk-yang-huawei-ne40-v8r12/openconfig-telemetry-types.yang

>>> transform /home/leoma/workspace/doc/ydk-yang-huawei-ne40-v8r12/openconfig-telemetry.yang

>>> transform /home/leoma/workspace/doc/ydk-yang-huawei-ne40-v8r12/openconfig-types.yang

>>> transform /home/leoma/workspace/doc/ydk-yang-huawei-ne40-v8r12/openconfig-vlan-types.yang

>>> transform /home/leoma/workspace/doc/ydk-yang-huawei-ne40-v8r12/openconfig-vlan.yang

>>> transform /home/leoma/workspace/doc/ydk-yang-huawei-ne40-v8r12/openconfig-yang-types.yang
