

-------------------------------- transform yang to swagger at 2021-12-16 20:32:32 --------------------------------

>>> transform /home/leoma/workspace/doc/ydk-yang-zte-t8000-v40010/acc-alarms@2020-07-26.yang

>>> transform /home/leoma/workspace/doc/ydk-yang-zte-t8000-v40010/acc-performance@2020-07-26.yang

>>> transform /home/leoma/workspace/doc/ydk-yang-zte-t8000-v40010/acc-yang-types@2019-02-13.yang

>>> transform /home/leoma/workspace/doc/ydk-yang-zte-t8000-v40010/an-alarm-management@2020-12-18.yang

>>> transform /home/leoma/workspace/doc/ydk-yang-zte-t8000-v40010/gsta-extension@2018-07-13.yang

>>> transform /home/leoma/workspace/doc/ydk-yang-zte-t8000-v40010/gsta-interfacemng-type@2018-07-13.yang

>>> transform /home/leoma/workspace/doc/ydk-yang-zte-t8000-v40010/gsta-interfacemng@2018-07-13.yang
/home/leoma/workspace/doc/ydk-yang-zte-t8000-v40010/gsta-interfacemng@2018-07-13.yang:151: warning: node "gsta-interfacemng::ifPhyType" is config false and is not part of the accessible tree

>>> transform /home/leoma/workspace/doc/ydk-yang-zte-t8000-v40010/ietf-alarms-x733@2019-09-11.yang

>>> transform /home/leoma/workspace/doc/ydk-yang-zte-t8000-v40010/ietf-alarms@2019-09-11.yang

>>> transform /home/leoma/workspace/doc/ydk-yang-zte-t8000-v40010/ietf-inet-types@2013-07-15.yang

>>> transform /home/leoma/workspace/doc/ydk-yang-zte-t8000-v40010/ietf-netconf-monitoring@2010-10-04.yang

>>> transform /home/leoma/workspace/doc/ydk-yang-zte-t8000-v40010/ietf-netconf-notifications@2012-02-06.yang

>>> transform /home/leoma/workspace/doc/ydk-yang-zte-t8000-v40010/ietf-netconf-time@2016-01-26.yang
/home/leoma/workspace/doc/ydk-yang-zte-t8000-v40010/ietf-netconf-time@2016-01-26.yang:115: warning: explicit config statement is ignored
/home/leoma/workspace/doc/ydk-yang-zte-t8000-v40010/ietf-netconf-time@2016-01-26.yang:121: warning: explicit config statement is ignored

>>> transform /home/leoma/workspace/doc/ydk-yang-zte-t8000-v40010/ietf-netconf-with-defaults@2010-11-11.yang

>>> transform /home/leoma/workspace/doc/ydk-yang-zte-t8000-v40010/ietf-netconf@2011-06-01.yang

>>> transform /home/leoma/workspace/doc/ydk-yang-zte-t8000-v40010/ietf-yang-library@2016-06-21.yang

>>> transform /home/leoma/workspace/doc/ydk-yang-zte-t8000-v40010/ietf-yang-types@2013-07-15.yang

>>> transform /home/leoma/workspace/doc/ydk-yang-zte-t8000-v40010/notification-management@2017-02-16.yang

>>> transform /home/leoma/workspace/doc/ydk-yang-zte-t8000-v40010/of-config1.1.1@2018-09-10.yang
/home/leoma/workspace/doc/ydk-yang-zte-t8000-v40010/of-config1.1.1@2018-09-10.yang:5: warning: imported module "ietf-yang-types" not used

>>> transform /home/leoma/workspace/doc/ydk-yang-zte-t8000-v40010/openconfig-extensions@2017-04-11.yang

>>> transform /home/leoma/workspace/doc/ydk-yang-zte-t8000-v40010/openconfig-inet-types@2017-08-24.yang

>>> transform /home/leoma/workspace/doc/ydk-yang-zte-t8000-v40010/openconfig-telemetry-types@2018-11-21.yang

>>> transform /home/leoma/workspace/doc/ydk-yang-zte-t8000-v40010/openconfig-telemetry@2018-11-21.yang

>>> transform /home/leoma/workspace/doc/ydk-yang-zte-t8000-v40010/spn-dcn-ne@2019-07-31.yang

>>> transform /home/leoma/workspace/doc/ydk-yang-zte-t8000-v40010/wdm-alarms@2019-02-13.yang

>>> transform /home/leoma/workspace/doc/ydk-yang-zte-t8000-v40010/wdm-performance@2019-02-13.yang

>>> transform /home/leoma/workspace/doc/ydk-yang-zte-t8000-v40010/wdm-yang-types@2019-02-13.yang

>>> transform /home/leoma/workspace/doc/ydk-yang-zte-t8000-v40010/zxr10-aaa@2015-03-06.yang

>>> transform /home/leoma/workspace/doc/ydk-yang-zte-t8000-v40010/zxr10-acc-performance@2020-08-28.yang

>>> transform /home/leoma/workspace/doc/ydk-yang-zte-t8000-v40010/zxr10-acl-dev-t8k@2015-06-08.yang

>>> transform /home/leoma/workspace/doc/ydk-yang-zte-t8000-v40010/zxr10-acl@2021-04-02.yang

>>> transform /home/leoma/workspace/doc/ydk-yang-zte-t8000-v40010/zxr10-adm-mgr-dev-fn@2021-02-18.yang

>>> transform /home/leoma/workspace/doc/ydk-yang-zte-t8000-v40010/zxr10-adm-mgr@2021-04-06.yang

>>> transform /home/leoma/workspace/doc/ydk-yang-zte-t8000-v40010/zxr10-alarm@2021-02-26.yang
/home/leoma/workspace/doc/ydk-yang-zte-t8000-v40010/zxr10-alarm@2021-02-26.yang:274: warning: the escape sequence "\ " is unsafe in double quoted strings - pass the flag --lax-quote-checks to avoid this warning
/home/leoma/workspace/doc/ydk-yang-zte-t8000-v40010/zxr10-alarm@2021-02-26.yang:276: warning: the escape sequence "\ " is unsafe in double quoted strings - pass the flag --lax-quote-checks to avoid this warning
/home/leoma/workspace/doc/ydk-yang-zte-t8000-v40010/zxr10-alarm@2021-02-26.yang:277: warning: the escape sequence "\ " is unsafe in double quoted strings - pass the flag --lax-quote-checks to avoid this warning
/home/leoma/workspace/doc/ydk-yang-zte-t8000-v40010/zxr10-alarm@2021-02-26.yang:280: warning: the escape sequence "\ " is unsafe in double quoted strings - pass the flag --lax-quote-checks to avoid this warning
/home/leoma/workspace/doc/ydk-yang-zte-t8000-v40010/zxr10-alarm@2021-02-26.yang:283: warning: the escape sequence "\ " is unsafe in double quoted strings - pass the flag --lax-quote-checks to avoid this warning
/home/leoma/workspace/doc/ydk-yang-zte-t8000-v40010/zxr10-alarm@2021-02-26.yang:285: warning: the escape sequence "\ " is unsafe in double quoted strings - pass the flag --lax-quote-checks to avoid this warning
/home/leoma/workspace/doc/ydk-yang-zte-t8000-v40010/zxr10-alarm@2021-02-26.yang:290: warning: the escape sequence "\ " is unsafe in double quoted strings - pass the flag --lax-quote-checks to avoid this warning
/home/leoma/workspace/doc/ydk-yang-zte-t8000-v40010/zxr10-alarm@2021-02-26.yang:292: warning: the escape sequence "\ " is unsafe in double quoted strings - pass the flag --lax-quote-checks to avoid this warning
/home/leoma/workspace/doc/ydk-yang-zte-t8000-v40010/zxr10-alarm@2021-02-26.yang:295: warning: the escape sequence "\ " is unsafe in double quoted strings - pass the flag --lax-quote-checks to avoid this warning
/home/leoma/workspace/doc/ydk-yang-zte-t8000-v40010/zxr10-alarm@2021-02-26.yang:296: warning: the escape sequence "\ " is unsafe in double quoted strings - pass the flag --lax-quote-checks to avoid this warning
/home/leoma/workspace/doc/ydk-yang-zte-t8000-v40010/zxr10-alarm@2021-02-26.yang:297: warning: the escape sequence "\ " is unsafe in double quoted strings - pass the flag --lax-quote-checks to avoid this warning
/home/leoma/workspace/doc/ydk-yang-zte-t8000-v40010/zxr10-alarm@2021-02-26.yang:307: warning: the escape sequence "\ " is unsafe in double quoted strings - pass the flag --lax-quote-checks to avoid this warning
/home/leoma/workspace/doc/ydk-yang-zte-t8000-v40010/zxr10-alarm@2021-02-26.yang:309: warning: the escape sequence "\ " is unsafe in double quoted strings - pass the flag --lax-quote-checks to avoid this warning
/home/leoma/workspace/doc/ydk-yang-zte-t8000-v40010/zxr10-alarm@2021-02-26.yang:310: warning: the escape sequence "\ " is unsafe in double quoted strings - pass the flag --lax-quote-checks to avoid this warning
/home/leoma/workspace/doc/ydk-yang-zte-t8000-v40010/zxr10-alarm@2021-02-26.yang:312: warning: the escape sequence "\ " is unsafe in double quoted strings - pass the flag --lax-quote-checks to avoid this warning
/home/leoma/workspace/doc/ydk-yang-zte-t8000-v40010/zxr10-alarm@2021-02-26.yang:314: warning: the escape sequence "\ " is unsafe in double quoted strings - pass the flag --lax-quote-checks to avoid this warning
/home/leoma/workspace/doc/ydk-yang-zte-t8000-v40010/zxr10-alarm@2021-02-26.yang:315: warning: the escape sequence "\ " is unsafe in double quoted strings - pass the flag --lax-quote-checks to avoid this warning
/home/leoma/workspace/doc/ydk-yang-zte-t8000-v40010/zxr10-alarm@2021-02-26.yang:323: warning: the escape sequence "\ " is unsafe in double quoted strings - pass the flag --lax-quote-checks to avoid this warning
/home/leoma/workspace/doc/ydk-yang-zte-t8000-v40010/zxr10-alarm@2021-02-26.yang:324: warning: the escape sequence "\ " is unsafe in double quoted strings - pass the flag --lax-quote-checks to avoid this warning
/home/leoma/workspace/doc/ydk-yang-zte-t8000-v40010/zxr10-alarm@2021-02-26.yang:325: warning: the escape sequence "\ " is unsafe in double quoted strings - pass the flag --lax-quote-checks to avoid this warning
/home/leoma/workspace/doc/ydk-yang-zte-t8000-v40010/zxr10-alarm@2021-02-26.yang:1798: warning: explicit config statement is ignored
/home/leoma/workspace/doc/ydk-yang-zte-t8000-v40010/zxr10-alarm@2021-02-26.yang:1804: warning: explicit config statement is ignored
/home/leoma/workspace/doc/ydk-yang-zte-t8000-v40010/zxr10-alarm@2021-02-26.yang:1810: warning: explicit config statement is ignored
/home/leoma/workspace/doc/ydk-yang-zte-t8000-v40010/zxr10-alarm@2021-02-26.yang:1816: warning: explicit config statement is ignored
/home/leoma/workspace/doc/ydk-yang-zte-t8000-v40010/zxr10-alarm@2021-02-26.yang:1822: warning: explicit config statement is ignored
/home/leoma/workspace/doc/ydk-yang-zte-t8000-v40010/zxr10-alarm@2021-02-26.yang:1830: warning: explicit config statement is ignored
/home/leoma/workspace/doc/ydk-yang-zte-t8000-v40010/zxr10-alarm@2021-02-26.yang:1838: warning: explicit config statement is ignored
/home/leoma/workspace/doc/ydk-yang-zte-t8000-v40010/zxr10-alarm@2021-02-26.yang:1845: warning: explicit config statement is ignored
/home/leoma/workspace/doc/ydk-yang-zte-t8000-v40010/zxr10-alarm@2021-02-26.yang:1851: warning: explicit config statement is ignored
/home/leoma/workspace/doc/ydk-yang-zte-t8000-v40010/zxr10-alarm@2021-02-26.yang:1867: warning: explicit config statement is ignored
/home/leoma/workspace/doc/ydk-yang-zte-t8000-v40010/zxr10-alarm@2021-02-26.yang:1889: warning: explicit config statement is ignored
/home/leoma/workspace/doc/ydk-yang-zte-t8000-v40010/zxr10-alarm@2021-02-26.yang:1897: warning: explicit config statement is ignored
/home/leoma/workspace/doc/ydk-yang-zte-t8000-v40010/zxr10-alarm@2021-02-26.yang:1907: warning: explicit config statement is ignored
/home/leoma/workspace/doc/ydk-yang-zte-t8000-v40010/zxr10-alarm@2021-02-26.yang:1913: warning: explicit config statement is ignored
/home/leoma/workspace/doc/ydk-yang-zte-t8000-v40010/zxr10-alarm@2021-02-26.yang:1921: warning: explicit config statement is ignored
/home/leoma/workspace/doc/ydk-yang-zte-t8000-v40010/zxr10-alarm@2021-02-26.yang:1929: warning: explicit config statement is ignored
/home/leoma/workspace/doc/ydk-yang-zte-t8000-v40010/zxr10-alarm@2021-02-26.yang:1935: warning: explicit config statement is ignored
/home/leoma/workspace/doc/ydk-yang-zte-t8000-v40010/zxr10-alarm@2021-02-26.yang:1943: warning: explicit config statement is ignored
/home/leoma/workspace/doc/ydk-yang-zte-t8000-v40010/zxr10-alarm@2021-02-26.yang:1951: warning: explicit config statement is ignored
/home/leoma/workspace/doc/ydk-yang-zte-t8000-v40010/zxr10-alarm@2021-02-26.yang:1957: warning: explicit config statement is ignored
/home/leoma/workspace/doc/ydk-yang-zte-t8000-v40010/zxr10-alarm@2021-02-26.yang:1976: warning: explicit config statement is ignored
/home/leoma/workspace/doc/ydk-yang-zte-t8000-v40010/zxr10-alarm@2021-02-26.yang:1985: warning: explicit config statement is ignored
/home/leoma/workspace/doc/ydk-yang-zte-t8000-v40010/zxr10-alarm@2021-02-26.yang:1991: warning: explicit config statement is ignored
/home/leoma/workspace/doc/ydk-yang-zte-t8000-v40010/zxr10-alarm@2021-02-26.yang:1999: warning: explicit config statement is ignored
/home/leoma/workspace/doc/ydk-yang-zte-t8000-v40010/zxr10-alarm@2021-02-26.yang:2007: warning: explicit config statement is ignored
/home/leoma/workspace/doc/ydk-yang-zte-t8000-v40010/zxr10-alarm@2021-02-26.yang:2014: warning: explicit config statement is ignored
/home/leoma/workspace/doc/ydk-yang-zte-t8000-v40010/zxr10-alarm@2021-02-26.yang:2030: warning: explicit config statement is ignored
/home/leoma/workspace/doc/ydk-yang-zte-t8000-v40010/zxr10-alarm@2021-02-26.yang:2036: warning: explicit config statement is ignored
/home/leoma/workspace/doc/ydk-yang-zte-t8000-v40010/zxr10-alarm@2021-02-26.yang:2043: warning: explicit config statement is ignored
/home/leoma/workspace/doc/ydk-yang-zte-t8000-v40010/zxr10-alarm@2021-02-26.yang:2051: warning: explicit config statement is ignored
/home/leoma/workspace/doc/ydk-yang-zte-t8000-v40010/zxr10-alarm@2021-02-26.yang:2059: warning: explicit config statement is ignored
/home/leoma/workspace/doc/ydk-yang-zte-t8000-v40010/zxr10-alarm@2021-02-26.yang:2067: warning: explicit config statement is ignored
/home/leoma/workspace/doc/ydk-yang-zte-t8000-v40010/zxr10-alarm@2021-02-26.yang:2075: warning: explicit config statement is ignored
/home/leoma/workspace/doc/ydk-yang-zte-t8000-v40010/zxr10-alarm@2021-02-26.yang:2081: warning: explicit config statement is ignored
/home/leoma/workspace/doc/ydk-yang-zte-t8000-v40010/zxr10-alarm@2021-02-26.yang:2089: warning: explicit config statement is ignored
/home/leoma/workspace/doc/ydk-yang-zte-t8000-v40010/zxr10-alarm@2021-02-26.yang:2100: warning: explicit config statement is ignored
/home/leoma/workspace/doc/ydk-yang-zte-t8000-v40010/zxr10-alarm@2021-02-26.yang:2109: warning: explicit config statement is ignored
/home/leoma/workspace/doc/ydk-yang-zte-t8000-v40010/zxr10-alarm@2021-02-26.yang:2124: warning: explicit config statement is ignored
/home/leoma/workspace/doc/ydk-yang-zte-t8000-v40010/zxr10-alarm@2021-02-26.yang:2130: warning: explicit config statement is ignored
/home/leoma/workspace/doc/ydk-yang-zte-t8000-v40010/zxr10-alarm@2021-02-26.yang:2136: warning: explicit config statement is ignored
/home/leoma/workspace/doc/ydk-yang-zte-t8000-v40010/zxr10-alarm@2021-02-26.yang:2142: warning: explicit config statement is ignored
/home/leoma/workspace/doc/ydk-yang-zte-t8000-v40010/zxr10-alarm@2021-02-26.yang:2148: warning: explicit config statement is ignored
/home/leoma/workspace/doc/ydk-yang-zte-t8000-v40010/zxr10-alarm@2021-02-26.yang:2155: warning: explicit config statement is ignored
/home/leoma/workspace/doc/ydk-yang-zte-t8000-v40010/zxr10-alarm@2021-02-26.yang:2161: warning: explicit config statement is ignored
/home/leoma/workspace/doc/ydk-yang-zte-t8000-v40010/zxr10-alarm@2021-02-26.yang:2169: warning: explicit config statement is ignored
/home/leoma/workspace/doc/ydk-yang-zte-t8000-v40010/zxr10-alarm@2021-02-26.yang:2180: warning: explicit config statement is ignored
/home/leoma/workspace/doc/ydk-yang-zte-t8000-v40010/zxr10-alarm@2021-02-26.yang:2186: warning: explicit config statement is ignored
/home/leoma/workspace/doc/ydk-yang-zte-t8000-v40010/zxr10-alarm@2021-02-26.yang:2194: warning: explicit config statement is ignored
/home/leoma/workspace/doc/ydk-yang-zte-t8000-v40010/zxr10-alarm@2021-02-26.yang:2202: warning: explicit config statement is ignored
/home/leoma/workspace/doc/ydk-yang-zte-t8000-v40010/zxr10-alarm@2021-02-26.yang:2210: warning: explicit config statement is ignored
/home/leoma/workspace/doc/ydk-yang-zte-t8000-v40010/zxr10-alarm@2021-02-26.yang:2225: warning: explicit config statement is ignored

>>> transform /home/leoma/workspace/doc/ydk-yang-zte-t8000-v40010/zxr10-aps@2020-08-19.yang

>>> transform /home/leoma/workspace/doc/ydk-yang-zte-t8000-v40010/zxr10-arp@2021-04-20.yang

>>> transform /home/leoma/workspace/doc/ydk-yang-zte-t8000-v40010/zxr10-aspath@2021-01-21.yang

>>> transform /home/leoma/workspace/doc/ydk-yang-zte-t8000-v40010/zxr10-atm@2018-10-25.yang

>>> transform /home/leoma/workspace/doc/ydk-yang-zte-t8000-v40010/zxr10-bfd@2021-04-07.yang
/home/leoma/workspace/doc/ydk-yang-zte-t8000-v40010/zxr10-bfd@2021-04-07.yang:4295: warning: explicit config statement is ignored

>>> transform /home/leoma/workspace/doc/ydk-yang-zte-t8000-v40010/zxr10-bgp@2021-04-21.yang

>>> transform /home/leoma/workspace/doc/ydk-yang-zte-t8000-v40010/zxr10-bridge-domain@2020-04-09.yang

>>> transform /home/leoma/workspace/doc/ydk-yang-zte-t8000-v40010/zxr10-cgn@2021-04-23.yang

>>> transform /home/leoma/workspace/doc/ydk-yang-zte-t8000-v40010/zxr10-cip@2021-04-10.yang

>>> transform /home/leoma/workspace/doc/ydk-yang-zte-t8000-v40010/zxr10-clockmgr-dev-upn@2015-06-18.yang

>>> transform /home/leoma/workspace/doc/ydk-yang-zte-t8000-v40010/zxr10-clockmgr@2019-05-20.yang
/home/leoma/workspace/doc/ydk-yang-zte-t8000-v40010/zxr10-clockmgr@2019-05-20.yang:473: warning: explicit config statement is ignored

>>> transform /home/leoma/workspace/doc/ydk-yang-zte-t8000-v40010/zxr10-community@2020-09-23.yang

>>> transform /home/leoma/workspace/doc/ydk-yang-zte-t8000-v40010/zxr10-cps@2021-05-08.yang

>>> transform /home/leoma/workspace/doc/ydk-yang-zte-t8000-v40010/zxr10-dcb@2020-10-19.yang

>>> transform /home/leoma/workspace/doc/ydk-yang-zte-t8000-v40010/zxr10-dhcp@2021-04-26.yang
/home/leoma/workspace/doc/ydk-yang-zte-t8000-v40010/zxr10-dhcp@2021-04-26.yang:5585: warning: explicit config statement is ignored
/home/leoma/workspace/doc/ydk-yang-zte-t8000-v40010/zxr10-dhcp@2021-04-26.yang:5616: warning: explicit config statement is ignored

>>> transform /home/leoma/workspace/doc/ydk-yang-zte-t8000-v40010/zxr10-dhcpv6@2021-04-26.yang

>>> transform /home/leoma/workspace/doc/ydk-yang-zte-t8000-v40010/zxr10-dns@2020-12-02.yang

>>> transform /home/leoma/workspace/doc/ydk-yang-zte-t8000-v40010/zxr10-efm@2015-08-12.yang

>>> transform /home/leoma/workspace/doc/ydk-yang-zte-t8000-v40010/zxr10-eld@2021-04-06.yang

>>> transform /home/leoma/workspace/doc/ydk-yang-zte-t8000-v40010/zxr10-ethernet-segments@2021-03-15.yang

>>> transform /home/leoma/workspace/doc/ydk-yang-zte-t8000-v40010/zxr10-extcommunity@2020-06-24.yang

>>> transform /home/leoma/workspace/doc/ydk-yang-zte-t8000-v40010/zxr10-file-system@2019-02-27.yang
/home/leoma/workspace/doc/ydk-yang-zte-t8000-v40010/zxr10-file-system@2019-02-27.yang:357: warning: explicit config statement is ignored
/home/leoma/workspace/doc/ydk-yang-zte-t8000-v40010/zxr10-file-system@2019-02-27.yang:368: warning: explicit config statement is ignored
/home/leoma/workspace/doc/ydk-yang-zte-t8000-v40010/zxr10-file-system@2019-02-27.yang:376: warning: explicit config statement is ignored
/home/leoma/workspace/doc/ydk-yang-zte-t8000-v40010/zxr10-file-system@2019-02-27.yang:401: warning: explicit config statement is ignored
/home/leoma/workspace/doc/ydk-yang-zte-t8000-v40010/zxr10-file-system@2019-02-27.yang:412: warning: explicit config statement is ignored
/home/leoma/workspace/doc/ydk-yang-zte-t8000-v40010/zxr10-file-system@2019-02-27.yang:420: warning: explicit config statement is ignored

>>> transform /home/leoma/workspace/doc/ydk-yang-zte-t8000-v40010/zxr10-firewall@2018-12-20.yang

>>> transform /home/leoma/workspace/doc/ydk-yang-zte-t8000-v40010/zxr10-frame-relay@2015-08-06.yang

>>> transform /home/leoma/workspace/doc/ydk-yang-zte-t8000-v40010/zxr10-free-deploy@2014-01-17.yang

>>> transform /home/leoma/workspace/doc/ydk-yang-zte-t8000-v40010/zxr10-ftp@2021-04-14.yang

>>> transform /home/leoma/workspace/doc/ydk-yang-zte-t8000-v40010/zxr10-gre-dev-zsr@2018-12-10.yang

>>> transform /home/leoma/workspace/doc/ydk-yang-zte-t8000-v40010/zxr10-gre@2021-03-26.yang

>>> transform /home/leoma/workspace/doc/ydk-yang-zte-t8000-v40010/zxr10-hdlc@2018-10-25.yang

>>> transform /home/leoma/workspace/doc/ydk-yang-zte-t8000-v40010/zxr10-icbg@2020-06-24.yang

>>> transform /home/leoma/workspace/doc/ydk-yang-zte-t8000-v40010/zxr10-iccp@2019-07-03.yang

>>> transform /home/leoma/workspace/doc/ydk-yang-zte-t8000-v40010/zxr10-igmp-dev-upn@2015-04-02.yang

>>> transform /home/leoma/workspace/doc/ydk-yang-zte-t8000-v40010/zxr10-igmp@2021-04-24.yang

>>> transform /home/leoma/workspace/doc/ydk-yang-zte-t8000-v40010/zxr10-inband-oam@2021-04-27.yang

>>> transform /home/leoma/workspace/doc/ydk-yang-zte-t8000-v40010/zxr10-interface-group@2013-11-06.yang

>>> transform /home/leoma/workspace/doc/ydk-yang-zte-t8000-v40010/zxr10-interface-supp@2019-08-07.yang

>>> transform /home/leoma/workspace/doc/ydk-yang-zte-t8000-v40010/zxr10-interfaces@2021-03-29.yang

>>> transform /home/leoma/workspace/doc/ydk-yang-zte-t8000-v40010/zxr10-ip-source-guard@2015-03-30.yang

>>> transform /home/leoma/workspace/doc/ydk-yang-zte-t8000-v40010/zxr10-ip@2021-03-24.yang

>>> transform /home/leoma/workspace/doc/ydk-yang-zte-t8000-v40010/zxr10-ipflow-dev-t8k@2020-02-08.yang

>>> transform /home/leoma/workspace/doc/ydk-yang-zte-t8000-v40010/zxr10-ipflow@2021-04-17.yang

>>> transform /home/leoma/workspace/doc/ydk-yang-zte-t8000-v40010/zxr10-ippoolv4@2020-05-16.yang

>>> transform /home/leoma/workspace/doc/ydk-yang-zte-t8000-v40010/zxr10-ippoolv6@2021-04-12.yang

>>> transform /home/leoma/workspace/doc/ydk-yang-zte-t8000-v40010/zxr10-ipsec-dev-t8000@2017-10-16.yang

>>> transform /home/leoma/workspace/doc/ydk-yang-zte-t8000-v40010/zxr10-ipsec@2021-02-25.yang

>>> transform /home/leoma/workspace/doc/ydk-yang-zte-t8000-v40010/zxr10-ipv6-multicast@2021-03-17.yang

>>> transform /home/leoma/workspace/doc/ydk-yang-zte-t8000-v40010/zxr10-ipv6-pim-dev-upn@2015-04-02.yang

>>> transform /home/leoma/workspace/doc/ydk-yang-zte-t8000-v40010/zxr10-ipv6-pim@2020-09-22.yang

>>> transform /home/leoma/workspace/doc/ydk-yang-zte-t8000-v40010/zxr10-ipv6-tunnel@2015-04-16.yang

>>> transform /home/leoma/workspace/doc/ydk-yang-zte-t8000-v40010/zxr10-ipv6@2021-04-08.yang

>>> transform /home/leoma/workspace/doc/ydk-yang-zte-t8000-v40010/zxr10-isakmp-dev-t8000@2017-10-16.yang

>>> transform /home/leoma/workspace/doc/ydk-yang-zte-t8000-v40010/zxr10-isakmp@2021-04-06.yang

>>> transform /home/leoma/workspace/doc/ydk-yang-zte-t8000-v40010/zxr10-isis@2021-04-21.yang

>>> transform /home/leoma/workspace/doc/ydk-yang-zte-t8000-v40010/zxr10-keychain@2020-06-17.yang

>>> transform /home/leoma/workspace/doc/ydk-yang-zte-t8000-v40010/zxr10-l2l3vpn-bridge@2013-12-10.yang

>>> transform /home/leoma/workspace/doc/ydk-yang-zte-t8000-v40010/zxr10-l2tp@2021-02-24.yang

>>> transform /home/leoma/workspace/doc/ydk-yang-zte-t8000-v40010/zxr10-l2vpn-dev-t8000@2018-12-25.yang

>>> transform /home/leoma/workspace/doc/ydk-yang-zte-t8000-v40010/zxr10-l2vpn@2021-04-27.yang

>>> transform /home/leoma/workspace/doc/ydk-yang-zte-t8000-v40010/zxr10-l3vi@2016-06-06.yang

>>> transform /home/leoma/workspace/doc/ydk-yang-zte-t8000-v40010/zxr10-l3vpn@2021-03-06.yang

>>> transform /home/leoma/workspace/doc/ydk-yang-zte-t8000-v40010/zxr10-labelmgr@2019-09-18.yang

>>> transform /home/leoma/workspace/doc/ydk-yang-zte-t8000-v40010/zxr10-lacp@2021-04-20.yang

>>> transform /home/leoma/workspace/doc/ydk-yang-zte-t8000-v40010/zxr10-ldp@2020-08-04.yang
/home/leoma/workspace/doc/ydk-yang-zte-t8000-v40010/zxr10-ldp@2020-08-04.yang:429: warning: the escape sequence "\;" is unsafe in double quoted strings - pass the flag --lax-quote-checks to avoid this warning
/home/leoma/workspace/doc/ydk-yang-zte-t8000-v40010/zxr10-ldp@2020-08-04.yang:432: warning: the escape sequence "\." is unsafe in double quoted strings - pass the flag --lax-quote-checks to avoid this warning
/home/leoma/workspace/doc/ydk-yang-zte-t8000-v40010/zxr10-ldp@2020-08-04.yang:435: warning: the escape sequence "\." is unsafe in double quoted strings - pass the flag --lax-quote-checks to avoid this warning

>>> transform /home/leoma/workspace/doc/ydk-yang-zte-t8000-v40010/zxr10-lldp@2021-03-16.yang
/home/leoma/workspace/doc/ydk-yang-zte-t8000-v40010/zxr10-lldp@2021-03-16.yang:975: warning: explicit config statement is ignored

>>> transform /home/leoma/workspace/doc/ydk-yang-zte-t8000-v40010/zxr10-lmp@2018-07-06.yang

>>> transform /home/leoma/workspace/doc/ydk-yang-zte-t8000-v40010/zxr10-log@2021-03-25.yang

>>> transform /home/leoma/workspace/doc/ydk-yang-zte-t8000-v40010/zxr10-lpp-l2@2020-08-15.yang
/home/leoma/workspace/doc/ydk-yang-zte-t8000-v40010/zxr10-lpp-l2@2020-08-15.yang:5: warning: imported module "zxr10-netconf-defs" not used

>>> transform /home/leoma/workspace/doc/ydk-yang-zte-t8000-v40010/zxr10-lsp-group@2018-05-14.yang
/home/leoma/workspace/doc/ydk-yang-zte-t8000-v40010/zxr10-lsp-group@2018-05-14.yang:46: warning: all keys in the list are redundantly present in the unique statement

>>> transform /home/leoma/workspace/doc/ydk-yang-zte-t8000-v40010/zxr10-lsp-man@2021-01-13.yang

>>> transform /home/leoma/workspace/doc/ydk-yang-zte-t8000-v40010/zxr10-lspdf@2021-04-16.yang
/home/leoma/workspace/doc/ydk-yang-zte-t8000-v40010/zxr10-lspdf@2021-04-16.yang:1830: warning: explicit config statement is ignored
/home/leoma/workspace/doc/ydk-yang-zte-t8000-v40010/zxr10-lspdf@2021-04-16.yang:1932: warning: explicit config statement is ignored
/home/leoma/workspace/doc/ydk-yang-zte-t8000-v40010/zxr10-lspdf@2021-04-16.yang:2010: warning: explicit config statement is ignored
/home/leoma/workspace/doc/ydk-yang-zte-t8000-v40010/zxr10-lspdf@2021-04-16.yang:2180: warning: explicit config statement is ignored
/home/leoma/workspace/doc/ydk-yang-zte-t8000-v40010/zxr10-lspdf@2021-04-16.yang:2322: warning: explicit config statement is ignored
/home/leoma/workspace/doc/ydk-yang-zte-t8000-v40010/zxr10-lspdf@2021-04-16.yang:2357: warning: explicit config statement is ignored

>>> transform /home/leoma/workspace/doc/ydk-yang-zte-t8000-v40010/zxr10-mac-dev-t8000@2019-09-03.yang

>>> transform /home/leoma/workspace/doc/ydk-yang-zte-t8000-v40010/zxr10-mac-ping@2020-09-02.yang
/home/leoma/workspace/doc/ydk-yang-zte-t8000-v40010/zxr10-mac-ping@2020-09-02.yang:625: warning: explicit config statement is ignored
/home/leoma/workspace/doc/ydk-yang-zte-t8000-v40010/zxr10-mac-ping@2020-09-02.yang:721: warning: explicit config statement is ignored
/home/leoma/workspace/doc/ydk-yang-zte-t8000-v40010/zxr10-mac-ping@2020-09-02.yang:781: warning: explicit config statement is ignored

>>> transform /home/leoma/workspace/doc/ydk-yang-zte-t8000-v40010/zxr10-mac@2021-04-06.yang

>>> transform /home/leoma/workspace/doc/ydk-yang-zte-t8000-v40010/zxr10-mc-elam@2018-10-25.yang

>>> transform /home/leoma/workspace/doc/ydk-yang-zte-t8000-v40010/zxr10-mff@2016-01-07.yang

>>> transform /home/leoma/workspace/doc/ydk-yang-zte-t8000-v40010/zxr10-mim@2019-02-21.yang

>>> transform /home/leoma/workspace/doc/ydk-yang-zte-t8000-v40010/zxr10-mld-dev-upn@2015-04-02.yang

>>> transform /home/leoma/workspace/doc/ydk-yang-zte-t8000-v40010/zxr10-mld@2021-04-24.yang

>>> transform /home/leoma/workspace/doc/ydk-yang-zte-t8000-v40010/zxr10-mpls-oam@2015-06-11.yang

>>> transform /home/leoma/workspace/doc/ydk-yang-zte-t8000-v40010/zxr10-mpls-te-dev-upn@2016-09-27.yang

>>> transform /home/leoma/workspace/doc/ydk-yang-zte-t8000-v40010/zxr10-mpls-te@2021-02-25.yang
/home/leoma/workspace/doc/ydk-yang-zte-t8000-v40010/zxr10-mpls-te@2021-02-25.yang:8102: warning: explicit config statement is ignored
/home/leoma/workspace/doc/ydk-yang-zte-t8000-v40010/zxr10-mpls-te@2021-02-25.yang:8254: warning: explicit config statement is ignored
/home/leoma/workspace/doc/ydk-yang-zte-t8000-v40010/zxr10-mpls-te@2021-02-25.yang:8327: warning: explicit config statement is ignored
/home/leoma/workspace/doc/ydk-yang-zte-t8000-v40010/zxr10-mpls-te@2021-02-25.yang:8379: warning: explicit config statement is ignored
/home/leoma/workspace/doc/ydk-yang-zte-t8000-v40010/zxr10-mpls-te@2021-02-25.yang:8424: warning: explicit config statement is ignored
/home/leoma/workspace/doc/ydk-yang-zte-t8000-v40010/zxr10-mpls-te@2021-02-25.yang:8537: warning: explicit config statement is ignored

>>> transform /home/leoma/workspace/doc/ydk-yang-zte-t8000-v40010/zxr10-mpls-tp-oam@2020-07-16.yang
/home/leoma/workspace/doc/ydk-yang-zte-t8000-v40010/zxr10-mpls-tp-oam@2020-07-16.yang:2992: warning: explicit config statement is ignored
/home/leoma/workspace/doc/ydk-yang-zte-t8000-v40010/zxr10-mpls-tp-oam@2020-07-16.yang:3004: warning: explicit config statement is ignored
/home/leoma/workspace/doc/ydk-yang-zte-t8000-v40010/zxr10-mpls-tp-oam@2020-07-16.yang:3015: warning: explicit config statement is ignored
/home/leoma/workspace/doc/ydk-yang-zte-t8000-v40010/zxr10-mpls-tp-oam@2020-07-16.yang:3026: warning: explicit config statement is ignored
/home/leoma/workspace/doc/ydk-yang-zte-t8000-v40010/zxr10-mpls-tp-oam@2020-07-16.yang:3037: warning: explicit config statement is ignored
/home/leoma/workspace/doc/ydk-yang-zte-t8000-v40010/zxr10-mpls-tp-oam@2020-07-16.yang:3048: warning: explicit config statement is ignored
/home/leoma/workspace/doc/ydk-yang-zte-t8000-v40010/zxr10-mpls-tp-oam@2020-07-16.yang:3060: warning: explicit config statement is ignored
/home/leoma/workspace/doc/ydk-yang-zte-t8000-v40010/zxr10-mpls-tp-oam@2020-07-16.yang:3071: warning: explicit config statement is ignored
/home/leoma/workspace/doc/ydk-yang-zte-t8000-v40010/zxr10-mpls-tp-oam@2020-07-16.yang:3082: warning: explicit config statement is ignored
/home/leoma/workspace/doc/ydk-yang-zte-t8000-v40010/zxr10-mpls-tp-oam@2020-07-16.yang:3093: warning: explicit config statement is ignored
/home/leoma/workspace/doc/ydk-yang-zte-t8000-v40010/zxr10-mpls-tp-oam@2020-07-16.yang:3114: warning: explicit config statement is ignored
/home/leoma/workspace/doc/ydk-yang-zte-t8000-v40010/zxr10-mpls-tp-oam@2020-07-16.yang:3126: warning: explicit config statement is ignored
/home/leoma/workspace/doc/ydk-yang-zte-t8000-v40010/zxr10-mpls-tp-oam@2020-07-16.yang:3137: warning: explicit config statement is ignored
/home/leoma/workspace/doc/ydk-yang-zte-t8000-v40010/zxr10-mpls-tp-oam@2020-07-16.yang:3144: warning: explicit config statement is ignored
/home/leoma/workspace/doc/ydk-yang-zte-t8000-v40010/zxr10-mpls-tp-oam@2020-07-16.yang:3151: warning: explicit config statement is ignored
/home/leoma/workspace/doc/ydk-yang-zte-t8000-v40010/zxr10-mpls-tp-oam@2020-07-16.yang:3158: warning: explicit config statement is ignored
/home/leoma/workspace/doc/ydk-yang-zte-t8000-v40010/zxr10-mpls-tp-oam@2020-07-16.yang:3165: warning: explicit config statement is ignored
/home/leoma/workspace/doc/ydk-yang-zte-t8000-v40010/zxr10-mpls-tp-oam@2020-07-16.yang:3172: warning: explicit config statement is ignored
/home/leoma/workspace/doc/ydk-yang-zte-t8000-v40010/zxr10-mpls-tp-oam@2020-07-16.yang:3189: warning: explicit config statement is ignored
/home/leoma/workspace/doc/ydk-yang-zte-t8000-v40010/zxr10-mpls-tp-oam@2020-07-16.yang:3201: warning: explicit config statement is ignored
/home/leoma/workspace/doc/ydk-yang-zte-t8000-v40010/zxr10-mpls-tp-oam@2020-07-16.yang:3208: warning: explicit config statement is ignored
/home/leoma/workspace/doc/ydk-yang-zte-t8000-v40010/zxr10-mpls-tp-oam@2020-07-16.yang:3219: warning: explicit config statement is ignored
/home/leoma/workspace/doc/ydk-yang-zte-t8000-v40010/zxr10-mpls-tp-oam@2020-07-16.yang:3230: warning: explicit config statement is ignored
/home/leoma/workspace/doc/ydk-yang-zte-t8000-v40010/zxr10-mpls-tp-oam@2020-07-16.yang:3241: warning: explicit config statement is ignored
/home/leoma/workspace/doc/ydk-yang-zte-t8000-v40010/zxr10-mpls-tp-oam@2020-07-16.yang:3252: warning: explicit config statement is ignored
/home/leoma/workspace/doc/ydk-yang-zte-t8000-v40010/zxr10-mpls-tp-oam@2020-07-16.yang:3263: warning: explicit config statement is ignored
/home/leoma/workspace/doc/ydk-yang-zte-t8000-v40010/zxr10-mpls-tp-oam@2020-07-16.yang:3274: warning: explicit config statement is ignored
/home/leoma/workspace/doc/ydk-yang-zte-t8000-v40010/zxr10-mpls-tp-oam@2020-07-16.yang:3294: warning: explicit config statement is ignored
/home/leoma/workspace/doc/ydk-yang-zte-t8000-v40010/zxr10-mpls-tp-oam@2020-07-16.yang:3381: warning: explicit config statement is ignored

>>> transform /home/leoma/workspace/doc/ydk-yang-zte-t8000-v40010/zxr10-mppp@2017-05-09.yang

>>> transform /home/leoma/workspace/doc/ydk-yang-zte-t8000-v40010/zxr10-mr-dev-upn@2015-04-02.yang

>>> transform /home/leoma/workspace/doc/ydk-yang-zte-t8000-v40010/zxr10-msdp@2020-07-10.yang

>>> transform /home/leoma/workspace/doc/ydk-yang-zte-t8000-v40010/zxr10-mstatic@2020-06-20.yang

>>> transform /home/leoma/workspace/doc/ydk-yang-zte-t8000-v40010/zxr10-multicast@2021-03-17.yang

>>> transform /home/leoma/workspace/doc/ydk-yang-zte-t8000-v40010/zxr10-nd@2021-04-20.yang

>>> transform /home/leoma/workspace/doc/ydk-yang-zte-t8000-v40010/zxr10-netconf-defs@2021-02-19.yang

>>> transform /home/leoma/workspace/doc/ydk-yang-zte-t8000-v40010/zxr10-netconf-yconvertor@2020-03-16.yang

>>> transform /home/leoma/workspace/doc/ydk-yang-zte-t8000-v40010/zxr10-netconf@2021-01-05.yang

>>> transform /home/leoma/workspace/doc/ydk-yang-zte-t8000-v40010/zxr10-nhrp@2020-06-24.yang

>>> transform /home/leoma/workspace/doc/ydk-yang-zte-t8000-v40010/zxr10-npi-mgr@2021-03-10.yang

>>> transform /home/leoma/workspace/doc/ydk-yang-zte-t8000-v40010/zxr10-ntp@2020-12-21.yang

>>> transform /home/leoma/workspace/doc/ydk-yang-zte-t8000-v40010/zxr10-ospfv2@2021-04-28.yang

>>> transform /home/leoma/workspace/doc/ydk-yang-zte-t8000-v40010/zxr10-ospfv3@2021-04-01.yang

>>> transform /home/leoma/workspace/doc/ydk-yang-zte-t8000-v40010/zxr10-p2mp-te@2020-04-18.yang

>>> transform /home/leoma/workspace/doc/ydk-yang-zte-t8000-v40010/zxr10-pbr@2020-06-04.yang

>>> transform /home/leoma/workspace/doc/ydk-yang-zte-t8000-v40010/zxr10-pcep@2021-04-13.yang

>>> transform /home/leoma/workspace/doc/ydk-yang-zte-t8000-v40010/zxr10-peb@2021-03-26.yang

>>> transform /home/leoma/workspace/doc/ydk-yang-zte-t8000-v40010/zxr10-performance@2020-08-18.yang
/home/leoma/workspace/doc/ydk-yang-zte-t8000-v40010/zxr10-performance@2020-08-18.yang:485: warning: the escape sequence "\ " is unsafe in double quoted strings - pass the flag --lax-quote-checks to avoid this warning
/home/leoma/workspace/doc/ydk-yang-zte-t8000-v40010/zxr10-performance@2020-08-18.yang:488: warning: the escape sequence "\ " is unsafe in double quoted strings - pass the flag --lax-quote-checks to avoid this warning
/home/leoma/workspace/doc/ydk-yang-zte-t8000-v40010/zxr10-performance@2020-08-18.yang:490: warning: the escape sequence "\ " is unsafe in double quoted strings - pass the flag --lax-quote-checks to avoid this warning
/home/leoma/workspace/doc/ydk-yang-zte-t8000-v40010/zxr10-performance@2020-08-18.yang:491: warning: the escape sequence "\ " is unsafe in double quoted strings - pass the flag --lax-quote-checks to avoid this warning
/home/leoma/workspace/doc/ydk-yang-zte-t8000-v40010/zxr10-performance@2020-08-18.yang:493: warning: the escape sequence "\ " is unsafe in double quoted strings - pass the flag --lax-quote-checks to avoid this warning
/home/leoma/workspace/doc/ydk-yang-zte-t8000-v40010/zxr10-performance@2020-08-18.yang:494: warning: the escape sequence "\ " is unsafe in double quoted strings - pass the flag --lax-quote-checks to avoid this warning
/home/leoma/workspace/doc/ydk-yang-zte-t8000-v40010/zxr10-performance@2020-08-18.yang:496: warning: the escape sequence "\ " is unsafe in double quoted strings - pass the flag --lax-quote-checks to avoid this warning
/home/leoma/workspace/doc/ydk-yang-zte-t8000-v40010/zxr10-performance@2020-08-18.yang:512: warning: the escape sequence "\ " is unsafe in double quoted strings - pass the flag --lax-quote-checks to avoid this warning
/home/leoma/workspace/doc/ydk-yang-zte-t8000-v40010/zxr10-performance@2020-08-18.yang:513: warning: the escape sequence "\ " is unsafe in double quoted strings - pass the flag --lax-quote-checks to avoid this warning

>>> transform /home/leoma/workspace/doc/ydk-yang-zte-t8000-v40010/zxr10-pim-dev-upn@2015-04-02.yang

>>> transform /home/leoma/workspace/doc/ydk-yang-zte-t8000-v40010/zxr10-pim@2020-09-22.yang

>>> transform /home/leoma/workspace/doc/ydk-yang-zte-t8000-v40010/zxr10-ping-detect@2020-08-25.yang

>>> transform /home/leoma/workspace/doc/ydk-yang-zte-t8000-v40010/zxr10-ping@2021-03-30.yang
/home/leoma/workspace/doc/ydk-yang-zte-t8000-v40010/zxr10-ping@2021-03-30.yang:2159: warning: explicit config statement is ignored
/home/leoma/workspace/doc/ydk-yang-zte-t8000-v40010/zxr10-ping@2021-03-30.yang:2220: warning: explicit config statement is ignored

>>> transform /home/leoma/workspace/doc/ydk-yang-zte-t8000-v40010/zxr10-pm-clock@2019-04-08.yang

>>> transform /home/leoma/workspace/doc/ydk-yang-zte-t8000-v40010/zxr10-pm-cluster@2019-01-17.yang

>>> transform /home/leoma/workspace/doc/ydk-yang-zte-t8000-v40010/zxr10-pm-component-perf@2019-07-24.yang

>>> transform /home/leoma/workspace/doc/ydk-yang-zte-t8000-v40010/zxr10-pm-component@2019-05-16.yang
/home/leoma/workspace/doc/ydk-yang-zte-t8000-v40010/zxr10-pm-component@2019-05-16.yang:875: warning: explicit config statement is ignored
/home/leoma/workspace/doc/ydk-yang-zte-t8000-v40010/zxr10-pm-component@2019-05-16.yang:1294: warning: explicit config statement is ignored

>>> transform /home/leoma/workspace/doc/ydk-yang-zte-t8000-v40010/zxr10-pm-controller@2021-01-28.yang

>>> transform /home/leoma/workspace/doc/ydk-yang-zte-t8000-v40010/zxr10-pm-database@2019-08-01.yang
/home/leoma/workspace/doc/ydk-yang-zte-t8000-v40010/zxr10-pm-database@2019-08-01.yang:152: warning: explicit config statement is ignored
/home/leoma/workspace/doc/ydk-yang-zte-t8000-v40010/zxr10-pm-database@2019-08-01.yang:195: warning: explicit config statement is ignored
/home/leoma/workspace/doc/ydk-yang-zte-t8000-v40010/zxr10-pm-database@2019-08-01.yang:237: warning: explicit config statement is ignored
/home/leoma/workspace/doc/ydk-yang-zte-t8000-v40010/zxr10-pm-database@2019-08-01.yang:243: warning: explicit config statement is ignored
/home/leoma/workspace/doc/ydk-yang-zte-t8000-v40010/zxr10-pm-database@2019-08-01.yang:266: warning: explicit config statement is ignored
/home/leoma/workspace/doc/ydk-yang-zte-t8000-v40010/zxr10-pm-database@2019-08-01.yang:358: warning: explicit config statement is ignored
/home/leoma/workspace/doc/ydk-yang-zte-t8000-v40010/zxr10-pm-database@2019-08-01.yang:364: warning: explicit config statement is ignored
/home/leoma/workspace/doc/ydk-yang-zte-t8000-v40010/zxr10-pm-database@2019-08-01.yang:374: warning: explicit config statement is ignored
/home/leoma/workspace/doc/ydk-yang-zte-t8000-v40010/zxr10-pm-database@2019-08-01.yang:417: warning: explicit config statement is ignored
/home/leoma/workspace/doc/ydk-yang-zte-t8000-v40010/zxr10-pm-database@2019-08-01.yang:459: warning: explicit config statement is ignored
/home/leoma/workspace/doc/ydk-yang-zte-t8000-v40010/zxr10-pm-database@2019-08-01.yang:467: warning: explicit config statement is ignored
/home/leoma/workspace/doc/ydk-yang-zte-t8000-v40010/zxr10-pm-database@2019-08-01.yang:473: warning: explicit config statement is ignored
/home/leoma/workspace/doc/ydk-yang-zte-t8000-v40010/zxr10-pm-database@2019-08-01.yang:486: warning: explicit config statement is ignored
/home/leoma/workspace/doc/ydk-yang-zte-t8000-v40010/zxr10-pm-database@2019-08-01.yang:492: warning: explicit config statement is ignored
/home/leoma/workspace/doc/ydk-yang-zte-t8000-v40010/zxr10-pm-database@2019-08-01.yang:498: warning: explicit config statement is ignored
/home/leoma/workspace/doc/ydk-yang-zte-t8000-v40010/zxr10-pm-database@2019-08-01.yang:547: warning: explicit config statement is ignored
/home/leoma/workspace/doc/ydk-yang-zte-t8000-v40010/zxr10-pm-database@2019-08-01.yang:602: warning: explicit config statement is ignored
/home/leoma/workspace/doc/ydk-yang-zte-t8000-v40010/zxr10-pm-database@2019-08-01.yang:608: warning: explicit config statement is ignored
/home/leoma/workspace/doc/ydk-yang-zte-t8000-v40010/zxr10-pm-database@2019-08-01.yang:614: warning: explicit config statement is ignored
/home/leoma/workspace/doc/ydk-yang-zte-t8000-v40010/zxr10-pm-database@2019-08-01.yang:663: warning: explicit config statement is ignored

>>> transform /home/leoma/workspace/doc/ydk-yang-zte-t8000-v40010/zxr10-pm-dcn@2020-07-29.yang

>>> transform /home/leoma/workspace/doc/ydk-yang-zte-t8000-v40010/zxr10-pm-env-satellite@2021-03-03.yang

>>> transform /home/leoma/workspace/doc/ydk-yang-zte-t8000-v40010/zxr10-pm-env@2021-04-26.yang
/home/leoma/workspace/doc/ydk-yang-zte-t8000-v40010/zxr10-pm-env@2021-04-26.yang:2626: warning: explicit config statement is ignored
/home/leoma/workspace/doc/ydk-yang-zte-t8000-v40010/zxr10-pm-env@2021-04-26.yang:2637: warning: explicit config statement is ignored
/home/leoma/workspace/doc/ydk-yang-zte-t8000-v40010/zxr10-pm-env@2021-04-26.yang:2650: warning: explicit config statement is ignored
/home/leoma/workspace/doc/ydk-yang-zte-t8000-v40010/zxr10-pm-env@2021-04-26.yang:2673: warning: explicit config statement is ignored
/home/leoma/workspace/doc/ydk-yang-zte-t8000-v40010/zxr10-pm-env@2021-04-26.yang:2685: warning: explicit config statement is ignored
/home/leoma/workspace/doc/ydk-yang-zte-t8000-v40010/zxr10-pm-env@2021-04-26.yang:2697: warning: explicit config statement is ignored
/home/leoma/workspace/doc/ydk-yang-zte-t8000-v40010/zxr10-pm-env@2021-04-26.yang:2711: warning: explicit config statement is ignored
/home/leoma/workspace/doc/ydk-yang-zte-t8000-v40010/zxr10-pm-env@2021-04-26.yang:2722: warning: explicit config statement is ignored
/home/leoma/workspace/doc/ydk-yang-zte-t8000-v40010/zxr10-pm-env@2021-04-26.yang:2733: warning: explicit config statement is ignored
/home/leoma/workspace/doc/ydk-yang-zte-t8000-v40010/zxr10-pm-env@2021-04-26.yang:2752: warning: explicit config statement is ignored
/home/leoma/workspace/doc/ydk-yang-zte-t8000-v40010/zxr10-pm-env@2021-04-26.yang:2782: warning: explicit config statement is ignored

>>> transform /home/leoma/workspace/doc/ydk-yang-zte-t8000-v40010/zxr10-pm-flexe@2021-04-01.yang

>>> transform /home/leoma/workspace/doc/ydk-yang-zte-t8000-v40010/zxr10-pm-interface-af@2020-12-01.yang

>>> transform /home/leoma/workspace/doc/ydk-yang-zte-t8000-v40010/zxr10-pm-interface@2021-04-19.yang
/home/leoma/workspace/doc/ydk-yang-zte-t8000-v40010/zxr10-pm-interface@2021-04-19.yang:3302: warning: explicit config statement is ignored
/home/leoma/workspace/doc/ydk-yang-zte-t8000-v40010/zxr10-pm-interface@2021-04-19.yang:3309: warning: explicit config statement is ignored
/home/leoma/workspace/doc/ydk-yang-zte-t8000-v40010/zxr10-pm-interface@2021-04-19.yang:3328: warning: explicit config statement is ignored

>>> transform /home/leoma/workspace/doc/ydk-yang-zte-t8000-v40010/zxr10-pm-license@2021-01-28.yang
/home/leoma/workspace/doc/ydk-yang-zte-t8000-v40010/zxr10-pm-license@2021-01-28.yang:5: warning: imported module "zxr10-netconf-defs" not used

>>> transform /home/leoma/workspace/doc/ydk-yang-zte-t8000-v40010/zxr10-pm-lr@2020-10-19.yang

>>> transform /home/leoma/workspace/doc/ydk-yang-zte-t8000-v40010/zxr10-pm-sdm@2021-04-21.yang
/home/leoma/workspace/doc/ydk-yang-zte-t8000-v40010/zxr10-pm-sdm@2021-04-21.yang:454: warning: explicit config statement is ignored
/home/leoma/workspace/doc/ydk-yang-zte-t8000-v40010/zxr10-pm-sdm@2021-04-21.yang:482: warning: explicit config statement is ignored
/home/leoma/workspace/doc/ydk-yang-zte-t8000-v40010/zxr10-pm-sdm@2021-04-21.yang:495: warning: explicit config statement is ignored
/home/leoma/workspace/doc/ydk-yang-zte-t8000-v40010/zxr10-pm-sdm@2021-04-21.yang:501: warning: explicit config statement is ignored
/home/leoma/workspace/doc/ydk-yang-zte-t8000-v40010/zxr10-pm-sdm@2021-04-21.yang:579: warning: explicit config statement is ignored
/home/leoma/workspace/doc/ydk-yang-zte-t8000-v40010/zxr10-pm-sdm@2021-04-21.yang:595: warning: explicit config statement is ignored
/home/leoma/workspace/doc/ydk-yang-zte-t8000-v40010/zxr10-pm-sdm@2021-04-21.yang:615: warning: explicit config statement is ignored
/home/leoma/workspace/doc/ydk-yang-zte-t8000-v40010/zxr10-pm-sdm@2021-04-21.yang:624: warning: explicit config statement is ignored

>>> transform /home/leoma/workspace/doc/ydk-yang-zte-t8000-v40010/zxr10-pm-sys-af@2019-01-17.yang

>>> transform /home/leoma/workspace/doc/ydk-yang-zte-t8000-v40010/zxr10-pm-sys-satellite@2021-01-25.yang

>>> transform /home/leoma/workspace/doc/ydk-yang-zte-t8000-v40010/zxr10-pm-sys@2021-02-07.yang
/home/leoma/workspace/doc/ydk-yang-zte-t8000-v40010/zxr10-pm-sys@2021-02-07.yang:2345: warning: explicit config statement is ignored
/home/leoma/workspace/doc/ydk-yang-zte-t8000-v40010/zxr10-pm-sys@2021-02-07.yang:2352: warning: explicit config statement is ignored
/home/leoma/workspace/doc/ydk-yang-zte-t8000-v40010/zxr10-pm-sys@2021-02-07.yang:2377: warning: explicit config statement is ignored
/home/leoma/workspace/doc/ydk-yang-zte-t8000-v40010/zxr10-pm-sys@2021-02-07.yang:2392: warning: explicit config statement is ignored
/home/leoma/workspace/doc/ydk-yang-zte-t8000-v40010/zxr10-pm-sys@2021-02-07.yang:2403: warning: explicit config statement is ignored
/home/leoma/workspace/doc/ydk-yang-zte-t8000-v40010/zxr10-pm-sys@2021-02-07.yang:2414: warning: explicit config statement is ignored
/home/leoma/workspace/doc/ydk-yang-zte-t8000-v40010/zxr10-pm-sys@2021-02-07.yang:2445: warning: explicit config statement is ignored

>>> transform /home/leoma/workspace/doc/ydk-yang-zte-t8000-v40010/zxr10-pm-ztp@2020-03-22.yang
/home/leoma/workspace/doc/ydk-yang-zte-t8000-v40010/zxr10-pm-ztp@2020-03-22.yang:44: warning: explicit config statement is ignored

>>> transform /home/leoma/workspace/doc/ydk-yang-zte-t8000-v40010/zxr10-port-group@2020-09-01.yang

>>> transform /home/leoma/workspace/doc/ydk-yang-zte-t8000-v40010/zxr10-portmap@2013-10-11.yang

>>> transform /home/leoma/workspace/doc/ydk-yang-zte-t8000-v40010/zxr10-ppp@2021-03-16.yang

>>> transform /home/leoma/workspace/doc/ydk-yang-zte-t8000-v40010/zxr10-prefix-list@2020-04-23.yang

>>> transform /home/leoma/workspace/doc/ydk-yang-zte-t8000-v40010/zxr10-propagate@2016-11-22.yang

>>> transform /home/leoma/workspace/doc/ydk-yang-zte-t8000-v40010/zxr10-protect-group-list@2013-12-12.yang
/home/leoma/workspace/doc/ydk-yang-zte-t8000-v40010/zxr10-protect-group-list@2013-12-12.yang:62: warning: all keys in the list are redundantly present in the unique statement

>>> transform /home/leoma/workspace/doc/ydk-yang-zte-t8000-v40010/zxr10-pss-rtm@2019-12-11.yang
/home/leoma/workspace/doc/ydk-yang-zte-t8000-v40010/zxr10-pss-rtm@2019-12-11.yang:6: warning: imported module "zxr10-netconf-defs" not used

>>> transform /home/leoma/workspace/doc/ydk-yang-zte-t8000-v40010/zxr10-ptp-dev-upn@2019-01-07.yang

>>> transform /home/leoma/workspace/doc/ydk-yang-zte-t8000-v40010/zxr10-ptp@2020-11-20.yang
/home/leoma/workspace/doc/ydk-yang-zte-t8000-v40010/zxr10-ptp@2020-11-20.yang:4650: warning: explicit config statement is ignored
/home/leoma/workspace/doc/ydk-yang-zte-t8000-v40010/zxr10-ptp@2020-11-20.yang:4689: warning: explicit config statement is ignored

>>> transform /home/leoma/workspace/doc/ydk-yang-zte-t8000-v40010/zxr10-pwe3@2016-11-29.yang

>>> transform /home/leoma/workspace/doc/ydk-yang-zte-t8000-v40010/zxr10-qos@2021-04-22.yang

>>> transform /home/leoma/workspace/doc/ydk-yang-zte-t8000-v40010/zxr10-radius@2021-04-10.yang

>>> transform /home/leoma/workspace/doc/ydk-yang-zte-t8000-v40010/zxr10-rd-list@2015-10-12.yang

>>> transform /home/leoma/workspace/doc/ydk-yang-zte-t8000-v40010/zxr10-rip@2020-11-11.yang

>>> transform /home/leoma/workspace/doc/ydk-yang-zte-t8000-v40010/zxr10-route-map@2021-04-02.yang

>>> transform /home/leoma/workspace/doc/ydk-yang-zte-t8000-v40010/zxr10-route-protocol-management@2020-04-21.yang

>>> transform /home/leoma/workspace/doc/ydk-yang-zte-t8000-v40010/zxr10-routing-table-management-dev-t8000@2016-12-29.yang

>>> transform /home/leoma/workspace/doc/ydk-yang-zte-t8000-v40010/zxr10-routing-table-management@2021-04-15.yang
/home/leoma/workspace/doc/ydk-yang-zte-t8000-v40010/zxr10-routing-table-management@2021-04-15.yang:3298: warning: explicit config statement is ignored
/home/leoma/workspace/doc/ydk-yang-zte-t8000-v40010/zxr10-routing-table-management@2021-04-15.yang:3304: warning: explicit config statement is ignored
/home/leoma/workspace/doc/ydk-yang-zte-t8000-v40010/zxr10-routing-table-management@2021-04-15.yang:3348: warning: explicit config statement is ignored
/home/leoma/workspace/doc/ydk-yang-zte-t8000-v40010/zxr10-routing-table-management@2021-04-15.yang:3354: warning: explicit config statement is ignored
/home/leoma/workspace/doc/ydk-yang-zte-t8000-v40010/zxr10-routing-table-management@2021-04-15.yang:3360: warning: explicit config statement is ignored

>>> transform /home/leoma/workspace/doc/ydk-yang-zte-t8000-v40010/zxr10-rpm-bier@2021-02-08.yang

>>> transform /home/leoma/workspace/doc/ydk-yang-zte-t8000-v40010/zxr10-rpm-segment@2021-03-30.yang

>>> transform /home/leoma/workspace/doc/ydk-yang-zte-t8000-v40010/zxr10-rpm-srt-dev-pc@2015-03-03.yang

>>> transform /home/leoma/workspace/doc/ydk-yang-zte-t8000-v40010/zxr10-rpm-srt@2021-04-13.yang

>>> transform /home/leoma/workspace/doc/ydk-yang-zte-t8000-v40010/zxr10-rtm-sfc@2019-10-10.yang

>>> transform /home/leoma/workspace/doc/ydk-yang-zte-t8000-v40010/zxr10-samgr@2021-04-07.yang

>>> transform /home/leoma/workspace/doc/ydk-yang-zte-t8000-v40010/zxr10-sctp@2014-04-08.yang

>>> transform /home/leoma/workspace/doc/ydk-yang-zte-t8000-v40010/zxr10-section@2019-05-09.yang

>>> transform /home/leoma/workspace/doc/ydk-yang-zte-t8000-v40010/zxr10-sftp@2021-04-01.yang

>>> transform /home/leoma/workspace/doc/ydk-yang-zte-t8000-v40010/zxr10-sib@2020-10-27.yang

>>> transform /home/leoma/workspace/doc/ydk-yang-zte-t8000-v40010/zxr10-sibtp-mgr@2020-02-12.yang

>>> transform /home/leoma/workspace/doc/ydk-yang-zte-t8000-v40010/zxr10-snetconf@2015-01-12.yang

>>> transform /home/leoma/workspace/doc/ydk-yang-zte-t8000-v40010/zxr10-snmp@2021-03-09.yang

>>> transform /home/leoma/workspace/doc/ydk-yang-zte-t8000-v40010/zxr10-sqa@2021-04-23.yang
/home/leoma/workspace/doc/ydk-yang-zte-t8000-v40010/zxr10-sqa@2021-04-23.yang:6926: warning: explicit config statement is ignored
/home/leoma/workspace/doc/ydk-yang-zte-t8000-v40010/zxr10-sqa@2021-04-23.yang:6938: warning: explicit config statement is ignored
/home/leoma/workspace/doc/ydk-yang-zte-t8000-v40010/zxr10-sqa@2021-04-23.yang:6949: warning: explicit config statement is ignored
/home/leoma/workspace/doc/ydk-yang-zte-t8000-v40010/zxr10-sqa@2021-04-23.yang:6960: warning: explicit config statement is ignored
/home/leoma/workspace/doc/ydk-yang-zte-t8000-v40010/zxr10-sqa@2021-04-23.yang:6966: warning: explicit config statement is ignored
/home/leoma/workspace/doc/ydk-yang-zte-t8000-v40010/zxr10-sqa@2021-04-23.yang:6973: warning: explicit config statement is ignored
/home/leoma/workspace/doc/ydk-yang-zte-t8000-v40010/zxr10-sqa@2021-04-23.yang:6980: warning: explicit config statement is ignored
/home/leoma/workspace/doc/ydk-yang-zte-t8000-v40010/zxr10-sqa@2021-04-23.yang:6987: warning: explicit config statement is ignored
/home/leoma/workspace/doc/ydk-yang-zte-t8000-v40010/zxr10-sqa@2021-04-23.yang:6994: warning: explicit config statement is ignored
/home/leoma/workspace/doc/ydk-yang-zte-t8000-v40010/zxr10-sqa@2021-04-23.yang:7001: warning: explicit config statement is ignored
/home/leoma/workspace/doc/ydk-yang-zte-t8000-v40010/zxr10-sqa@2021-04-23.yang:7008: warning: explicit config statement is ignored
/home/leoma/workspace/doc/ydk-yang-zte-t8000-v40010/zxr10-sqa@2021-04-23.yang:7015: warning: explicit config statement is ignored
/home/leoma/workspace/doc/ydk-yang-zte-t8000-v40010/zxr10-sqa@2021-04-23.yang:7022: warning: explicit config statement is ignored
/home/leoma/workspace/doc/ydk-yang-zte-t8000-v40010/zxr10-sqa@2021-04-23.yang:7029: warning: explicit config statement is ignored
/home/leoma/workspace/doc/ydk-yang-zte-t8000-v40010/zxr10-sqa@2021-04-23.yang:7036: warning: explicit config statement is ignored
/home/leoma/workspace/doc/ydk-yang-zte-t8000-v40010/zxr10-sqa@2021-04-23.yang:7043: warning: explicit config statement is ignored
/home/leoma/workspace/doc/ydk-yang-zte-t8000-v40010/zxr10-sqa@2021-04-23.yang:7050: warning: explicit config statement is ignored
/home/leoma/workspace/doc/ydk-yang-zte-t8000-v40010/zxr10-sqa@2021-04-23.yang:7057: warning: explicit config statement is ignored
/home/leoma/workspace/doc/ydk-yang-zte-t8000-v40010/zxr10-sqa@2021-04-23.yang:7064: warning: explicit config statement is ignored
/home/leoma/workspace/doc/ydk-yang-zte-t8000-v40010/zxr10-sqa@2021-04-23.yang:7071: warning: explicit config statement is ignored
/home/leoma/workspace/doc/ydk-yang-zte-t8000-v40010/zxr10-sqa@2021-04-23.yang:7078: warning: explicit config statement is ignored
/home/leoma/workspace/doc/ydk-yang-zte-t8000-v40010/zxr10-sqa@2021-04-23.yang:7089: warning: explicit config statement is ignored
/home/leoma/workspace/doc/ydk-yang-zte-t8000-v40010/zxr10-sqa@2021-04-23.yang:7100: warning: explicit config statement is ignored
/home/leoma/workspace/doc/ydk-yang-zte-t8000-v40010/zxr10-sqa@2021-04-23.yang:7117: warning: explicit config statement is ignored
/home/leoma/workspace/doc/ydk-yang-zte-t8000-v40010/zxr10-sqa@2021-04-23.yang:7129: warning: explicit config statement is ignored
/home/leoma/workspace/doc/ydk-yang-zte-t8000-v40010/zxr10-sqa@2021-04-23.yang:7140: warning: explicit config statement is ignored
/home/leoma/workspace/doc/ydk-yang-zte-t8000-v40010/zxr10-sqa@2021-04-23.yang:7151: warning: explicit config statement is ignored
/home/leoma/workspace/doc/ydk-yang-zte-t8000-v40010/zxr10-sqa@2021-04-23.yang:7157: warning: explicit config statement is ignored
/home/leoma/workspace/doc/ydk-yang-zte-t8000-v40010/zxr10-sqa@2021-04-23.yang:7164: warning: explicit config statement is ignored
/home/leoma/workspace/doc/ydk-yang-zte-t8000-v40010/zxr10-sqa@2021-04-23.yang:7171: warning: explicit config statement is ignored
/home/leoma/workspace/doc/ydk-yang-zte-t8000-v40010/zxr10-sqa@2021-04-23.yang:7178: warning: explicit config statement is ignored
/home/leoma/workspace/doc/ydk-yang-zte-t8000-v40010/zxr10-sqa@2021-04-23.yang:7185: warning: explicit config statement is ignored
/home/leoma/workspace/doc/ydk-yang-zte-t8000-v40010/zxr10-sqa@2021-04-23.yang:7192: warning: explicit config statement is ignored
/home/leoma/workspace/doc/ydk-yang-zte-t8000-v40010/zxr10-sqa@2021-04-23.yang:7199: warning: explicit config statement is ignored
/home/leoma/workspace/doc/ydk-yang-zte-t8000-v40010/zxr10-sqa@2021-04-23.yang:7206: warning: explicit config statement is ignored
/home/leoma/workspace/doc/ydk-yang-zte-t8000-v40010/zxr10-sqa@2021-04-23.yang:7213: warning: explicit config statement is ignored
/home/leoma/workspace/doc/ydk-yang-zte-t8000-v40010/zxr10-sqa@2021-04-23.yang:7220: warning: explicit config statement is ignored
/home/leoma/workspace/doc/ydk-yang-zte-t8000-v40010/zxr10-sqa@2021-04-23.yang:7227: warning: explicit config statement is ignored
/home/leoma/workspace/doc/ydk-yang-zte-t8000-v40010/zxr10-sqa@2021-04-23.yang:7234: warning: explicit config statement is ignored
/home/leoma/workspace/doc/ydk-yang-zte-t8000-v40010/zxr10-sqa@2021-04-23.yang:7241: warning: explicit config statement is ignored
/home/leoma/workspace/doc/ydk-yang-zte-t8000-v40010/zxr10-sqa@2021-04-23.yang:7248: warning: explicit config statement is ignored
/home/leoma/workspace/doc/ydk-yang-zte-t8000-v40010/zxr10-sqa@2021-04-23.yang:7255: warning: explicit config statement is ignored
/home/leoma/workspace/doc/ydk-yang-zte-t8000-v40010/zxr10-sqa@2021-04-23.yang:7262: warning: explicit config statement is ignored
/home/leoma/workspace/doc/ydk-yang-zte-t8000-v40010/zxr10-sqa@2021-04-23.yang:7269: warning: explicit config statement is ignored
/home/leoma/workspace/doc/ydk-yang-zte-t8000-v40010/zxr10-sqa@2021-04-23.yang:7280: warning: explicit config statement is ignored
/home/leoma/workspace/doc/ydk-yang-zte-t8000-v40010/zxr10-sqa@2021-04-23.yang:7291: warning: explicit config statement is ignored
/home/leoma/workspace/doc/ydk-yang-zte-t8000-v40010/zxr10-sqa@2021-04-23.yang:7308: warning: explicit config statement is ignored
/home/leoma/workspace/doc/ydk-yang-zte-t8000-v40010/zxr10-sqa@2021-04-23.yang:7320: warning: explicit config statement is ignored
/home/leoma/workspace/doc/ydk-yang-zte-t8000-v40010/zxr10-sqa@2021-04-23.yang:7331: warning: explicit config statement is ignored
/home/leoma/workspace/doc/ydk-yang-zte-t8000-v40010/zxr10-sqa@2021-04-23.yang:7342: warning: explicit config statement is ignored
/home/leoma/workspace/doc/ydk-yang-zte-t8000-v40010/zxr10-sqa@2021-04-23.yang:7348: warning: explicit config statement is ignored
/home/leoma/workspace/doc/ydk-yang-zte-t8000-v40010/zxr10-sqa@2021-04-23.yang:7355: warning: explicit config statement is ignored
/home/leoma/workspace/doc/ydk-yang-zte-t8000-v40010/zxr10-sqa@2021-04-23.yang:7362: warning: explicit config statement is ignored
/home/leoma/workspace/doc/ydk-yang-zte-t8000-v40010/zxr10-sqa@2021-04-23.yang:7369: warning: explicit config statement is ignored
/home/leoma/workspace/doc/ydk-yang-zte-t8000-v40010/zxr10-sqa@2021-04-23.yang:7376: warning: explicit config statement is ignored
/home/leoma/workspace/doc/ydk-yang-zte-t8000-v40010/zxr10-sqa@2021-04-23.yang:7387: warning: explicit config statement is ignored
/home/leoma/workspace/doc/ydk-yang-zte-t8000-v40010/zxr10-sqa@2021-04-23.yang:7404: warning: explicit config statement is ignored
/home/leoma/workspace/doc/ydk-yang-zte-t8000-v40010/zxr10-sqa@2021-04-23.yang:7416: warning: explicit config statement is ignored
/home/leoma/workspace/doc/ydk-yang-zte-t8000-v40010/zxr10-sqa@2021-04-23.yang:7423: warning: explicit config statement is ignored
/home/leoma/workspace/doc/ydk-yang-zte-t8000-v40010/zxr10-sqa@2021-04-23.yang:7430: warning: explicit config statement is ignored
/home/leoma/workspace/doc/ydk-yang-zte-t8000-v40010/zxr10-sqa@2021-04-23.yang:7451: warning: explicit config statement is ignored
/home/leoma/workspace/doc/ydk-yang-zte-t8000-v40010/zxr10-sqa@2021-04-23.yang:7463: warning: explicit config statement is ignored
/home/leoma/workspace/doc/ydk-yang-zte-t8000-v40010/zxr10-sqa@2021-04-23.yang:7474: warning: explicit config statement is ignored
/home/leoma/workspace/doc/ydk-yang-zte-t8000-v40010/zxr10-sqa@2021-04-23.yang:7485: warning: explicit config statement is ignored
/home/leoma/workspace/doc/ydk-yang-zte-t8000-v40010/zxr10-sqa@2021-04-23.yang:7496: warning: explicit config statement is ignored
/home/leoma/workspace/doc/ydk-yang-zte-t8000-v40010/zxr10-sqa@2021-04-23.yang:7503: warning: explicit config statement is ignored
/home/leoma/workspace/doc/ydk-yang-zte-t8000-v40010/zxr10-sqa@2021-04-23.yang:7510: warning: explicit config statement is ignored
/home/leoma/workspace/doc/ydk-yang-zte-t8000-v40010/zxr10-sqa@2021-04-23.yang:7517: warning: explicit config statement is ignored
/home/leoma/workspace/doc/ydk-yang-zte-t8000-v40010/zxr10-sqa@2021-04-23.yang:7524: warning: explicit config statement is ignored
/home/leoma/workspace/doc/ydk-yang-zte-t8000-v40010/zxr10-sqa@2021-04-23.yang:7531: warning: explicit config statement is ignored
/home/leoma/workspace/doc/ydk-yang-zte-t8000-v40010/zxr10-sqa@2021-04-23.yang:7552: warning: explicit config statement is ignored
/home/leoma/workspace/doc/ydk-yang-zte-t8000-v40010/zxr10-sqa@2021-04-23.yang:7564: warning: explicit config statement is ignored
/home/leoma/workspace/doc/ydk-yang-zte-t8000-v40010/zxr10-sqa@2021-04-23.yang:7575: warning: explicit config statement is ignored
/home/leoma/workspace/doc/ydk-yang-zte-t8000-v40010/zxr10-sqa@2021-04-23.yang:7586: warning: explicit config statement is ignored
/home/leoma/workspace/doc/ydk-yang-zte-t8000-v40010/zxr10-sqa@2021-04-23.yang:7592: warning: explicit config statement is ignored
/home/leoma/workspace/doc/ydk-yang-zte-t8000-v40010/zxr10-sqa@2021-04-23.yang:7599: warning: explicit config statement is ignored
/home/leoma/workspace/doc/ydk-yang-zte-t8000-v40010/zxr10-sqa@2021-04-23.yang:7606: warning: explicit config statement is ignored
/home/leoma/workspace/doc/ydk-yang-zte-t8000-v40010/zxr10-sqa@2021-04-23.yang:7613: warning: explicit config statement is ignored
/home/leoma/workspace/doc/ydk-yang-zte-t8000-v40010/zxr10-sqa@2021-04-23.yang:7620: warning: explicit config statement is ignored
/home/leoma/workspace/doc/ydk-yang-zte-t8000-v40010/zxr10-sqa@2021-04-23.yang:7627: warning: explicit config statement is ignored
/home/leoma/workspace/doc/ydk-yang-zte-t8000-v40010/zxr10-sqa@2021-04-23.yang:7634: warning: explicit config statement is ignored
/home/leoma/workspace/doc/ydk-yang-zte-t8000-v40010/zxr10-sqa@2021-04-23.yang:7641: warning: explicit config statement is ignored
/home/leoma/workspace/doc/ydk-yang-zte-t8000-v40010/zxr10-sqa@2021-04-23.yang:7648: warning: explicit config statement is ignored
/home/leoma/workspace/doc/ydk-yang-zte-t8000-v40010/zxr10-sqa@2021-04-23.yang:7656: warning: explicit config statement is ignored
/home/leoma/workspace/doc/ydk-yang-zte-t8000-v40010/zxr10-sqa@2021-04-23.yang:7664: warning: explicit config statement is ignored
/home/leoma/workspace/doc/ydk-yang-zte-t8000-v40010/zxr10-sqa@2021-04-23.yang:7672: warning: explicit config statement is ignored
/home/leoma/workspace/doc/ydk-yang-zte-t8000-v40010/zxr10-sqa@2021-04-23.yang:7680: warning: explicit config statement is ignored
/home/leoma/workspace/doc/ydk-yang-zte-t8000-v40010/zxr10-sqa@2021-04-23.yang:7688: warning: explicit config statement is ignored
/home/leoma/workspace/doc/ydk-yang-zte-t8000-v40010/zxr10-sqa@2021-04-23.yang:7696: warning: explicit config statement is ignored
/home/leoma/workspace/doc/ydk-yang-zte-t8000-v40010/zxr10-sqa@2021-04-23.yang:7704: warning: explicit config statement is ignored
/home/leoma/workspace/doc/ydk-yang-zte-t8000-v40010/zxr10-sqa@2021-04-23.yang:7711: warning: explicit config statement is ignored
/home/leoma/workspace/doc/ydk-yang-zte-t8000-v40010/zxr10-sqa@2021-04-23.yang:7719: warning: explicit config statement is ignored
/home/leoma/workspace/doc/ydk-yang-zte-t8000-v40010/zxr10-sqa@2021-04-23.yang:7727: warning: explicit config statement is ignored
/home/leoma/workspace/doc/ydk-yang-zte-t8000-v40010/zxr10-sqa@2021-04-23.yang:7735: warning: explicit config statement is ignored
/home/leoma/workspace/doc/ydk-yang-zte-t8000-v40010/zxr10-sqa@2021-04-23.yang:7743: warning: explicit config statement is ignored
/home/leoma/workspace/doc/ydk-yang-zte-t8000-v40010/zxr10-sqa@2021-04-23.yang:7751: warning: explicit config statement is ignored
/home/leoma/workspace/doc/ydk-yang-zte-t8000-v40010/zxr10-sqa@2021-04-23.yang:7759: warning: explicit config statement is ignored
/home/leoma/workspace/doc/ydk-yang-zte-t8000-v40010/zxr10-sqa@2021-04-23.yang:7767: warning: explicit config statement is ignored
/home/leoma/workspace/doc/ydk-yang-zte-t8000-v40010/zxr10-sqa@2021-04-23.yang:7773: warning: explicit config statement is ignored
/home/leoma/workspace/doc/ydk-yang-zte-t8000-v40010/zxr10-sqa@2021-04-23.yang:7779: warning: explicit config statement is ignored
/home/leoma/workspace/doc/ydk-yang-zte-t8000-v40010/zxr10-sqa@2021-04-23.yang:7785: warning: explicit config statement is ignored
/home/leoma/workspace/doc/ydk-yang-zte-t8000-v40010/zxr10-sqa@2021-04-23.yang:7796: warning: explicit config statement is ignored
/home/leoma/workspace/doc/ydk-yang-zte-t8000-v40010/zxr10-sqa@2021-04-23.yang:7813: warning: explicit config statement is ignored
/home/leoma/workspace/doc/ydk-yang-zte-t8000-v40010/zxr10-sqa@2021-04-23.yang:7825: warning: explicit config statement is ignored
/home/leoma/workspace/doc/ydk-yang-zte-t8000-v40010/zxr10-sqa@2021-04-23.yang:7832: warning: explicit config statement is ignored
/home/leoma/workspace/doc/ydk-yang-zte-t8000-v40010/zxr10-sqa@2021-04-23.yang:7853: warning: explicit config statement is ignored
/home/leoma/workspace/doc/ydk-yang-zte-t8000-v40010/zxr10-sqa@2021-04-23.yang:7865: warning: explicit config statement is ignored
/home/leoma/workspace/doc/ydk-yang-zte-t8000-v40010/zxr10-sqa@2021-04-23.yang:7876: warning: explicit config statement is ignored
/home/leoma/workspace/doc/ydk-yang-zte-t8000-v40010/zxr10-sqa@2021-04-23.yang:7887: warning: explicit config statement is ignored
/home/leoma/workspace/doc/ydk-yang-zte-t8000-v40010/zxr10-sqa@2021-04-23.yang:7893: warning: explicit config statement is ignored
/home/leoma/workspace/doc/ydk-yang-zte-t8000-v40010/zxr10-sqa@2021-04-23.yang:7904: warning: explicit config statement is ignored
/home/leoma/workspace/doc/ydk-yang-zte-t8000-v40010/zxr10-sqa@2021-04-23.yang:7911: warning: explicit config statement is ignored
/home/leoma/workspace/doc/ydk-yang-zte-t8000-v40010/zxr10-sqa@2021-04-23.yang:7918: warning: explicit config statement is ignored
/home/leoma/workspace/doc/ydk-yang-zte-t8000-v40010/zxr10-sqa@2021-04-23.yang:7925: warning: explicit config statement is ignored
/home/leoma/workspace/doc/ydk-yang-zte-t8000-v40010/zxr10-sqa@2021-04-23.yang:7932: warning: explicit config statement is ignored
/home/leoma/workspace/doc/ydk-yang-zte-t8000-v40010/zxr10-sqa@2021-04-23.yang:7939: warning: explicit config statement is ignored
/home/leoma/workspace/doc/ydk-yang-zte-t8000-v40010/zxr10-sqa@2021-04-23.yang:7946: warning: explicit config statement is ignored
/home/leoma/workspace/doc/ydk-yang-zte-t8000-v40010/zxr10-sqa@2021-04-23.yang:7953: warning: explicit config statement is ignored
/home/leoma/workspace/doc/ydk-yang-zte-t8000-v40010/zxr10-sqa@2021-04-23.yang:7960: warning: explicit config statement is ignored
/home/leoma/workspace/doc/ydk-yang-zte-t8000-v40010/zxr10-sqa@2021-04-23.yang:7967: warning: explicit config statement is ignored
/home/leoma/workspace/doc/ydk-yang-zte-t8000-v40010/zxr10-sqa@2021-04-23.yang:7974: warning: explicit config statement is ignored
/home/leoma/workspace/doc/ydk-yang-zte-t8000-v40010/zxr10-sqa@2021-04-23.yang:7981: warning: explicit config statement is ignored
/home/leoma/workspace/doc/ydk-yang-zte-t8000-v40010/zxr10-sqa@2021-04-23.yang:7988: warning: explicit config statement is ignored
/home/leoma/workspace/doc/ydk-yang-zte-t8000-v40010/zxr10-sqa@2021-04-23.yang:7995: warning: explicit config statement is ignored
/home/leoma/workspace/doc/ydk-yang-zte-t8000-v40010/zxr10-sqa@2021-04-23.yang:8002: warning: explicit config statement is ignored
/home/leoma/workspace/doc/ydk-yang-zte-t8000-v40010/zxr10-sqa@2021-04-23.yang:8009: warning: explicit config statement is ignored
/home/leoma/workspace/doc/ydk-yang-zte-t8000-v40010/zxr10-sqa@2021-04-23.yang:8016: warning: explicit config statement is ignored
/home/leoma/workspace/doc/ydk-yang-zte-t8000-v40010/zxr10-sqa@2021-04-23.yang:8037: warning: explicit config statement is ignored
/home/leoma/workspace/doc/ydk-yang-zte-t8000-v40010/zxr10-sqa@2021-04-23.yang:8049: warning: explicit config statement is ignored
/home/leoma/workspace/doc/ydk-yang-zte-t8000-v40010/zxr10-sqa@2021-04-23.yang:8060: warning: explicit config statement is ignored
/home/leoma/workspace/doc/ydk-yang-zte-t8000-v40010/zxr10-sqa@2021-04-23.yang:8071: warning: explicit config statement is ignored
/home/leoma/workspace/doc/ydk-yang-zte-t8000-v40010/zxr10-sqa@2021-04-23.yang:8077: warning: explicit config statement is ignored
/home/leoma/workspace/doc/ydk-yang-zte-t8000-v40010/zxr10-sqa@2021-04-23.yang:8084: warning: explicit config statement is ignored
/home/leoma/workspace/doc/ydk-yang-zte-t8000-v40010/zxr10-sqa@2021-04-23.yang:8091: warning: explicit config statement is ignored
/home/leoma/workspace/doc/ydk-yang-zte-t8000-v40010/zxr10-sqa@2021-04-23.yang:8098: warning: explicit config statement is ignored
/home/leoma/workspace/doc/ydk-yang-zte-t8000-v40010/zxr10-sqa@2021-04-23.yang:8105: warning: explicit config statement is ignored
/home/leoma/workspace/doc/ydk-yang-zte-t8000-v40010/zxr10-sqa@2021-04-23.yang:8112: warning: explicit config statement is ignored
/home/leoma/workspace/doc/ydk-yang-zte-t8000-v40010/zxr10-sqa@2021-04-23.yang:8119: warning: explicit config statement is ignored
/home/leoma/workspace/doc/ydk-yang-zte-t8000-v40010/zxr10-sqa@2021-04-23.yang:8126: warning: explicit config statement is ignored
/home/leoma/workspace/doc/ydk-yang-zte-t8000-v40010/zxr10-sqa@2021-04-23.yang:8133: warning: explicit config statement is ignored
/home/leoma/workspace/doc/ydk-yang-zte-t8000-v40010/zxr10-sqa@2021-04-23.yang:8141: warning: explicit config statement is ignored
/home/leoma/workspace/doc/ydk-yang-zte-t8000-v40010/zxr10-sqa@2021-04-23.yang:8149: warning: explicit config statement is ignored
/home/leoma/workspace/doc/ydk-yang-zte-t8000-v40010/zxr10-sqa@2021-04-23.yang:8157: warning: explicit config statement is ignored
/home/leoma/workspace/doc/ydk-yang-zte-t8000-v40010/zxr10-sqa@2021-04-23.yang:8165: warning: explicit config statement is ignored
/home/leoma/workspace/doc/ydk-yang-zte-t8000-v40010/zxr10-sqa@2021-04-23.yang:8173: warning: explicit config statement is ignored
/home/leoma/workspace/doc/ydk-yang-zte-t8000-v40010/zxr10-sqa@2021-04-23.yang:8181: warning: explicit config statement is ignored
/home/leoma/workspace/doc/ydk-yang-zte-t8000-v40010/zxr10-sqa@2021-04-23.yang:8189: warning: explicit config statement is ignored
/home/leoma/workspace/doc/ydk-yang-zte-t8000-v40010/zxr10-sqa@2021-04-23.yang:8196: warning: explicit config statement is ignored
/home/leoma/workspace/doc/ydk-yang-zte-t8000-v40010/zxr10-sqa@2021-04-23.yang:8204: warning: explicit config statement is ignored
/home/leoma/workspace/doc/ydk-yang-zte-t8000-v40010/zxr10-sqa@2021-04-23.yang:8212: warning: explicit config statement is ignored
/home/leoma/workspace/doc/ydk-yang-zte-t8000-v40010/zxr10-sqa@2021-04-23.yang:8220: warning: explicit config statement is ignored
/home/leoma/workspace/doc/ydk-yang-zte-t8000-v40010/zxr10-sqa@2021-04-23.yang:8228: warning: explicit config statement is ignored
/home/leoma/workspace/doc/ydk-yang-zte-t8000-v40010/zxr10-sqa@2021-04-23.yang:8236: warning: explicit config statement is ignored
/home/leoma/workspace/doc/ydk-yang-zte-t8000-v40010/zxr10-sqa@2021-04-23.yang:8244: warning: explicit config statement is ignored
/home/leoma/workspace/doc/ydk-yang-zte-t8000-v40010/zxr10-sqa@2021-04-23.yang:8252: warning: explicit config statement is ignored
/home/leoma/workspace/doc/ydk-yang-zte-t8000-v40010/zxr10-sqa@2021-04-23.yang:8259: warning: explicit config statement is ignored
/home/leoma/workspace/doc/ydk-yang-zte-t8000-v40010/zxr10-sqa@2021-04-23.yang:8270: warning: explicit config statement is ignored
/home/leoma/workspace/doc/ydk-yang-zte-t8000-v40010/zxr10-sqa@2021-04-23.yang:8278: warning: explicit config statement is ignored
/home/leoma/workspace/doc/ydk-yang-zte-t8000-v40010/zxr10-sqa@2021-04-23.yang:8286: warning: explicit config statement is ignored
/home/leoma/workspace/doc/ydk-yang-zte-t8000-v40010/zxr10-sqa@2021-04-23.yang:8294: warning: explicit config statement is ignored
/home/leoma/workspace/doc/ydk-yang-zte-t8000-v40010/zxr10-sqa@2021-04-23.yang:8302: warning: explicit config statement is ignored
/home/leoma/workspace/doc/ydk-yang-zte-t8000-v40010/zxr10-sqa@2021-04-23.yang:8310: warning: explicit config statement is ignored
/home/leoma/workspace/doc/ydk-yang-zte-t8000-v40010/zxr10-sqa@2021-04-23.yang:8318: warning: explicit config statement is ignored
/home/leoma/workspace/doc/ydk-yang-zte-t8000-v40010/zxr10-sqa@2021-04-23.yang:8326: warning: explicit config statement is ignored
/home/leoma/workspace/doc/ydk-yang-zte-t8000-v40010/zxr10-sqa@2021-04-23.yang:8334: warning: explicit config statement is ignored
/home/leoma/workspace/doc/ydk-yang-zte-t8000-v40010/zxr10-sqa@2021-04-23.yang:8342: warning: explicit config statement is ignored
/home/leoma/workspace/doc/ydk-yang-zte-t8000-v40010/zxr10-sqa@2021-04-23.yang:8350: warning: explicit config statement is ignored
/home/leoma/workspace/doc/ydk-yang-zte-t8000-v40010/zxr10-sqa@2021-04-23.yang:8358: warning: explicit config statement is ignored
/home/leoma/workspace/doc/ydk-yang-zte-t8000-v40010/zxr10-sqa@2021-04-23.yang:8366: warning: explicit config statement is ignored
/home/leoma/workspace/doc/ydk-yang-zte-t8000-v40010/zxr10-sqa@2021-04-23.yang:8373: warning: explicit config statement is ignored
/home/leoma/workspace/doc/ydk-yang-zte-t8000-v40010/zxr10-sqa@2021-04-23.yang:8385: warning: explicit config statement is ignored
/home/leoma/workspace/doc/ydk-yang-zte-t8000-v40010/zxr10-sqa@2021-04-23.yang:8403: warning: explicit config statement is ignored
/home/leoma/workspace/doc/ydk-yang-zte-t8000-v40010/zxr10-sqa@2021-04-23.yang:8410: warning: explicit config statement is ignored
/home/leoma/workspace/doc/ydk-yang-zte-t8000-v40010/zxr10-sqa@2021-04-23.yang:8422: warning: explicit config statement is ignored
/home/leoma/workspace/doc/ydk-yang-zte-t8000-v40010/zxr10-sqa@2021-04-23.yang:8433: warning: explicit config statement is ignored
/home/leoma/workspace/doc/ydk-yang-zte-t8000-v40010/zxr10-sqa@2021-04-23.yang:8444: warning: explicit config statement is ignored
/home/leoma/workspace/doc/ydk-yang-zte-t8000-v40010/zxr10-sqa@2021-04-23.yang:8455: warning: explicit config statement is ignored
/home/leoma/workspace/doc/ydk-yang-zte-t8000-v40010/zxr10-sqa@2021-04-23.yang:8462: warning: explicit config statement is ignored
/home/leoma/workspace/doc/ydk-yang-zte-t8000-v40010/zxr10-sqa@2021-04-23.yang:8469: warning: explicit config statement is ignored
/home/leoma/workspace/doc/ydk-yang-zte-t8000-v40010/zxr10-sqa@2021-04-23.yang:8476: warning: explicit config statement is ignored
/home/leoma/workspace/doc/ydk-yang-zte-t8000-v40010/zxr10-sqa@2021-04-23.yang:8482: warning: explicit config statement is ignored
/home/leoma/workspace/doc/ydk-yang-zte-t8000-v40010/zxr10-sqa@2021-04-23.yang:8489: warning: explicit config statement is ignored
/home/leoma/workspace/doc/ydk-yang-zte-t8000-v40010/zxr10-sqa@2021-04-23.yang:8526: warning: explicit config statement is ignored
/home/leoma/workspace/doc/ydk-yang-zte-t8000-v40010/zxr10-sqa@2021-04-23.yang:8533: warning: explicit config statement is ignored
/home/leoma/workspace/doc/ydk-yang-zte-t8000-v40010/zxr10-sqa@2021-04-23.yang:8545: warning: explicit config statement is ignored
/home/leoma/workspace/doc/ydk-yang-zte-t8000-v40010/zxr10-sqa@2021-04-23.yang:8556: warning: explicit config statement is ignored
/home/leoma/workspace/doc/ydk-yang-zte-t8000-v40010/zxr10-sqa@2021-04-23.yang:8567: warning: explicit config statement is ignored
/home/leoma/workspace/doc/ydk-yang-zte-t8000-v40010/zxr10-sqa@2021-04-23.yang:8578: warning: explicit config statement is ignored
/home/leoma/workspace/doc/ydk-yang-zte-t8000-v40010/zxr10-sqa@2021-04-23.yang:8590: warning: explicit config statement is ignored
/home/leoma/workspace/doc/ydk-yang-zte-t8000-v40010/zxr10-sqa@2021-04-23.yang:8596: warning: explicit config statement is ignored
/home/leoma/workspace/doc/ydk-yang-zte-t8000-v40010/zxr10-sqa@2021-04-23.yang:8602: warning: explicit config statement is ignored
/home/leoma/workspace/doc/ydk-yang-zte-t8000-v40010/zxr10-sqa@2021-04-23.yang:8609: warning: explicit config statement is ignored
/home/leoma/workspace/doc/ydk-yang-zte-t8000-v40010/zxr10-sqa@2021-04-23.yang:8637: warning: explicit config statement is ignored
/home/leoma/workspace/doc/ydk-yang-zte-t8000-v40010/zxr10-sqa@2021-04-23.yang:8644: warning: explicit config statement is ignored
/home/leoma/workspace/doc/ydk-yang-zte-t8000-v40010/zxr10-sqa@2021-04-23.yang:8656: warning: explicit config statement is ignored
/home/leoma/workspace/doc/ydk-yang-zte-t8000-v40010/zxr10-sqa@2021-04-23.yang:8667: warning: explicit config statement is ignored
/home/leoma/workspace/doc/ydk-yang-zte-t8000-v40010/zxr10-sqa@2021-04-23.yang:8678: warning: explicit config statement is ignored
/home/leoma/workspace/doc/ydk-yang-zte-t8000-v40010/zxr10-sqa@2021-04-23.yang:8689: warning: explicit config statement is ignored
/home/leoma/workspace/doc/ydk-yang-zte-t8000-v40010/zxr10-sqa@2021-04-23.yang:8701: warning: explicit config statement is ignored
/home/leoma/workspace/doc/ydk-yang-zte-t8000-v40010/zxr10-sqa@2021-04-23.yang:8708: warning: explicit config statement is ignored
/home/leoma/workspace/doc/ydk-yang-zte-t8000-v40010/zxr10-sqa@2021-04-23.yang:8715: warning: explicit config statement is ignored
/home/leoma/workspace/doc/ydk-yang-zte-t8000-v40010/zxr10-sqa@2021-04-23.yang:8722: warning: explicit config statement is ignored
/home/leoma/workspace/doc/ydk-yang-zte-t8000-v40010/zxr10-sqa@2021-04-23.yang:8729: warning: explicit config statement is ignored
/home/leoma/workspace/doc/ydk-yang-zte-t8000-v40010/zxr10-sqa@2021-04-23.yang:8736: warning: explicit config statement is ignored
/home/leoma/workspace/doc/ydk-yang-zte-t8000-v40010/zxr10-sqa@2021-04-23.yang:8743: warning: explicit config statement is ignored
/home/leoma/workspace/doc/ydk-yang-zte-t8000-v40010/zxr10-sqa@2021-04-23.yang:8750: warning: explicit config statement is ignored
/home/leoma/workspace/doc/ydk-yang-zte-t8000-v40010/zxr10-sqa@2021-04-23.yang:8777: warning: explicit config statement is ignored
/home/leoma/workspace/doc/ydk-yang-zte-t8000-v40010/zxr10-sqa@2021-04-23.yang:8784: warning: explicit config statement is ignored
/home/leoma/workspace/doc/ydk-yang-zte-t8000-v40010/zxr10-sqa@2021-04-23.yang:8795: warning: explicit config statement is ignored
/home/leoma/workspace/doc/ydk-yang-zte-t8000-v40010/zxr10-sqa@2021-04-23.yang:8806: warning: explicit config statement is ignored
/home/leoma/workspace/doc/ydk-yang-zte-t8000-v40010/zxr10-sqa@2021-04-23.yang:8817: warning: explicit config statement is ignored
/home/leoma/workspace/doc/ydk-yang-zte-t8000-v40010/zxr10-sqa@2021-04-23.yang:8828: warning: explicit config statement is ignored
/home/leoma/workspace/doc/ydk-yang-zte-t8000-v40010/zxr10-sqa@2021-04-23.yang:8841: warning: explicit config statement is ignored
/home/leoma/workspace/doc/ydk-yang-zte-t8000-v40010/zxr10-sqa@2021-04-23.yang:8848: warning: explicit config statement is ignored
/home/leoma/workspace/doc/ydk-yang-zte-t8000-v40010/zxr10-sqa@2021-04-23.yang:8855: warning: explicit config statement is ignored
/home/leoma/workspace/doc/ydk-yang-zte-t8000-v40010/zxr10-sqa@2021-04-23.yang:8862: warning: explicit config statement is ignored
/home/leoma/workspace/doc/ydk-yang-zte-t8000-v40010/zxr10-sqa@2021-04-23.yang:8869: warning: explicit config statement is ignored
/home/leoma/workspace/doc/ydk-yang-zte-t8000-v40010/zxr10-sqa@2021-04-23.yang:8876: warning: explicit config statement is ignored
/home/leoma/workspace/doc/ydk-yang-zte-t8000-v40010/zxr10-sqa@2021-04-23.yang:8883: warning: explicit config statement is ignored
/home/leoma/workspace/doc/ydk-yang-zte-t8000-v40010/zxr10-sqa@2021-04-23.yang:8890: warning: explicit config statement is ignored
/home/leoma/workspace/doc/ydk-yang-zte-t8000-v40010/zxr10-sqa@2021-04-23.yang:8897: warning: explicit config statement is ignored
/home/leoma/workspace/doc/ydk-yang-zte-t8000-v40010/zxr10-sqa@2021-04-23.yang:8904: warning: explicit config statement is ignored
/home/leoma/workspace/doc/ydk-yang-zte-t8000-v40010/zxr10-sqa@2021-04-23.yang:8911: warning: explicit config statement is ignored
/home/leoma/workspace/doc/ydk-yang-zte-t8000-v40010/zxr10-sqa@2021-04-23.yang:8918: warning: explicit config statement is ignored
/home/leoma/workspace/doc/ydk-yang-zte-t8000-v40010/zxr10-sqa@2021-04-23.yang:8925: warning: explicit config statement is ignored
/home/leoma/workspace/doc/ydk-yang-zte-t8000-v40010/zxr10-sqa@2021-04-23.yang:8932: warning: explicit config statement is ignored
/home/leoma/workspace/doc/ydk-yang-zte-t8000-v40010/zxr10-sqa@2021-04-23.yang:8939: warning: explicit config statement is ignored
/home/leoma/workspace/doc/ydk-yang-zte-t8000-v40010/zxr10-sqa@2021-04-23.yang:8946: warning: explicit config statement is ignored
/home/leoma/workspace/doc/ydk-yang-zte-t8000-v40010/zxr10-sqa@2021-04-23.yang:8953: warning: explicit config statement is ignored
/home/leoma/workspace/doc/ydk-yang-zte-t8000-v40010/zxr10-sqa@2021-04-23.yang:8960: warning: explicit config statement is ignored
/home/leoma/workspace/doc/ydk-yang-zte-t8000-v40010/zxr10-sqa@2021-04-23.yang:8967: warning: explicit config statement is ignored
/home/leoma/workspace/doc/ydk-yang-zte-t8000-v40010/zxr10-sqa@2021-04-23.yang:8974: warning: explicit config statement is ignored
/home/leoma/workspace/doc/ydk-yang-zte-t8000-v40010/zxr10-sqa@2021-04-23.yang:8981: warning: explicit config statement is ignored
/home/leoma/workspace/doc/ydk-yang-zte-t8000-v40010/zxr10-sqa@2021-04-23.yang:8988: warning: explicit config statement is ignored
/home/leoma/workspace/doc/ydk-yang-zte-t8000-v40010/zxr10-sqa@2021-04-23.yang:9006: warning: explicit config statement is ignored
/home/leoma/workspace/doc/ydk-yang-zte-t8000-v40010/zxr10-sqa@2021-04-23.yang:9014: warning: explicit config statement is ignored
/home/leoma/workspace/doc/ydk-yang-zte-t8000-v40010/zxr10-sqa@2021-04-23.yang:9026: warning: explicit config statement is ignored
/home/leoma/workspace/doc/ydk-yang-zte-t8000-v40010/zxr10-sqa@2021-04-23.yang:9037: warning: explicit config statement is ignored
/home/leoma/workspace/doc/ydk-yang-zte-t8000-v40010/zxr10-sqa@2021-04-23.yang:9049: warning: explicit config statement is ignored
/home/leoma/workspace/doc/ydk-yang-zte-t8000-v40010/zxr10-sqa@2021-04-23.yang:9093: warning: explicit config statement is ignored
/home/leoma/workspace/doc/ydk-yang-zte-t8000-v40010/zxr10-sqa@2021-04-23.yang:9100: warning: explicit config statement is ignored
/home/leoma/workspace/doc/ydk-yang-zte-t8000-v40010/zxr10-sqa@2021-04-23.yang:9112: warning: explicit config statement is ignored
/home/leoma/workspace/doc/ydk-yang-zte-t8000-v40010/zxr10-sqa@2021-04-23.yang:9120: warning: explicit config statement is ignored
/home/leoma/workspace/doc/ydk-yang-zte-t8000-v40010/zxr10-sqa@2021-04-23.yang:9128: warning: explicit config statement is ignored
/home/leoma/workspace/doc/ydk-yang-zte-t8000-v40010/zxr10-sqa@2021-04-23.yang:9136: warning: explicit config statement is ignored
/home/leoma/workspace/doc/ydk-yang-zte-t8000-v40010/zxr10-sqa@2021-04-23.yang:9144: warning: explicit config statement is ignored
/home/leoma/workspace/doc/ydk-yang-zte-t8000-v40010/zxr10-sqa@2021-04-23.yang:9152: warning: explicit config statement is ignored
/home/leoma/workspace/doc/ydk-yang-zte-t8000-v40010/zxr10-sqa@2021-04-23.yang:9160: warning: explicit config statement is ignored
/home/leoma/workspace/doc/ydk-yang-zte-t8000-v40010/zxr10-sqa@2021-04-23.yang:9177: warning: explicit config statement is ignored

>>> transform /home/leoma/workspace/doc/ydk-yang-zte-t8000-v40010/zxr10-sr-te@2021-04-20.yang
/home/leoma/workspace/doc/ydk-yang-zte-t8000-v40010/zxr10-sr-te@2021-04-20.yang:4715: warning: explicit config statement is ignored
/home/leoma/workspace/doc/ydk-yang-zte-t8000-v40010/zxr10-sr-te@2021-04-20.yang:4840: warning: explicit config statement is ignored
/home/leoma/workspace/doc/ydk-yang-zte-t8000-v40010/zxr10-sr-te@2021-04-20.yang:4993: warning: explicit config statement is ignored

>>> transform /home/leoma/workspace/doc/ydk-yang-zte-t8000-v40010/zxr10-srv6-oam@2020-06-17.yang

>>> transform /home/leoma/workspace/doc/ydk-yang-zte-t8000-v40010/zxr10-ssh@2021-03-04.yang

>>> transform /home/leoma/workspace/doc/ydk-yang-zte-t8000-v40010/zxr10-ssm-dev-upn@2014-05-19.yang

>>> transform /home/leoma/workspace/doc/ydk-yang-zte-t8000-v40010/zxr10-ssm@2020-11-04.yang

>>> transform /home/leoma/workspace/doc/ydk-yang-zte-t8000-v40010/zxr10-supervlan@2018-08-03.yang

>>> transform /home/leoma/workspace/doc/ydk-yang-zte-t8000-v40010/zxr10-sus@2014-07-28.yang

>>> transform /home/leoma/workspace/doc/ydk-yang-zte-t8000-v40010/zxr10-switchvlan@2020-05-18.yang

>>> transform /home/leoma/workspace/doc/ydk-yang-zte-t8000-v40010/zxr10-syslog@2021-01-18.yang

>>> transform /home/leoma/workspace/doc/ydk-yang-zte-t8000-v40010/zxr10-system-manage@2021-04-19.yang

>>> transform /home/leoma/workspace/doc/ydk-yang-zte-t8000-v40010/zxr10-tacplus@2020-07-22.yang

>>> transform /home/leoma/workspace/doc/ydk-yang-zte-t8000-v40010/zxr10-tcp-synflood-protect@2021-02-04.yang

>>> transform /home/leoma/workspace/doc/ydk-yang-zte-t8000-v40010/zxr10-tcp6@2020-01-17.yang

>>> transform /home/leoma/workspace/doc/ydk-yang-zte-t8000-v40010/zxr10-tcp@2021-03-24.yang

>>> transform /home/leoma/workspace/doc/ydk-yang-zte-t8000-v40010/zxr10-telemetry-ex@2021-01-22.yang

>>> transform /home/leoma/workspace/doc/ydk-yang-zte-t8000-v40010/zxr10-telnet@2015-04-14.yang

>>> transform /home/leoma/workspace/doc/ydk-yang-zte-t8000-v40010/zxr10-tftp@2018-06-20.yang

>>> transform /home/leoma/workspace/doc/ydk-yang-zte-t8000-v40010/zxr10-timerange@2015-07-28.yang

>>> transform /home/leoma/workspace/doc/ydk-yang-zte-t8000-v40010/zxr10-trace@2021-03-30.yang
/home/leoma/workspace/doc/ydk-yang-zte-t8000-v40010/zxr10-trace@2021-03-30.yang:1535: warning: explicit config statement is ignored
/home/leoma/workspace/doc/ydk-yang-zte-t8000-v40010/zxr10-trace@2021-03-30.yang:1727: warning: explicit config statement is ignored
/home/leoma/workspace/doc/ydk-yang-zte-t8000-v40010/zxr10-trace@2021-03-30.yang:1731: warning: explicit config statement is ignored
/home/leoma/workspace/doc/ydk-yang-zte-t8000-v40010/zxr10-trace@2021-03-30.yang:1735: warning: explicit config statement is ignored
/home/leoma/workspace/doc/ydk-yang-zte-t8000-v40010/zxr10-trace@2021-03-30.yang:1741: warning: explicit config statement is ignored
/home/leoma/workspace/doc/ydk-yang-zte-t8000-v40010/zxr10-trace@2021-03-30.yang:1747: warning: explicit config statement is ignored

>>> transform /home/leoma/workspace/doc/ydk-yang-zte-t8000-v40010/zxr10-tunnel-group@2016-11-18.yang

>>> transform /home/leoma/workspace/doc/ydk-yang-zte-t8000-v40010/zxr10-tunnel-list@2015-10-22.yang

>>> transform /home/leoma/workspace/doc/ydk-yang-zte-t8000-v40010/zxr10-tunnel-policy@2020-10-12.yang

>>> transform /home/leoma/workspace/doc/ydk-yang-zte-t8000-v40010/zxr10-twamp@2021-03-09.yang
/home/leoma/workspace/doc/ydk-yang-zte-t8000-v40010/zxr10-twamp@2021-03-09.yang:1297: warning: explicit config statement is ignored
/home/leoma/workspace/doc/ydk-yang-zte-t8000-v40010/zxr10-twamp@2021-03-09.yang:1308: warning: explicit config statement is ignored
/home/leoma/workspace/doc/ydk-yang-zte-t8000-v40010/zxr10-twamp@2021-03-09.yang:1319: warning: explicit config statement is ignored
/home/leoma/workspace/doc/ydk-yang-zte-t8000-v40010/zxr10-twamp@2021-03-09.yang:1330: warning: explicit config statement is ignored
/home/leoma/workspace/doc/ydk-yang-zte-t8000-v40010/zxr10-twamp@2021-03-09.yang:1341: warning: explicit config statement is ignored
/home/leoma/workspace/doc/ydk-yang-zte-t8000-v40010/zxr10-twamp@2021-03-09.yang:1354: warning: explicit config statement is ignored
/home/leoma/workspace/doc/ydk-yang-zte-t8000-v40010/zxr10-twamp@2021-03-09.yang:1361: warning: explicit config statement is ignored
/home/leoma/workspace/doc/ydk-yang-zte-t8000-v40010/zxr10-twamp@2021-03-09.yang:1368: warning: explicit config statement is ignored
/home/leoma/workspace/doc/ydk-yang-zte-t8000-v40010/zxr10-twamp@2021-03-09.yang:1375: warning: explicit config statement is ignored
/home/leoma/workspace/doc/ydk-yang-zte-t8000-v40010/zxr10-twamp@2021-03-09.yang:1382: warning: explicit config statement is ignored
/home/leoma/workspace/doc/ydk-yang-zte-t8000-v40010/zxr10-twamp@2021-03-09.yang:1389: warning: explicit config statement is ignored
/home/leoma/workspace/doc/ydk-yang-zte-t8000-v40010/zxr10-twamp@2021-03-09.yang:1396: warning: explicit config statement is ignored
/home/leoma/workspace/doc/ydk-yang-zte-t8000-v40010/zxr10-twamp@2021-03-09.yang:1403: warning: explicit config statement is ignored
/home/leoma/workspace/doc/ydk-yang-zte-t8000-v40010/zxr10-twamp@2021-03-09.yang:1410: warning: explicit config statement is ignored
/home/leoma/workspace/doc/ydk-yang-zte-t8000-v40010/zxr10-twamp@2021-03-09.yang:1417: warning: explicit config statement is ignored
/home/leoma/workspace/doc/ydk-yang-zte-t8000-v40010/zxr10-twamp@2021-03-09.yang:1424: warning: explicit config statement is ignored
/home/leoma/workspace/doc/ydk-yang-zte-t8000-v40010/zxr10-twamp@2021-03-09.yang:1431: warning: explicit config statement is ignored
/home/leoma/workspace/doc/ydk-yang-zte-t8000-v40010/zxr10-twamp@2021-03-09.yang:1438: warning: explicit config statement is ignored
/home/leoma/workspace/doc/ydk-yang-zte-t8000-v40010/zxr10-twamp@2021-03-09.yang:1445: warning: explicit config statement is ignored
/home/leoma/workspace/doc/ydk-yang-zte-t8000-v40010/zxr10-twamp@2021-03-09.yang:1452: warning: explicit config statement is ignored
/home/leoma/workspace/doc/ydk-yang-zte-t8000-v40010/zxr10-twamp@2021-03-09.yang:1459: warning: explicit config statement is ignored
/home/leoma/workspace/doc/ydk-yang-zte-t8000-v40010/zxr10-twamp@2021-03-09.yang:1466: warning: explicit config statement is ignored
/home/leoma/workspace/doc/ydk-yang-zte-t8000-v40010/zxr10-twamp@2021-03-09.yang:1473: warning: explicit config statement is ignored
/home/leoma/workspace/doc/ydk-yang-zte-t8000-v40010/zxr10-twamp@2021-03-09.yang:1480: warning: explicit config statement is ignored
/home/leoma/workspace/doc/ydk-yang-zte-t8000-v40010/zxr10-twamp@2021-03-09.yang:1487: warning: explicit config statement is ignored
/home/leoma/workspace/doc/ydk-yang-zte-t8000-v40010/zxr10-twamp@2021-03-09.yang:1494: warning: explicit config statement is ignored
/home/leoma/workspace/doc/ydk-yang-zte-t8000-v40010/zxr10-twamp@2021-03-09.yang:1501: warning: explicit config statement is ignored

>>> transform /home/leoma/workspace/doc/ydk-yang-zte-t8000-v40010/zxr10-urpf@2019-09-07.yang

>>> transform /home/leoma/workspace/doc/ydk-yang-zte-t8000-v40010/zxr10-vlan@2021-01-16.yang

>>> transform /home/leoma/workspace/doc/ydk-yang-zte-t8000-v40010/zxr10-vrrp@2021-03-08.yang

>>> transform /home/leoma/workspace/doc/ydk-yang-zte-t8000-v40010/zxr10-vxlan@2020-04-09.yang

>>> transform /home/leoma/workspace/doc/ydk-yang-zte-t8000-v40010/zxr10-vxlancar@2021-01-28.yang
