./huawei-bras-l2tp-access@2019-05-18.yang:46: warning: imported module "huawei-system" not used
./openconfig-bgp-policy@2019-02-01.yang:1149 (at ./openconfig-bgp-policy@2019-02-01.yang:770): warning: node "openconfig-bgp-policy::INLINE" is not found in "openconfig-bgp-policy::inline"
./openconfig-bgp-policy@2019-02-01.yang:1149 (at ./openconfig-bgp-policy@2019-02-01.yang:829): warning: node "openconfig-bgp-policy::REFERENCE" is not found in "openconfig-bgp-policy::reference"
./openconfig-bgp-policy@2019-02-01.yang:1149 (at ./openconfig-bgp-policy@2019-02-01.yang:933): warning: node "openconfig-bgp-policy::INLINE" is not found in "openconfig-bgp-policy::inline"
./openconfig-bgp-policy@2019-02-01.yang:1149 (at ./openconfig-bgp-policy@2019-02-01.yang:994): warning: node "openconfig-bgp-policy::REFERENCE" is not found in "openconfig-bgp-policy::reference"
./openconfig-network-instance@2019-06-11.yang:1165 (at ./openconfig-network-instance@2019-06-11.yang:269): warning: node "openconfig-network-instance::config" is not found in "openconfig-network-instance::network-instances"
./openconfig-network-instance@2019-06-11.yang:1165 (at ./openconfig-network-instance@2019-06-11.yang:287): warning: node "openconfig-network-instance::config" is not found in "openconfig-network-instance::network-instances"
./openconfig-network-instance@2019-06-11.yang:1165 (at ./openconfig-network-instance@2019-06-11.yang:407): warning: node "openconfig-network-instance::config" is not found in "openconfig-network-instance::network-instances"
./openconfig-network-instance@2019-06-11.yang:1165 (at ./openconfig-network-instance@2019-06-11.yang:697): warning: node "openconfig-network-instance::config" is not found in "openconfig-network-instance::protocols"
./openconfig-network-instance@2019-06-11.yang:1165 (at ./openconfig-network-instance@2019-06-11.yang:708): warning: node "openconfig-network-instance::config" is not found in "openconfig-network-instance::protocols"
./openconfig-network-instance@2019-06-11.yang:1165 (at ./openconfig-network-instance@2019-06-11.yang:719): warning: node "openconfig-network-instance::config" is not found in "openconfig-network-instance::protocols"
./openconfig-network-instance@2019-06-11.yang:1165 (at ./openconfig-network-instance@2019-06-11.yang:730): warning: node "openconfig-network-instance::config" is not found in "openconfig-network-instance::protocols"
./openconfig-network-instance@2019-06-11.yang:1165 (at ./openconfig-network-instance@2019-06-11.yang:738): warning: node "openconfig-network-instance::config" is not found in "openconfig-network-instance::protocols"
./openconfig-network-instance@2019-06-11.yang:1165 (at ./openconfig-network-instance@2019-06-11.yang:749): warning: node "openconfig-network-instance::config" is not found in "openconfig-network-instance::protocols"
./openconfig-network-instance@2019-06-11.yang:1165 (at ./openconfig-network-instance@2019-06-11.yang:760): warning: node "openconfig-network-instance::config" is not found in "openconfig-network-instance::protocols"
./openconfig-network-instance@2019-06-11.yang:1165 (at ./openconfig-network-instance@2019-06-11.yang:780): warning: node "openconfig-network-instance::type" is not found in "openconfig-network-instance::network-instance"
./openconfig-network-instance@2019-06-11.yang:1165 (at ./openconfig-network-instance@2019-06-11.yang:789): warning: node "openconfig-network-instance::type" is not found in "openconfig-network-instance::network-instance"
./openconfig-network-instance@2019-06-11.yang:1165 (at openconfig-ospfv2-lsdb@2019-11-05.yang:2316): warning: node "openconfig-network-instance::state" is not found in "openconfig-network-instance::lsa-types"
./openconfig-network-instance@2019-06-11.yang:1165 (at openconfig-ospfv2-lsdb@2019-11-05.yang:2324): warning: node "openconfig-network-instance::state" is not found in "openconfig-network-instance::lsa-types"
./openconfig-network-instance@2019-06-11.yang:1165 (at openconfig-ospfv2-lsdb@2019-11-05.yang:2335): warning: node "openconfig-network-instance::state" is not found in "openconfig-network-instance::lsa-types"
./openconfig-network-instance@2019-06-11.yang:1165 (at openconfig-ospfv2-lsdb@2019-11-05.yang:2343): warning: node "openconfig-network-instance::state" is not found in "openconfig-network-instance::lsa-types"
./openconfig-network-instance@2019-06-11.yang:1165 (at openconfig-ospfv2-lsdb@2019-11-05.yang:2351): warning: node "openconfig-network-instance::state" is not found in "openconfig-network-instance::lsa-types"
./openconfig-network-instance@2019-06-11.yang:1165 (at openconfig-ospfv2-lsdb@2019-11-05.yang:2361): warning: node "openconfig-network-instance::state" is not found in "openconfig-network-instance::lsa-types"
